

================================================================
== Vitis HLS Report for 'krnl_idct_Pipeline_loop_rd_blocks1'
================================================================
* Date:           Tue Jan 25 07:51:15 2022

* Version:        2021.1 (Build 3247384 on Thu Jun 10 19:36:07 MDT 2021)
* Project:        krnl_idct
* Solution:       solution (Vitis Kernel Flow Target)
* Product family: virtexuplus
* Target device:  xcvu9p-flgb2104-2-i


================================================================
== Performance Estimates
================================================================
+ Timing: 
    * Summary: 
    +--------+---------+----------+------------+
    |  Clock |  Target | Estimated| Uncertainty|
    +--------+---------+----------+------------+
    |ap_clk  |  4.00 ns|  2.920 ns|     1.08 ns|
    +--------+---------+----------+------------+

+ Latency: 
    * Summary: 
    +---------+---------+----------+----------+------+------+---------+
    |  Latency (cycles) |  Latency (absolute) |   Interval  | Pipeline|
    |   min   |   max   |    min   |    max   |  min |  max |   Type  |
    +---------+---------+----------+----------+------+------+---------+
    |     2051|     2051|  8.204 us|  8.204 us|  2051|  2051|       no|
    +---------+---------+----------+----------+------+------+---------+

    + Detail: 
        * Instance: 
        N/A

        * Loop: 
        +------------------+---------+---------+----------+-----------+-----------+------+----------+
        |                  |  Latency (cycles) | Iteration|  Initiation Interval  | Trip |          |
        |     Loop Name    |   min   |   max   |  Latency |  achieved |   target  | Count| Pipelined|
        +------------------+---------+---------+----------+-----------+-----------+------+----------+
        |- loop_rd_blocks  |     2049|     2049|         3|          1|          1|  2048|       yes|
        +------------------+---------+---------+----------+-----------+-----------+------+----------+



================================================================
== Utilization Estimates
================================================================
* Summary: 
+---------------------+---------+------+---------+---------+-----+
|         Name        | BRAM_18K|  DSP |    FF   |   LUT   | URAM|
+---------------------+---------+------+---------+---------+-----+
|DSP                  |        -|     -|        -|        -|    -|
|Expression           |        -|     -|        0|       75|    -|
|FIFO                 |        -|     -|        -|        -|    -|
|Instance             |        -|     -|        -|        -|    -|
|Memory               |        -|     -|        -|        -|    -|
|Multiplexer          |        -|     -|        -|       54|    -|
|Register             |        -|     -|      550|        -|    -|
+---------------------+---------+------+---------+---------+-----+
|Total                |        0|     0|      550|      129|    0|
+---------------------+---------+------+---------+---------+-----+
|Available SLR        |     1440|  2280|   788160|   394080|  320|
+---------------------+---------+------+---------+---------+-----+
|Utilization SLR (%)  |        0|     0|       ~0|       ~0|    0|
+---------------------+---------+------+---------+---------+-----+
|Available            |     4320|  6840|  2364480|  1182240|  960|
+---------------------+---------+------+---------+---------+-----+
|Utilization (%)      |        0|     0|       ~0|       ~0|    0|
+---------------------+---------+------+---------+---------+-----+

+ Detail: 
    * Instance: 
    N/A

    * DSP: 
    N/A

    * Memory: 
    N/A

    * FIFO: 
    N/A

    * Expression: 
    +----------------------------------+----------+----+---+----+------------+------------+
    |           Variable Name          | Operation| DSP| FF| LUT| Bitwidth P0| Bitwidth P1|
    +----------------------------------+----------+----+---+----+------------+------------+
    |add_ln223_fu_92_p2                |         +|   0|  0|  39|          32|           1|
    |ap_block_state2_pp0_stage0_iter1  |       and|   0|  0|   2|           1|           1|
    |ap_ext_blocking_cur_n             |       and|   0|  0|   2|           1|           0|
    |ap_ext_blocking_n                 |       and|   0|  0|   2|           1|           2|
    |ap_int_blocking_cur_n             |       and|   0|  0|   2|           1|           0|
    |ap_int_blocking_n                 |       and|   0|  0|   2|           1|           2|
    |ap_str_blocking_n                 |       and|   0|  0|   2|           2|           2|
    |icmp_ln223_fu_86_p2               |      icmp|   0|  0|  20|          32|          32|
    |ap_block_pp0_stage0_01001         |        or|   0|  0|   2|           1|           1|
    |ap_enable_pp0                     |       xor|   0|  0|   2|           1|           2|
    +----------------------------------+----------+----+---+----+------------+------------+
    |Total                             |          |   0|  0|  75|          73|          43|
    +----------------------------------+----------+----+---+----+------------+------------+

    * Multiplexer: 
    +-------------------------+----+-----------+-----+-----------+
    |           Name          | LUT| Input Size| Bits| Total Bits|
    +-------------------------+----+-----------+-----+-----------+
    |ap_done_int              |   9|          2|    1|          2|
    |ap_enable_reg_pp0_iter2  |   9|          2|    1|          2|
    |ap_sig_allocacmp_i       |   9|          2|   32|         64|
    |gmem0_blk_n_R            |   9|          2|    1|          2|
    |i_1_fu_46                |   9|          2|   32|         64|
    |iblock_blk_n             |   9|          2|    1|          2|
    +-------------------------+----+-----------+-----+-----------+
    |Total                    |  54|         12|   68|        136|
    +-------------------------+----+-----------+-----+-----------+

    * Register: 
    +----------------------------------+-----+----+-----+-----------+
    |               Name               |  FF | LUT| Bits| Const Bits|
    +----------------------------------+-----+----+-----+-----------+
    |ap_CS_fsm                         |    1|   0|    1|          0|
    |ap_done_reg                       |    1|   0|    1|          0|
    |ap_enable_reg_pp0_iter1           |    1|   0|    1|          0|
    |ap_enable_reg_pp0_iter2           |    1|   0|    1|          0|
    |ap_loop_exit_ready_pp0_iter1_reg  |    1|   0|    1|          0|
    |gmem0_addr_read_reg_125           |  512|   0|  512|          0|
    |i_1_fu_46                         |   32|   0|   32|          0|
    |icmp_ln223_reg_121                |    1|   0|    1|          0|
    +----------------------------------+-----+----+-----+-----------+
    |Total                             |  550|   0|  550|          0|
    +----------------------------------+-----+----+-----+-----------+



================================================================
== Interface
================================================================
* Summary: 
+----------------------+-----+-----+------------+------------------------------------+--------------+
|       RTL Ports      | Dir | Bits|  Protocol  |            Source Object           |    C Type    |
+----------------------+-----+-----+------------+------------------------------------+--------------+
|ap_clk                |   in|    1|  ap_ctrl_hs|  krnl_idct_Pipeline_loop_rd_blocks1|  return value|
|ap_rst                |   in|    1|  ap_ctrl_hs|  krnl_idct_Pipeline_loop_rd_blocks1|  return value|
|ap_start              |   in|    1|  ap_ctrl_hs|  krnl_idct_Pipeline_loop_rd_blocks1|  return value|
|ap_done               |  out|    1|  ap_ctrl_hs|  krnl_idct_Pipeline_loop_rd_blocks1|  return value|
|ap_idle               |  out|    1|  ap_ctrl_hs|  krnl_idct_Pipeline_loop_rd_blocks1|  return value|
|ap_ready              |  out|    1|  ap_ctrl_hs|  krnl_idct_Pipeline_loop_rd_blocks1|  return value|
|ap_ext_blocking_n     |  out|    1|  ap_ctrl_hs|  krnl_idct_Pipeline_loop_rd_blocks1|  return value|
|ap_str_blocking_n     |  out|    1|  ap_ctrl_hs|  krnl_idct_Pipeline_loop_rd_blocks1|  return value|
|ap_int_blocking_n     |  out|    1|  ap_ctrl_hs|  krnl_idct_Pipeline_loop_rd_blocks1|  return value|
|m_axi_gmem0_AWVALID   |  out|    1|       m_axi|                               gmem0|       pointer|
|m_axi_gmem0_AWREADY   |   in|    1|       m_axi|                               gmem0|       pointer|
|m_axi_gmem0_AWADDR    |  out|   64|       m_axi|                               gmem0|       pointer|
|m_axi_gmem0_AWID      |  out|    1|       m_axi|                               gmem0|       pointer|
|m_axi_gmem0_AWLEN     |  out|   32|       m_axi|                               gmem0|       pointer|
|m_axi_gmem0_AWSIZE    |  out|    3|       m_axi|                               gmem0|       pointer|
|m_axi_gmem0_AWBURST   |  out|    2|       m_axi|                               gmem0|       pointer|
|m_axi_gmem0_AWLOCK    |  out|    2|       m_axi|                               gmem0|       pointer|
|m_axi_gmem0_AWCACHE   |  out|    4|       m_axi|                               gmem0|       pointer|
|m_axi_gmem0_AWPROT    |  out|    3|       m_axi|                               gmem0|       pointer|
|m_axi_gmem0_AWQOS     |  out|    4|       m_axi|                               gmem0|       pointer|
|m_axi_gmem0_AWREGION  |  out|    4|       m_axi|                               gmem0|       pointer|
|m_axi_gmem0_AWUSER    |  out|    1|       m_axi|                               gmem0|       pointer|
|m_axi_gmem0_WVALID    |  out|    1|       m_axi|                               gmem0|       pointer|
|m_axi_gmem0_WREADY    |   in|    1|       m_axi|                               gmem0|       pointer|
|m_axi_gmem0_WDATA     |  out|  512|       m_axi|                               gmem0|       pointer|
|m_axi_gmem0_WSTRB     |  out|   64|       m_axi|                               gmem0|       pointer|
|m_axi_gmem0_WLAST     |  out|    1|       m_axi|                               gmem0|       pointer|
|m_axi_gmem0_WID       |  out|    1|       m_axi|                               gmem0|       pointer|
|m_axi_gmem0_WUSER     |  out|    1|       m_axi|                               gmem0|       pointer|
|m_axi_gmem0_ARVALID   |  out|    1|       m_axi|                               gmem0|       pointer|
|m_axi_gmem0_ARREADY   |   in|    1|       m_axi|                               gmem0|       pointer|
|m_axi_gmem0_ARADDR    |  out|   64|       m_axi|                               gmem0|       pointer|
|m_axi_gmem0_ARID      |  out|    1|       m_axi|                               gmem0|       pointer|
|m_axi_gmem0_ARLEN     |  out|   32|       m_axi|                               gmem0|       pointer|
|m_axi_gmem0_ARSIZE    |  out|    3|       m_axi|                               gmem0|       pointer|
|m_axi_gmem0_ARBURST   |  out|    2|       m_axi|                               gmem0|       pointer|
|m_axi_gmem0_ARLOCK    |  out|    2|       m_axi|                               gmem0|       pointer|
|m_axi_gmem0_ARCACHE   |  out|    4|       m_axi|                               gmem0|       pointer|
|m_axi_gmem0_ARPROT    |  out|    3|       m_axi|                               gmem0|       pointer|
|m_axi_gmem0_ARQOS     |  out|    4|       m_axi|                               gmem0|       pointer|
|m_axi_gmem0_ARREGION  |  out|    4|       m_axi|                               gmem0|       pointer|
|m_axi_gmem0_ARUSER    |  out|    1|       m_axi|                               gmem0|       pointer|
|m_axi_gmem0_RVALID    |   in|    1|       m_axi|                               gmem0|       pointer|
|m_axi_gmem0_RREADY    |  out|    1|       m_axi|                               gmem0|       pointer|
|m_axi_gmem0_RDATA     |   in|  512|       m_axi|                               gmem0|       pointer|
|m_axi_gmem0_RLAST     |   in|    1|       m_axi|                               gmem0|       pointer|
|m_axi_gmem0_RID       |   in|    1|       m_axi|                               gmem0|       pointer|
|m_axi_gmem0_RUSER     |   in|    1|       m_axi|                               gmem0|       pointer|
|m_axi_gmem0_RRESP     |   in|    2|       m_axi|                               gmem0|       pointer|
|m_axi_gmem0_BVALID    |   in|    1|       m_axi|                               gmem0|       pointer|
|m_axi_gmem0_BREADY    |  out|    1|       m_axi|                               gmem0|       pointer|
|m_axi_gmem0_BRESP     |   in|    2|       m_axi|                               gmem0|       pointer|
|m_axi_gmem0_BID       |   in|    1|       m_axi|                               gmem0|       pointer|
|m_axi_gmem0_BUSER     |   in|    1|       m_axi|                               gmem0|       pointer|
|iblock_din            |  out|  512|     ap_fifo|                              iblock|       pointer|
|iblock_full_n         |   in|    1|     ap_fifo|                              iblock|       pointer|
|iblock_write          |  out|    1|     ap_fifo|                              iblock|       pointer|
|sext_ln223            |   in|   58|     ap_none|                          sext_ln223|        scalar|
|mul_i_i               |   in|   32|     ap_none|                             mul_i_i|        scalar|
+----------------------+-----+-----+------------+------------------------------------+--------------+

============================================================
+ Verbose Summary: Synthesis Manager
============================================================
InlineROM: 1
ExposeGlobal: 0
============================================================
+ Verbose Summary: CDFG Model
============================================================
IsTopModel: 0
ResetActiveHigh: 1
IsCombinational: 2
IsDatapathOnly: 2
HasWiredReturn: 1
HasMFsm: 2
HasVarLatency: 1
IsPipeline: 0
IsRtlPipelined: 0
IsInstanceOverlapped: 0
IsDontTouch: 0
HasImplIP: 0
IsGatedGlobalClock: 0

+ Individual pipeline summary: 
  * Pipeline-0: initiation interval (II) = 1, depth = 3


============================================================
+ Verbose Summary: Schedule
============================================================
* Number of FSM states : 3
* Pipeline : 1
  Pipeline-0 : II = 1, D = 3, States = { 1 2 3 }
* Dataflow Pipeline: 0

* FSM state transitions: 
1 --> 2 
2 --> 3 
3 --> 

* FSM state operations: 

State 1 <SV = 0> <Delay = 1.26>
ST_1 : Operation 6 [1/1] (0.00ns)   --->   "%i_1 = alloca i32 1"   --->   Operation 6 'alloca' 'i_1' <Predicate = true> <Delay = 0.00>
ST_1 : Operation 7 [1/1] (0.00ns)   --->   "%mul_i_i_read = read i32 @_ssdm_op_Read.ap_auto.i32, i32 %mul_i_i"   --->   Operation 7 'read' 'mul_i_i_read' <Predicate = true> <Delay = 0.00>
ST_1 : Operation 8 [1/1] (0.00ns)   --->   "%sext_ln223_read = read i58 @_ssdm_op_Read.ap_auto.i58, i58 %sext_ln223"   --->   Operation 8 'read' 'sext_ln223_read' <Predicate = true> <Delay = 0.00>
ST_1 : Operation 9 [1/1] (0.00ns)   --->   "%sext_ln223_cast = sext i58 %sext_ln223_read"   --->   Operation 9 'sext' 'sext_ln223_cast' <Predicate = true> <Delay = 0.00>
ST_1 : Operation 10 [1/1] (0.00ns)   --->   "%specinterface_ln0 = specinterface void @_ssdm_op_SpecInterface, i512 %iblock, void @empty_9, i32 0, i32 0, void @empty_12, i32 0, i32 0, void @empty_12, void @empty_12, void @empty_12, i32 0, i32 0, i32 0, i32 0, void @empty_12, void @empty_12"   --->   Operation 10 'specinterface' 'specinterface_ln0' <Predicate = true> <Delay = 0.00>
ST_1 : Operation 11 [1/1] (0.00ns)   --->   "%specinterface_ln0 = specinterface void @_ssdm_op_SpecInterface, i512 %gmem0, void @empty_11, i32 0, i32 0, void @empty_12, i32 64, i32 0, void @empty, void @empty_16, void @empty_12, i32 16, i32 16, i32 16, i32 16, void @empty_12, void @empty_12"   --->   Operation 11 'specinterface' 'specinterface_ln0' <Predicate = true> <Delay = 0.00>
ST_1 : Operation 12 [1/1] (0.38ns)   --->   "%store_ln0 = store i32 0, i32 %i_1"   --->   Operation 12 'store' 'store_ln0' <Predicate = true> <Delay = 0.38>
ST_1 : Operation 13 [1/1] (0.00ns)   --->   "%br_ln0 = br void"   --->   Operation 13 'br' 'br_ln0' <Predicate = true> <Delay = 0.00>
ST_1 : Operation 14 [1/1] (0.00ns)   --->   "%i = load i32 %i_1" [/home/centos/workspace/optimization_lab_kernels/src/krnl_idct.cpp:223]   --->   Operation 14 'load' 'i' <Predicate = true> <Delay = 0.00>
ST_1 : Operation 15 [1/1] (0.85ns)   --->   "%icmp_ln223 = icmp_eq  i32 %i, i32 %mul_i_i_read" [/home/centos/workspace/optimization_lab_kernels/src/krnl_idct.cpp:223]   --->   Operation 15 'icmp' 'icmp_ln223' <Predicate = true> <Delay = 0.85> <CoreInst = "Cmp">   --->   Core 9 'Cmp' <Latency = 0> <II = 1> <Delay = 0.85> <FuncUnit> <Opcode : 'icmp'> <InPorts = 2> <OutPorts = 1>
ST_1 : Operation 16 [1/1] (0.88ns)   --->   "%add_ln223 = add i32 %i, i32 1" [/home/centos/workspace/optimization_lab_kernels/src/krnl_idct.cpp:223]   --->   Operation 16 'add' 'add_ln223' <Predicate = true> <Delay = 0.88> <CoreInst = "Adder">   --->   Core 1 'Adder' <Latency = 0> <II = 1> <Delay = 0.88> <FuncUnit> <Opcode : 'add' 'sub'> <InPorts = 2> <OutPorts = 1>
ST_1 : Operation 17 [1/1] (0.00ns)   --->   "%br_ln223 = br i1 %icmp_ln223, void %.split5, void %_Z11read_blocksI6ap_intILi512EEEvPKT_RN3hls6streamIS2_Li0EEEj.exit.i.exitStub" [/home/centos/workspace/optimization_lab_kernels/src/krnl_idct.cpp:223]   --->   Operation 17 'br' 'br_ln223' <Predicate = true> <Delay = 0.00>
ST_1 : Operation 18 [1/1] (0.38ns)   --->   "%store_ln223 = store i32 %add_ln223, i32 %i_1" [/home/centos/workspace/optimization_lab_kernels/src/krnl_idct.cpp:223]   --->   Operation 18 'store' 'store_ln223' <Predicate = (!icmp_ln223)> <Delay = 0.38>

State 2 <SV = 1> <Delay = 2.92>
ST_2 : Operation 19 [1/1] (0.00ns)   --->   "%gmem0_addr = getelementptr i512 %gmem0, i64 %sext_ln223_cast" [/home/centos/workspace/optimization_lab_kernels/src/krnl_idct.cpp:223]   --->   Operation 19 'getelementptr' 'gmem0_addr' <Predicate = true> <Delay = 0.00>
ST_2 : Operation 20 [1/1] (2.92ns)   --->   "%gmem0_addr_read = read i512 @_ssdm_op_Read.m_axi.p1i512, i64 %gmem0_addr" [/opt/Xilinx/Vitis_HLS/2021.1/common/technology/autopilot/hls_stream_39.h:174]   --->   Operation 20 'read' 'gmem0_addr_read' <Predicate = (!icmp_ln223)> <Delay = 2.92> <CoreInst = "m_axi">   --->   Core 121 'm_axi' <Latency = 6> <II = 1> <Delay = 1.00> <Adapter> <Opcode : 'read' 'write' 'readreq' 'writereq' 'writeresp'>
ST_2 : Operation 26 [1/1] (0.00ns)   --->   "%ret_ln0 = ret"   --->   Operation 26 'ret' 'ret_ln0' <Predicate = (icmp_ln223)> <Delay = 0.00>

State 3 <SV = 2> <Delay = 1.23>
ST_3 : Operation 21 [1/1] (0.00ns)   --->   "%specpipeline_ln223 = specpipeline void @_ssdm_op_SpecPipeline, i32 1, i32 0, i32 0, i32 0, void @empty_12" [/home/centos/workspace/optimization_lab_kernels/src/krnl_idct.cpp:223]   --->   Operation 21 'specpipeline' 'specpipeline_ln223' <Predicate = true> <Delay = 0.00>
ST_3 : Operation 22 [1/1] (0.00ns)   --->   "%speclooptripcount_ln223 = speclooptripcount void @_ssdm_op_SpecLoopTripCount, i64 2048, i64 2048, i64 2048" [/home/centos/workspace/optimization_lab_kernels/src/krnl_idct.cpp:223]   --->   Operation 22 'speclooptripcount' 'speclooptripcount_ln223' <Predicate = true> <Delay = 0.00>
ST_3 : Operation 23 [1/1] (0.00ns)   --->   "%specloopname_ln223 = specloopname void @_ssdm_op_SpecLoopName, void @empty_19" [/home/centos/workspace/optimization_lab_kernels/src/krnl_idct.cpp:223]   --->   Operation 23 'specloopname' 'specloopname_ln223' <Predicate = true> <Delay = 0.00>
ST_3 : Operation 24 [1/1] (1.23ns)   --->   "%write_ln174 = write void @_ssdm_op_Write.ap_fifo.volatile.i512P0A, i512 %iblock, i512 %gmem0_addr_read" [/opt/Xilinx/Vitis_HLS/2021.1/common/technology/autopilot/hls_stream_39.h:174]   --->   Operation 24 'write' 'write_ln174' <Predicate = true> <Delay = 1.23> <CoreInst = "FIFO">   --->   Core 78 'FIFO' <Latency = 0> <II = 1> <Delay = 1.23> <Storage> <Opcode : 'read' 'write' 'nbread' 'nbwrite'> <Ports = 0> <Width = 512> <Depth = 512> <FIFO>
ST_3 : Operation 25 [1/1] (0.00ns)   --->   "%br_ln0 = br void"   --->   Operation 25 'br' 'br_ln0' <Predicate = true> <Delay = 0.00>


============================================================
+ Verbose Summary: Binding
============================================================
STG Binding: 
---------------- STG Properties BEGIN ----------------
- Is combinational: 0
- Is one-state seq: 0
- Is datapath-only: 0
- Is pipelined: 0
- Is top level: 0
Port [ Return ] is wired: 1; IO mode=ap_ctrl_hs:ce=0
Port [ gmem0]:  wired=1; compound=1; hidden=0; nouse=0; global=0; static=0; extern=0; dir=0; type=4; pingpong=0; private_global=0; IO mode=m_axi:ce=0
Port [ sext_ln223]:  wired=1; compound=0; hidden=0; nouse=0; global=0; static=0; extern=0; dir=0; type=0; pingpong=0; private_global=0; IO mode=ap_none:ce=0
Port [ mul_i_i]:  wired=1; compound=0; hidden=0; nouse=0; global=0; static=0; extern=0; dir=0; type=0; pingpong=0; private_global=0; IO mode=ap_none:ce=0
Port [ iblock]:  wired=1; compound=1; hidden=0; nouse=0; global=0; static=0; extern=0; dir=1; type=3; pingpong=0; private_global=0; IO mode=ap_fifo:ce=0
---------------- STG Properties END ------------------

---------------- Datapath Model BEGIN ----------------

<LifeTime>
<method=bitvector/>
i_1                     (alloca           ) [ 0100]
mul_i_i_read            (read             ) [ 0000]
sext_ln223_read         (read             ) [ 0000]
sext_ln223_cast         (sext             ) [ 0110]
specinterface_ln0       (specinterface    ) [ 0000]
specinterface_ln0       (specinterface    ) [ 0000]
store_ln0               (store            ) [ 0000]
br_ln0                  (br               ) [ 0000]
i                       (load             ) [ 0000]
icmp_ln223              (icmp             ) [ 0110]
add_ln223               (add              ) [ 0000]
br_ln223                (br               ) [ 0000]
store_ln223             (store            ) [ 0000]
gmem0_addr              (getelementptr    ) [ 0000]
gmem0_addr_read         (read             ) [ 0101]
specpipeline_ln223      (specpipeline     ) [ 0000]
speclooptripcount_ln223 (speclooptripcount) [ 0000]
specloopname_ln223      (specloopname     ) [ 0000]
write_ln174             (write            ) [ 0000]
br_ln0                  (br               ) [ 0000]
ret_ln0                 (ret              ) [ 0000]
</LifeTime>

<model>

<comp_list>
<comp id="0" class="1000" name="gmem0">
<pin_list>
<pin id="1" dir="1" index="0" bw="1" slack="0"/>
</pin_list>
<bind>
<StgValue><ssdm name="gmem0"/></StgValue>
</bind>
</comp>

<comp id="2" class="1000" name="sext_ln223">
<pin_list>
<pin id="3" dir="1" index="0" bw="1" slack="0"/>
</pin_list>
<bind>
<StgValue><ssdm name="sext_ln223"/></StgValue>
</bind>
</comp>

<comp id="4" class="1000" name="mul_i_i">
<pin_list>
<pin id="5" dir="1" index="0" bw="1" slack="0"/>
</pin_list>
<bind>
<StgValue><ssdm name="mul_i_i"/></StgValue>
</bind>
</comp>

<comp id="6" class="1000" name="iblock">
<pin_list>
<pin id="7" dir="1" index="0" bw="1" slack="0"/>
</pin_list>
<bind>
<StgValue><ssdm name="iblock"/></StgValue>
</bind>
</comp>

<comp id="8" class="1001" name="const_8">
<pin_list>
<pin id="9" dir="1" index="0" bw="1" slack="0"/>
</pin_list>
<bind>
<StgValue><ssdm name=""/></StgValue>
</bind>
</comp>

<comp id="10" class="1001" name="const_10">
<pin_list>
<pin id="11" dir="1" index="0" bw="1" slack="0"/>
</pin_list>
<bind>
<StgValue><ssdm name="_ssdm_op_Read.ap_auto.i32"/></StgValue>
</bind>
</comp>

<comp id="12" class="1001" name="const_12">
<pin_list>
<pin id="13" dir="1" index="0" bw="1" slack="0"/>
</pin_list>
<bind>
<StgValue><ssdm name="_ssdm_op_Read.ap_auto.i58"/></StgValue>
</bind>
</comp>

<comp id="14" class="1001" name="const_14">
<pin_list>
<pin id="15" dir="1" index="0" bw="1" slack="2147483647"/>
</pin_list>
<bind>
<StgValue><ssdm name="_ssdm_op_SpecInterface"/></StgValue>
</bind>
</comp>

<comp id="16" class="1001" name="const_16">
<pin_list>
<pin id="17" dir="1" index="0" bw="1" slack="2147483647"/>
</pin_list>
<bind>
<StgValue><ssdm name="empty_9"/></StgValue>
</bind>
</comp>

<comp id="18" class="1001" name="const_18">
<pin_list>
<pin id="19" dir="1" index="0" bw="1" slack="0"/>
</pin_list>
<bind>
<StgValue><ssdm name=""/></StgValue>
</bind>
</comp>

<comp id="20" class="1001" name="const_20">
<pin_list>
<pin id="21" dir="1" index="0" bw="1" slack="2147483647"/>
</pin_list>
<bind>
<StgValue><ssdm name="empty_12"/></StgValue>
</bind>
</comp>

<comp id="22" class="1001" name="const_22">
<pin_list>
<pin id="23" dir="1" index="0" bw="1" slack="2147483647"/>
</pin_list>
<bind>
<StgValue><ssdm name="empty_11"/></StgValue>
</bind>
</comp>

<comp id="24" class="1001" name="const_24">
<pin_list>
<pin id="25" dir="1" index="0" bw="1" slack="2147483647"/>
</pin_list>
<bind>
<StgValue><ssdm name=""/></StgValue>
</bind>
</comp>

<comp id="26" class="1001" name="const_26">
<pin_list>
<pin id="27" dir="1" index="0" bw="1" slack="2147483647"/>
</pin_list>
<bind>
<StgValue><ssdm name="empty"/></StgValue>
</bind>
</comp>

<comp id="28" class="1001" name="const_28">
<pin_list>
<pin id="29" dir="1" index="0" bw="1" slack="2147483647"/>
</pin_list>
<bind>
<StgValue><ssdm name="empty_16"/></StgValue>
</bind>
</comp>

<comp id="30" class="1001" name="const_30">
<pin_list>
<pin id="31" dir="1" index="0" bw="1" slack="2147483647"/>
</pin_list>
<bind>
<StgValue><ssdm name=""/></StgValue>
</bind>
</comp>

<comp id="32" class="1001" name="const_32">
<pin_list>
<pin id="33" dir="1" index="0" bw="1" slack="0"/>
</pin_list>
<bind>
<StgValue><ssdm name="_ssdm_op_Read.m_axi.p1i512"/></StgValue>
</bind>
</comp>

<comp id="34" class="1001" name="const_34">
<pin_list>
<pin id="35" dir="1" index="0" bw="1" slack="2147483647"/>
</pin_list>
<bind>
<StgValue><ssdm name="_ssdm_op_SpecPipeline"/></StgValue>
</bind>
</comp>

<comp id="36" class="1001" name="const_36">
<pin_list>
<pin id="37" dir="1" index="0" bw="1" slack="2147483647"/>
</pin_list>
<bind>
<StgValue><ssdm name="_ssdm_op_SpecLoopTripCount"/></StgValue>
</bind>
</comp>

<comp id="38" class="1001" name="const_38">
<pin_list>
<pin id="39" dir="1" index="0" bw="1" slack="2147483647"/>
</pin_list>
<bind>
<StgValue><ssdm name=""/></StgValue>
</bind>
</comp>

<comp id="40" class="1001" name="const_40">
<pin_list>
<pin id="41" dir="1" index="0" bw="1" slack="2147483647"/>
</pin_list>
<bind>
<StgValue><ssdm name="_ssdm_op_SpecLoopName"/></StgValue>
</bind>
</comp>

<comp id="42" class="1001" name="const_42">
<pin_list>
<pin id="43" dir="1" index="0" bw="1" slack="2147483647"/>
</pin_list>
<bind>
<StgValue><ssdm name="empty_19"/></StgValue>
</bind>
</comp>

<comp id="44" class="1001" name="const_44">
<pin_list>
<pin id="45" dir="1" index="0" bw="1" slack="0"/>
</pin_list>
<bind>
<StgValue><ssdm name="_ssdm_op_Write.ap_fifo.volatile.i512P0A"/></StgValue>
</bind>
</comp>

<comp id="46" class="1004" name="i_1_fu_46">
<pin_list>
<pin id="47" dir="0" index="0" bw="1" slack="0"/>
<pin id="48" dir="1" index="1" bw="32" slack="0"/>
</pin_list>
<bind>
<opcode="alloca(26) " fcode="alloca"/>
<opset="i_1/1 "/>
</bind>
</comp>

<comp id="50" class="1004" name="mul_i_i_read_read_fu_50">
<pin_list>
<pin id="51" dir="0" index="0" bw="32" slack="0"/>
<pin id="52" dir="0" index="1" bw="32" slack="0"/>
<pin id="53" dir="1" index="2" bw="32" slack="0"/>
</pin_list>
<bind>
<opcode="read(1150) " fcode="read"/>
<opset="mul_i_i_read/1 "/>
</bind>
</comp>

<comp id="56" class="1004" name="sext_ln223_read_read_fu_56">
<pin_list>
<pin id="57" dir="0" index="0" bw="58" slack="0"/>
<pin id="58" dir="0" index="1" bw="58" slack="0"/>
<pin id="59" dir="1" index="2" bw="58" slack="0"/>
</pin_list>
<bind>
<opcode="read(1150) " fcode="read"/>
<opset="sext_ln223_read/1 "/>
</bind>
</comp>

<comp id="62" class="1004" name="gmem0_addr_read_read_fu_62">
<pin_list>
<pin id="63" dir="0" index="0" bw="512" slack="0"/>
<pin id="64" dir="0" index="1" bw="512" slack="0"/>
<pin id="65" dir="1" index="2" bw="512" slack="1"/>
</pin_list>
<bind>
<opcode="read(1150) " fcode="read"/>
<opset="gmem0_addr_read/2 "/>
</bind>
</comp>

<comp id="67" class="1004" name="write_ln174_write_fu_67">
<pin_list>
<pin id="68" dir="0" index="0" bw="0" slack="0"/>
<pin id="69" dir="0" index="1" bw="512" slack="0"/>
<pin id="70" dir="0" index="2" bw="512" slack="1"/>
<pin id="71" dir="1" index="3" bw="0" slack="2147483647"/>
</pin_list>
<bind>
<opcode="write(1151) " fcode="write"/>
<opset="write_ln174/3 "/>
</bind>
</comp>

<comp id="74" class="1004" name="sext_ln223_cast_fu_74">
<pin_list>
<pin id="75" dir="0" index="0" bw="58" slack="0"/>
<pin id="76" dir="1" index="1" bw="64" slack="1"/>
</pin_list>
<bind>
<opcode="sext(35) " fcode="sext"/>
<opset="sext_ln223_cast/1 "/>
</bind>
</comp>

<comp id="78" class="1004" name="store_ln0_store_fu_78">
<pin_list>
<pin id="79" dir="0" index="0" bw="1" slack="0"/>
<pin id="80" dir="0" index="1" bw="32" slack="0"/>
<pin id="81" dir="1" index="2" bw="0" slack="2147483647"/>
</pin_list>
<bind>
<opcode="store(28) " fcode="store"/>
<opset="store_ln0/1 "/>
</bind>
</comp>

<comp id="83" class="1004" name="i_load_fu_83">
<pin_list>
<pin id="84" dir="0" index="0" bw="32" slack="0"/>
<pin id="85" dir="1" index="1" bw="32" slack="0"/>
</pin_list>
<bind>
<opcode="load(27) " fcode="load"/>
<opset="i/1 "/>
</bind>
</comp>

<comp id="86" class="1004" name="icmp_ln223_fu_86">
<pin_list>
<pin id="87" dir="0" index="0" bw="32" slack="0"/>
<pin id="88" dir="0" index="1" bw="32" slack="0"/>
<pin id="89" dir="1" index="2" bw="1" slack="1"/>
</pin_list>
<bind>
<opcode="icmp(45) " fcode="icmp"/>
<opset="icmp_ln223/1 "/>
</bind>
</comp>

<comp id="92" class="1004" name="add_ln223_fu_92">
<pin_list>
<pin id="93" dir="0" index="0" bw="32" slack="0"/>
<pin id="94" dir="0" index="1" bw="1" slack="0"/>
<pin id="95" dir="1" index="2" bw="32" slack="0"/>
</pin_list>
<bind>
<opcode="add(8) " fcode="add"/>
<opset="add_ln223/1 "/>
</bind>
</comp>

<comp id="98" class="1004" name="store_ln223_store_fu_98">
<pin_list>
<pin id="99" dir="0" index="0" bw="32" slack="0"/>
<pin id="100" dir="0" index="1" bw="32" slack="0"/>
<pin id="101" dir="1" index="2" bw="0" slack="2147483647"/>
</pin_list>
<bind>
<opcode="store(28) " fcode="store"/>
<opset="store_ln223/1 "/>
</bind>
</comp>

<comp id="103" class="1004" name="gmem0_addr_fu_103">
<pin_list>
<pin id="104" dir="0" index="0" bw="64" slack="0"/>
<pin id="105" dir="0" index="1" bw="64" slack="1"/>
<pin id="106" dir="1" index="2" bw="64" slack="0"/>
</pin_list>
<bind>
<opcode="getelementptr(29) " fcode="getelementptr"/>
<opset="gmem0_addr/2 "/>
</bind>
</comp>

<comp id="109" class="1005" name="i_1_reg_109">
<pin_list>
<pin id="110" dir="0" index="0" bw="32" slack="0"/>
<pin id="111" dir="1" index="1" bw="32" slack="0"/>
</pin_list>
<bind>
<opset="i_1 "/>
</bind>
</comp>

<comp id="116" class="1005" name="sext_ln223_cast_reg_116">
<pin_list>
<pin id="117" dir="0" index="0" bw="64" slack="1"/>
<pin id="118" dir="1" index="1" bw="64" slack="1"/>
</pin_list>
<bind>
<opset="sext_ln223_cast "/>
</bind>
</comp>

<comp id="121" class="1005" name="icmp_ln223_reg_121">
<pin_list>
<pin id="122" dir="0" index="0" bw="1" slack="1"/>
<pin id="123" dir="1" index="1" bw="1" slack="2147483647"/>
</pin_list>
<bind>
<opset="icmp_ln223 "/>
</bind>
</comp>

<comp id="125" class="1005" name="gmem0_addr_read_reg_125">
<pin_list>
<pin id="126" dir="0" index="0" bw="512" slack="1"/>
<pin id="127" dir="1" index="1" bw="512" slack="1"/>
</pin_list>
<bind>
<opset="gmem0_addr_read "/>
</bind>
</comp>

</comp_list>

<net_list>
<net id="49"><net_src comp="8" pin="0"/><net_sink comp="46" pin=0"/></net>

<net id="54"><net_src comp="10" pin="0"/><net_sink comp="50" pin=0"/></net>

<net id="55"><net_src comp="4" pin="0"/><net_sink comp="50" pin=1"/></net>

<net id="60"><net_src comp="12" pin="0"/><net_sink comp="56" pin=0"/></net>

<net id="61"><net_src comp="2" pin="0"/><net_sink comp="56" pin=1"/></net>

<net id="66"><net_src comp="32" pin="0"/><net_sink comp="62" pin=0"/></net>

<net id="72"><net_src comp="44" pin="0"/><net_sink comp="67" pin=0"/></net>

<net id="73"><net_src comp="6" pin="0"/><net_sink comp="67" pin=1"/></net>

<net id="77"><net_src comp="56" pin="2"/><net_sink comp="74" pin=0"/></net>

<net id="82"><net_src comp="18" pin="0"/><net_sink comp="78" pin=0"/></net>

<net id="90"><net_src comp="83" pin="1"/><net_sink comp="86" pin=0"/></net>

<net id="91"><net_src comp="50" pin="2"/><net_sink comp="86" pin=1"/></net>

<net id="96"><net_src comp="83" pin="1"/><net_sink comp="92" pin=0"/></net>

<net id="97"><net_src comp="8" pin="0"/><net_sink comp="92" pin=1"/></net>

<net id="102"><net_src comp="92" pin="2"/><net_sink comp="98" pin=0"/></net>

<net id="107"><net_src comp="0" pin="0"/><net_sink comp="103" pin=0"/></net>

<net id="108"><net_src comp="103" pin="2"/><net_sink comp="62" pin=1"/></net>

<net id="112"><net_src comp="46" pin="1"/><net_sink comp="109" pin=0"/></net>

<net id="113"><net_src comp="109" pin="1"/><net_sink comp="78" pin=1"/></net>

<net id="114"><net_src comp="109" pin="1"/><net_sink comp="83" pin=0"/></net>

<net id="115"><net_src comp="109" pin="1"/><net_sink comp="98" pin=1"/></net>

<net id="119"><net_src comp="74" pin="1"/><net_sink comp="116" pin=0"/></net>

<net id="120"><net_src comp="116" pin="1"/><net_sink comp="103" pin=1"/></net>

<net id="124"><net_src comp="86" pin="2"/><net_sink comp="121" pin=0"/></net>

<net id="128"><net_src comp="62" pin="2"/><net_sink comp="125" pin=0"/></net>

<net id="129"><net_src comp="125" pin="1"/><net_sink comp="67" pin=2"/></net>

</net_list>

</model> 
---------------- Datapath Model END ------------------

* FSMD analyzer results:
  - Output states:
	Port: gmem0 | {}
	Port: iblock | {3 }
 - Input state : 
	Port: krnl_idct_Pipeline_loop_rd_blocks1 : gmem0 | {2 }
	Port: krnl_idct_Pipeline_loop_rd_blocks1 : sext_ln223 | {1 }
	Port: krnl_idct_Pipeline_loop_rd_blocks1 : mul_i_i | {1 }
  - Chain level:
	State 1
		store_ln0 : 1
		i : 1
		icmp_ln223 : 2
		add_ln223 : 2
		br_ln223 : 3
		store_ln223 : 3
	State 2
		gmem0_addr_read : 1
	State 3


============================================================
+ Verbose Summary: Datapath Resource usage 
============================================================

* Functional unit list:
|----------|----------------------------|---------|---------|
| Operation|       Functional Unit      |    FF   |   LUT   |
|----------|----------------------------|---------|---------|
|    add   |       add_ln223_fu_92      |    0    |    39   |
|----------|----------------------------|---------|---------|
|   icmp   |      icmp_ln223_fu_86      |    0    |    20   |
|----------|----------------------------|---------|---------|
|          |   mul_i_i_read_read_fu_50  |    0    |    0    |
|   read   | sext_ln223_read_read_fu_56 |    0    |    0    |
|          | gmem0_addr_read_read_fu_62 |    0    |    0    |
|----------|----------------------------|---------|---------|
|   write  |   write_ln174_write_fu_67  |    0    |    0    |
|----------|----------------------------|---------|---------|
|   sext   |    sext_ln223_cast_fu_74   |    0    |    0    |
|----------|----------------------------|---------|---------|
|   Total  |                            |    0    |    59   |
|----------|----------------------------|---------|---------|

Memories:
N/A

* Register list:
+-----------------------+--------+
|                       |   FF   |
+-----------------------+--------+
|gmem0_addr_read_reg_125|   512  |
|      i_1_reg_109      |   32   |
|   icmp_ln223_reg_121  |    1   |
|sext_ln223_cast_reg_116|   64   |
+-----------------------+--------+
|         Total         |   609  |
+-----------------------+--------+

* Multiplexer (MUX) list: 
|--------|------|------|------|--------|
|  Comp  |  Pin | Size |  BW  | S x BW |
|--------|------|------|------|--------|
|  Total |      |      |      |    0   |
|--------|------|------|------|--------|



* Summary:
+-----------+--------+--------+
|           |   FF   |   LUT  |
+-----------+--------+--------+
|  Function |    0   |   59   |
|   Memory  |    -   |    -   |
|Multiplexer|    -   |    -   |
|  Register |   609  |    -   |
+-----------+--------+--------+
|   Total   |   609  |   59   |
+-----------+--------+--------+
