Mon Jan 24 11:12:06 2022: Running xcd server. This server was built by gradle.
Mon Jan 24 11:12:06 2022: Server was asked to start on port: '45682'
Mon Jan 24 11:12:06 2022: Server is using token UUID: '3ac6cda6-46da-4651-be27-88dc048db8c2'
Mon Jan 24 11:12:06 2022: SESSION_MGR: creating session with session uuid: '6d04a3e9-ade5-4ab9-8d63-1f78fcd2ec76' and name 'default'
Mon Jan 24 11:12:06 2022: Attempting to start server on port '45682'
Mon Jan 24 11:12:06 2022: XCD main fifo: created main fifo '/tmp/xcdmain3ac6cda6-46da-4651-be27-88dc048db8c2', fd read = 14
Mon Jan 24 11:12:06 2022: Running Dispatch Server
Mon Jan 24 11:12:06 2022: Version 2.2.0
Mon Jan 24 11:12:14 2022: Dispatch Server: Accepted socket connection from client
Mon Jan 24 11:12:14 2022: Starting Socket connection
Mon Jan 24 11:12:14 2022: EXCHANGE_TOKEN received, server token: 3ac6cda6-46da-4651-be27-88dc048db8c2, passed token: 3ac6cda6-46da-4651-be27-88dc048db8c2
Mon Jan 24 11:12:15 2022: DISPATCH_HANDLER: Adding handler from function makeHandler in library libxv_system_diagram
Mon Jan 24 11:12:15 2022: SESSION_MGR: creating session with session uuid: 'cc30b1eb-5889-40bf-8606-89fb5016de14' and name 'link'
Mon Jan 24 11:12:15 2022: KERNEL_SVC: creating session with uuid: 'cc30b1eb-5889-40bf-8606-89fb5016de14' and name 'link'
Mon Jan 24 11:12:15 2022: GUIDANCE_SMGR: creating guidance session with uuid: 'cc30b1eb-5889-40bf-8606-89fb5016de14' and name 'link'
Mon Jan 24 11:12:15 2022: SYSTEM_DIAGRAM_SMGR: creating diagram session with uuid: 'cc30b1eb-5889-40bf-8606-89fb5016de14' and name 'link'
Mon Jan 24 11:12:31 2022: SESSION_MGR: closing session for UUID 'cc30b1eb-5889-40bf-8606-89fb5016de14' with name 'link'
Mon Jan 24 11:12:31 2022: KERNEL_SVC: closing session for UUID 'cc30b1eb-5889-40bf-8606-89fb5016de14' with name 'link'
Mon Jan 24 11:12:31 2022: GUIDANCE_SMGR: closing session for UUID 'cc30b1eb-5889-40bf-8606-89fb5016de14' with name 'link'
Mon Jan 24 11:12:31 2022: SYSTEM_DIAGRAM_SMGR: closing session for UUID 'cc30b1eb-5889-40bf-8606-89fb5016de14' with name 'link'
