

================================================================
== Vitis HLS Report for 'krnl_vadd_Pipeline_vadd1'
================================================================
* Date:           Mon Jan 24 11:45:18 2022

* Version:        2021.1 (Build 3247384 on Thu Jun 10 19:36:07 MDT 2021)
* Project:        krnl_vadd
* Solution:       solution (Vitis Kernel Flow Target)
* Product family: virtexuplus
* Target device:  xcvu9p-flgb2104-2-i


================================================================
== Performance Estimates
================================================================
+ Timing: 
    * Summary: 
    +--------+---------+----------+------------+
    |  Clock |  Target | Estimated| Uncertainty|
    +--------+---------+----------+------------+
    |ap_clk  |  4.00 ns|  2.920 ns|     1.08 ns|
    +--------+---------+----------+------------+

+ Latency: 
    * Summary: 
    +---------+---------+-----------+-----------+------+------+---------+
    |  Latency (cycles) |   Latency (absolute)  |   Interval  | Pipeline|
    |   min   |   max   |    min    |    max    |  min |  max |   Type  |
    +---------+---------+-----------+-----------+------+------+---------+
    |     8267|     8267|  33.068 us|  33.068 us|  8267|  8267|       no|
    +---------+---------+-----------+-----------+------+------+---------+

    + Detail: 
        * Instance: 
        N/A

        * Loop: 
        +----------+---------+---------+----------+-----------+-----------+------+----------+
        |          |  Latency (cycles) | Iteration|  Initiation Interval  | Trip |          |
        | Loop Name|   min   |   max   |  Latency |  achieved |   target  | Count| Pipelined|
        +----------+---------+---------+----------+-----------+-----------+------+----------+
        |- vadd1   |     8265|     8265|        75|          2|          1|  4096|       yes|
        +----------+---------+---------+----------+-----------+-----------+------+----------+

============================================================
+ Verbose Summary: Synthesis Manager
============================================================
InlineROM: 1
ExposeGlobal: 0
============================================================
+ Verbose Summary: CDFG Model
============================================================
IsTopModel: 0
ResetActiveHigh: 1
IsCombinational: 0
IsDatapathOnly: 0
HasWiredReturn: 1
HasMFsm: 2
HasVarLatency: 1
IsPipeline: 0
IsRtlPipelined: 0
IsInstanceOverlapped: 0
IsDontTouch: 0
HasImplIP: 0
IsGatedGlobalClock: 0

+ Individual pipeline summary: 
  * Pipeline-0: initiation interval (II) = 2, depth = 75


============================================================
+ Verbose Summary: Schedule
============================================================
* Number of FSM states : 75
* Pipeline : 1
  Pipeline-0 : II = 2, D = 75, States = { 1 2 3 4 5 6 7 8 9 10 11 12 13 14 15 16 17 18 19 20 21 22 23 24 25 26 27 28 29 30 31 32 33 34 35 36 37 38 39 40 41 42 43 44 45 46 47 48 49 50 51 52 53 54 55 56 57 58 59 60 61 62 63 64 65 66 67 68 69 70 71 72 73 74 75 }
* Dataflow Pipeline: 0

* FSM state transitions: 
1 --> 2 
2 --> 3 
3 --> 4 
4 --> 5 
5 --> 6 
6 --> 7 
7 --> 8 
8 --> 9 
9 --> 10 
10 --> 11 
11 --> 12 
12 --> 13 
13 --> 14 
14 --> 15 
15 --> 16 
16 --> 17 
17 --> 18 
18 --> 19 
19 --> 20 
20 --> 21 
21 --> 22 
22 --> 23 
23 --> 24 
24 --> 25 
25 --> 26 
26 --> 27 
27 --> 28 
28 --> 29 
29 --> 30 
30 --> 31 
31 --> 32 
32 --> 33 
33 --> 34 
34 --> 35 
35 --> 36 
36 --> 37 
37 --> 38 
38 --> 39 
39 --> 40 
40 --> 41 
41 --> 42 
42 --> 43 
43 --> 44 
44 --> 45 
45 --> 46 
46 --> 47 
47 --> 48 
48 --> 49 
49 --> 50 
50 --> 51 
51 --> 52 
52 --> 53 
53 --> 54 
54 --> 55 
55 --> 56 
56 --> 57 
57 --> 58 
58 --> 59 
59 --> 60 
60 --> 61 
61 --> 62 
62 --> 63 
63 --> 64 
64 --> 65 
65 --> 66 
66 --> 67 
67 --> 68 
68 --> 69 
69 --> 70 
70 --> 71 
71 --> 72 
72 --> 73 
73 --> 74 
74 --> 75 
75 --> 

* FSM state operations: 

State 1 <SV = 0> <Delay = 1.26>
ST_1 : Operation 78 [1/1] (0.00ns)   --->   "%i = alloca i32 1"   --->   Operation 78 'alloca' 'i' <Predicate = true> <Delay = 0.00>
ST_1 : Operation 79 [1/1] (0.00ns)   --->   "%sext_ln51_1_read = read i62 @_ssdm_op_Read.ap_auto.i62, i62 %sext_ln51_1"   --->   Operation 79 'read' 'sext_ln51_1_read' <Predicate = true> <Delay = 0.00>
ST_1 : Operation 80 [1/1] (0.00ns)   --->   "%sext_ln51_read = read i62 @_ssdm_op_Read.ap_auto.i62, i62 %sext_ln51"   --->   Operation 80 'read' 'sext_ln51_read' <Predicate = true> <Delay = 0.00>
ST_1 : Operation 81 [1/1] (0.00ns)   --->   "%trunc_ln51_3_read = read i31 @_ssdm_op_Read.ap_auto.i31, i31 %trunc_ln51_3"   --->   Operation 81 'read' 'trunc_ln51_3_read' <Predicate = true> <Delay = 0.00>
ST_1 : Operation 82 [1/1] (0.00ns)   --->   "%sext_ln51_2_read = read i62 @_ssdm_op_Read.ap_auto.i62, i62 %sext_ln51_2"   --->   Operation 82 'read' 'sext_ln51_2_read' <Predicate = true> <Delay = 0.00>
ST_1 : Operation 83 [1/1] (0.00ns)   --->   "%sext_ln51_1_cast = sext i62 %sext_ln51_1_read"   --->   Operation 83 'sext' 'sext_ln51_1_cast' <Predicate = true> <Delay = 0.00>
ST_1 : Operation 84 [1/1] (0.00ns)   --->   "%sext_ln51_cast = sext i62 %sext_ln51_read"   --->   Operation 84 'sext' 'sext_ln51_cast' <Predicate = true> <Delay = 0.00>
ST_1 : Operation 85 [1/1] (0.00ns)   --->   "%sext_ln51_2_cast = sext i62 %sext_ln51_2_read"   --->   Operation 85 'sext' 'sext_ln51_2_cast' <Predicate = true> <Delay = 0.00>
ST_1 : Operation 86 [1/1] (0.00ns)   --->   "%specinterface_ln0 = specinterface void @_ssdm_op_SpecInterface, i32 %gmem, void @empty_12, i32 0, i32 0, void @empty, i32 64, i32 0, void @empty_0, void @empty_1, void @empty, i32 16, i32 16, i32 16, i32 16, void @empty, void @empty"   --->   Operation 86 'specinterface' 'specinterface_ln0' <Predicate = true> <Delay = 0.00>
ST_1 : Operation 87 [1/1] (0.38ns)   --->   "%store_ln0 = store i31 0, i31 %i"   --->   Operation 87 'store' 'store_ln0' <Predicate = true> <Delay = 0.38>
ST_1 : Operation 88 [1/1] (0.00ns)   --->   "%br_ln0 = br void"   --->   Operation 88 'br' 'br_ln0' <Predicate = true> <Delay = 0.00>
ST_1 : Operation 89 [1/1] (0.00ns)   --->   "%i_1 = load i31 %i" [/home/centos/workspace/vadd_kernels/src/krnl_vadd.cpp:51]   --->   Operation 89 'load' 'i_1' <Predicate = true> <Delay = 0.00>
ST_1 : Operation 90 [1/1] (0.84ns)   --->   "%icmp_ln51 = icmp_eq  i31 %i_1, i31 %trunc_ln51_3_read" [/home/centos/workspace/vadd_kernels/src/krnl_vadd.cpp:51]   --->   Operation 90 'icmp' 'icmp_ln51' <Predicate = true> <Delay = 0.84> <CoreInst = "Cmp">   --->   Core 9 'Cmp' <Latency = 0> <II = 1> <Delay = 0.84> <FuncUnit> <Opcode : 'icmp'> <InPorts = 2> <OutPorts = 1>
ST_1 : Operation 91 [1/1] (0.87ns)   --->   "%add_ln51 = add i31 %i_1, i31 1" [/home/centos/workspace/vadd_kernels/src/krnl_vadd.cpp:51]   --->   Operation 91 'add' 'add_ln51' <Predicate = true> <Delay = 0.87> <CoreInst = "Adder">   --->   Core 1 'Adder' <Latency = 0> <II = 1> <Delay = 0.88> <FuncUnit> <Opcode : 'add' 'sub'> <InPorts = 2> <OutPorts = 1>
ST_1 : Operation 92 [1/1] (0.00ns)   --->   "%br_ln51 = br i1 %icmp_ln51, void %.split, void %._crit_edge.loopexit.exitStub" [/home/centos/workspace/vadd_kernels/src/krnl_vadd.cpp:51]   --->   Operation 92 'br' 'br_ln51' <Predicate = true> <Delay = 0.00>
ST_1 : Operation 93 [1/1] (0.00ns)   --->   "%i_cast = zext i31 %i_1" [/home/centos/workspace/vadd_kernels/src/krnl_vadd.cpp:51]   --->   Operation 93 'zext' 'i_cast' <Predicate = (!icmp_ln51)> <Delay = 0.00>
ST_1 : Operation 94 [1/1] (1.12ns)   --->   "%add_ln55 = add i63 %i_cast, i63 %sext_ln51_cast" [/home/centos/workspace/vadd_kernels/src/krnl_vadd.cpp:55]   --->   Operation 94 'add' 'add_ln55' <Predicate = (!icmp_ln51)> <Delay = 1.12> <CoreInst = "Adder">   --->   Core 1 'Adder' <Latency = 0> <II = 1> <Delay = 0.88> <FuncUnit> <Opcode : 'add' 'sub'> <InPorts = 2> <OutPorts = 1>
ST_1 : Operation 95 [1/1] (0.00ns)   --->   "%sext_ln55 = sext i63 %add_ln55" [/home/centos/workspace/vadd_kernels/src/krnl_vadd.cpp:55]   --->   Operation 95 'sext' 'sext_ln55' <Predicate = (!icmp_ln51)> <Delay = 0.00>
ST_1 : Operation 96 [1/1] (0.00ns)   --->   "%gmem_addr_1 = getelementptr i32 %gmem, i64 %sext_ln55" [/home/centos/workspace/vadd_kernels/src/krnl_vadd.cpp:55]   --->   Operation 96 'getelementptr' 'gmem_addr_1' <Predicate = (!icmp_ln51)> <Delay = 0.00>
ST_1 : Operation 97 [1/1] (1.12ns)   --->   "%add_ln55_1 = add i63 %i_cast, i63 %sext_ln51_1_cast" [/home/centos/workspace/vadd_kernels/src/krnl_vadd.cpp:55]   --->   Operation 97 'add' 'add_ln55_1' <Predicate = (!icmp_ln51)> <Delay = 1.12> <CoreInst = "Adder">   --->   Core 1 'Adder' <Latency = 0> <II = 1> <Delay = 0.88> <FuncUnit> <Opcode : 'add' 'sub'> <InPorts = 2> <OutPorts = 1>
ST_1 : Operation 98 [1/1] (0.00ns)   --->   "%sext_ln55_1 = sext i63 %add_ln55_1" [/home/centos/workspace/vadd_kernels/src/krnl_vadd.cpp:55]   --->   Operation 98 'sext' 'sext_ln55_1' <Predicate = (!icmp_ln51)> <Delay = 0.00>
ST_1 : Operation 99 [1/1] (0.00ns)   --->   "%gmem_addr_2 = getelementptr i32 %gmem, i64 %sext_ln55_1" [/home/centos/workspace/vadd_kernels/src/krnl_vadd.cpp:55]   --->   Operation 99 'getelementptr' 'gmem_addr_2' <Predicate = (!icmp_ln51)> <Delay = 0.00>
ST_1 : Operation 100 [1/1] (0.38ns)   --->   "%store_ln51 = store i31 %add_ln51, i31 %i" [/home/centos/workspace/vadd_kernels/src/krnl_vadd.cpp:51]   --->   Operation 100 'store' 'store_ln51' <Predicate = (!icmp_ln51)> <Delay = 0.38>

State 2 <SV = 1> <Delay = 2.92>
ST_2 : Operation 101 [70/70] (2.92ns)   --->   "%gmem_load_req = readreq i1 @_ssdm_op_ReadReq.m_axi.i32P1A, i32 %gmem_addr_1, i32 1" [/home/centos/workspace/vadd_kernels/src/krnl_vadd.cpp:55]   --->   Operation 101 'readreq' 'gmem_load_req' <Predicate = (!icmp_ln51)> <Delay = 2.92> <CoreInst = "m_axi">   --->   Core 121 'm_axi' <Latency = 5> <II = 1> <Delay = 1.00> <Adapter> <Opcode : 'read' 'write' 'readreq' 'writereq' 'writeresp'>

State 3 <SV = 2> <Delay = 2.92>
ST_3 : Operation 102 [69/70] (2.92ns)   --->   "%gmem_load_req = readreq i1 @_ssdm_op_ReadReq.m_axi.i32P1A, i32 %gmem_addr_1, i32 1" [/home/centos/workspace/vadd_kernels/src/krnl_vadd.cpp:55]   --->   Operation 102 'readreq' 'gmem_load_req' <Predicate = (!icmp_ln51)> <Delay = 2.92> <CoreInst = "m_axi">   --->   Core 121 'm_axi' <Latency = 5> <II = 1> <Delay = 1.00> <Adapter> <Opcode : 'read' 'write' 'readreq' 'writereq' 'writeresp'>
ST_3 : Operation 103 [70/70] (2.92ns)   --->   "%gmem_load_1_req = readreq i1 @_ssdm_op_ReadReq.m_axi.i32P1A, i32 %gmem_addr_2, i32 1" [/home/centos/workspace/vadd_kernels/src/krnl_vadd.cpp:55]   --->   Operation 103 'readreq' 'gmem_load_1_req' <Predicate = (!icmp_ln51)> <Delay = 2.92> <CoreInst = "m_axi">   --->   Core 121 'm_axi' <Latency = 5> <II = 1> <Delay = 1.00> <Adapter> <Opcode : 'read' 'write' 'readreq' 'writereq' 'writeresp'>

State 4 <SV = 3> <Delay = 2.92>
ST_4 : Operation 104 [68/70] (2.92ns)   --->   "%gmem_load_req = readreq i1 @_ssdm_op_ReadReq.m_axi.i32P1A, i32 %gmem_addr_1, i32 1" [/home/centos/workspace/vadd_kernels/src/krnl_vadd.cpp:55]   --->   Operation 104 'readreq' 'gmem_load_req' <Predicate = (!icmp_ln51)> <Delay = 2.92> <CoreInst = "m_axi">   --->   Core 121 'm_axi' <Latency = 5> <II = 1> <Delay = 1.00> <Adapter> <Opcode : 'read' 'write' 'readreq' 'writereq' 'writeresp'>
ST_4 : Operation 105 [69/70] (2.92ns)   --->   "%gmem_load_1_req = readreq i1 @_ssdm_op_ReadReq.m_axi.i32P1A, i32 %gmem_addr_2, i32 1" [/home/centos/workspace/vadd_kernels/src/krnl_vadd.cpp:55]   --->   Operation 105 'readreq' 'gmem_load_1_req' <Predicate = (!icmp_ln51)> <Delay = 2.92> <CoreInst = "m_axi">   --->   Core 121 'm_axi' <Latency = 5> <II = 1> <Delay = 1.00> <Adapter> <Opcode : 'read' 'write' 'readreq' 'writereq' 'writeresp'>

State 5 <SV = 4> <Delay = 2.92>
ST_5 : Operation 106 [67/70] (2.92ns)   --->   "%gmem_load_req = readreq i1 @_ssdm_op_ReadReq.m_axi.i32P1A, i32 %gmem_addr_1, i32 1" [/home/centos/workspace/vadd_kernels/src/krnl_vadd.cpp:55]   --->   Operation 106 'readreq' 'gmem_load_req' <Predicate = (!icmp_ln51)> <Delay = 2.92> <CoreInst = "m_axi">   --->   Core 121 'm_axi' <Latency = 5> <II = 1> <Delay = 1.00> <Adapter> <Opcode : 'read' 'write' 'readreq' 'writereq' 'writeresp'>
ST_5 : Operation 107 [68/70] (2.92ns)   --->   "%gmem_load_1_req = readreq i1 @_ssdm_op_ReadReq.m_axi.i32P1A, i32 %gmem_addr_2, i32 1" [/home/centos/workspace/vadd_kernels/src/krnl_vadd.cpp:55]   --->   Operation 107 'readreq' 'gmem_load_1_req' <Predicate = (!icmp_ln51)> <Delay = 2.92> <CoreInst = "m_axi">   --->   Core 121 'm_axi' <Latency = 5> <II = 1> <Delay = 1.00> <Adapter> <Opcode : 'read' 'write' 'readreq' 'writereq' 'writeresp'>

State 6 <SV = 5> <Delay = 2.92>
ST_6 : Operation 108 [66/70] (2.92ns)   --->   "%gmem_load_req = readreq i1 @_ssdm_op_ReadReq.m_axi.i32P1A, i32 %gmem_addr_1, i32 1" [/home/centos/workspace/vadd_kernels/src/krnl_vadd.cpp:55]   --->   Operation 108 'readreq' 'gmem_load_req' <Predicate = (!icmp_ln51)> <Delay = 2.92> <CoreInst = "m_axi">   --->   Core 121 'm_axi' <Latency = 5> <II = 1> <Delay = 1.00> <Adapter> <Opcode : 'read' 'write' 'readreq' 'writereq' 'writeresp'>
ST_6 : Operation 109 [67/70] (2.92ns)   --->   "%gmem_load_1_req = readreq i1 @_ssdm_op_ReadReq.m_axi.i32P1A, i32 %gmem_addr_2, i32 1" [/home/centos/workspace/vadd_kernels/src/krnl_vadd.cpp:55]   --->   Operation 109 'readreq' 'gmem_load_1_req' <Predicate = (!icmp_ln51)> <Delay = 2.92> <CoreInst = "m_axi">   --->   Core 121 'm_axi' <Latency = 5> <II = 1> <Delay = 1.00> <Adapter> <Opcode : 'read' 'write' 'readreq' 'writereq' 'writeresp'>

State 7 <SV = 6> <Delay = 2.92>
ST_7 : Operation 110 [65/70] (2.92ns)   --->   "%gmem_load_req = readreq i1 @_ssdm_op_ReadReq.m_axi.i32P1A, i32 %gmem_addr_1, i32 1" [/home/centos/workspace/vadd_kernels/src/krnl_vadd.cpp:55]   --->   Operation 110 'readreq' 'gmem_load_req' <Predicate = (!icmp_ln51)> <Delay = 2.92> <CoreInst = "m_axi">   --->   Core 121 'm_axi' <Latency = 5> <II = 1> <Delay = 1.00> <Adapter> <Opcode : 'read' 'write' 'readreq' 'writereq' 'writeresp'>
ST_7 : Operation 111 [66/70] (2.92ns)   --->   "%gmem_load_1_req = readreq i1 @_ssdm_op_ReadReq.m_axi.i32P1A, i32 %gmem_addr_2, i32 1" [/home/centos/workspace/vadd_kernels/src/krnl_vadd.cpp:55]   --->   Operation 111 'readreq' 'gmem_load_1_req' <Predicate = (!icmp_ln51)> <Delay = 2.92> <CoreInst = "m_axi">   --->   Core 121 'm_axi' <Latency = 5> <II = 1> <Delay = 1.00> <Adapter> <Opcode : 'read' 'write' 'readreq' 'writereq' 'writeresp'>

State 8 <SV = 7> <Delay = 2.92>
ST_8 : Operation 112 [64/70] (2.92ns)   --->   "%gmem_load_req = readreq i1 @_ssdm_op_ReadReq.m_axi.i32P1A, i32 %gmem_addr_1, i32 1" [/home/centos/workspace/vadd_kernels/src/krnl_vadd.cpp:55]   --->   Operation 112 'readreq' 'gmem_load_req' <Predicate = (!icmp_ln51)> <Delay = 2.92> <CoreInst = "m_axi">   --->   Core 121 'm_axi' <Latency = 5> <II = 1> <Delay = 1.00> <Adapter> <Opcode : 'read' 'write' 'readreq' 'writereq' 'writeresp'>
ST_8 : Operation 113 [65/70] (2.92ns)   --->   "%gmem_load_1_req = readreq i1 @_ssdm_op_ReadReq.m_axi.i32P1A, i32 %gmem_addr_2, i32 1" [/home/centos/workspace/vadd_kernels/src/krnl_vadd.cpp:55]   --->   Operation 113 'readreq' 'gmem_load_1_req' <Predicate = (!icmp_ln51)> <Delay = 2.92> <CoreInst = "m_axi">   --->   Core 121 'm_axi' <Latency = 5> <II = 1> <Delay = 1.00> <Adapter> <Opcode : 'read' 'write' 'readreq' 'writereq' 'writeresp'>

State 9 <SV = 8> <Delay = 2.92>
ST_9 : Operation 114 [63/70] (2.92ns)   --->   "%gmem_load_req = readreq i1 @_ssdm_op_ReadReq.m_axi.i32P1A, i32 %gmem_addr_1, i32 1" [/home/centos/workspace/vadd_kernels/src/krnl_vadd.cpp:55]   --->   Operation 114 'readreq' 'gmem_load_req' <Predicate = (!icmp_ln51)> <Delay = 2.92> <CoreInst = "m_axi">   --->   Core 121 'm_axi' <Latency = 5> <II = 1> <Delay = 1.00> <Adapter> <Opcode : 'read' 'write' 'readreq' 'writereq' 'writeresp'>
ST_9 : Operation 115 [64/70] (2.92ns)   --->   "%gmem_load_1_req = readreq i1 @_ssdm_op_ReadReq.m_axi.i32P1A, i32 %gmem_addr_2, i32 1" [/home/centos/workspace/vadd_kernels/src/krnl_vadd.cpp:55]   --->   Operation 115 'readreq' 'gmem_load_1_req' <Predicate = (!icmp_ln51)> <Delay = 2.92> <CoreInst = "m_axi">   --->   Core 121 'm_axi' <Latency = 5> <II = 1> <Delay = 1.00> <Adapter> <Opcode : 'read' 'write' 'readreq' 'writereq' 'writeresp'>

State 10 <SV = 9> <Delay = 2.92>
ST_10 : Operation 116 [62/70] (2.92ns)   --->   "%gmem_load_req = readreq i1 @_ssdm_op_ReadReq.m_axi.i32P1A, i32 %gmem_addr_1, i32 1" [/home/centos/workspace/vadd_kernels/src/krnl_vadd.cpp:55]   --->   Operation 116 'readreq' 'gmem_load_req' <Predicate = (!icmp_ln51)> <Delay = 2.92> <CoreInst = "m_axi">   --->   Core 121 'm_axi' <Latency = 5> <II = 1> <Delay = 1.00> <Adapter> <Opcode : 'read' 'write' 'readreq' 'writereq' 'writeresp'>
ST_10 : Operation 117 [63/70] (2.92ns)   --->   "%gmem_load_1_req = readreq i1 @_ssdm_op_ReadReq.m_axi.i32P1A, i32 %gmem_addr_2, i32 1" [/home/centos/workspace/vadd_kernels/src/krnl_vadd.cpp:55]   --->   Operation 117 'readreq' 'gmem_load_1_req' <Predicate = (!icmp_ln51)> <Delay = 2.92> <CoreInst = "m_axi">   --->   Core 121 'm_axi' <Latency = 5> <II = 1> <Delay = 1.00> <Adapter> <Opcode : 'read' 'write' 'readreq' 'writereq' 'writeresp'>

State 11 <SV = 10> <Delay = 2.92>
ST_11 : Operation 118 [61/70] (2.92ns)   --->   "%gmem_load_req = readreq i1 @_ssdm_op_ReadReq.m_axi.i32P1A, i32 %gmem_addr_1, i32 1" [/home/centos/workspace/vadd_kernels/src/krnl_vadd.cpp:55]   --->   Operation 118 'readreq' 'gmem_load_req' <Predicate = (!icmp_ln51)> <Delay = 2.92> <CoreInst = "m_axi">   --->   Core 121 'm_axi' <Latency = 5> <II = 1> <Delay = 1.00> <Adapter> <Opcode : 'read' 'write' 'readreq' 'writereq' 'writeresp'>
ST_11 : Operation 119 [62/70] (2.92ns)   --->   "%gmem_load_1_req = readreq i1 @_ssdm_op_ReadReq.m_axi.i32P1A, i32 %gmem_addr_2, i32 1" [/home/centos/workspace/vadd_kernels/src/krnl_vadd.cpp:55]   --->   Operation 119 'readreq' 'gmem_load_1_req' <Predicate = (!icmp_ln51)> <Delay = 2.92> <CoreInst = "m_axi">   --->   Core 121 'm_axi' <Latency = 5> <II = 1> <Delay = 1.00> <Adapter> <Opcode : 'read' 'write' 'readreq' 'writereq' 'writeresp'>

State 12 <SV = 11> <Delay = 2.92>
ST_12 : Operation 120 [60/70] (2.92ns)   --->   "%gmem_load_req = readreq i1 @_ssdm_op_ReadReq.m_axi.i32P1A, i32 %gmem_addr_1, i32 1" [/home/centos/workspace/vadd_kernels/src/krnl_vadd.cpp:55]   --->   Operation 120 'readreq' 'gmem_load_req' <Predicate = (!icmp_ln51)> <Delay = 2.92> <CoreInst = "m_axi">   --->   Core 121 'm_axi' <Latency = 5> <II = 1> <Delay = 1.00> <Adapter> <Opcode : 'read' 'write' 'readreq' 'writereq' 'writeresp'>
ST_12 : Operation 121 [61/70] (2.92ns)   --->   "%gmem_load_1_req = readreq i1 @_ssdm_op_ReadReq.m_axi.i32P1A, i32 %gmem_addr_2, i32 1" [/home/centos/workspace/vadd_kernels/src/krnl_vadd.cpp:55]   --->   Operation 121 'readreq' 'gmem_load_1_req' <Predicate = (!icmp_ln51)> <Delay = 2.92> <CoreInst = "m_axi">   --->   Core 121 'm_axi' <Latency = 5> <II = 1> <Delay = 1.00> <Adapter> <Opcode : 'read' 'write' 'readreq' 'writereq' 'writeresp'>

State 13 <SV = 12> <Delay = 2.92>
ST_13 : Operation 122 [59/70] (2.92ns)   --->   "%gmem_load_req = readreq i1 @_ssdm_op_ReadReq.m_axi.i32P1A, i32 %gmem_addr_1, i32 1" [/home/centos/workspace/vadd_kernels/src/krnl_vadd.cpp:55]   --->   Operation 122 'readreq' 'gmem_load_req' <Predicate = (!icmp_ln51)> <Delay = 2.92> <CoreInst = "m_axi">   --->   Core 121 'm_axi' <Latency = 5> <II = 1> <Delay = 1.00> <Adapter> <Opcode : 'read' 'write' 'readreq' 'writereq' 'writeresp'>
ST_13 : Operation 123 [60/70] (2.92ns)   --->   "%gmem_load_1_req = readreq i1 @_ssdm_op_ReadReq.m_axi.i32P1A, i32 %gmem_addr_2, i32 1" [/home/centos/workspace/vadd_kernels/src/krnl_vadd.cpp:55]   --->   Operation 123 'readreq' 'gmem_load_1_req' <Predicate = (!icmp_ln51)> <Delay = 2.92> <CoreInst = "m_axi">   --->   Core 121 'm_axi' <Latency = 5> <II = 1> <Delay = 1.00> <Adapter> <Opcode : 'read' 'write' 'readreq' 'writereq' 'writeresp'>

State 14 <SV = 13> <Delay = 2.92>
ST_14 : Operation 124 [58/70] (2.92ns)   --->   "%gmem_load_req = readreq i1 @_ssdm_op_ReadReq.m_axi.i32P1A, i32 %gmem_addr_1, i32 1" [/home/centos/workspace/vadd_kernels/src/krnl_vadd.cpp:55]   --->   Operation 124 'readreq' 'gmem_load_req' <Predicate = (!icmp_ln51)> <Delay = 2.92> <CoreInst = "m_axi">   --->   Core 121 'm_axi' <Latency = 5> <II = 1> <Delay = 1.00> <Adapter> <Opcode : 'read' 'write' 'readreq' 'writereq' 'writeresp'>
ST_14 : Operation 125 [59/70] (2.92ns)   --->   "%gmem_load_1_req = readreq i1 @_ssdm_op_ReadReq.m_axi.i32P1A, i32 %gmem_addr_2, i32 1" [/home/centos/workspace/vadd_kernels/src/krnl_vadd.cpp:55]   --->   Operation 125 'readreq' 'gmem_load_1_req' <Predicate = (!icmp_ln51)> <Delay = 2.92> <CoreInst = "m_axi">   --->   Core 121 'm_axi' <Latency = 5> <II = 1> <Delay = 1.00> <Adapter> <Opcode : 'read' 'write' 'readreq' 'writereq' 'writeresp'>

State 15 <SV = 14> <Delay = 2.92>
ST_15 : Operation 126 [57/70] (2.92ns)   --->   "%gmem_load_req = readreq i1 @_ssdm_op_ReadReq.m_axi.i32P1A, i32 %gmem_addr_1, i32 1" [/home/centos/workspace/vadd_kernels/src/krnl_vadd.cpp:55]   --->   Operation 126 'readreq' 'gmem_load_req' <Predicate = (!icmp_ln51)> <Delay = 2.92> <CoreInst = "m_axi">   --->   Core 121 'm_axi' <Latency = 5> <II = 1> <Delay = 1.00> <Adapter> <Opcode : 'read' 'write' 'readreq' 'writereq' 'writeresp'>
ST_15 : Operation 127 [58/70] (2.92ns)   --->   "%gmem_load_1_req = readreq i1 @_ssdm_op_ReadReq.m_axi.i32P1A, i32 %gmem_addr_2, i32 1" [/home/centos/workspace/vadd_kernels/src/krnl_vadd.cpp:55]   --->   Operation 127 'readreq' 'gmem_load_1_req' <Predicate = (!icmp_ln51)> <Delay = 2.92> <CoreInst = "m_axi">   --->   Core 121 'm_axi' <Latency = 5> <II = 1> <Delay = 1.00> <Adapter> <Opcode : 'read' 'write' 'readreq' 'writereq' 'writeresp'>

State 16 <SV = 15> <Delay = 2.92>
ST_16 : Operation 128 [56/70] (2.92ns)   --->   "%gmem_load_req = readreq i1 @_ssdm_op_ReadReq.m_axi.i32P1A, i32 %gmem_addr_1, i32 1" [/home/centos/workspace/vadd_kernels/src/krnl_vadd.cpp:55]   --->   Operation 128 'readreq' 'gmem_load_req' <Predicate = (!icmp_ln51)> <Delay = 2.92> <CoreInst = "m_axi">   --->   Core 121 'm_axi' <Latency = 5> <II = 1> <Delay = 1.00> <Adapter> <Opcode : 'read' 'write' 'readreq' 'writereq' 'writeresp'>
ST_16 : Operation 129 [57/70] (2.92ns)   --->   "%gmem_load_1_req = readreq i1 @_ssdm_op_ReadReq.m_axi.i32P1A, i32 %gmem_addr_2, i32 1" [/home/centos/workspace/vadd_kernels/src/krnl_vadd.cpp:55]   --->   Operation 129 'readreq' 'gmem_load_1_req' <Predicate = (!icmp_ln51)> <Delay = 2.92> <CoreInst = "m_axi">   --->   Core 121 'm_axi' <Latency = 5> <II = 1> <Delay = 1.00> <Adapter> <Opcode : 'read' 'write' 'readreq' 'writereq' 'writeresp'>

State 17 <SV = 16> <Delay = 2.92>
ST_17 : Operation 130 [55/70] (2.92ns)   --->   "%gmem_load_req = readreq i1 @_ssdm_op_ReadReq.m_axi.i32P1A, i32 %gmem_addr_1, i32 1" [/home/centos/workspace/vadd_kernels/src/krnl_vadd.cpp:55]   --->   Operation 130 'readreq' 'gmem_load_req' <Predicate = (!icmp_ln51)> <Delay = 2.92> <CoreInst = "m_axi">   --->   Core 121 'm_axi' <Latency = 5> <II = 1> <Delay = 1.00> <Adapter> <Opcode : 'read' 'write' 'readreq' 'writereq' 'writeresp'>
ST_17 : Operation 131 [56/70] (2.92ns)   --->   "%gmem_load_1_req = readreq i1 @_ssdm_op_ReadReq.m_axi.i32P1A, i32 %gmem_addr_2, i32 1" [/home/centos/workspace/vadd_kernels/src/krnl_vadd.cpp:55]   --->   Operation 131 'readreq' 'gmem_load_1_req' <Predicate = (!icmp_ln51)> <Delay = 2.92> <CoreInst = "m_axi">   --->   Core 121 'm_axi' <Latency = 5> <II = 1> <Delay = 1.00> <Adapter> <Opcode : 'read' 'write' 'readreq' 'writereq' 'writeresp'>

State 18 <SV = 17> <Delay = 2.92>
ST_18 : Operation 132 [54/70] (2.92ns)   --->   "%gmem_load_req = readreq i1 @_ssdm_op_ReadReq.m_axi.i32P1A, i32 %gmem_addr_1, i32 1" [/home/centos/workspace/vadd_kernels/src/krnl_vadd.cpp:55]   --->   Operation 132 'readreq' 'gmem_load_req' <Predicate = (!icmp_ln51)> <Delay = 2.92> <CoreInst = "m_axi">   --->   Core 121 'm_axi' <Latency = 5> <II = 1> <Delay = 1.00> <Adapter> <Opcode : 'read' 'write' 'readreq' 'writereq' 'writeresp'>
ST_18 : Operation 133 [55/70] (2.92ns)   --->   "%gmem_load_1_req = readreq i1 @_ssdm_op_ReadReq.m_axi.i32P1A, i32 %gmem_addr_2, i32 1" [/home/centos/workspace/vadd_kernels/src/krnl_vadd.cpp:55]   --->   Operation 133 'readreq' 'gmem_load_1_req' <Predicate = (!icmp_ln51)> <Delay = 2.92> <CoreInst = "m_axi">   --->   Core 121 'm_axi' <Latency = 5> <II = 1> <Delay = 1.00> <Adapter> <Opcode : 'read' 'write' 'readreq' 'writereq' 'writeresp'>

State 19 <SV = 18> <Delay = 2.92>
ST_19 : Operation 134 [53/70] (2.92ns)   --->   "%gmem_load_req = readreq i1 @_ssdm_op_ReadReq.m_axi.i32P1A, i32 %gmem_addr_1, i32 1" [/home/centos/workspace/vadd_kernels/src/krnl_vadd.cpp:55]   --->   Operation 134 'readreq' 'gmem_load_req' <Predicate = (!icmp_ln51)> <Delay = 2.92> <CoreInst = "m_axi">   --->   Core 121 'm_axi' <Latency = 5> <II = 1> <Delay = 1.00> <Adapter> <Opcode : 'read' 'write' 'readreq' 'writereq' 'writeresp'>
ST_19 : Operation 135 [54/70] (2.92ns)   --->   "%gmem_load_1_req = readreq i1 @_ssdm_op_ReadReq.m_axi.i32P1A, i32 %gmem_addr_2, i32 1" [/home/centos/workspace/vadd_kernels/src/krnl_vadd.cpp:55]   --->   Operation 135 'readreq' 'gmem_load_1_req' <Predicate = (!icmp_ln51)> <Delay = 2.92> <CoreInst = "m_axi">   --->   Core 121 'm_axi' <Latency = 5> <II = 1> <Delay = 1.00> <Adapter> <Opcode : 'read' 'write' 'readreq' 'writereq' 'writeresp'>

State 20 <SV = 19> <Delay = 2.92>
ST_20 : Operation 136 [52/70] (2.92ns)   --->   "%gmem_load_req = readreq i1 @_ssdm_op_ReadReq.m_axi.i32P1A, i32 %gmem_addr_1, i32 1" [/home/centos/workspace/vadd_kernels/src/krnl_vadd.cpp:55]   --->   Operation 136 'readreq' 'gmem_load_req' <Predicate = (!icmp_ln51)> <Delay = 2.92> <CoreInst = "m_axi">   --->   Core 121 'm_axi' <Latency = 5> <II = 1> <Delay = 1.00> <Adapter> <Opcode : 'read' 'write' 'readreq' 'writereq' 'writeresp'>
ST_20 : Operation 137 [53/70] (2.92ns)   --->   "%gmem_load_1_req = readreq i1 @_ssdm_op_ReadReq.m_axi.i32P1A, i32 %gmem_addr_2, i32 1" [/home/centos/workspace/vadd_kernels/src/krnl_vadd.cpp:55]   --->   Operation 137 'readreq' 'gmem_load_1_req' <Predicate = (!icmp_ln51)> <Delay = 2.92> <CoreInst = "m_axi">   --->   Core 121 'm_axi' <Latency = 5> <II = 1> <Delay = 1.00> <Adapter> <Opcode : 'read' 'write' 'readreq' 'writereq' 'writeresp'>

State 21 <SV = 20> <Delay = 2.92>
ST_21 : Operation 138 [51/70] (2.92ns)   --->   "%gmem_load_req = readreq i1 @_ssdm_op_ReadReq.m_axi.i32P1A, i32 %gmem_addr_1, i32 1" [/home/centos/workspace/vadd_kernels/src/krnl_vadd.cpp:55]   --->   Operation 138 'readreq' 'gmem_load_req' <Predicate = (!icmp_ln51)> <Delay = 2.92> <CoreInst = "m_axi">   --->   Core 121 'm_axi' <Latency = 5> <II = 1> <Delay = 1.00> <Adapter> <Opcode : 'read' 'write' 'readreq' 'writereq' 'writeresp'>
ST_21 : Operation 139 [52/70] (2.92ns)   --->   "%gmem_load_1_req = readreq i1 @_ssdm_op_ReadReq.m_axi.i32P1A, i32 %gmem_addr_2, i32 1" [/home/centos/workspace/vadd_kernels/src/krnl_vadd.cpp:55]   --->   Operation 139 'readreq' 'gmem_load_1_req' <Predicate = (!icmp_ln51)> <Delay = 2.92> <CoreInst = "m_axi">   --->   Core 121 'm_axi' <Latency = 5> <II = 1> <Delay = 1.00> <Adapter> <Opcode : 'read' 'write' 'readreq' 'writereq' 'writeresp'>

State 22 <SV = 21> <Delay = 2.92>
ST_22 : Operation 140 [50/70] (2.92ns)   --->   "%gmem_load_req = readreq i1 @_ssdm_op_ReadReq.m_axi.i32P1A, i32 %gmem_addr_1, i32 1" [/home/centos/workspace/vadd_kernels/src/krnl_vadd.cpp:55]   --->   Operation 140 'readreq' 'gmem_load_req' <Predicate = (!icmp_ln51)> <Delay = 2.92> <CoreInst = "m_axi">   --->   Core 121 'm_axi' <Latency = 5> <II = 1> <Delay = 1.00> <Adapter> <Opcode : 'read' 'write' 'readreq' 'writereq' 'writeresp'>
ST_22 : Operation 141 [51/70] (2.92ns)   --->   "%gmem_load_1_req = readreq i1 @_ssdm_op_ReadReq.m_axi.i32P1A, i32 %gmem_addr_2, i32 1" [/home/centos/workspace/vadd_kernels/src/krnl_vadd.cpp:55]   --->   Operation 141 'readreq' 'gmem_load_1_req' <Predicate = (!icmp_ln51)> <Delay = 2.92> <CoreInst = "m_axi">   --->   Core 121 'm_axi' <Latency = 5> <II = 1> <Delay = 1.00> <Adapter> <Opcode : 'read' 'write' 'readreq' 'writereq' 'writeresp'>

State 23 <SV = 22> <Delay = 2.92>
ST_23 : Operation 142 [49/70] (2.92ns)   --->   "%gmem_load_req = readreq i1 @_ssdm_op_ReadReq.m_axi.i32P1A, i32 %gmem_addr_1, i32 1" [/home/centos/workspace/vadd_kernels/src/krnl_vadd.cpp:55]   --->   Operation 142 'readreq' 'gmem_load_req' <Predicate = (!icmp_ln51)> <Delay = 2.92> <CoreInst = "m_axi">   --->   Core 121 'm_axi' <Latency = 5> <II = 1> <Delay = 1.00> <Adapter> <Opcode : 'read' 'write' 'readreq' 'writereq' 'writeresp'>
ST_23 : Operation 143 [50/70] (2.92ns)   --->   "%gmem_load_1_req = readreq i1 @_ssdm_op_ReadReq.m_axi.i32P1A, i32 %gmem_addr_2, i32 1" [/home/centos/workspace/vadd_kernels/src/krnl_vadd.cpp:55]   --->   Operation 143 'readreq' 'gmem_load_1_req' <Predicate = (!icmp_ln51)> <Delay = 2.92> <CoreInst = "m_axi">   --->   Core 121 'm_axi' <Latency = 5> <II = 1> <Delay = 1.00> <Adapter> <Opcode : 'read' 'write' 'readreq' 'writereq' 'writeresp'>

State 24 <SV = 23> <Delay = 2.92>
ST_24 : Operation 144 [48/70] (2.92ns)   --->   "%gmem_load_req = readreq i1 @_ssdm_op_ReadReq.m_axi.i32P1A, i32 %gmem_addr_1, i32 1" [/home/centos/workspace/vadd_kernels/src/krnl_vadd.cpp:55]   --->   Operation 144 'readreq' 'gmem_load_req' <Predicate = (!icmp_ln51)> <Delay = 2.92> <CoreInst = "m_axi">   --->   Core 121 'm_axi' <Latency = 5> <II = 1> <Delay = 1.00> <Adapter> <Opcode : 'read' 'write' 'readreq' 'writereq' 'writeresp'>
ST_24 : Operation 145 [49/70] (2.92ns)   --->   "%gmem_load_1_req = readreq i1 @_ssdm_op_ReadReq.m_axi.i32P1A, i32 %gmem_addr_2, i32 1" [/home/centos/workspace/vadd_kernels/src/krnl_vadd.cpp:55]   --->   Operation 145 'readreq' 'gmem_load_1_req' <Predicate = (!icmp_ln51)> <Delay = 2.92> <CoreInst = "m_axi">   --->   Core 121 'm_axi' <Latency = 5> <II = 1> <Delay = 1.00> <Adapter> <Opcode : 'read' 'write' 'readreq' 'writereq' 'writeresp'>

State 25 <SV = 24> <Delay = 2.92>
ST_25 : Operation 146 [47/70] (2.92ns)   --->   "%gmem_load_req = readreq i1 @_ssdm_op_ReadReq.m_axi.i32P1A, i32 %gmem_addr_1, i32 1" [/home/centos/workspace/vadd_kernels/src/krnl_vadd.cpp:55]   --->   Operation 146 'readreq' 'gmem_load_req' <Predicate = (!icmp_ln51)> <Delay = 2.92> <CoreInst = "m_axi">   --->   Core 121 'm_axi' <Latency = 5> <II = 1> <Delay = 1.00> <Adapter> <Opcode : 'read' 'write' 'readreq' 'writereq' 'writeresp'>
ST_25 : Operation 147 [48/70] (2.92ns)   --->   "%gmem_load_1_req = readreq i1 @_ssdm_op_ReadReq.m_axi.i32P1A, i32 %gmem_addr_2, i32 1" [/home/centos/workspace/vadd_kernels/src/krnl_vadd.cpp:55]   --->   Operation 147 'readreq' 'gmem_load_1_req' <Predicate = (!icmp_ln51)> <Delay = 2.92> <CoreInst = "m_axi">   --->   Core 121 'm_axi' <Latency = 5> <II = 1> <Delay = 1.00> <Adapter> <Opcode : 'read' 'write' 'readreq' 'writereq' 'writeresp'>

State 26 <SV = 25> <Delay = 2.92>
ST_26 : Operation 148 [46/70] (2.92ns)   --->   "%gmem_load_req = readreq i1 @_ssdm_op_ReadReq.m_axi.i32P1A, i32 %gmem_addr_1, i32 1" [/home/centos/workspace/vadd_kernels/src/krnl_vadd.cpp:55]   --->   Operation 148 'readreq' 'gmem_load_req' <Predicate = (!icmp_ln51)> <Delay = 2.92> <CoreInst = "m_axi">   --->   Core 121 'm_axi' <Latency = 5> <II = 1> <Delay = 1.00> <Adapter> <Opcode : 'read' 'write' 'readreq' 'writereq' 'writeresp'>
ST_26 : Operation 149 [47/70] (2.92ns)   --->   "%gmem_load_1_req = readreq i1 @_ssdm_op_ReadReq.m_axi.i32P1A, i32 %gmem_addr_2, i32 1" [/home/centos/workspace/vadd_kernels/src/krnl_vadd.cpp:55]   --->   Operation 149 'readreq' 'gmem_load_1_req' <Predicate = (!icmp_ln51)> <Delay = 2.92> <CoreInst = "m_axi">   --->   Core 121 'm_axi' <Latency = 5> <II = 1> <Delay = 1.00> <Adapter> <Opcode : 'read' 'write' 'readreq' 'writereq' 'writeresp'>

State 27 <SV = 26> <Delay = 2.92>
ST_27 : Operation 150 [45/70] (2.92ns)   --->   "%gmem_load_req = readreq i1 @_ssdm_op_ReadReq.m_axi.i32P1A, i32 %gmem_addr_1, i32 1" [/home/centos/workspace/vadd_kernels/src/krnl_vadd.cpp:55]   --->   Operation 150 'readreq' 'gmem_load_req' <Predicate = (!icmp_ln51)> <Delay = 2.92> <CoreInst = "m_axi">   --->   Core 121 'm_axi' <Latency = 5> <II = 1> <Delay = 1.00> <Adapter> <Opcode : 'read' 'write' 'readreq' 'writereq' 'writeresp'>
ST_27 : Operation 151 [46/70] (2.92ns)   --->   "%gmem_load_1_req = readreq i1 @_ssdm_op_ReadReq.m_axi.i32P1A, i32 %gmem_addr_2, i32 1" [/home/centos/workspace/vadd_kernels/src/krnl_vadd.cpp:55]   --->   Operation 151 'readreq' 'gmem_load_1_req' <Predicate = (!icmp_ln51)> <Delay = 2.92> <CoreInst = "m_axi">   --->   Core 121 'm_axi' <Latency = 5> <II = 1> <Delay = 1.00> <Adapter> <Opcode : 'read' 'write' 'readreq' 'writereq' 'writeresp'>

State 28 <SV = 27> <Delay = 2.92>
ST_28 : Operation 152 [44/70] (2.92ns)   --->   "%gmem_load_req = readreq i1 @_ssdm_op_ReadReq.m_axi.i32P1A, i32 %gmem_addr_1, i32 1" [/home/centos/workspace/vadd_kernels/src/krnl_vadd.cpp:55]   --->   Operation 152 'readreq' 'gmem_load_req' <Predicate = (!icmp_ln51)> <Delay = 2.92> <CoreInst = "m_axi">   --->   Core 121 'm_axi' <Latency = 5> <II = 1> <Delay = 1.00> <Adapter> <Opcode : 'read' 'write' 'readreq' 'writereq' 'writeresp'>
ST_28 : Operation 153 [45/70] (2.92ns)   --->   "%gmem_load_1_req = readreq i1 @_ssdm_op_ReadReq.m_axi.i32P1A, i32 %gmem_addr_2, i32 1" [/home/centos/workspace/vadd_kernels/src/krnl_vadd.cpp:55]   --->   Operation 153 'readreq' 'gmem_load_1_req' <Predicate = (!icmp_ln51)> <Delay = 2.92> <CoreInst = "m_axi">   --->   Core 121 'm_axi' <Latency = 5> <II = 1> <Delay = 1.00> <Adapter> <Opcode : 'read' 'write' 'readreq' 'writereq' 'writeresp'>

State 29 <SV = 28> <Delay = 2.92>
ST_29 : Operation 154 [43/70] (2.92ns)   --->   "%gmem_load_req = readreq i1 @_ssdm_op_ReadReq.m_axi.i32P1A, i32 %gmem_addr_1, i32 1" [/home/centos/workspace/vadd_kernels/src/krnl_vadd.cpp:55]   --->   Operation 154 'readreq' 'gmem_load_req' <Predicate = (!icmp_ln51)> <Delay = 2.92> <CoreInst = "m_axi">   --->   Core 121 'm_axi' <Latency = 5> <II = 1> <Delay = 1.00> <Adapter> <Opcode : 'read' 'write' 'readreq' 'writereq' 'writeresp'>
ST_29 : Operation 155 [44/70] (2.92ns)   --->   "%gmem_load_1_req = readreq i1 @_ssdm_op_ReadReq.m_axi.i32P1A, i32 %gmem_addr_2, i32 1" [/home/centos/workspace/vadd_kernels/src/krnl_vadd.cpp:55]   --->   Operation 155 'readreq' 'gmem_load_1_req' <Predicate = (!icmp_ln51)> <Delay = 2.92> <CoreInst = "m_axi">   --->   Core 121 'm_axi' <Latency = 5> <II = 1> <Delay = 1.00> <Adapter> <Opcode : 'read' 'write' 'readreq' 'writereq' 'writeresp'>

State 30 <SV = 29> <Delay = 2.92>
ST_30 : Operation 156 [42/70] (2.92ns)   --->   "%gmem_load_req = readreq i1 @_ssdm_op_ReadReq.m_axi.i32P1A, i32 %gmem_addr_1, i32 1" [/home/centos/workspace/vadd_kernels/src/krnl_vadd.cpp:55]   --->   Operation 156 'readreq' 'gmem_load_req' <Predicate = (!icmp_ln51)> <Delay = 2.92> <CoreInst = "m_axi">   --->   Core 121 'm_axi' <Latency = 5> <II = 1> <Delay = 1.00> <Adapter> <Opcode : 'read' 'write' 'readreq' 'writereq' 'writeresp'>
ST_30 : Operation 157 [43/70] (2.92ns)   --->   "%gmem_load_1_req = readreq i1 @_ssdm_op_ReadReq.m_axi.i32P1A, i32 %gmem_addr_2, i32 1" [/home/centos/workspace/vadd_kernels/src/krnl_vadd.cpp:55]   --->   Operation 157 'readreq' 'gmem_load_1_req' <Predicate = (!icmp_ln51)> <Delay = 2.92> <CoreInst = "m_axi">   --->   Core 121 'm_axi' <Latency = 5> <II = 1> <Delay = 1.00> <Adapter> <Opcode : 'read' 'write' 'readreq' 'writereq' 'writeresp'>

State 31 <SV = 30> <Delay = 2.92>
ST_31 : Operation 158 [41/70] (2.92ns)   --->   "%gmem_load_req = readreq i1 @_ssdm_op_ReadReq.m_axi.i32P1A, i32 %gmem_addr_1, i32 1" [/home/centos/workspace/vadd_kernels/src/krnl_vadd.cpp:55]   --->   Operation 158 'readreq' 'gmem_load_req' <Predicate = (!icmp_ln51)> <Delay = 2.92> <CoreInst = "m_axi">   --->   Core 121 'm_axi' <Latency = 5> <II = 1> <Delay = 1.00> <Adapter> <Opcode : 'read' 'write' 'readreq' 'writereq' 'writeresp'>
ST_31 : Operation 159 [42/70] (2.92ns)   --->   "%gmem_load_1_req = readreq i1 @_ssdm_op_ReadReq.m_axi.i32P1A, i32 %gmem_addr_2, i32 1" [/home/centos/workspace/vadd_kernels/src/krnl_vadd.cpp:55]   --->   Operation 159 'readreq' 'gmem_load_1_req' <Predicate = (!icmp_ln51)> <Delay = 2.92> <CoreInst = "m_axi">   --->   Core 121 'm_axi' <Latency = 5> <II = 1> <Delay = 1.00> <Adapter> <Opcode : 'read' 'write' 'readreq' 'writereq' 'writeresp'>

State 32 <SV = 31> <Delay = 2.92>
ST_32 : Operation 160 [40/70] (2.92ns)   --->   "%gmem_load_req = readreq i1 @_ssdm_op_ReadReq.m_axi.i32P1A, i32 %gmem_addr_1, i32 1" [/home/centos/workspace/vadd_kernels/src/krnl_vadd.cpp:55]   --->   Operation 160 'readreq' 'gmem_load_req' <Predicate = (!icmp_ln51)> <Delay = 2.92> <CoreInst = "m_axi">   --->   Core 121 'm_axi' <Latency = 5> <II = 1> <Delay = 1.00> <Adapter> <Opcode : 'read' 'write' 'readreq' 'writereq' 'writeresp'>
ST_32 : Operation 161 [41/70] (2.92ns)   --->   "%gmem_load_1_req = readreq i1 @_ssdm_op_ReadReq.m_axi.i32P1A, i32 %gmem_addr_2, i32 1" [/home/centos/workspace/vadd_kernels/src/krnl_vadd.cpp:55]   --->   Operation 161 'readreq' 'gmem_load_1_req' <Predicate = (!icmp_ln51)> <Delay = 2.92> <CoreInst = "m_axi">   --->   Core 121 'm_axi' <Latency = 5> <II = 1> <Delay = 1.00> <Adapter> <Opcode : 'read' 'write' 'readreq' 'writereq' 'writeresp'>

State 33 <SV = 32> <Delay = 2.92>
ST_33 : Operation 162 [39/70] (2.92ns)   --->   "%gmem_load_req = readreq i1 @_ssdm_op_ReadReq.m_axi.i32P1A, i32 %gmem_addr_1, i32 1" [/home/centos/workspace/vadd_kernels/src/krnl_vadd.cpp:55]   --->   Operation 162 'readreq' 'gmem_load_req' <Predicate = (!icmp_ln51)> <Delay = 2.92> <CoreInst = "m_axi">   --->   Core 121 'm_axi' <Latency = 5> <II = 1> <Delay = 1.00> <Adapter> <Opcode : 'read' 'write' 'readreq' 'writereq' 'writeresp'>
ST_33 : Operation 163 [40/70] (2.92ns)   --->   "%gmem_load_1_req = readreq i1 @_ssdm_op_ReadReq.m_axi.i32P1A, i32 %gmem_addr_2, i32 1" [/home/centos/workspace/vadd_kernels/src/krnl_vadd.cpp:55]   --->   Operation 163 'readreq' 'gmem_load_1_req' <Predicate = (!icmp_ln51)> <Delay = 2.92> <CoreInst = "m_axi">   --->   Core 121 'm_axi' <Latency = 5> <II = 1> <Delay = 1.00> <Adapter> <Opcode : 'read' 'write' 'readreq' 'writereq' 'writeresp'>

State 34 <SV = 33> <Delay = 2.92>
ST_34 : Operation 164 [38/70] (2.92ns)   --->   "%gmem_load_req = readreq i1 @_ssdm_op_ReadReq.m_axi.i32P1A, i32 %gmem_addr_1, i32 1" [/home/centos/workspace/vadd_kernels/src/krnl_vadd.cpp:55]   --->   Operation 164 'readreq' 'gmem_load_req' <Predicate = (!icmp_ln51)> <Delay = 2.92> <CoreInst = "m_axi">   --->   Core 121 'm_axi' <Latency = 5> <II = 1> <Delay = 1.00> <Adapter> <Opcode : 'read' 'write' 'readreq' 'writereq' 'writeresp'>
ST_34 : Operation 165 [39/70] (2.92ns)   --->   "%gmem_load_1_req = readreq i1 @_ssdm_op_ReadReq.m_axi.i32P1A, i32 %gmem_addr_2, i32 1" [/home/centos/workspace/vadd_kernels/src/krnl_vadd.cpp:55]   --->   Operation 165 'readreq' 'gmem_load_1_req' <Predicate = (!icmp_ln51)> <Delay = 2.92> <CoreInst = "m_axi">   --->   Core 121 'm_axi' <Latency = 5> <II = 1> <Delay = 1.00> <Adapter> <Opcode : 'read' 'write' 'readreq' 'writereq' 'writeresp'>

State 35 <SV = 34> <Delay = 2.92>
ST_35 : Operation 166 [37/70] (2.92ns)   --->   "%gmem_load_req = readreq i1 @_ssdm_op_ReadReq.m_axi.i32P1A, i32 %gmem_addr_1, i32 1" [/home/centos/workspace/vadd_kernels/src/krnl_vadd.cpp:55]   --->   Operation 166 'readreq' 'gmem_load_req' <Predicate = (!icmp_ln51)> <Delay = 2.92> <CoreInst = "m_axi">   --->   Core 121 'm_axi' <Latency = 5> <II = 1> <Delay = 1.00> <Adapter> <Opcode : 'read' 'write' 'readreq' 'writereq' 'writeresp'>
ST_35 : Operation 167 [38/70] (2.92ns)   --->   "%gmem_load_1_req = readreq i1 @_ssdm_op_ReadReq.m_axi.i32P1A, i32 %gmem_addr_2, i32 1" [/home/centos/workspace/vadd_kernels/src/krnl_vadd.cpp:55]   --->   Operation 167 'readreq' 'gmem_load_1_req' <Predicate = (!icmp_ln51)> <Delay = 2.92> <CoreInst = "m_axi">   --->   Core 121 'm_axi' <Latency = 5> <II = 1> <Delay = 1.00> <Adapter> <Opcode : 'read' 'write' 'readreq' 'writereq' 'writeresp'>

State 36 <SV = 35> <Delay = 2.92>
ST_36 : Operation 168 [36/70] (2.92ns)   --->   "%gmem_load_req = readreq i1 @_ssdm_op_ReadReq.m_axi.i32P1A, i32 %gmem_addr_1, i32 1" [/home/centos/workspace/vadd_kernels/src/krnl_vadd.cpp:55]   --->   Operation 168 'readreq' 'gmem_load_req' <Predicate = (!icmp_ln51)> <Delay = 2.92> <CoreInst = "m_axi">   --->   Core 121 'm_axi' <Latency = 5> <II = 1> <Delay = 1.00> <Adapter> <Opcode : 'read' 'write' 'readreq' 'writereq' 'writeresp'>
ST_36 : Operation 169 [37/70] (2.92ns)   --->   "%gmem_load_1_req = readreq i1 @_ssdm_op_ReadReq.m_axi.i32P1A, i32 %gmem_addr_2, i32 1" [/home/centos/workspace/vadd_kernels/src/krnl_vadd.cpp:55]   --->   Operation 169 'readreq' 'gmem_load_1_req' <Predicate = (!icmp_ln51)> <Delay = 2.92> <CoreInst = "m_axi">   --->   Core 121 'm_axi' <Latency = 5> <II = 1> <Delay = 1.00> <Adapter> <Opcode : 'read' 'write' 'readreq' 'writereq' 'writeresp'>

State 37 <SV = 36> <Delay = 2.92>
ST_37 : Operation 170 [35/70] (2.92ns)   --->   "%gmem_load_req = readreq i1 @_ssdm_op_ReadReq.m_axi.i32P1A, i32 %gmem_addr_1, i32 1" [/home/centos/workspace/vadd_kernels/src/krnl_vadd.cpp:55]   --->   Operation 170 'readreq' 'gmem_load_req' <Predicate = (!icmp_ln51)> <Delay = 2.92> <CoreInst = "m_axi">   --->   Core 121 'm_axi' <Latency = 5> <II = 1> <Delay = 1.00> <Adapter> <Opcode : 'read' 'write' 'readreq' 'writereq' 'writeresp'>
ST_37 : Operation 171 [36/70] (2.92ns)   --->   "%gmem_load_1_req = readreq i1 @_ssdm_op_ReadReq.m_axi.i32P1A, i32 %gmem_addr_2, i32 1" [/home/centos/workspace/vadd_kernels/src/krnl_vadd.cpp:55]   --->   Operation 171 'readreq' 'gmem_load_1_req' <Predicate = (!icmp_ln51)> <Delay = 2.92> <CoreInst = "m_axi">   --->   Core 121 'm_axi' <Latency = 5> <II = 1> <Delay = 1.00> <Adapter> <Opcode : 'read' 'write' 'readreq' 'writereq' 'writeresp'>

State 38 <SV = 37> <Delay = 2.92>
ST_38 : Operation 172 [34/70] (2.92ns)   --->   "%gmem_load_req = readreq i1 @_ssdm_op_ReadReq.m_axi.i32P1A, i32 %gmem_addr_1, i32 1" [/home/centos/workspace/vadd_kernels/src/krnl_vadd.cpp:55]   --->   Operation 172 'readreq' 'gmem_load_req' <Predicate = (!icmp_ln51)> <Delay = 2.92> <CoreInst = "m_axi">   --->   Core 121 'm_axi' <Latency = 5> <II = 1> <Delay = 1.00> <Adapter> <Opcode : 'read' 'write' 'readreq' 'writereq' 'writeresp'>
ST_38 : Operation 173 [35/70] (2.92ns)   --->   "%gmem_load_1_req = readreq i1 @_ssdm_op_ReadReq.m_axi.i32P1A, i32 %gmem_addr_2, i32 1" [/home/centos/workspace/vadd_kernels/src/krnl_vadd.cpp:55]   --->   Operation 173 'readreq' 'gmem_load_1_req' <Predicate = (!icmp_ln51)> <Delay = 2.92> <CoreInst = "m_axi">   --->   Core 121 'm_axi' <Latency = 5> <II = 1> <Delay = 1.00> <Adapter> <Opcode : 'read' 'write' 'readreq' 'writereq' 'writeresp'>

State 39 <SV = 38> <Delay = 2.92>
ST_39 : Operation 174 [33/70] (2.92ns)   --->   "%gmem_load_req = readreq i1 @_ssdm_op_ReadReq.m_axi.i32P1A, i32 %gmem_addr_1, i32 1" [/home/centos/workspace/vadd_kernels/src/krnl_vadd.cpp:55]   --->   Operation 174 'readreq' 'gmem_load_req' <Predicate = (!icmp_ln51)> <Delay = 2.92> <CoreInst = "m_axi">   --->   Core 121 'm_axi' <Latency = 5> <II = 1> <Delay = 1.00> <Adapter> <Opcode : 'read' 'write' 'readreq' 'writereq' 'writeresp'>
ST_39 : Operation 175 [34/70] (2.92ns)   --->   "%gmem_load_1_req = readreq i1 @_ssdm_op_ReadReq.m_axi.i32P1A, i32 %gmem_addr_2, i32 1" [/home/centos/workspace/vadd_kernels/src/krnl_vadd.cpp:55]   --->   Operation 175 'readreq' 'gmem_load_1_req' <Predicate = (!icmp_ln51)> <Delay = 2.92> <CoreInst = "m_axi">   --->   Core 121 'm_axi' <Latency = 5> <II = 1> <Delay = 1.00> <Adapter> <Opcode : 'read' 'write' 'readreq' 'writereq' 'writeresp'>

State 40 <SV = 39> <Delay = 2.92>
ST_40 : Operation 176 [32/70] (2.92ns)   --->   "%gmem_load_req = readreq i1 @_ssdm_op_ReadReq.m_axi.i32P1A, i32 %gmem_addr_1, i32 1" [/home/centos/workspace/vadd_kernels/src/krnl_vadd.cpp:55]   --->   Operation 176 'readreq' 'gmem_load_req' <Predicate = (!icmp_ln51)> <Delay = 2.92> <CoreInst = "m_axi">   --->   Core 121 'm_axi' <Latency = 5> <II = 1> <Delay = 1.00> <Adapter> <Opcode : 'read' 'write' 'readreq' 'writereq' 'writeresp'>
ST_40 : Operation 177 [33/70] (2.92ns)   --->   "%gmem_load_1_req = readreq i1 @_ssdm_op_ReadReq.m_axi.i32P1A, i32 %gmem_addr_2, i32 1" [/home/centos/workspace/vadd_kernels/src/krnl_vadd.cpp:55]   --->   Operation 177 'readreq' 'gmem_load_1_req' <Predicate = (!icmp_ln51)> <Delay = 2.92> <CoreInst = "m_axi">   --->   Core 121 'm_axi' <Latency = 5> <II = 1> <Delay = 1.00> <Adapter> <Opcode : 'read' 'write' 'readreq' 'writereq' 'writeresp'>

State 41 <SV = 40> <Delay = 2.92>
ST_41 : Operation 178 [31/70] (2.92ns)   --->   "%gmem_load_req = readreq i1 @_ssdm_op_ReadReq.m_axi.i32P1A, i32 %gmem_addr_1, i32 1" [/home/centos/workspace/vadd_kernels/src/krnl_vadd.cpp:55]   --->   Operation 178 'readreq' 'gmem_load_req' <Predicate = (!icmp_ln51)> <Delay = 2.92> <CoreInst = "m_axi">   --->   Core 121 'm_axi' <Latency = 5> <II = 1> <Delay = 1.00> <Adapter> <Opcode : 'read' 'write' 'readreq' 'writereq' 'writeresp'>
ST_41 : Operation 179 [32/70] (2.92ns)   --->   "%gmem_load_1_req = readreq i1 @_ssdm_op_ReadReq.m_axi.i32P1A, i32 %gmem_addr_2, i32 1" [/home/centos/workspace/vadd_kernels/src/krnl_vadd.cpp:55]   --->   Operation 179 'readreq' 'gmem_load_1_req' <Predicate = (!icmp_ln51)> <Delay = 2.92> <CoreInst = "m_axi">   --->   Core 121 'm_axi' <Latency = 5> <II = 1> <Delay = 1.00> <Adapter> <Opcode : 'read' 'write' 'readreq' 'writereq' 'writeresp'>

State 42 <SV = 41> <Delay = 2.92>
ST_42 : Operation 180 [30/70] (2.92ns)   --->   "%gmem_load_req = readreq i1 @_ssdm_op_ReadReq.m_axi.i32P1A, i32 %gmem_addr_1, i32 1" [/home/centos/workspace/vadd_kernels/src/krnl_vadd.cpp:55]   --->   Operation 180 'readreq' 'gmem_load_req' <Predicate = (!icmp_ln51)> <Delay = 2.92> <CoreInst = "m_axi">   --->   Core 121 'm_axi' <Latency = 5> <II = 1> <Delay = 1.00> <Adapter> <Opcode : 'read' 'write' 'readreq' 'writereq' 'writeresp'>
ST_42 : Operation 181 [31/70] (2.92ns)   --->   "%gmem_load_1_req = readreq i1 @_ssdm_op_ReadReq.m_axi.i32P1A, i32 %gmem_addr_2, i32 1" [/home/centos/workspace/vadd_kernels/src/krnl_vadd.cpp:55]   --->   Operation 181 'readreq' 'gmem_load_1_req' <Predicate = (!icmp_ln51)> <Delay = 2.92> <CoreInst = "m_axi">   --->   Core 121 'm_axi' <Latency = 5> <II = 1> <Delay = 1.00> <Adapter> <Opcode : 'read' 'write' 'readreq' 'writereq' 'writeresp'>

State 43 <SV = 42> <Delay = 2.92>
ST_43 : Operation 182 [29/70] (2.92ns)   --->   "%gmem_load_req = readreq i1 @_ssdm_op_ReadReq.m_axi.i32P1A, i32 %gmem_addr_1, i32 1" [/home/centos/workspace/vadd_kernels/src/krnl_vadd.cpp:55]   --->   Operation 182 'readreq' 'gmem_load_req' <Predicate = (!icmp_ln51)> <Delay = 2.92> <CoreInst = "m_axi">   --->   Core 121 'm_axi' <Latency = 5> <II = 1> <Delay = 1.00> <Adapter> <Opcode : 'read' 'write' 'readreq' 'writereq' 'writeresp'>
ST_43 : Operation 183 [30/70] (2.92ns)   --->   "%gmem_load_1_req = readreq i1 @_ssdm_op_ReadReq.m_axi.i32P1A, i32 %gmem_addr_2, i32 1" [/home/centos/workspace/vadd_kernels/src/krnl_vadd.cpp:55]   --->   Operation 183 'readreq' 'gmem_load_1_req' <Predicate = (!icmp_ln51)> <Delay = 2.92> <CoreInst = "m_axi">   --->   Core 121 'm_axi' <Latency = 5> <II = 1> <Delay = 1.00> <Adapter> <Opcode : 'read' 'write' 'readreq' 'writereq' 'writeresp'>

State 44 <SV = 43> <Delay = 2.92>
ST_44 : Operation 184 [28/70] (2.92ns)   --->   "%gmem_load_req = readreq i1 @_ssdm_op_ReadReq.m_axi.i32P1A, i32 %gmem_addr_1, i32 1" [/home/centos/workspace/vadd_kernels/src/krnl_vadd.cpp:55]   --->   Operation 184 'readreq' 'gmem_load_req' <Predicate = (!icmp_ln51)> <Delay = 2.92> <CoreInst = "m_axi">   --->   Core 121 'm_axi' <Latency = 5> <II = 1> <Delay = 1.00> <Adapter> <Opcode : 'read' 'write' 'readreq' 'writereq' 'writeresp'>
ST_44 : Operation 185 [29/70] (2.92ns)   --->   "%gmem_load_1_req = readreq i1 @_ssdm_op_ReadReq.m_axi.i32P1A, i32 %gmem_addr_2, i32 1" [/home/centos/workspace/vadd_kernels/src/krnl_vadd.cpp:55]   --->   Operation 185 'readreq' 'gmem_load_1_req' <Predicate = (!icmp_ln51)> <Delay = 2.92> <CoreInst = "m_axi">   --->   Core 121 'm_axi' <Latency = 5> <II = 1> <Delay = 1.00> <Adapter> <Opcode : 'read' 'write' 'readreq' 'writereq' 'writeresp'>

State 45 <SV = 44> <Delay = 2.92>
ST_45 : Operation 186 [27/70] (2.92ns)   --->   "%gmem_load_req = readreq i1 @_ssdm_op_ReadReq.m_axi.i32P1A, i32 %gmem_addr_1, i32 1" [/home/centos/workspace/vadd_kernels/src/krnl_vadd.cpp:55]   --->   Operation 186 'readreq' 'gmem_load_req' <Predicate = (!icmp_ln51)> <Delay = 2.92> <CoreInst = "m_axi">   --->   Core 121 'm_axi' <Latency = 5> <II = 1> <Delay = 1.00> <Adapter> <Opcode : 'read' 'write' 'readreq' 'writereq' 'writeresp'>
ST_45 : Operation 187 [28/70] (2.92ns)   --->   "%gmem_load_1_req = readreq i1 @_ssdm_op_ReadReq.m_axi.i32P1A, i32 %gmem_addr_2, i32 1" [/home/centos/workspace/vadd_kernels/src/krnl_vadd.cpp:55]   --->   Operation 187 'readreq' 'gmem_load_1_req' <Predicate = (!icmp_ln51)> <Delay = 2.92> <CoreInst = "m_axi">   --->   Core 121 'm_axi' <Latency = 5> <II = 1> <Delay = 1.00> <Adapter> <Opcode : 'read' 'write' 'readreq' 'writereq' 'writeresp'>

State 46 <SV = 45> <Delay = 2.92>
ST_46 : Operation 188 [26/70] (2.92ns)   --->   "%gmem_load_req = readreq i1 @_ssdm_op_ReadReq.m_axi.i32P1A, i32 %gmem_addr_1, i32 1" [/home/centos/workspace/vadd_kernels/src/krnl_vadd.cpp:55]   --->   Operation 188 'readreq' 'gmem_load_req' <Predicate = (!icmp_ln51)> <Delay = 2.92> <CoreInst = "m_axi">   --->   Core 121 'm_axi' <Latency = 5> <II = 1> <Delay = 1.00> <Adapter> <Opcode : 'read' 'write' 'readreq' 'writereq' 'writeresp'>
ST_46 : Operation 189 [27/70] (2.92ns)   --->   "%gmem_load_1_req = readreq i1 @_ssdm_op_ReadReq.m_axi.i32P1A, i32 %gmem_addr_2, i32 1" [/home/centos/workspace/vadd_kernels/src/krnl_vadd.cpp:55]   --->   Operation 189 'readreq' 'gmem_load_1_req' <Predicate = (!icmp_ln51)> <Delay = 2.92> <CoreInst = "m_axi">   --->   Core 121 'm_axi' <Latency = 5> <II = 1> <Delay = 1.00> <Adapter> <Opcode : 'read' 'write' 'readreq' 'writereq' 'writeresp'>

State 47 <SV = 46> <Delay = 2.92>
ST_47 : Operation 190 [25/70] (2.92ns)   --->   "%gmem_load_req = readreq i1 @_ssdm_op_ReadReq.m_axi.i32P1A, i32 %gmem_addr_1, i32 1" [/home/centos/workspace/vadd_kernels/src/krnl_vadd.cpp:55]   --->   Operation 190 'readreq' 'gmem_load_req' <Predicate = (!icmp_ln51)> <Delay = 2.92> <CoreInst = "m_axi">   --->   Core 121 'm_axi' <Latency = 5> <II = 1> <Delay = 1.00> <Adapter> <Opcode : 'read' 'write' 'readreq' 'writereq' 'writeresp'>
ST_47 : Operation 191 [26/70] (2.92ns)   --->   "%gmem_load_1_req = readreq i1 @_ssdm_op_ReadReq.m_axi.i32P1A, i32 %gmem_addr_2, i32 1" [/home/centos/workspace/vadd_kernels/src/krnl_vadd.cpp:55]   --->   Operation 191 'readreq' 'gmem_load_1_req' <Predicate = (!icmp_ln51)> <Delay = 2.92> <CoreInst = "m_axi">   --->   Core 121 'm_axi' <Latency = 5> <II = 1> <Delay = 1.00> <Adapter> <Opcode : 'read' 'write' 'readreq' 'writereq' 'writeresp'>

State 48 <SV = 47> <Delay = 2.92>
ST_48 : Operation 192 [24/70] (2.92ns)   --->   "%gmem_load_req = readreq i1 @_ssdm_op_ReadReq.m_axi.i32P1A, i32 %gmem_addr_1, i32 1" [/home/centos/workspace/vadd_kernels/src/krnl_vadd.cpp:55]   --->   Operation 192 'readreq' 'gmem_load_req' <Predicate = (!icmp_ln51)> <Delay = 2.92> <CoreInst = "m_axi">   --->   Core 121 'm_axi' <Latency = 5> <II = 1> <Delay = 1.00> <Adapter> <Opcode : 'read' 'write' 'readreq' 'writereq' 'writeresp'>
ST_48 : Operation 193 [25/70] (2.92ns)   --->   "%gmem_load_1_req = readreq i1 @_ssdm_op_ReadReq.m_axi.i32P1A, i32 %gmem_addr_2, i32 1" [/home/centos/workspace/vadd_kernels/src/krnl_vadd.cpp:55]   --->   Operation 193 'readreq' 'gmem_load_1_req' <Predicate = (!icmp_ln51)> <Delay = 2.92> <CoreInst = "m_axi">   --->   Core 121 'm_axi' <Latency = 5> <II = 1> <Delay = 1.00> <Adapter> <Opcode : 'read' 'write' 'readreq' 'writereq' 'writeresp'>

State 49 <SV = 48> <Delay = 2.92>
ST_49 : Operation 194 [23/70] (2.92ns)   --->   "%gmem_load_req = readreq i1 @_ssdm_op_ReadReq.m_axi.i32P1A, i32 %gmem_addr_1, i32 1" [/home/centos/workspace/vadd_kernels/src/krnl_vadd.cpp:55]   --->   Operation 194 'readreq' 'gmem_load_req' <Predicate = (!icmp_ln51)> <Delay = 2.92> <CoreInst = "m_axi">   --->   Core 121 'm_axi' <Latency = 5> <II = 1> <Delay = 1.00> <Adapter> <Opcode : 'read' 'write' 'readreq' 'writereq' 'writeresp'>
ST_49 : Operation 195 [24/70] (2.92ns)   --->   "%gmem_load_1_req = readreq i1 @_ssdm_op_ReadReq.m_axi.i32P1A, i32 %gmem_addr_2, i32 1" [/home/centos/workspace/vadd_kernels/src/krnl_vadd.cpp:55]   --->   Operation 195 'readreq' 'gmem_load_1_req' <Predicate = (!icmp_ln51)> <Delay = 2.92> <CoreInst = "m_axi">   --->   Core 121 'm_axi' <Latency = 5> <II = 1> <Delay = 1.00> <Adapter> <Opcode : 'read' 'write' 'readreq' 'writereq' 'writeresp'>

State 50 <SV = 49> <Delay = 2.92>
ST_50 : Operation 196 [22/70] (2.92ns)   --->   "%gmem_load_req = readreq i1 @_ssdm_op_ReadReq.m_axi.i32P1A, i32 %gmem_addr_1, i32 1" [/home/centos/workspace/vadd_kernels/src/krnl_vadd.cpp:55]   --->   Operation 196 'readreq' 'gmem_load_req' <Predicate = (!icmp_ln51)> <Delay = 2.92> <CoreInst = "m_axi">   --->   Core 121 'm_axi' <Latency = 5> <II = 1> <Delay = 1.00> <Adapter> <Opcode : 'read' 'write' 'readreq' 'writereq' 'writeresp'>
ST_50 : Operation 197 [23/70] (2.92ns)   --->   "%gmem_load_1_req = readreq i1 @_ssdm_op_ReadReq.m_axi.i32P1A, i32 %gmem_addr_2, i32 1" [/home/centos/workspace/vadd_kernels/src/krnl_vadd.cpp:55]   --->   Operation 197 'readreq' 'gmem_load_1_req' <Predicate = (!icmp_ln51)> <Delay = 2.92> <CoreInst = "m_axi">   --->   Core 121 'm_axi' <Latency = 5> <II = 1> <Delay = 1.00> <Adapter> <Opcode : 'read' 'write' 'readreq' 'writereq' 'writeresp'>

State 51 <SV = 50> <Delay = 2.92>
ST_51 : Operation 198 [21/70] (2.92ns)   --->   "%gmem_load_req = readreq i1 @_ssdm_op_ReadReq.m_axi.i32P1A, i32 %gmem_addr_1, i32 1" [/home/centos/workspace/vadd_kernels/src/krnl_vadd.cpp:55]   --->   Operation 198 'readreq' 'gmem_load_req' <Predicate = (!icmp_ln51)> <Delay = 2.92> <CoreInst = "m_axi">   --->   Core 121 'm_axi' <Latency = 5> <II = 1> <Delay = 1.00> <Adapter> <Opcode : 'read' 'write' 'readreq' 'writereq' 'writeresp'>
ST_51 : Operation 199 [22/70] (2.92ns)   --->   "%gmem_load_1_req = readreq i1 @_ssdm_op_ReadReq.m_axi.i32P1A, i32 %gmem_addr_2, i32 1" [/home/centos/workspace/vadd_kernels/src/krnl_vadd.cpp:55]   --->   Operation 199 'readreq' 'gmem_load_1_req' <Predicate = (!icmp_ln51)> <Delay = 2.92> <CoreInst = "m_axi">   --->   Core 121 'm_axi' <Latency = 5> <II = 1> <Delay = 1.00> <Adapter> <Opcode : 'read' 'write' 'readreq' 'writereq' 'writeresp'>

State 52 <SV = 51> <Delay = 2.92>
ST_52 : Operation 200 [20/70] (2.92ns)   --->   "%gmem_load_req = readreq i1 @_ssdm_op_ReadReq.m_axi.i32P1A, i32 %gmem_addr_1, i32 1" [/home/centos/workspace/vadd_kernels/src/krnl_vadd.cpp:55]   --->   Operation 200 'readreq' 'gmem_load_req' <Predicate = (!icmp_ln51)> <Delay = 2.92> <CoreInst = "m_axi">   --->   Core 121 'm_axi' <Latency = 5> <II = 1> <Delay = 1.00> <Adapter> <Opcode : 'read' 'write' 'readreq' 'writereq' 'writeresp'>
ST_52 : Operation 201 [21/70] (2.92ns)   --->   "%gmem_load_1_req = readreq i1 @_ssdm_op_ReadReq.m_axi.i32P1A, i32 %gmem_addr_2, i32 1" [/home/centos/workspace/vadd_kernels/src/krnl_vadd.cpp:55]   --->   Operation 201 'readreq' 'gmem_load_1_req' <Predicate = (!icmp_ln51)> <Delay = 2.92> <CoreInst = "m_axi">   --->   Core 121 'm_axi' <Latency = 5> <II = 1> <Delay = 1.00> <Adapter> <Opcode : 'read' 'write' 'readreq' 'writereq' 'writeresp'>

State 53 <SV = 52> <Delay = 2.92>
ST_53 : Operation 202 [19/70] (2.92ns)   --->   "%gmem_load_req = readreq i1 @_ssdm_op_ReadReq.m_axi.i32P1A, i32 %gmem_addr_1, i32 1" [/home/centos/workspace/vadd_kernels/src/krnl_vadd.cpp:55]   --->   Operation 202 'readreq' 'gmem_load_req' <Predicate = (!icmp_ln51)> <Delay = 2.92> <CoreInst = "m_axi">   --->   Core 121 'm_axi' <Latency = 5> <II = 1> <Delay = 1.00> <Adapter> <Opcode : 'read' 'write' 'readreq' 'writereq' 'writeresp'>
ST_53 : Operation 203 [20/70] (2.92ns)   --->   "%gmem_load_1_req = readreq i1 @_ssdm_op_ReadReq.m_axi.i32P1A, i32 %gmem_addr_2, i32 1" [/home/centos/workspace/vadd_kernels/src/krnl_vadd.cpp:55]   --->   Operation 203 'readreq' 'gmem_load_1_req' <Predicate = (!icmp_ln51)> <Delay = 2.92> <CoreInst = "m_axi">   --->   Core 121 'm_axi' <Latency = 5> <II = 1> <Delay = 1.00> <Adapter> <Opcode : 'read' 'write' 'readreq' 'writereq' 'writeresp'>

State 54 <SV = 53> <Delay = 2.92>
ST_54 : Operation 204 [18/70] (2.92ns)   --->   "%gmem_load_req = readreq i1 @_ssdm_op_ReadReq.m_axi.i32P1A, i32 %gmem_addr_1, i32 1" [/home/centos/workspace/vadd_kernels/src/krnl_vadd.cpp:55]   --->   Operation 204 'readreq' 'gmem_load_req' <Predicate = (!icmp_ln51)> <Delay = 2.92> <CoreInst = "m_axi">   --->   Core 121 'm_axi' <Latency = 5> <II = 1> <Delay = 1.00> <Adapter> <Opcode : 'read' 'write' 'readreq' 'writereq' 'writeresp'>
ST_54 : Operation 205 [19/70] (2.92ns)   --->   "%gmem_load_1_req = readreq i1 @_ssdm_op_ReadReq.m_axi.i32P1A, i32 %gmem_addr_2, i32 1" [/home/centos/workspace/vadd_kernels/src/krnl_vadd.cpp:55]   --->   Operation 205 'readreq' 'gmem_load_1_req' <Predicate = (!icmp_ln51)> <Delay = 2.92> <CoreInst = "m_axi">   --->   Core 121 'm_axi' <Latency = 5> <II = 1> <Delay = 1.00> <Adapter> <Opcode : 'read' 'write' 'readreq' 'writereq' 'writeresp'>

State 55 <SV = 54> <Delay = 2.92>
ST_55 : Operation 206 [17/70] (2.92ns)   --->   "%gmem_load_req = readreq i1 @_ssdm_op_ReadReq.m_axi.i32P1A, i32 %gmem_addr_1, i32 1" [/home/centos/workspace/vadd_kernels/src/krnl_vadd.cpp:55]   --->   Operation 206 'readreq' 'gmem_load_req' <Predicate = (!icmp_ln51)> <Delay = 2.92> <CoreInst = "m_axi">   --->   Core 121 'm_axi' <Latency = 5> <II = 1> <Delay = 1.00> <Adapter> <Opcode : 'read' 'write' 'readreq' 'writereq' 'writeresp'>
ST_55 : Operation 207 [18/70] (2.92ns)   --->   "%gmem_load_1_req = readreq i1 @_ssdm_op_ReadReq.m_axi.i32P1A, i32 %gmem_addr_2, i32 1" [/home/centos/workspace/vadd_kernels/src/krnl_vadd.cpp:55]   --->   Operation 207 'readreq' 'gmem_load_1_req' <Predicate = (!icmp_ln51)> <Delay = 2.92> <CoreInst = "m_axi">   --->   Core 121 'm_axi' <Latency = 5> <II = 1> <Delay = 1.00> <Adapter> <Opcode : 'read' 'write' 'readreq' 'writereq' 'writeresp'>

State 56 <SV = 55> <Delay = 2.92>
ST_56 : Operation 208 [16/70] (2.92ns)   --->   "%gmem_load_req = readreq i1 @_ssdm_op_ReadReq.m_axi.i32P1A, i32 %gmem_addr_1, i32 1" [/home/centos/workspace/vadd_kernels/src/krnl_vadd.cpp:55]   --->   Operation 208 'readreq' 'gmem_load_req' <Predicate = (!icmp_ln51)> <Delay = 2.92> <CoreInst = "m_axi">   --->   Core 121 'm_axi' <Latency = 5> <II = 1> <Delay = 1.00> <Adapter> <Opcode : 'read' 'write' 'readreq' 'writereq' 'writeresp'>
ST_56 : Operation 209 [17/70] (2.92ns)   --->   "%gmem_load_1_req = readreq i1 @_ssdm_op_ReadReq.m_axi.i32P1A, i32 %gmem_addr_2, i32 1" [/home/centos/workspace/vadd_kernels/src/krnl_vadd.cpp:55]   --->   Operation 209 'readreq' 'gmem_load_1_req' <Predicate = (!icmp_ln51)> <Delay = 2.92> <CoreInst = "m_axi">   --->   Core 121 'm_axi' <Latency = 5> <II = 1> <Delay = 1.00> <Adapter> <Opcode : 'read' 'write' 'readreq' 'writereq' 'writeresp'>

State 57 <SV = 56> <Delay = 2.92>
ST_57 : Operation 210 [15/70] (2.92ns)   --->   "%gmem_load_req = readreq i1 @_ssdm_op_ReadReq.m_axi.i32P1A, i32 %gmem_addr_1, i32 1" [/home/centos/workspace/vadd_kernels/src/krnl_vadd.cpp:55]   --->   Operation 210 'readreq' 'gmem_load_req' <Predicate = (!icmp_ln51)> <Delay = 2.92> <CoreInst = "m_axi">   --->   Core 121 'm_axi' <Latency = 5> <II = 1> <Delay = 1.00> <Adapter> <Opcode : 'read' 'write' 'readreq' 'writereq' 'writeresp'>
ST_57 : Operation 211 [16/70] (2.92ns)   --->   "%gmem_load_1_req = readreq i1 @_ssdm_op_ReadReq.m_axi.i32P1A, i32 %gmem_addr_2, i32 1" [/home/centos/workspace/vadd_kernels/src/krnl_vadd.cpp:55]   --->   Operation 211 'readreq' 'gmem_load_1_req' <Predicate = (!icmp_ln51)> <Delay = 2.92> <CoreInst = "m_axi">   --->   Core 121 'm_axi' <Latency = 5> <II = 1> <Delay = 1.00> <Adapter> <Opcode : 'read' 'write' 'readreq' 'writereq' 'writeresp'>

State 58 <SV = 57> <Delay = 2.92>
ST_58 : Operation 212 [14/70] (2.92ns)   --->   "%gmem_load_req = readreq i1 @_ssdm_op_ReadReq.m_axi.i32P1A, i32 %gmem_addr_1, i32 1" [/home/centos/workspace/vadd_kernels/src/krnl_vadd.cpp:55]   --->   Operation 212 'readreq' 'gmem_load_req' <Predicate = (!icmp_ln51)> <Delay = 2.92> <CoreInst = "m_axi">   --->   Core 121 'm_axi' <Latency = 5> <II = 1> <Delay = 1.00> <Adapter> <Opcode : 'read' 'write' 'readreq' 'writereq' 'writeresp'>
ST_58 : Operation 213 [15/70] (2.92ns)   --->   "%gmem_load_1_req = readreq i1 @_ssdm_op_ReadReq.m_axi.i32P1A, i32 %gmem_addr_2, i32 1" [/home/centos/workspace/vadd_kernels/src/krnl_vadd.cpp:55]   --->   Operation 213 'readreq' 'gmem_load_1_req' <Predicate = (!icmp_ln51)> <Delay = 2.92> <CoreInst = "m_axi">   --->   Core 121 'm_axi' <Latency = 5> <II = 1> <Delay = 1.00> <Adapter> <Opcode : 'read' 'write' 'readreq' 'writereq' 'writeresp'>

State 59 <SV = 58> <Delay = 2.92>
ST_59 : Operation 214 [13/70] (2.92ns)   --->   "%gmem_load_req = readreq i1 @_ssdm_op_ReadReq.m_axi.i32P1A, i32 %gmem_addr_1, i32 1" [/home/centos/workspace/vadd_kernels/src/krnl_vadd.cpp:55]   --->   Operation 214 'readreq' 'gmem_load_req' <Predicate = (!icmp_ln51)> <Delay = 2.92> <CoreInst = "m_axi">   --->   Core 121 'm_axi' <Latency = 5> <II = 1> <Delay = 1.00> <Adapter> <Opcode : 'read' 'write' 'readreq' 'writereq' 'writeresp'>
ST_59 : Operation 215 [14/70] (2.92ns)   --->   "%gmem_load_1_req = readreq i1 @_ssdm_op_ReadReq.m_axi.i32P1A, i32 %gmem_addr_2, i32 1" [/home/centos/workspace/vadd_kernels/src/krnl_vadd.cpp:55]   --->   Operation 215 'readreq' 'gmem_load_1_req' <Predicate = (!icmp_ln51)> <Delay = 2.92> <CoreInst = "m_axi">   --->   Core 121 'm_axi' <Latency = 5> <II = 1> <Delay = 1.00> <Adapter> <Opcode : 'read' 'write' 'readreq' 'writereq' 'writeresp'>

State 60 <SV = 59> <Delay = 2.92>
ST_60 : Operation 216 [12/70] (2.92ns)   --->   "%gmem_load_req = readreq i1 @_ssdm_op_ReadReq.m_axi.i32P1A, i32 %gmem_addr_1, i32 1" [/home/centos/workspace/vadd_kernels/src/krnl_vadd.cpp:55]   --->   Operation 216 'readreq' 'gmem_load_req' <Predicate = (!icmp_ln51)> <Delay = 2.92> <CoreInst = "m_axi">   --->   Core 121 'm_axi' <Latency = 5> <II = 1> <Delay = 1.00> <Adapter> <Opcode : 'read' 'write' 'readreq' 'writereq' 'writeresp'>
ST_60 : Operation 217 [13/70] (2.92ns)   --->   "%gmem_load_1_req = readreq i1 @_ssdm_op_ReadReq.m_axi.i32P1A, i32 %gmem_addr_2, i32 1" [/home/centos/workspace/vadd_kernels/src/krnl_vadd.cpp:55]   --->   Operation 217 'readreq' 'gmem_load_1_req' <Predicate = (!icmp_ln51)> <Delay = 2.92> <CoreInst = "m_axi">   --->   Core 121 'm_axi' <Latency = 5> <II = 1> <Delay = 1.00> <Adapter> <Opcode : 'read' 'write' 'readreq' 'writereq' 'writeresp'>

State 61 <SV = 60> <Delay = 2.92>
ST_61 : Operation 218 [11/70] (2.92ns)   --->   "%gmem_load_req = readreq i1 @_ssdm_op_ReadReq.m_axi.i32P1A, i32 %gmem_addr_1, i32 1" [/home/centos/workspace/vadd_kernels/src/krnl_vadd.cpp:55]   --->   Operation 218 'readreq' 'gmem_load_req' <Predicate = (!icmp_ln51)> <Delay = 2.92> <CoreInst = "m_axi">   --->   Core 121 'm_axi' <Latency = 5> <II = 1> <Delay = 1.00> <Adapter> <Opcode : 'read' 'write' 'readreq' 'writereq' 'writeresp'>
ST_61 : Operation 219 [12/70] (2.92ns)   --->   "%gmem_load_1_req = readreq i1 @_ssdm_op_ReadReq.m_axi.i32P1A, i32 %gmem_addr_2, i32 1" [/home/centos/workspace/vadd_kernels/src/krnl_vadd.cpp:55]   --->   Operation 219 'readreq' 'gmem_load_1_req' <Predicate = (!icmp_ln51)> <Delay = 2.92> <CoreInst = "m_axi">   --->   Core 121 'm_axi' <Latency = 5> <II = 1> <Delay = 1.00> <Adapter> <Opcode : 'read' 'write' 'readreq' 'writereq' 'writeresp'>

State 62 <SV = 61> <Delay = 2.92>
ST_62 : Operation 220 [10/70] (2.92ns)   --->   "%gmem_load_req = readreq i1 @_ssdm_op_ReadReq.m_axi.i32P1A, i32 %gmem_addr_1, i32 1" [/home/centos/workspace/vadd_kernels/src/krnl_vadd.cpp:55]   --->   Operation 220 'readreq' 'gmem_load_req' <Predicate = (!icmp_ln51)> <Delay = 2.92> <CoreInst = "m_axi">   --->   Core 121 'm_axi' <Latency = 5> <II = 1> <Delay = 1.00> <Adapter> <Opcode : 'read' 'write' 'readreq' 'writereq' 'writeresp'>
ST_62 : Operation 221 [11/70] (2.92ns)   --->   "%gmem_load_1_req = readreq i1 @_ssdm_op_ReadReq.m_axi.i32P1A, i32 %gmem_addr_2, i32 1" [/home/centos/workspace/vadd_kernels/src/krnl_vadd.cpp:55]   --->   Operation 221 'readreq' 'gmem_load_1_req' <Predicate = (!icmp_ln51)> <Delay = 2.92> <CoreInst = "m_axi">   --->   Core 121 'm_axi' <Latency = 5> <II = 1> <Delay = 1.00> <Adapter> <Opcode : 'read' 'write' 'readreq' 'writereq' 'writeresp'>

State 63 <SV = 62> <Delay = 2.92>
ST_63 : Operation 222 [9/70] (2.92ns)   --->   "%gmem_load_req = readreq i1 @_ssdm_op_ReadReq.m_axi.i32P1A, i32 %gmem_addr_1, i32 1" [/home/centos/workspace/vadd_kernels/src/krnl_vadd.cpp:55]   --->   Operation 222 'readreq' 'gmem_load_req' <Predicate = (!icmp_ln51)> <Delay = 2.92> <CoreInst = "m_axi">   --->   Core 121 'm_axi' <Latency = 5> <II = 1> <Delay = 1.00> <Adapter> <Opcode : 'read' 'write' 'readreq' 'writereq' 'writeresp'>
ST_63 : Operation 223 [10/70] (2.92ns)   --->   "%gmem_load_1_req = readreq i1 @_ssdm_op_ReadReq.m_axi.i32P1A, i32 %gmem_addr_2, i32 1" [/home/centos/workspace/vadd_kernels/src/krnl_vadd.cpp:55]   --->   Operation 223 'readreq' 'gmem_load_1_req' <Predicate = (!icmp_ln51)> <Delay = 2.92> <CoreInst = "m_axi">   --->   Core 121 'm_axi' <Latency = 5> <II = 1> <Delay = 1.00> <Adapter> <Opcode : 'read' 'write' 'readreq' 'writereq' 'writeresp'>

State 64 <SV = 63> <Delay = 2.92>
ST_64 : Operation 224 [8/70] (2.92ns)   --->   "%gmem_load_req = readreq i1 @_ssdm_op_ReadReq.m_axi.i32P1A, i32 %gmem_addr_1, i32 1" [/home/centos/workspace/vadd_kernels/src/krnl_vadd.cpp:55]   --->   Operation 224 'readreq' 'gmem_load_req' <Predicate = (!icmp_ln51)> <Delay = 2.92> <CoreInst = "m_axi">   --->   Core 121 'm_axi' <Latency = 5> <II = 1> <Delay = 1.00> <Adapter> <Opcode : 'read' 'write' 'readreq' 'writereq' 'writeresp'>
ST_64 : Operation 225 [9/70] (2.92ns)   --->   "%gmem_load_1_req = readreq i1 @_ssdm_op_ReadReq.m_axi.i32P1A, i32 %gmem_addr_2, i32 1" [/home/centos/workspace/vadd_kernels/src/krnl_vadd.cpp:55]   --->   Operation 225 'readreq' 'gmem_load_1_req' <Predicate = (!icmp_ln51)> <Delay = 2.92> <CoreInst = "m_axi">   --->   Core 121 'm_axi' <Latency = 5> <II = 1> <Delay = 1.00> <Adapter> <Opcode : 'read' 'write' 'readreq' 'writereq' 'writeresp'>

State 65 <SV = 64> <Delay = 2.92>
ST_65 : Operation 226 [7/70] (2.92ns)   --->   "%gmem_load_req = readreq i1 @_ssdm_op_ReadReq.m_axi.i32P1A, i32 %gmem_addr_1, i32 1" [/home/centos/workspace/vadd_kernels/src/krnl_vadd.cpp:55]   --->   Operation 226 'readreq' 'gmem_load_req' <Predicate = (!icmp_ln51)> <Delay = 2.92> <CoreInst = "m_axi">   --->   Core 121 'm_axi' <Latency = 5> <II = 1> <Delay = 1.00> <Adapter> <Opcode : 'read' 'write' 'readreq' 'writereq' 'writeresp'>
ST_65 : Operation 227 [8/70] (2.92ns)   --->   "%gmem_load_1_req = readreq i1 @_ssdm_op_ReadReq.m_axi.i32P1A, i32 %gmem_addr_2, i32 1" [/home/centos/workspace/vadd_kernels/src/krnl_vadd.cpp:55]   --->   Operation 227 'readreq' 'gmem_load_1_req' <Predicate = (!icmp_ln51)> <Delay = 2.92> <CoreInst = "m_axi">   --->   Core 121 'm_axi' <Latency = 5> <II = 1> <Delay = 1.00> <Adapter> <Opcode : 'read' 'write' 'readreq' 'writereq' 'writeresp'>

State 66 <SV = 65> <Delay = 2.92>
ST_66 : Operation 228 [6/70] (2.92ns)   --->   "%gmem_load_req = readreq i1 @_ssdm_op_ReadReq.m_axi.i32P1A, i32 %gmem_addr_1, i32 1" [/home/centos/workspace/vadd_kernels/src/krnl_vadd.cpp:55]   --->   Operation 228 'readreq' 'gmem_load_req' <Predicate = (!icmp_ln51)> <Delay = 2.92> <CoreInst = "m_axi">   --->   Core 121 'm_axi' <Latency = 5> <II = 1> <Delay = 1.00> <Adapter> <Opcode : 'read' 'write' 'readreq' 'writereq' 'writeresp'>
ST_66 : Operation 229 [7/70] (2.92ns)   --->   "%gmem_load_1_req = readreq i1 @_ssdm_op_ReadReq.m_axi.i32P1A, i32 %gmem_addr_2, i32 1" [/home/centos/workspace/vadd_kernels/src/krnl_vadd.cpp:55]   --->   Operation 229 'readreq' 'gmem_load_1_req' <Predicate = (!icmp_ln51)> <Delay = 2.92> <CoreInst = "m_axi">   --->   Core 121 'm_axi' <Latency = 5> <II = 1> <Delay = 1.00> <Adapter> <Opcode : 'read' 'write' 'readreq' 'writereq' 'writeresp'>

State 67 <SV = 66> <Delay = 2.92>
ST_67 : Operation 230 [5/70] (2.92ns)   --->   "%gmem_load_req = readreq i1 @_ssdm_op_ReadReq.m_axi.i32P1A, i32 %gmem_addr_1, i32 1" [/home/centos/workspace/vadd_kernels/src/krnl_vadd.cpp:55]   --->   Operation 230 'readreq' 'gmem_load_req' <Predicate = (!icmp_ln51)> <Delay = 2.92> <CoreInst = "m_axi">   --->   Core 121 'm_axi' <Latency = 5> <II = 1> <Delay = 1.00> <Adapter> <Opcode : 'read' 'write' 'readreq' 'writereq' 'writeresp'>
ST_67 : Operation 231 [6/70] (2.92ns)   --->   "%gmem_load_1_req = readreq i1 @_ssdm_op_ReadReq.m_axi.i32P1A, i32 %gmem_addr_2, i32 1" [/home/centos/workspace/vadd_kernels/src/krnl_vadd.cpp:55]   --->   Operation 231 'readreq' 'gmem_load_1_req' <Predicate = (!icmp_ln51)> <Delay = 2.92> <CoreInst = "m_axi">   --->   Core 121 'm_axi' <Latency = 5> <II = 1> <Delay = 1.00> <Adapter> <Opcode : 'read' 'write' 'readreq' 'writereq' 'writeresp'>

State 68 <SV = 67> <Delay = 2.92>
ST_68 : Operation 232 [4/70] (2.92ns)   --->   "%gmem_load_req = readreq i1 @_ssdm_op_ReadReq.m_axi.i32P1A, i32 %gmem_addr_1, i32 1" [/home/centos/workspace/vadd_kernels/src/krnl_vadd.cpp:55]   --->   Operation 232 'readreq' 'gmem_load_req' <Predicate = (!icmp_ln51)> <Delay = 2.92> <CoreInst = "m_axi">   --->   Core 121 'm_axi' <Latency = 5> <II = 1> <Delay = 1.00> <Adapter> <Opcode : 'read' 'write' 'readreq' 'writereq' 'writeresp'>
ST_68 : Operation 233 [5/70] (2.92ns)   --->   "%gmem_load_1_req = readreq i1 @_ssdm_op_ReadReq.m_axi.i32P1A, i32 %gmem_addr_2, i32 1" [/home/centos/workspace/vadd_kernels/src/krnl_vadd.cpp:55]   --->   Operation 233 'readreq' 'gmem_load_1_req' <Predicate = (!icmp_ln51)> <Delay = 2.92> <CoreInst = "m_axi">   --->   Core 121 'm_axi' <Latency = 5> <II = 1> <Delay = 1.00> <Adapter> <Opcode : 'read' 'write' 'readreq' 'writereq' 'writeresp'>

State 69 <SV = 68> <Delay = 2.92>
ST_69 : Operation 234 [3/70] (2.92ns)   --->   "%gmem_load_req = readreq i1 @_ssdm_op_ReadReq.m_axi.i32P1A, i32 %gmem_addr_1, i32 1" [/home/centos/workspace/vadd_kernels/src/krnl_vadd.cpp:55]   --->   Operation 234 'readreq' 'gmem_load_req' <Predicate = (!icmp_ln51)> <Delay = 2.92> <CoreInst = "m_axi">   --->   Core 121 'm_axi' <Latency = 5> <II = 1> <Delay = 1.00> <Adapter> <Opcode : 'read' 'write' 'readreq' 'writereq' 'writeresp'>
ST_69 : Operation 235 [4/70] (2.92ns)   --->   "%gmem_load_1_req = readreq i1 @_ssdm_op_ReadReq.m_axi.i32P1A, i32 %gmem_addr_2, i32 1" [/home/centos/workspace/vadd_kernels/src/krnl_vadd.cpp:55]   --->   Operation 235 'readreq' 'gmem_load_1_req' <Predicate = (!icmp_ln51)> <Delay = 2.92> <CoreInst = "m_axi">   --->   Core 121 'm_axi' <Latency = 5> <II = 1> <Delay = 1.00> <Adapter> <Opcode : 'read' 'write' 'readreq' 'writereq' 'writeresp'>

State 70 <SV = 69> <Delay = 2.92>
ST_70 : Operation 236 [2/70] (2.92ns)   --->   "%gmem_load_req = readreq i1 @_ssdm_op_ReadReq.m_axi.i32P1A, i32 %gmem_addr_1, i32 1" [/home/centos/workspace/vadd_kernels/src/krnl_vadd.cpp:55]   --->   Operation 236 'readreq' 'gmem_load_req' <Predicate = (!icmp_ln51)> <Delay = 2.92> <CoreInst = "m_axi">   --->   Core 121 'm_axi' <Latency = 5> <II = 1> <Delay = 1.00> <Adapter> <Opcode : 'read' 'write' 'readreq' 'writereq' 'writeresp'>
ST_70 : Operation 237 [3/70] (2.92ns)   --->   "%gmem_load_1_req = readreq i1 @_ssdm_op_ReadReq.m_axi.i32P1A, i32 %gmem_addr_2, i32 1" [/home/centos/workspace/vadd_kernels/src/krnl_vadd.cpp:55]   --->   Operation 237 'readreq' 'gmem_load_1_req' <Predicate = (!icmp_ln51)> <Delay = 2.92> <CoreInst = "m_axi">   --->   Core 121 'm_axi' <Latency = 5> <II = 1> <Delay = 1.00> <Adapter> <Opcode : 'read' 'write' 'readreq' 'writereq' 'writeresp'>

State 71 <SV = 70> <Delay = 2.92>
ST_71 : Operation 238 [1/70] (2.92ns)   --->   "%gmem_load_req = readreq i1 @_ssdm_op_ReadReq.m_axi.i32P1A, i32 %gmem_addr_1, i32 1" [/home/centos/workspace/vadd_kernels/src/krnl_vadd.cpp:55]   --->   Operation 238 'readreq' 'gmem_load_req' <Predicate = (!icmp_ln51)> <Delay = 2.92> <CoreInst = "m_axi">   --->   Core 121 'm_axi' <Latency = 5> <II = 1> <Delay = 1.00> <Adapter> <Opcode : 'read' 'write' 'readreq' 'writereq' 'writeresp'>
ST_71 : Operation 239 [2/70] (2.92ns)   --->   "%gmem_load_1_req = readreq i1 @_ssdm_op_ReadReq.m_axi.i32P1A, i32 %gmem_addr_2, i32 1" [/home/centos/workspace/vadd_kernels/src/krnl_vadd.cpp:55]   --->   Operation 239 'readreq' 'gmem_load_1_req' <Predicate = (!icmp_ln51)> <Delay = 2.92> <CoreInst = "m_axi">   --->   Core 121 'm_axi' <Latency = 5> <II = 1> <Delay = 1.00> <Adapter> <Opcode : 'read' 'write' 'readreq' 'writereq' 'writeresp'>

State 72 <SV = 71> <Delay = 2.92>
ST_72 : Operation 240 [1/1] (2.92ns)   --->   "%gmem_addr_1_read = read i32 @_ssdm_op_Read.m_axi.i32P1A, i32 %gmem_addr_1" [/home/centos/workspace/vadd_kernels/src/krnl_vadd.cpp:55]   --->   Operation 240 'read' 'gmem_addr_1_read' <Predicate = (!icmp_ln51)> <Delay = 2.92> <CoreInst = "m_axi">   --->   Core 121 'm_axi' <Latency = 6> <II = 1> <Delay = 1.00> <Adapter> <Opcode : 'read' 'write' 'readreq' 'writereq' 'writeresp'>
ST_72 : Operation 241 [1/70] (2.92ns)   --->   "%gmem_load_1_req = readreq i1 @_ssdm_op_ReadReq.m_axi.i32P1A, i32 %gmem_addr_2, i32 1" [/home/centos/workspace/vadd_kernels/src/krnl_vadd.cpp:55]   --->   Operation 241 'readreq' 'gmem_load_1_req' <Predicate = (!icmp_ln51)> <Delay = 2.92> <CoreInst = "m_axi">   --->   Core 121 'm_axi' <Latency = 5> <II = 1> <Delay = 1.00> <Adapter> <Opcode : 'read' 'write' 'readreq' 'writereq' 'writeresp'>

State 73 <SV = 72> <Delay = 2.92>
ST_73 : Operation 242 [1/1] (2.92ns)   --->   "%gmem_addr_2_read = read i32 @_ssdm_op_Read.m_axi.i32P1A, i32 %gmem_addr_2" [/home/centos/workspace/vadd_kernels/src/krnl_vadd.cpp:55]   --->   Operation 242 'read' 'gmem_addr_2_read' <Predicate = (!icmp_ln51)> <Delay = 2.92> <CoreInst = "m_axi">   --->   Core 121 'm_axi' <Latency = 6> <II = 1> <Delay = 1.00> <Adapter> <Opcode : 'read' 'write' 'readreq' 'writereq' 'writeresp'>

State 74 <SV = 73> <Delay = 0.88>
ST_74 : Operation 243 [1/1] (0.00ns)   --->   "%gmem_addr = getelementptr i32 %gmem, i64 %sext_ln51_2_cast" [/home/centos/workspace/vadd_kernels/src/krnl_vadd.cpp:51]   --->   Operation 243 'getelementptr' 'gmem_addr' <Predicate = true> <Delay = 0.00>
ST_74 : Operation 244 [1/1] (0.00ns)   --->   "%specpipeline_ln0 = specpipeline void @_ssdm_op_SpecPipeline, i32 4294967295, i32 0, i32 1, i32 0, void @p_str"   --->   Operation 244 'specpipeline' 'specpipeline_ln0' <Predicate = true> <Delay = 0.00>
ST_74 : Operation 245 [1/1] (0.88ns)   --->   "%add_ln55_2 = add i32 %gmem_addr_2_read, i32 %gmem_addr_1_read" [/home/centos/workspace/vadd_kernels/src/krnl_vadd.cpp:55]   --->   Operation 245 'add' 'add_ln55_2' <Predicate = (!icmp_ln51)> <Delay = 0.88> <CoreInst = "Adder">   --->   Core 1 'Adder' <Latency = 0> <II = 1> <Delay = 0.88> <FuncUnit> <Opcode : 'add' 'sub'> <InPorts = 2> <OutPorts = 1>
ST_74 : Operation 250 [1/1] (0.00ns)   --->   "%ret_ln0 = ret"   --->   Operation 250 'ret' 'ret_ln0' <Predicate = (icmp_ln51)> <Delay = 0.00>

State 75 <SV = 74> <Delay = 2.92>
ST_75 : Operation 246 [1/1] (0.00ns)   --->   "%speclooptripcount_ln51 = speclooptripcount void @_ssdm_op_SpecLoopTripCount, i64 4096, i64 4096, i64 4096" [/home/centos/workspace/vadd_kernels/src/krnl_vadd.cpp:51]   --->   Operation 246 'speclooptripcount' 'speclooptripcount_ln51' <Predicate = true> <Delay = 0.00>
ST_75 : Operation 247 [1/1] (0.00ns)   --->   "%specloopname_ln51 = specloopname void @_ssdm_op_SpecLoopName, void @empty_11" [/home/centos/workspace/vadd_kernels/src/krnl_vadd.cpp:51]   --->   Operation 247 'specloopname' 'specloopname_ln51' <Predicate = true> <Delay = 0.00>
ST_75 : Operation 248 [1/1] (2.92ns)   --->   "%write_ln55 = write void @_ssdm_op_Write.m_axi.p1i32, i32 %gmem_addr, i32 %add_ln55_2, i4 15" [/home/centos/workspace/vadd_kernels/src/krnl_vadd.cpp:55]   --->   Operation 248 'write' 'write_ln55' <Predicate = true> <Delay = 2.92> <CoreInst = "m_axi">   --->   Core 121 'm_axi' <Latency = 6> <II = 1> <Delay = 1.00> <Adapter> <Opcode : 'read' 'write' 'readreq' 'writereq' 'writeresp'>
ST_75 : Operation 249 [1/1] (0.00ns)   --->   "%br_ln0 = br void"   --->   Operation 249 'br' 'br_ln0' <Predicate = true> <Delay = 0.00>


============================================================
+ Verbose Summary: Timing violations
============================================================
Target clock period: 4ns, clock uncertainty: 1.08ns.

 <State 1>: 1.26ns
The critical path consists of the following:
	'alloca' operation ('i') [6]  (0 ns)
	'load' operation ('i', /home/centos/workspace/vadd_kernels/src/krnl_vadd.cpp:51) on local variable 'i' [18]  (0 ns)
	'add' operation ('add_ln51', /home/centos/workspace/vadd_kernels/src/krnl_vadd.cpp:51) [22]  (0.874 ns)
	'store' operation ('store_ln51', /home/centos/workspace/vadd_kernels/src/krnl_vadd.cpp:51) of variable 'add_ln51', /home/centos/workspace/vadd_kernels/src/krnl_vadd.cpp:51 on local variable 'i' [40]  (0.387 ns)

 <State 2>: 2.92ns
The critical path consists of the following:
	bus request operation ('gmem_load_req', /home/centos/workspace/vadd_kernels/src/krnl_vadd.cpp:55) on port 'gmem' (/home/centos/workspace/vadd_kernels/src/krnl_vadd.cpp:55) [31]  (2.92 ns)

 <State 3>: 2.92ns
The critical path consists of the following:
	bus request operation ('gmem_load_req', /home/centos/workspace/vadd_kernels/src/krnl_vadd.cpp:55) on port 'gmem' (/home/centos/workspace/vadd_kernels/src/krnl_vadd.cpp:55) [31]  (2.92 ns)

 <State 4>: 2.92ns
The critical path consists of the following:
	bus request operation ('gmem_load_req', /home/centos/workspace/vadd_kernels/src/krnl_vadd.cpp:55) on port 'gmem' (/home/centos/workspace/vadd_kernels/src/krnl_vadd.cpp:55) [31]  (2.92 ns)

 <State 5>: 2.92ns
The critical path consists of the following:
	bus request operation ('gmem_load_req', /home/centos/workspace/vadd_kernels/src/krnl_vadd.cpp:55) on port 'gmem' (/home/centos/workspace/vadd_kernels/src/krnl_vadd.cpp:55) [31]  (2.92 ns)

 <State 6>: 2.92ns
The critical path consists of the following:
	bus request operation ('gmem_load_req', /home/centos/workspace/vadd_kernels/src/krnl_vadd.cpp:55) on port 'gmem' (/home/centos/workspace/vadd_kernels/src/krnl_vadd.cpp:55) [31]  (2.92 ns)

 <State 7>: 2.92ns
The critical path consists of the following:
	bus request operation ('gmem_load_req', /home/centos/workspace/vadd_kernels/src/krnl_vadd.cpp:55) on port 'gmem' (/home/centos/workspace/vadd_kernels/src/krnl_vadd.cpp:55) [31]  (2.92 ns)

 <State 8>: 2.92ns
The critical path consists of the following:
	bus request operation ('gmem_load_req', /home/centos/workspace/vadd_kernels/src/krnl_vadd.cpp:55) on port 'gmem' (/home/centos/workspace/vadd_kernels/src/krnl_vadd.cpp:55) [31]  (2.92 ns)

 <State 9>: 2.92ns
The critical path consists of the following:
	bus request operation ('gmem_load_req', /home/centos/workspace/vadd_kernels/src/krnl_vadd.cpp:55) on port 'gmem' (/home/centos/workspace/vadd_kernels/src/krnl_vadd.cpp:55) [31]  (2.92 ns)

 <State 10>: 2.92ns
The critical path consists of the following:
	bus request operation ('gmem_load_req', /home/centos/workspace/vadd_kernels/src/krnl_vadd.cpp:55) on port 'gmem' (/home/centos/workspace/vadd_kernels/src/krnl_vadd.cpp:55) [31]  (2.92 ns)

 <State 11>: 2.92ns
The critical path consists of the following:
	bus request operation ('gmem_load_req', /home/centos/workspace/vadd_kernels/src/krnl_vadd.cpp:55) on port 'gmem' (/home/centos/workspace/vadd_kernels/src/krnl_vadd.cpp:55) [31]  (2.92 ns)

 <State 12>: 2.92ns
The critical path consists of the following:
	bus request operation ('gmem_load_req', /home/centos/workspace/vadd_kernels/src/krnl_vadd.cpp:55) on port 'gmem' (/home/centos/workspace/vadd_kernels/src/krnl_vadd.cpp:55) [31]  (2.92 ns)

 <State 13>: 2.92ns
The critical path consists of the following:
	bus request operation ('gmem_load_req', /home/centos/workspace/vadd_kernels/src/krnl_vadd.cpp:55) on port 'gmem' (/home/centos/workspace/vadd_kernels/src/krnl_vadd.cpp:55) [31]  (2.92 ns)

 <State 14>: 2.92ns
The critical path consists of the following:
	bus request operation ('gmem_load_req', /home/centos/workspace/vadd_kernels/src/krnl_vadd.cpp:55) on port 'gmem' (/home/centos/workspace/vadd_kernels/src/krnl_vadd.cpp:55) [31]  (2.92 ns)

 <State 15>: 2.92ns
The critical path consists of the following:
	bus request operation ('gmem_load_req', /home/centos/workspace/vadd_kernels/src/krnl_vadd.cpp:55) on port 'gmem' (/home/centos/workspace/vadd_kernels/src/krnl_vadd.cpp:55) [31]  (2.92 ns)

 <State 16>: 2.92ns
The critical path consists of the following:
	bus request operation ('gmem_load_req', /home/centos/workspace/vadd_kernels/src/krnl_vadd.cpp:55) on port 'gmem' (/home/centos/workspace/vadd_kernels/src/krnl_vadd.cpp:55) [31]  (2.92 ns)

 <State 17>: 2.92ns
The critical path consists of the following:
	bus request operation ('gmem_load_req', /home/centos/workspace/vadd_kernels/src/krnl_vadd.cpp:55) on port 'gmem' (/home/centos/workspace/vadd_kernels/src/krnl_vadd.cpp:55) [31]  (2.92 ns)

 <State 18>: 2.92ns
The critical path consists of the following:
	bus request operation ('gmem_load_req', /home/centos/workspace/vadd_kernels/src/krnl_vadd.cpp:55) on port 'gmem' (/home/centos/workspace/vadd_kernels/src/krnl_vadd.cpp:55) [31]  (2.92 ns)

 <State 19>: 2.92ns
The critical path consists of the following:
	bus request operation ('gmem_load_req', /home/centos/workspace/vadd_kernels/src/krnl_vadd.cpp:55) on port 'gmem' (/home/centos/workspace/vadd_kernels/src/krnl_vadd.cpp:55) [31]  (2.92 ns)

 <State 20>: 2.92ns
The critical path consists of the following:
	bus request operation ('gmem_load_req', /home/centos/workspace/vadd_kernels/src/krnl_vadd.cpp:55) on port 'gmem' (/home/centos/workspace/vadd_kernels/src/krnl_vadd.cpp:55) [31]  (2.92 ns)

 <State 21>: 2.92ns
The critical path consists of the following:
	bus request operation ('gmem_load_req', /home/centos/workspace/vadd_kernels/src/krnl_vadd.cpp:55) on port 'gmem' (/home/centos/workspace/vadd_kernels/src/krnl_vadd.cpp:55) [31]  (2.92 ns)

 <State 22>: 2.92ns
The critical path consists of the following:
	bus request operation ('gmem_load_req', /home/centos/workspace/vadd_kernels/src/krnl_vadd.cpp:55) on port 'gmem' (/home/centos/workspace/vadd_kernels/src/krnl_vadd.cpp:55) [31]  (2.92 ns)

 <State 23>: 2.92ns
The critical path consists of the following:
	bus request operation ('gmem_load_req', /home/centos/workspace/vadd_kernels/src/krnl_vadd.cpp:55) on port 'gmem' (/home/centos/workspace/vadd_kernels/src/krnl_vadd.cpp:55) [31]  (2.92 ns)

 <State 24>: 2.92ns
The critical path consists of the following:
	bus request operation ('gmem_load_req', /home/centos/workspace/vadd_kernels/src/krnl_vadd.cpp:55) on port 'gmem' (/home/centos/workspace/vadd_kernels/src/krnl_vadd.cpp:55) [31]  (2.92 ns)

 <State 25>: 2.92ns
The critical path consists of the following:
	bus request operation ('gmem_load_req', /home/centos/workspace/vadd_kernels/src/krnl_vadd.cpp:55) on port 'gmem' (/home/centos/workspace/vadd_kernels/src/krnl_vadd.cpp:55) [31]  (2.92 ns)

 <State 26>: 2.92ns
The critical path consists of the following:
	bus request operation ('gmem_load_req', /home/centos/workspace/vadd_kernels/src/krnl_vadd.cpp:55) on port 'gmem' (/home/centos/workspace/vadd_kernels/src/krnl_vadd.cpp:55) [31]  (2.92 ns)

 <State 27>: 2.92ns
The critical path consists of the following:
	bus request operation ('gmem_load_req', /home/centos/workspace/vadd_kernels/src/krnl_vadd.cpp:55) on port 'gmem' (/home/centos/workspace/vadd_kernels/src/krnl_vadd.cpp:55) [31]  (2.92 ns)

 <State 28>: 2.92ns
The critical path consists of the following:
	bus request operation ('gmem_load_req', /home/centos/workspace/vadd_kernels/src/krnl_vadd.cpp:55) on port 'gmem' (/home/centos/workspace/vadd_kernels/src/krnl_vadd.cpp:55) [31]  (2.92 ns)

 <State 29>: 2.92ns
The critical path consists of the following:
	bus request operation ('gmem_load_req', /home/centos/workspace/vadd_kernels/src/krnl_vadd.cpp:55) on port 'gmem' (/home/centos/workspace/vadd_kernels/src/krnl_vadd.cpp:55) [31]  (2.92 ns)

 <State 30>: 2.92ns
The critical path consists of the following:
	bus request operation ('gmem_load_req', /home/centos/workspace/vadd_kernels/src/krnl_vadd.cpp:55) on port 'gmem' (/home/centos/workspace/vadd_kernels/src/krnl_vadd.cpp:55) [31]  (2.92 ns)

 <State 31>: 2.92ns
The critical path consists of the following:
	bus request operation ('gmem_load_req', /home/centos/workspace/vadd_kernels/src/krnl_vadd.cpp:55) on port 'gmem' (/home/centos/workspace/vadd_kernels/src/krnl_vadd.cpp:55) [31]  (2.92 ns)

 <State 32>: 2.92ns
The critical path consists of the following:
	bus request operation ('gmem_load_req', /home/centos/workspace/vadd_kernels/src/krnl_vadd.cpp:55) on port 'gmem' (/home/centos/workspace/vadd_kernels/src/krnl_vadd.cpp:55) [31]  (2.92 ns)

 <State 33>: 2.92ns
The critical path consists of the following:
	bus request operation ('gmem_load_req', /home/centos/workspace/vadd_kernels/src/krnl_vadd.cpp:55) on port 'gmem' (/home/centos/workspace/vadd_kernels/src/krnl_vadd.cpp:55) [31]  (2.92 ns)

 <State 34>: 2.92ns
The critical path consists of the following:
	bus request operation ('gmem_load_req', /home/centos/workspace/vadd_kernels/src/krnl_vadd.cpp:55) on port 'gmem' (/home/centos/workspace/vadd_kernels/src/krnl_vadd.cpp:55) [31]  (2.92 ns)

 <State 35>: 2.92ns
The critical path consists of the following:
	bus request operation ('gmem_load_req', /home/centos/workspace/vadd_kernels/src/krnl_vadd.cpp:55) on port 'gmem' (/home/centos/workspace/vadd_kernels/src/krnl_vadd.cpp:55) [31]  (2.92 ns)

 <State 36>: 2.92ns
The critical path consists of the following:
	bus request operation ('gmem_load_req', /home/centos/workspace/vadd_kernels/src/krnl_vadd.cpp:55) on port 'gmem' (/home/centos/workspace/vadd_kernels/src/krnl_vadd.cpp:55) [31]  (2.92 ns)

 <State 37>: 2.92ns
The critical path consists of the following:
	bus request operation ('gmem_load_req', /home/centos/workspace/vadd_kernels/src/krnl_vadd.cpp:55) on port 'gmem' (/home/centos/workspace/vadd_kernels/src/krnl_vadd.cpp:55) [31]  (2.92 ns)

 <State 38>: 2.92ns
The critical path consists of the following:
	bus request operation ('gmem_load_req', /home/centos/workspace/vadd_kernels/src/krnl_vadd.cpp:55) on port 'gmem' (/home/centos/workspace/vadd_kernels/src/krnl_vadd.cpp:55) [31]  (2.92 ns)

 <State 39>: 2.92ns
The critical path consists of the following:
	bus request operation ('gmem_load_req', /home/centos/workspace/vadd_kernels/src/krnl_vadd.cpp:55) on port 'gmem' (/home/centos/workspace/vadd_kernels/src/krnl_vadd.cpp:55) [31]  (2.92 ns)

 <State 40>: 2.92ns
The critical path consists of the following:
	bus request operation ('gmem_load_req', /home/centos/workspace/vadd_kernels/src/krnl_vadd.cpp:55) on port 'gmem' (/home/centos/workspace/vadd_kernels/src/krnl_vadd.cpp:55) [31]  (2.92 ns)

 <State 41>: 2.92ns
The critical path consists of the following:
	bus request operation ('gmem_load_req', /home/centos/workspace/vadd_kernels/src/krnl_vadd.cpp:55) on port 'gmem' (/home/centos/workspace/vadd_kernels/src/krnl_vadd.cpp:55) [31]  (2.92 ns)

 <State 42>: 2.92ns
The critical path consists of the following:
	bus request operation ('gmem_load_req', /home/centos/workspace/vadd_kernels/src/krnl_vadd.cpp:55) on port 'gmem' (/home/centos/workspace/vadd_kernels/src/krnl_vadd.cpp:55) [31]  (2.92 ns)

 <State 43>: 2.92ns
The critical path consists of the following:
	bus request operation ('gmem_load_req', /home/centos/workspace/vadd_kernels/src/krnl_vadd.cpp:55) on port 'gmem' (/home/centos/workspace/vadd_kernels/src/krnl_vadd.cpp:55) [31]  (2.92 ns)

 <State 44>: 2.92ns
The critical path consists of the following:
	bus request operation ('gmem_load_req', /home/centos/workspace/vadd_kernels/src/krnl_vadd.cpp:55) on port 'gmem' (/home/centos/workspace/vadd_kernels/src/krnl_vadd.cpp:55) [31]  (2.92 ns)

 <State 45>: 2.92ns
The critical path consists of the following:
	bus request operation ('gmem_load_req', /home/centos/workspace/vadd_kernels/src/krnl_vadd.cpp:55) on port 'gmem' (/home/centos/workspace/vadd_kernels/src/krnl_vadd.cpp:55) [31]  (2.92 ns)

 <State 46>: 2.92ns
The critical path consists of the following:
	bus request operation ('gmem_load_req', /home/centos/workspace/vadd_kernels/src/krnl_vadd.cpp:55) on port 'gmem' (/home/centos/workspace/vadd_kernels/src/krnl_vadd.cpp:55) [31]  (2.92 ns)

 <State 47>: 2.92ns
The critical path consists of the following:
	bus request operation ('gmem_load_req', /home/centos/workspace/vadd_kernels/src/krnl_vadd.cpp:55) on port 'gmem' (/home/centos/workspace/vadd_kernels/src/krnl_vadd.cpp:55) [31]  (2.92 ns)

 <State 48>: 2.92ns
The critical path consists of the following:
	bus request operation ('gmem_load_req', /home/centos/workspace/vadd_kernels/src/krnl_vadd.cpp:55) on port 'gmem' (/home/centos/workspace/vadd_kernels/src/krnl_vadd.cpp:55) [31]  (2.92 ns)

 <State 49>: 2.92ns
The critical path consists of the following:
	bus request operation ('gmem_load_req', /home/centos/workspace/vadd_kernels/src/krnl_vadd.cpp:55) on port 'gmem' (/home/centos/workspace/vadd_kernels/src/krnl_vadd.cpp:55) [31]  (2.92 ns)

 <State 50>: 2.92ns
The critical path consists of the following:
	bus request operation ('gmem_load_req', /home/centos/workspace/vadd_kernels/src/krnl_vadd.cpp:55) on port 'gmem' (/home/centos/workspace/vadd_kernels/src/krnl_vadd.cpp:55) [31]  (2.92 ns)

 <State 51>: 2.92ns
The critical path consists of the following:
	bus request operation ('gmem_load_req', /home/centos/workspace/vadd_kernels/src/krnl_vadd.cpp:55) on port 'gmem' (/home/centos/workspace/vadd_kernels/src/krnl_vadd.cpp:55) [31]  (2.92 ns)

 <State 52>: 2.92ns
The critical path consists of the following:
	bus request operation ('gmem_load_req', /home/centos/workspace/vadd_kernels/src/krnl_vadd.cpp:55) on port 'gmem' (/home/centos/workspace/vadd_kernels/src/krnl_vadd.cpp:55) [31]  (2.92 ns)

 <State 53>: 2.92ns
The critical path consists of the following:
	bus request operation ('gmem_load_req', /home/centos/workspace/vadd_kernels/src/krnl_vadd.cpp:55) on port 'gmem' (/home/centos/workspace/vadd_kernels/src/krnl_vadd.cpp:55) [31]  (2.92 ns)

 <State 54>: 2.92ns
The critical path consists of the following:
	bus request operation ('gmem_load_req', /home/centos/workspace/vadd_kernels/src/krnl_vadd.cpp:55) on port 'gmem' (/home/centos/workspace/vadd_kernels/src/krnl_vadd.cpp:55) [31]  (2.92 ns)

 <State 55>: 2.92ns
The critical path consists of the following:
	bus request operation ('gmem_load_req', /home/centos/workspace/vadd_kernels/src/krnl_vadd.cpp:55) on port 'gmem' (/home/centos/workspace/vadd_kernels/src/krnl_vadd.cpp:55) [31]  (2.92 ns)

 <State 56>: 2.92ns
The critical path consists of the following:
	bus request operation ('gmem_load_req', /home/centos/workspace/vadd_kernels/src/krnl_vadd.cpp:55) on port 'gmem' (/home/centos/workspace/vadd_kernels/src/krnl_vadd.cpp:55) [31]  (2.92 ns)

 <State 57>: 2.92ns
The critical path consists of the following:
	bus request operation ('gmem_load_req', /home/centos/workspace/vadd_kernels/src/krnl_vadd.cpp:55) on port 'gmem' (/home/centos/workspace/vadd_kernels/src/krnl_vadd.cpp:55) [31]  (2.92 ns)

 <State 58>: 2.92ns
The critical path consists of the following:
	bus request operation ('gmem_load_req', /home/centos/workspace/vadd_kernels/src/krnl_vadd.cpp:55) on port 'gmem' (/home/centos/workspace/vadd_kernels/src/krnl_vadd.cpp:55) [31]  (2.92 ns)

 <State 59>: 2.92ns
The critical path consists of the following:
	bus request operation ('gmem_load_req', /home/centos/workspace/vadd_kernels/src/krnl_vadd.cpp:55) on port 'gmem' (/home/centos/workspace/vadd_kernels/src/krnl_vadd.cpp:55) [31]  (2.92 ns)

 <State 60>: 2.92ns
The critical path consists of the following:
	bus request operation ('gmem_load_req', /home/centos/workspace/vadd_kernels/src/krnl_vadd.cpp:55) on port 'gmem' (/home/centos/workspace/vadd_kernels/src/krnl_vadd.cpp:55) [31]  (2.92 ns)

 <State 61>: 2.92ns
The critical path consists of the following:
	bus request operation ('gmem_load_req', /home/centos/workspace/vadd_kernels/src/krnl_vadd.cpp:55) on port 'gmem' (/home/centos/workspace/vadd_kernels/src/krnl_vadd.cpp:55) [31]  (2.92 ns)

 <State 62>: 2.92ns
The critical path consists of the following:
	bus request operation ('gmem_load_req', /home/centos/workspace/vadd_kernels/src/krnl_vadd.cpp:55) on port 'gmem' (/home/centos/workspace/vadd_kernels/src/krnl_vadd.cpp:55) [31]  (2.92 ns)

 <State 63>: 2.92ns
The critical path consists of the following:
	bus request operation ('gmem_load_req', /home/centos/workspace/vadd_kernels/src/krnl_vadd.cpp:55) on port 'gmem' (/home/centos/workspace/vadd_kernels/src/krnl_vadd.cpp:55) [31]  (2.92 ns)

 <State 64>: 2.92ns
The critical path consists of the following:
	bus request operation ('gmem_load_req', /home/centos/workspace/vadd_kernels/src/krnl_vadd.cpp:55) on port 'gmem' (/home/centos/workspace/vadd_kernels/src/krnl_vadd.cpp:55) [31]  (2.92 ns)

 <State 65>: 2.92ns
The critical path consists of the following:
	bus request operation ('gmem_load_req', /home/centos/workspace/vadd_kernels/src/krnl_vadd.cpp:55) on port 'gmem' (/home/centos/workspace/vadd_kernels/src/krnl_vadd.cpp:55) [31]  (2.92 ns)

 <State 66>: 2.92ns
The critical path consists of the following:
	bus request operation ('gmem_load_req', /home/centos/workspace/vadd_kernels/src/krnl_vadd.cpp:55) on port 'gmem' (/home/centos/workspace/vadd_kernels/src/krnl_vadd.cpp:55) [31]  (2.92 ns)

 <State 67>: 2.92ns
The critical path consists of the following:
	bus request operation ('gmem_load_req', /home/centos/workspace/vadd_kernels/src/krnl_vadd.cpp:55) on port 'gmem' (/home/centos/workspace/vadd_kernels/src/krnl_vadd.cpp:55) [31]  (2.92 ns)

 <State 68>: 2.92ns
The critical path consists of the following:
	bus request operation ('gmem_load_req', /home/centos/workspace/vadd_kernels/src/krnl_vadd.cpp:55) on port 'gmem' (/home/centos/workspace/vadd_kernels/src/krnl_vadd.cpp:55) [31]  (2.92 ns)

 <State 69>: 2.92ns
The critical path consists of the following:
	bus request operation ('gmem_load_req', /home/centos/workspace/vadd_kernels/src/krnl_vadd.cpp:55) on port 'gmem' (/home/centos/workspace/vadd_kernels/src/krnl_vadd.cpp:55) [31]  (2.92 ns)

 <State 70>: 2.92ns
The critical path consists of the following:
	bus request operation ('gmem_load_req', /home/centos/workspace/vadd_kernels/src/krnl_vadd.cpp:55) on port 'gmem' (/home/centos/workspace/vadd_kernels/src/krnl_vadd.cpp:55) [31]  (2.92 ns)

 <State 71>: 2.92ns
The critical path consists of the following:
	bus request operation ('gmem_load_req', /home/centos/workspace/vadd_kernels/src/krnl_vadd.cpp:55) on port 'gmem' (/home/centos/workspace/vadd_kernels/src/krnl_vadd.cpp:55) [31]  (2.92 ns)

 <State 72>: 2.92ns
The critical path consists of the following:
	bus read operation ('gmem_addr_1_read', /home/centos/workspace/vadd_kernels/src/krnl_vadd.cpp:55) on port 'gmem' (/home/centos/workspace/vadd_kernels/src/krnl_vadd.cpp:55) [32]  (2.92 ns)

 <State 73>: 2.92ns
The critical path consists of the following:
	bus read operation ('gmem_addr_2_read', /home/centos/workspace/vadd_kernels/src/krnl_vadd.cpp:55) on port 'gmem' (/home/centos/workspace/vadd_kernels/src/krnl_vadd.cpp:55) [37]  (2.92 ns)

 <State 74>: 0.88ns
The critical path consists of the following:
	'add' operation ('add_ln55_2', /home/centos/workspace/vadd_kernels/src/krnl_vadd.cpp:55) [38]  (0.88 ns)

 <State 75>: 2.92ns
The critical path consists of the following:
	bus write operation ('write_ln55', /home/centos/workspace/vadd_kernels/src/krnl_vadd.cpp:55) on port 'gmem' (/home/centos/workspace/vadd_kernels/src/krnl_vadd.cpp:55) [39]  (2.92 ns)


============================================================
+ Verbose Summary: Binding
============================================================
N/A
* FSMD analyzer results:
  - Output states:
 - Input state : 
  - Chain level:
	State 1
	State 2
	State 3
	State 4
	State 5
	State 6
	State 7
	State 8
	State 9
	State 10
	State 11
	State 12
	State 13
	State 14
	State 15
	State 16
	State 17
	State 18
	State 19
	State 20
	State 21
	State 22
	State 23
	State 24
	State 25
	State 26
	State 27
	State 28
	State 29
	State 30
	State 31
	State 32
	State 33
	State 34
	State 35
	State 36
	State 37
	State 38
	State 39
	State 40
	State 41
	State 42
	State 43
	State 44
	State 45
	State 46
	State 47
	State 48
	State 49
	State 50
	State 51
	State 52
	State 53
	State 54
	State 55
	State 56
	State 57
	State 58
	State 59
	State 60
	State 61
	State 62
	State 63
	State 64
	State 65
	State 66
	State 67
	State 68
	State 69
	State 70
	State 71
	State 72
	State 73
	State 74
	State 75


============================================================
+ Verbose Summary: Datapath Resource usage 
============================================================
N/A
