

================================================================
== Vitis HLS Report for 'krnl_vadd'
================================================================
* Date:           Mon Jan 24 11:45:19 2022

* Version:        2021.1 (Build 3247384 on Thu Jun 10 19:36:07 MDT 2021)
* Project:        krnl_vadd
* Solution:       solution (Vitis Kernel Flow Target)
* Product family: virtexuplus
* Target device:  xcvu9p-flgb2104-2-i


================================================================
== Performance Estimates
================================================================
+ Timing: 
    * Summary: 
    +--------+---------+----------+------------+
    |  Clock |  Target | Estimated| Uncertainty|
    +--------+---------+----------+------------+
    |ap_clk  |  4.00 ns|  2.920 ns|     1.08 ns|
    +--------+---------+----------+------------+

+ Latency: 
    * Summary: 
    +---------+---------+----------+-----------+-----+------+---------+
    |  Latency (cycles) |  Latency (absolute)  |  Interval  | Pipeline|
    |   min   |   max   |    min   |    max    | min |  max |   Type  |
    +---------+---------+----------+-----------+-----+------+---------+
    |        2|     8338|  8.000 ns|  33.352 us|    3|  8339|       no|
    +---------+---------+----------+-----------+-----+------+---------+

    + Detail: 
        * Instance: 
        +------------------------------------+--------------------------+---------+---------+-----------+-----------+------+------+---------+
        |                                    |                          |  Latency (cycles) |   Latency (absolute)  |   Interval  | Pipeline|
        |              Instance              |          Module          |   min   |   max   |    min    |    max    |  min |  max |   Type  |
        +------------------------------------+--------------------------+---------+---------+-----------+-----------+------+------+---------+
        |grp_krnl_vadd_Pipeline_vadd1_fu_97  |krnl_vadd_Pipeline_vadd1  |     8267|     8267|  33.068 us|  33.068 us|  8267|  8267|       no|
        +------------------------------------+--------------------------+---------+---------+-----------+-----------+------+------+---------+

        * Loop: 
        N/A

============================================================
+ Verbose Summary: Synthesis Manager
============================================================
InlineROM: 1
ExposeGlobal: 0
============================================================
+ Verbose Summary: CDFG Model
============================================================
IsTopModel: 1
ResetActiveHigh: 1
IsCombinational: 0
IsDatapathOnly: 0
HasWiredReturn: 1
HasMFsm: 0
HasVarLatency: 1
IsPipeline: 0
IsRtlPipelined: 0
IsInstanceOverlapped: 0
IsDontTouch: 0
HasImplIP: 0
IsGatedGlobalClock: 0


============================================================
+ Verbose Summary: Schedule
============================================================
* Number of FSM states : 72
* Pipeline : 0
* Dataflow Pipeline: 0

* FSM state transitions: 
1 --> 2 
2 --> 3 72 
3 --> 4 
4 --> 5 
5 --> 6 
6 --> 7 
7 --> 8 
8 --> 9 
9 --> 10 
10 --> 11 
11 --> 12 
12 --> 13 
13 --> 14 
14 --> 15 
15 --> 16 
16 --> 17 
17 --> 18 
18 --> 19 
19 --> 20 
20 --> 21 
21 --> 22 
22 --> 23 
23 --> 24 
24 --> 25 
25 --> 26 
26 --> 27 
27 --> 28 
28 --> 29 
29 --> 30 
30 --> 31 
31 --> 32 
32 --> 33 
33 --> 34 
34 --> 35 
35 --> 36 
36 --> 37 
37 --> 38 
38 --> 39 
39 --> 40 
40 --> 41 
41 --> 42 
42 --> 43 
43 --> 44 
44 --> 45 
45 --> 46 
46 --> 47 
47 --> 48 
48 --> 49 
49 --> 50 
50 --> 51 
51 --> 52 
52 --> 53 
53 --> 54 
54 --> 55 
55 --> 56 
56 --> 57 
57 --> 58 
58 --> 59 
59 --> 60 
60 --> 61 
61 --> 62 
62 --> 63 
63 --> 64 
64 --> 65 
65 --> 66 
66 --> 67 
67 --> 68 
68 --> 69 
69 --> 70 
70 --> 71 
71 --> 72 
72 --> 

* FSM state operations: 

State 1 <SV = 0> <Delay = 1.85>
ST_1 : Operation 73 [1/1] (1.00ns)   --->   "%elements_read = read i32 @_ssdm_op_Read.ap_none.i32, i32 %elements" [/home/centos/workspace/vadd_kernels/src/krnl_vadd.cpp:40]   --->   Operation 73 'read' 'elements_read' <Predicate = true> <Delay = 1.00> <CoreInst = "s_axilite">   --->   Core 122 's_axilite' <Latency = 0> <II = 1> <Delay = 1.00> <Adapter> <Opcode : 'read' 'write'>
ST_1 : Operation 74 [1/1] (1.00ns)   --->   "%out_read = read i64 @_ssdm_op_Read.ap_none.i64, i64 %out_r" [/home/centos/workspace/vadd_kernels/src/krnl_vadd.cpp:40]   --->   Operation 74 'read' 'out_read' <Predicate = true> <Delay = 1.00> <CoreInst = "s_axilite">   --->   Core 122 's_axilite' <Latency = 0> <II = 1> <Delay = 1.00> <Adapter> <Opcode : 'read' 'write'>
ST_1 : Operation 75 [1/1] (0.85ns)   --->   "%icmp_ln51 = icmp_sgt  i32 %elements_read, i32 0" [/home/centos/workspace/vadd_kernels/src/krnl_vadd.cpp:51]   --->   Operation 75 'icmp' 'icmp_ln51' <Predicate = true> <Delay = 0.85> <CoreInst = "Cmp">   --->   Core 9 'Cmp' <Latency = 0> <II = 1> <Delay = 0.85> <FuncUnit> <Opcode : 'icmp'> <InPorts = 2> <OutPorts = 1>

State 2 <SV = 1> <Delay = 2.92>
ST_2 : Operation 76 [1/1] (0.00ns)   --->   "%spectopmodule_ln0 = spectopmodule void @_ssdm_op_SpecTopModule, void @empty_9"   --->   Operation 76 'spectopmodule' 'spectopmodule_ln0' <Predicate = true> <Delay = 0.00>
ST_2 : Operation 77 [1/1] (0.00ns)   --->   "%specinterface_ln0 = specinterface void @_ssdm_op_SpecInterface, i32 0, void @empty_10, i32 0, i32 0, void @empty, i32 0, i32 0, void @empty, void @empty, void @empty, i32 0, i32 0, i32 0, i32 0, void @empty, void @empty"   --->   Operation 77 'specinterface' 'specinterface_ln0' <Predicate = true> <Delay = 0.00>
ST_2 : Operation 78 [1/1] (0.00ns)   --->   "%specinterface_ln0 = specinterface void @_ssdm_op_SpecInterface, i32 %gmem, void @empty_12, i32 0, i32 0, void @empty, i32 64, i32 0, void @empty_0, void @empty_1, void @empty, i32 16, i32 16, i32 16, i32 16, void @empty, void @empty"   --->   Operation 78 'specinterface' 'specinterface_ln0' <Predicate = true> <Delay = 0.00>
ST_2 : Operation 79 [1/1] (0.00ns)   --->   "%specbitsmap_ln0 = specbitsmap void @_ssdm_op_SpecBitsMap, i32 %gmem"   --->   Operation 79 'specbitsmap' 'specbitsmap_ln0' <Predicate = true> <Delay = 0.00>
ST_2 : Operation 80 [1/1] (0.00ns)   --->   "%specinterface_ln0 = specinterface void @_ssdm_op_SpecInterface, i64 %in1, void @empty_2, i32 0, i32 0, void @empty, i32 0, i32 0, void @empty_3, void @empty_4, void @empty, i32 0, i32 0, i32 0, i32 0, void @empty, void @empty_13"   --->   Operation 80 'specinterface' 'specinterface_ln0' <Predicate = true> <Delay = 0.00>
ST_2 : Operation 81 [1/1] (0.00ns)   --->   "%specinterface_ln0 = specinterface void @_ssdm_op_SpecInterface, i64 %in1, void @empty_5, i32 0, i32 0, void @empty, i32 0, i32 0, void @empty, void @empty, void @empty, i32 0, i32 0, i32 0, i32 0, void @empty, void @empty_13"   --->   Operation 81 'specinterface' 'specinterface_ln0' <Predicate = true> <Delay = 0.00>
ST_2 : Operation 82 [1/1] (0.00ns)   --->   "%specinterface_ln0 = specinterface void @_ssdm_op_SpecInterface, i64 %in2, void @empty_2, i32 0, i32 0, void @empty, i32 0, i32 0, void @empty_3, void @empty_6, void @empty, i32 0, i32 0, i32 0, i32 0, void @empty, void @empty_13"   --->   Operation 82 'specinterface' 'specinterface_ln0' <Predicate = true> <Delay = 0.00>
ST_2 : Operation 83 [1/1] (0.00ns)   --->   "%specinterface_ln0 = specinterface void @_ssdm_op_SpecInterface, i64 %in2, void @empty_5, i32 0, i32 0, void @empty, i32 0, i32 0, void @empty, void @empty, void @empty, i32 0, i32 0, i32 0, i32 0, void @empty, void @empty_13"   --->   Operation 83 'specinterface' 'specinterface_ln0' <Predicate = true> <Delay = 0.00>
ST_2 : Operation 84 [1/1] (0.00ns)   --->   "%specinterface_ln0 = specinterface void @_ssdm_op_SpecInterface, i64 %out_r, void @empty_2, i32 0, i32 0, void @empty, i32 0, i32 0, void @empty_3, void @empty_7, void @empty, i32 0, i32 0, i32 0, i32 0, void @empty, void @empty_13"   --->   Operation 84 'specinterface' 'specinterface_ln0' <Predicate = true> <Delay = 0.00>
ST_2 : Operation 85 [1/1] (0.00ns)   --->   "%specinterface_ln0 = specinterface void @_ssdm_op_SpecInterface, i64 %out_r, void @empty_5, i32 0, i32 0, void @empty, i32 0, i32 0, void @empty, void @empty, void @empty, i32 0, i32 0, i32 0, i32 0, void @empty, void @empty_13"   --->   Operation 85 'specinterface' 'specinterface_ln0' <Predicate = true> <Delay = 0.00>
ST_2 : Operation 86 [1/1] (0.00ns)   --->   "%specbitsmap_ln0 = specbitsmap void @_ssdm_op_SpecBitsMap, i32 %elements"   --->   Operation 86 'specbitsmap' 'specbitsmap_ln0' <Predicate = true> <Delay = 0.00>
ST_2 : Operation 87 [1/1] (0.00ns)   --->   "%specinterface_ln0 = specinterface void @_ssdm_op_SpecInterface, i32 %elements, void @empty_2, i32 0, i32 0, void @empty, i32 0, i32 0, void @empty_3, void @empty_8, void @empty, i32 0, i32 0, i32 0, i32 0, void @empty, void @empty"   --->   Operation 87 'specinterface' 'specinterface_ln0' <Predicate = true> <Delay = 0.00>
ST_2 : Operation 88 [1/1] (0.00ns)   --->   "%specinterface_ln0 = specinterface void @_ssdm_op_SpecInterface, i32 %elements, void @empty_5, i32 0, i32 0, void @empty, i32 0, i32 0, void @empty, void @empty, void @empty, i32 0, i32 0, i32 0, i32 0, void @empty, void @empty"   --->   Operation 88 'specinterface' 'specinterface_ln0' <Predicate = true> <Delay = 0.00>
ST_2 : Operation 89 [1/1] (0.00ns)   --->   "%specinterface_ln0 = specinterface void @_ssdm_op_SpecInterface, i32 0, void @empty_2, i32 0, i32 0, void @empty, i32 0, i32 0, void @empty_3, void @empty, void @empty, i32 0, i32 0, i32 0, i32 0, void @empty, void @empty"   --->   Operation 89 'specinterface' 'specinterface_ln0' <Predicate = true> <Delay = 0.00>
ST_2 : Operation 90 [1/1] (1.00ns)   --->   "%in2_read = read i64 @_ssdm_op_Read.ap_none.i64, i64 %in2" [/home/centos/workspace/vadd_kernels/src/krnl_vadd.cpp:40]   --->   Operation 90 'read' 'in2_read' <Predicate = true> <Delay = 1.00> <CoreInst = "s_axilite">   --->   Core 122 's_axilite' <Latency = 0> <II = 1> <Delay = 1.00> <Adapter> <Opcode : 'read' 'write'>
ST_2 : Operation 91 [1/1] (1.00ns)   --->   "%in1_read = read i64 @_ssdm_op_Read.ap_none.i64, i64 %in1" [/home/centos/workspace/vadd_kernels/src/krnl_vadd.cpp:40]   --->   Operation 91 'read' 'in1_read' <Predicate = true> <Delay = 1.00> <CoreInst = "s_axilite">   --->   Core 122 's_axilite' <Latency = 0> <II = 1> <Delay = 1.00> <Adapter> <Opcode : 'read' 'write'>
ST_2 : Operation 92 [1/1] (0.00ns)   --->   "%br_ln51 = br i1 %icmp_ln51, void %._crit_edge, void %.lr.ph" [/home/centos/workspace/vadd_kernels/src/krnl_vadd.cpp:51]   --->   Operation 92 'br' 'br_ln51' <Predicate = true> <Delay = 0.00>
ST_2 : Operation 93 [1/1] (0.00ns)   --->   "%trunc_ln51 = trunc i32 %elements_read" [/home/centos/workspace/vadd_kernels/src/krnl_vadd.cpp:51]   --->   Operation 93 'trunc' 'trunc_ln51' <Predicate = (icmp_ln51)> <Delay = 0.00>
ST_2 : Operation 94 [1/1] (0.00ns)   --->   "%trunc_ln = partselect i62 @_ssdm_op_PartSelect.i62.i64.i32.i32, i64 %in1_read, i32 2, i32 63" [/home/centos/workspace/vadd_kernels/src/krnl_vadd.cpp:51]   --->   Operation 94 'partselect' 'trunc_ln' <Predicate = (icmp_ln51)> <Delay = 0.00>
ST_2 : Operation 95 [1/1] (0.00ns)   --->   "%trunc_ln51_1 = partselect i62 @_ssdm_op_PartSelect.i62.i64.i32.i32, i64 %in2_read, i32 2, i32 63" [/home/centos/workspace/vadd_kernels/src/krnl_vadd.cpp:51]   --->   Operation 95 'partselect' 'trunc_ln51_1' <Predicate = (icmp_ln51)> <Delay = 0.00>
ST_2 : Operation 96 [1/1] (0.00ns)   --->   "%trunc_ln51_2 = partselect i62 @_ssdm_op_PartSelect.i62.i64.i32.i32, i64 %out_read, i32 2, i32 63" [/home/centos/workspace/vadd_kernels/src/krnl_vadd.cpp:51]   --->   Operation 96 'partselect' 'trunc_ln51_2' <Predicate = (icmp_ln51)> <Delay = 0.00>
ST_2 : Operation 97 [1/1] (0.00ns)   --->   "%sext_ln51 = sext i62 %trunc_ln51_2" [/home/centos/workspace/vadd_kernels/src/krnl_vadd.cpp:51]   --->   Operation 97 'sext' 'sext_ln51' <Predicate = (icmp_ln51)> <Delay = 0.00>
ST_2 : Operation 98 [1/1] (0.00ns)   --->   "%gmem_addr = getelementptr i32 %gmem, i64 %sext_ln51" [/home/centos/workspace/vadd_kernels/src/krnl_vadd.cpp:51]   --->   Operation 98 'getelementptr' 'gmem_addr' <Predicate = (icmp_ln51)> <Delay = 0.00>
ST_2 : Operation 99 [1/1] (2.92ns)   --->   "%empty = writereq i1 @_ssdm_op_WriteReq.m_axi.p1i32, i32 %gmem_addr, i32 %elements_read" [/home/centos/workspace/vadd_kernels/src/krnl_vadd.cpp:51]   --->   Operation 99 'writereq' 'empty' <Predicate = (icmp_ln51)> <Delay = 2.92> <CoreInst = "m_axi">   --->   Core 121 'm_axi' <Latency = 5> <II = 1> <Delay = 1.00> <Adapter> <Opcode : 'read' 'write' 'readreq' 'writereq' 'writeresp'>

State 3 <SV = 2> <Delay = 1.23>
ST_3 : Operation 100 [2/2] (1.23ns)   --->   "%call_ln51 = call void @krnl_vadd_Pipeline_vadd1, i32 %gmem, i62 %trunc_ln51_2, i31 %trunc_ln51, i62 %trunc_ln, i62 %trunc_ln51_1" [/home/centos/workspace/vadd_kernels/src/krnl_vadd.cpp:51]   --->   Operation 100 'call' 'call_ln51' <Predicate = true> <Delay = 1.23> <CoreType = "Generic">   --->   Core 0 '' <Latency = 0> <II = 1> <Delay = 1.00> <Generic> <Opcode : >

State 4 <SV = 3> <Delay = 0.00>
ST_4 : Operation 101 [1/2] (0.00ns)   --->   "%call_ln51 = call void @krnl_vadd_Pipeline_vadd1, i32 %gmem, i62 %trunc_ln51_2, i31 %trunc_ln51, i62 %trunc_ln, i62 %trunc_ln51_1" [/home/centos/workspace/vadd_kernels/src/krnl_vadd.cpp:51]   --->   Operation 101 'call' 'call_ln51' <Predicate = true> <Delay = 0.00> <CoreType = "Generic">   --->   Core 0 '' <Latency = 0> <II = 1> <Delay = 1.00> <Generic> <Opcode : >

State 5 <SV = 4> <Delay = 2.92>
ST_5 : Operation 102 [68/68] (2.92ns)   --->   "%empty_19 = writeresp i1 @_ssdm_op_WriteResp.m_axi.p1i32, i32 %gmem_addr" [/home/centos/workspace/vadd_kernels/src/krnl_vadd.cpp:57]   --->   Operation 102 'writeresp' 'empty_19' <Predicate = true> <Delay = 2.92> <CoreInst = "m_axi">   --->   Core 121 'm_axi' <Latency = 3> <II = 1> <Delay = 1.00> <Adapter> <Opcode : 'read' 'write' 'readreq' 'writereq' 'writeresp'>

State 6 <SV = 5> <Delay = 2.92>
ST_6 : Operation 103 [67/68] (2.92ns)   --->   "%empty_19 = writeresp i1 @_ssdm_op_WriteResp.m_axi.p1i32, i32 %gmem_addr" [/home/centos/workspace/vadd_kernels/src/krnl_vadd.cpp:57]   --->   Operation 103 'writeresp' 'empty_19' <Predicate = true> <Delay = 2.92> <CoreInst = "m_axi">   --->   Core 121 'm_axi' <Latency = 3> <II = 1> <Delay = 1.00> <Adapter> <Opcode : 'read' 'write' 'readreq' 'writereq' 'writeresp'>

State 7 <SV = 6> <Delay = 2.92>
ST_7 : Operation 104 [66/68] (2.92ns)   --->   "%empty_19 = writeresp i1 @_ssdm_op_WriteResp.m_axi.p1i32, i32 %gmem_addr" [/home/centos/workspace/vadd_kernels/src/krnl_vadd.cpp:57]   --->   Operation 104 'writeresp' 'empty_19' <Predicate = true> <Delay = 2.92> <CoreInst = "m_axi">   --->   Core 121 'm_axi' <Latency = 3> <II = 1> <Delay = 1.00> <Adapter> <Opcode : 'read' 'write' 'readreq' 'writereq' 'writeresp'>

State 8 <SV = 7> <Delay = 2.92>
ST_8 : Operation 105 [65/68] (2.92ns)   --->   "%empty_19 = writeresp i1 @_ssdm_op_WriteResp.m_axi.p1i32, i32 %gmem_addr" [/home/centos/workspace/vadd_kernels/src/krnl_vadd.cpp:57]   --->   Operation 105 'writeresp' 'empty_19' <Predicate = true> <Delay = 2.92> <CoreInst = "m_axi">   --->   Core 121 'm_axi' <Latency = 3> <II = 1> <Delay = 1.00> <Adapter> <Opcode : 'read' 'write' 'readreq' 'writereq' 'writeresp'>

State 9 <SV = 8> <Delay = 2.92>
ST_9 : Operation 106 [64/68] (2.92ns)   --->   "%empty_19 = writeresp i1 @_ssdm_op_WriteResp.m_axi.p1i32, i32 %gmem_addr" [/home/centos/workspace/vadd_kernels/src/krnl_vadd.cpp:57]   --->   Operation 106 'writeresp' 'empty_19' <Predicate = true> <Delay = 2.92> <CoreInst = "m_axi">   --->   Core 121 'm_axi' <Latency = 3> <II = 1> <Delay = 1.00> <Adapter> <Opcode : 'read' 'write' 'readreq' 'writereq' 'writeresp'>

State 10 <SV = 9> <Delay = 2.92>
ST_10 : Operation 107 [63/68] (2.92ns)   --->   "%empty_19 = writeresp i1 @_ssdm_op_WriteResp.m_axi.p1i32, i32 %gmem_addr" [/home/centos/workspace/vadd_kernels/src/krnl_vadd.cpp:57]   --->   Operation 107 'writeresp' 'empty_19' <Predicate = true> <Delay = 2.92> <CoreInst = "m_axi">   --->   Core 121 'm_axi' <Latency = 3> <II = 1> <Delay = 1.00> <Adapter> <Opcode : 'read' 'write' 'readreq' 'writereq' 'writeresp'>

State 11 <SV = 10> <Delay = 2.92>
ST_11 : Operation 108 [62/68] (2.92ns)   --->   "%empty_19 = writeresp i1 @_ssdm_op_WriteResp.m_axi.p1i32, i32 %gmem_addr" [/home/centos/workspace/vadd_kernels/src/krnl_vadd.cpp:57]   --->   Operation 108 'writeresp' 'empty_19' <Predicate = true> <Delay = 2.92> <CoreInst = "m_axi">   --->   Core 121 'm_axi' <Latency = 3> <II = 1> <Delay = 1.00> <Adapter> <Opcode : 'read' 'write' 'readreq' 'writereq' 'writeresp'>

State 12 <SV = 11> <Delay = 2.92>
ST_12 : Operation 109 [61/68] (2.92ns)   --->   "%empty_19 = writeresp i1 @_ssdm_op_WriteResp.m_axi.p1i32, i32 %gmem_addr" [/home/centos/workspace/vadd_kernels/src/krnl_vadd.cpp:57]   --->   Operation 109 'writeresp' 'empty_19' <Predicate = true> <Delay = 2.92> <CoreInst = "m_axi">   --->   Core 121 'm_axi' <Latency = 3> <II = 1> <Delay = 1.00> <Adapter> <Opcode : 'read' 'write' 'readreq' 'writereq' 'writeresp'>

State 13 <SV = 12> <Delay = 2.92>
ST_13 : Operation 110 [60/68] (2.92ns)   --->   "%empty_19 = writeresp i1 @_ssdm_op_WriteResp.m_axi.p1i32, i32 %gmem_addr" [/home/centos/workspace/vadd_kernels/src/krnl_vadd.cpp:57]   --->   Operation 110 'writeresp' 'empty_19' <Predicate = true> <Delay = 2.92> <CoreInst = "m_axi">   --->   Core 121 'm_axi' <Latency = 3> <II = 1> <Delay = 1.00> <Adapter> <Opcode : 'read' 'write' 'readreq' 'writereq' 'writeresp'>

State 14 <SV = 13> <Delay = 2.92>
ST_14 : Operation 111 [59/68] (2.92ns)   --->   "%empty_19 = writeresp i1 @_ssdm_op_WriteResp.m_axi.p1i32, i32 %gmem_addr" [/home/centos/workspace/vadd_kernels/src/krnl_vadd.cpp:57]   --->   Operation 111 'writeresp' 'empty_19' <Predicate = true> <Delay = 2.92> <CoreInst = "m_axi">   --->   Core 121 'm_axi' <Latency = 3> <II = 1> <Delay = 1.00> <Adapter> <Opcode : 'read' 'write' 'readreq' 'writereq' 'writeresp'>

State 15 <SV = 14> <Delay = 2.92>
ST_15 : Operation 112 [58/68] (2.92ns)   --->   "%empty_19 = writeresp i1 @_ssdm_op_WriteResp.m_axi.p1i32, i32 %gmem_addr" [/home/centos/workspace/vadd_kernels/src/krnl_vadd.cpp:57]   --->   Operation 112 'writeresp' 'empty_19' <Predicate = true> <Delay = 2.92> <CoreInst = "m_axi">   --->   Core 121 'm_axi' <Latency = 3> <II = 1> <Delay = 1.00> <Adapter> <Opcode : 'read' 'write' 'readreq' 'writereq' 'writeresp'>

State 16 <SV = 15> <Delay = 2.92>
ST_16 : Operation 113 [57/68] (2.92ns)   --->   "%empty_19 = writeresp i1 @_ssdm_op_WriteResp.m_axi.p1i32, i32 %gmem_addr" [/home/centos/workspace/vadd_kernels/src/krnl_vadd.cpp:57]   --->   Operation 113 'writeresp' 'empty_19' <Predicate = true> <Delay = 2.92> <CoreInst = "m_axi">   --->   Core 121 'm_axi' <Latency = 3> <II = 1> <Delay = 1.00> <Adapter> <Opcode : 'read' 'write' 'readreq' 'writereq' 'writeresp'>

State 17 <SV = 16> <Delay = 2.92>
ST_17 : Operation 114 [56/68] (2.92ns)   --->   "%empty_19 = writeresp i1 @_ssdm_op_WriteResp.m_axi.p1i32, i32 %gmem_addr" [/home/centos/workspace/vadd_kernels/src/krnl_vadd.cpp:57]   --->   Operation 114 'writeresp' 'empty_19' <Predicate = true> <Delay = 2.92> <CoreInst = "m_axi">   --->   Core 121 'm_axi' <Latency = 3> <II = 1> <Delay = 1.00> <Adapter> <Opcode : 'read' 'write' 'readreq' 'writereq' 'writeresp'>

State 18 <SV = 17> <Delay = 2.92>
ST_18 : Operation 115 [55/68] (2.92ns)   --->   "%empty_19 = writeresp i1 @_ssdm_op_WriteResp.m_axi.p1i32, i32 %gmem_addr" [/home/centos/workspace/vadd_kernels/src/krnl_vadd.cpp:57]   --->   Operation 115 'writeresp' 'empty_19' <Predicate = true> <Delay = 2.92> <CoreInst = "m_axi">   --->   Core 121 'm_axi' <Latency = 3> <II = 1> <Delay = 1.00> <Adapter> <Opcode : 'read' 'write' 'readreq' 'writereq' 'writeresp'>

State 19 <SV = 18> <Delay = 2.92>
ST_19 : Operation 116 [54/68] (2.92ns)   --->   "%empty_19 = writeresp i1 @_ssdm_op_WriteResp.m_axi.p1i32, i32 %gmem_addr" [/home/centos/workspace/vadd_kernels/src/krnl_vadd.cpp:57]   --->   Operation 116 'writeresp' 'empty_19' <Predicate = true> <Delay = 2.92> <CoreInst = "m_axi">   --->   Core 121 'm_axi' <Latency = 3> <II = 1> <Delay = 1.00> <Adapter> <Opcode : 'read' 'write' 'readreq' 'writereq' 'writeresp'>

State 20 <SV = 19> <Delay = 2.92>
ST_20 : Operation 117 [53/68] (2.92ns)   --->   "%empty_19 = writeresp i1 @_ssdm_op_WriteResp.m_axi.p1i32, i32 %gmem_addr" [/home/centos/workspace/vadd_kernels/src/krnl_vadd.cpp:57]   --->   Operation 117 'writeresp' 'empty_19' <Predicate = true> <Delay = 2.92> <CoreInst = "m_axi">   --->   Core 121 'm_axi' <Latency = 3> <II = 1> <Delay = 1.00> <Adapter> <Opcode : 'read' 'write' 'readreq' 'writereq' 'writeresp'>

State 21 <SV = 20> <Delay = 2.92>
ST_21 : Operation 118 [52/68] (2.92ns)   --->   "%empty_19 = writeresp i1 @_ssdm_op_WriteResp.m_axi.p1i32, i32 %gmem_addr" [/home/centos/workspace/vadd_kernels/src/krnl_vadd.cpp:57]   --->   Operation 118 'writeresp' 'empty_19' <Predicate = true> <Delay = 2.92> <CoreInst = "m_axi">   --->   Core 121 'm_axi' <Latency = 3> <II = 1> <Delay = 1.00> <Adapter> <Opcode : 'read' 'write' 'readreq' 'writereq' 'writeresp'>

State 22 <SV = 21> <Delay = 2.92>
ST_22 : Operation 119 [51/68] (2.92ns)   --->   "%empty_19 = writeresp i1 @_ssdm_op_WriteResp.m_axi.p1i32, i32 %gmem_addr" [/home/centos/workspace/vadd_kernels/src/krnl_vadd.cpp:57]   --->   Operation 119 'writeresp' 'empty_19' <Predicate = true> <Delay = 2.92> <CoreInst = "m_axi">   --->   Core 121 'm_axi' <Latency = 3> <II = 1> <Delay = 1.00> <Adapter> <Opcode : 'read' 'write' 'readreq' 'writereq' 'writeresp'>

State 23 <SV = 22> <Delay = 2.92>
ST_23 : Operation 120 [50/68] (2.92ns)   --->   "%empty_19 = writeresp i1 @_ssdm_op_WriteResp.m_axi.p1i32, i32 %gmem_addr" [/home/centos/workspace/vadd_kernels/src/krnl_vadd.cpp:57]   --->   Operation 120 'writeresp' 'empty_19' <Predicate = true> <Delay = 2.92> <CoreInst = "m_axi">   --->   Core 121 'm_axi' <Latency = 3> <II = 1> <Delay = 1.00> <Adapter> <Opcode : 'read' 'write' 'readreq' 'writereq' 'writeresp'>

State 24 <SV = 23> <Delay = 2.92>
ST_24 : Operation 121 [49/68] (2.92ns)   --->   "%empty_19 = writeresp i1 @_ssdm_op_WriteResp.m_axi.p1i32, i32 %gmem_addr" [/home/centos/workspace/vadd_kernels/src/krnl_vadd.cpp:57]   --->   Operation 121 'writeresp' 'empty_19' <Predicate = true> <Delay = 2.92> <CoreInst = "m_axi">   --->   Core 121 'm_axi' <Latency = 3> <II = 1> <Delay = 1.00> <Adapter> <Opcode : 'read' 'write' 'readreq' 'writereq' 'writeresp'>

State 25 <SV = 24> <Delay = 2.92>
ST_25 : Operation 122 [48/68] (2.92ns)   --->   "%empty_19 = writeresp i1 @_ssdm_op_WriteResp.m_axi.p1i32, i32 %gmem_addr" [/home/centos/workspace/vadd_kernels/src/krnl_vadd.cpp:57]   --->   Operation 122 'writeresp' 'empty_19' <Predicate = true> <Delay = 2.92> <CoreInst = "m_axi">   --->   Core 121 'm_axi' <Latency = 3> <II = 1> <Delay = 1.00> <Adapter> <Opcode : 'read' 'write' 'readreq' 'writereq' 'writeresp'>

State 26 <SV = 25> <Delay = 2.92>
ST_26 : Operation 123 [47/68] (2.92ns)   --->   "%empty_19 = writeresp i1 @_ssdm_op_WriteResp.m_axi.p1i32, i32 %gmem_addr" [/home/centos/workspace/vadd_kernels/src/krnl_vadd.cpp:57]   --->   Operation 123 'writeresp' 'empty_19' <Predicate = true> <Delay = 2.92> <CoreInst = "m_axi">   --->   Core 121 'm_axi' <Latency = 3> <II = 1> <Delay = 1.00> <Adapter> <Opcode : 'read' 'write' 'readreq' 'writereq' 'writeresp'>

State 27 <SV = 26> <Delay = 2.92>
ST_27 : Operation 124 [46/68] (2.92ns)   --->   "%empty_19 = writeresp i1 @_ssdm_op_WriteResp.m_axi.p1i32, i32 %gmem_addr" [/home/centos/workspace/vadd_kernels/src/krnl_vadd.cpp:57]   --->   Operation 124 'writeresp' 'empty_19' <Predicate = true> <Delay = 2.92> <CoreInst = "m_axi">   --->   Core 121 'm_axi' <Latency = 3> <II = 1> <Delay = 1.00> <Adapter> <Opcode : 'read' 'write' 'readreq' 'writereq' 'writeresp'>

State 28 <SV = 27> <Delay = 2.92>
ST_28 : Operation 125 [45/68] (2.92ns)   --->   "%empty_19 = writeresp i1 @_ssdm_op_WriteResp.m_axi.p1i32, i32 %gmem_addr" [/home/centos/workspace/vadd_kernels/src/krnl_vadd.cpp:57]   --->   Operation 125 'writeresp' 'empty_19' <Predicate = true> <Delay = 2.92> <CoreInst = "m_axi">   --->   Core 121 'm_axi' <Latency = 3> <II = 1> <Delay = 1.00> <Adapter> <Opcode : 'read' 'write' 'readreq' 'writereq' 'writeresp'>

State 29 <SV = 28> <Delay = 2.92>
ST_29 : Operation 126 [44/68] (2.92ns)   --->   "%empty_19 = writeresp i1 @_ssdm_op_WriteResp.m_axi.p1i32, i32 %gmem_addr" [/home/centos/workspace/vadd_kernels/src/krnl_vadd.cpp:57]   --->   Operation 126 'writeresp' 'empty_19' <Predicate = true> <Delay = 2.92> <CoreInst = "m_axi">   --->   Core 121 'm_axi' <Latency = 3> <II = 1> <Delay = 1.00> <Adapter> <Opcode : 'read' 'write' 'readreq' 'writereq' 'writeresp'>

State 30 <SV = 29> <Delay = 2.92>
ST_30 : Operation 127 [43/68] (2.92ns)   --->   "%empty_19 = writeresp i1 @_ssdm_op_WriteResp.m_axi.p1i32, i32 %gmem_addr" [/home/centos/workspace/vadd_kernels/src/krnl_vadd.cpp:57]   --->   Operation 127 'writeresp' 'empty_19' <Predicate = true> <Delay = 2.92> <CoreInst = "m_axi">   --->   Core 121 'm_axi' <Latency = 3> <II = 1> <Delay = 1.00> <Adapter> <Opcode : 'read' 'write' 'readreq' 'writereq' 'writeresp'>

State 31 <SV = 30> <Delay = 2.92>
ST_31 : Operation 128 [42/68] (2.92ns)   --->   "%empty_19 = writeresp i1 @_ssdm_op_WriteResp.m_axi.p1i32, i32 %gmem_addr" [/home/centos/workspace/vadd_kernels/src/krnl_vadd.cpp:57]   --->   Operation 128 'writeresp' 'empty_19' <Predicate = true> <Delay = 2.92> <CoreInst = "m_axi">   --->   Core 121 'm_axi' <Latency = 3> <II = 1> <Delay = 1.00> <Adapter> <Opcode : 'read' 'write' 'readreq' 'writereq' 'writeresp'>

State 32 <SV = 31> <Delay = 2.92>
ST_32 : Operation 129 [41/68] (2.92ns)   --->   "%empty_19 = writeresp i1 @_ssdm_op_WriteResp.m_axi.p1i32, i32 %gmem_addr" [/home/centos/workspace/vadd_kernels/src/krnl_vadd.cpp:57]   --->   Operation 129 'writeresp' 'empty_19' <Predicate = true> <Delay = 2.92> <CoreInst = "m_axi">   --->   Core 121 'm_axi' <Latency = 3> <II = 1> <Delay = 1.00> <Adapter> <Opcode : 'read' 'write' 'readreq' 'writereq' 'writeresp'>

State 33 <SV = 32> <Delay = 2.92>
ST_33 : Operation 130 [40/68] (2.92ns)   --->   "%empty_19 = writeresp i1 @_ssdm_op_WriteResp.m_axi.p1i32, i32 %gmem_addr" [/home/centos/workspace/vadd_kernels/src/krnl_vadd.cpp:57]   --->   Operation 130 'writeresp' 'empty_19' <Predicate = true> <Delay = 2.92> <CoreInst = "m_axi">   --->   Core 121 'm_axi' <Latency = 3> <II = 1> <Delay = 1.00> <Adapter> <Opcode : 'read' 'write' 'readreq' 'writereq' 'writeresp'>

State 34 <SV = 33> <Delay = 2.92>
ST_34 : Operation 131 [39/68] (2.92ns)   --->   "%empty_19 = writeresp i1 @_ssdm_op_WriteResp.m_axi.p1i32, i32 %gmem_addr" [/home/centos/workspace/vadd_kernels/src/krnl_vadd.cpp:57]   --->   Operation 131 'writeresp' 'empty_19' <Predicate = true> <Delay = 2.92> <CoreInst = "m_axi">   --->   Core 121 'm_axi' <Latency = 3> <II = 1> <Delay = 1.00> <Adapter> <Opcode : 'read' 'write' 'readreq' 'writereq' 'writeresp'>

State 35 <SV = 34> <Delay = 2.92>
ST_35 : Operation 132 [38/68] (2.92ns)   --->   "%empty_19 = writeresp i1 @_ssdm_op_WriteResp.m_axi.p1i32, i32 %gmem_addr" [/home/centos/workspace/vadd_kernels/src/krnl_vadd.cpp:57]   --->   Operation 132 'writeresp' 'empty_19' <Predicate = true> <Delay = 2.92> <CoreInst = "m_axi">   --->   Core 121 'm_axi' <Latency = 3> <II = 1> <Delay = 1.00> <Adapter> <Opcode : 'read' 'write' 'readreq' 'writereq' 'writeresp'>

State 36 <SV = 35> <Delay = 2.92>
ST_36 : Operation 133 [37/68] (2.92ns)   --->   "%empty_19 = writeresp i1 @_ssdm_op_WriteResp.m_axi.p1i32, i32 %gmem_addr" [/home/centos/workspace/vadd_kernels/src/krnl_vadd.cpp:57]   --->   Operation 133 'writeresp' 'empty_19' <Predicate = true> <Delay = 2.92> <CoreInst = "m_axi">   --->   Core 121 'm_axi' <Latency = 3> <II = 1> <Delay = 1.00> <Adapter> <Opcode : 'read' 'write' 'readreq' 'writereq' 'writeresp'>

State 37 <SV = 36> <Delay = 2.92>
ST_37 : Operation 134 [36/68] (2.92ns)   --->   "%empty_19 = writeresp i1 @_ssdm_op_WriteResp.m_axi.p1i32, i32 %gmem_addr" [/home/centos/workspace/vadd_kernels/src/krnl_vadd.cpp:57]   --->   Operation 134 'writeresp' 'empty_19' <Predicate = true> <Delay = 2.92> <CoreInst = "m_axi">   --->   Core 121 'm_axi' <Latency = 3> <II = 1> <Delay = 1.00> <Adapter> <Opcode : 'read' 'write' 'readreq' 'writereq' 'writeresp'>

State 38 <SV = 37> <Delay = 2.92>
ST_38 : Operation 135 [35/68] (2.92ns)   --->   "%empty_19 = writeresp i1 @_ssdm_op_WriteResp.m_axi.p1i32, i32 %gmem_addr" [/home/centos/workspace/vadd_kernels/src/krnl_vadd.cpp:57]   --->   Operation 135 'writeresp' 'empty_19' <Predicate = true> <Delay = 2.92> <CoreInst = "m_axi">   --->   Core 121 'm_axi' <Latency = 3> <II = 1> <Delay = 1.00> <Adapter> <Opcode : 'read' 'write' 'readreq' 'writereq' 'writeresp'>

State 39 <SV = 38> <Delay = 2.92>
ST_39 : Operation 136 [34/68] (2.92ns)   --->   "%empty_19 = writeresp i1 @_ssdm_op_WriteResp.m_axi.p1i32, i32 %gmem_addr" [/home/centos/workspace/vadd_kernels/src/krnl_vadd.cpp:57]   --->   Operation 136 'writeresp' 'empty_19' <Predicate = true> <Delay = 2.92> <CoreInst = "m_axi">   --->   Core 121 'm_axi' <Latency = 3> <II = 1> <Delay = 1.00> <Adapter> <Opcode : 'read' 'write' 'readreq' 'writereq' 'writeresp'>

State 40 <SV = 39> <Delay = 2.92>
ST_40 : Operation 137 [33/68] (2.92ns)   --->   "%empty_19 = writeresp i1 @_ssdm_op_WriteResp.m_axi.p1i32, i32 %gmem_addr" [/home/centos/workspace/vadd_kernels/src/krnl_vadd.cpp:57]   --->   Operation 137 'writeresp' 'empty_19' <Predicate = true> <Delay = 2.92> <CoreInst = "m_axi">   --->   Core 121 'm_axi' <Latency = 3> <II = 1> <Delay = 1.00> <Adapter> <Opcode : 'read' 'write' 'readreq' 'writereq' 'writeresp'>

State 41 <SV = 40> <Delay = 2.92>
ST_41 : Operation 138 [32/68] (2.92ns)   --->   "%empty_19 = writeresp i1 @_ssdm_op_WriteResp.m_axi.p1i32, i32 %gmem_addr" [/home/centos/workspace/vadd_kernels/src/krnl_vadd.cpp:57]   --->   Operation 138 'writeresp' 'empty_19' <Predicate = true> <Delay = 2.92> <CoreInst = "m_axi">   --->   Core 121 'm_axi' <Latency = 3> <II = 1> <Delay = 1.00> <Adapter> <Opcode : 'read' 'write' 'readreq' 'writereq' 'writeresp'>

State 42 <SV = 41> <Delay = 2.92>
ST_42 : Operation 139 [31/68] (2.92ns)   --->   "%empty_19 = writeresp i1 @_ssdm_op_WriteResp.m_axi.p1i32, i32 %gmem_addr" [/home/centos/workspace/vadd_kernels/src/krnl_vadd.cpp:57]   --->   Operation 139 'writeresp' 'empty_19' <Predicate = true> <Delay = 2.92> <CoreInst = "m_axi">   --->   Core 121 'm_axi' <Latency = 3> <II = 1> <Delay = 1.00> <Adapter> <Opcode : 'read' 'write' 'readreq' 'writereq' 'writeresp'>

State 43 <SV = 42> <Delay = 2.92>
ST_43 : Operation 140 [30/68] (2.92ns)   --->   "%empty_19 = writeresp i1 @_ssdm_op_WriteResp.m_axi.p1i32, i32 %gmem_addr" [/home/centos/workspace/vadd_kernels/src/krnl_vadd.cpp:57]   --->   Operation 140 'writeresp' 'empty_19' <Predicate = true> <Delay = 2.92> <CoreInst = "m_axi">   --->   Core 121 'm_axi' <Latency = 3> <II = 1> <Delay = 1.00> <Adapter> <Opcode : 'read' 'write' 'readreq' 'writereq' 'writeresp'>

State 44 <SV = 43> <Delay = 2.92>
ST_44 : Operation 141 [29/68] (2.92ns)   --->   "%empty_19 = writeresp i1 @_ssdm_op_WriteResp.m_axi.p1i32, i32 %gmem_addr" [/home/centos/workspace/vadd_kernels/src/krnl_vadd.cpp:57]   --->   Operation 141 'writeresp' 'empty_19' <Predicate = true> <Delay = 2.92> <CoreInst = "m_axi">   --->   Core 121 'm_axi' <Latency = 3> <II = 1> <Delay = 1.00> <Adapter> <Opcode : 'read' 'write' 'readreq' 'writereq' 'writeresp'>

State 45 <SV = 44> <Delay = 2.92>
ST_45 : Operation 142 [28/68] (2.92ns)   --->   "%empty_19 = writeresp i1 @_ssdm_op_WriteResp.m_axi.p1i32, i32 %gmem_addr" [/home/centos/workspace/vadd_kernels/src/krnl_vadd.cpp:57]   --->   Operation 142 'writeresp' 'empty_19' <Predicate = true> <Delay = 2.92> <CoreInst = "m_axi">   --->   Core 121 'm_axi' <Latency = 3> <II = 1> <Delay = 1.00> <Adapter> <Opcode : 'read' 'write' 'readreq' 'writereq' 'writeresp'>

State 46 <SV = 45> <Delay = 2.92>
ST_46 : Operation 143 [27/68] (2.92ns)   --->   "%empty_19 = writeresp i1 @_ssdm_op_WriteResp.m_axi.p1i32, i32 %gmem_addr" [/home/centos/workspace/vadd_kernels/src/krnl_vadd.cpp:57]   --->   Operation 143 'writeresp' 'empty_19' <Predicate = true> <Delay = 2.92> <CoreInst = "m_axi">   --->   Core 121 'm_axi' <Latency = 3> <II = 1> <Delay = 1.00> <Adapter> <Opcode : 'read' 'write' 'readreq' 'writereq' 'writeresp'>

State 47 <SV = 46> <Delay = 2.92>
ST_47 : Operation 144 [26/68] (2.92ns)   --->   "%empty_19 = writeresp i1 @_ssdm_op_WriteResp.m_axi.p1i32, i32 %gmem_addr" [/home/centos/workspace/vadd_kernels/src/krnl_vadd.cpp:57]   --->   Operation 144 'writeresp' 'empty_19' <Predicate = true> <Delay = 2.92> <CoreInst = "m_axi">   --->   Core 121 'm_axi' <Latency = 3> <II = 1> <Delay = 1.00> <Adapter> <Opcode : 'read' 'write' 'readreq' 'writereq' 'writeresp'>

State 48 <SV = 47> <Delay = 2.92>
ST_48 : Operation 145 [25/68] (2.92ns)   --->   "%empty_19 = writeresp i1 @_ssdm_op_WriteResp.m_axi.p1i32, i32 %gmem_addr" [/home/centos/workspace/vadd_kernels/src/krnl_vadd.cpp:57]   --->   Operation 145 'writeresp' 'empty_19' <Predicate = true> <Delay = 2.92> <CoreInst = "m_axi">   --->   Core 121 'm_axi' <Latency = 3> <II = 1> <Delay = 1.00> <Adapter> <Opcode : 'read' 'write' 'readreq' 'writereq' 'writeresp'>

State 49 <SV = 48> <Delay = 2.92>
ST_49 : Operation 146 [24/68] (2.92ns)   --->   "%empty_19 = writeresp i1 @_ssdm_op_WriteResp.m_axi.p1i32, i32 %gmem_addr" [/home/centos/workspace/vadd_kernels/src/krnl_vadd.cpp:57]   --->   Operation 146 'writeresp' 'empty_19' <Predicate = true> <Delay = 2.92> <CoreInst = "m_axi">   --->   Core 121 'm_axi' <Latency = 3> <II = 1> <Delay = 1.00> <Adapter> <Opcode : 'read' 'write' 'readreq' 'writereq' 'writeresp'>

State 50 <SV = 49> <Delay = 2.92>
ST_50 : Operation 147 [23/68] (2.92ns)   --->   "%empty_19 = writeresp i1 @_ssdm_op_WriteResp.m_axi.p1i32, i32 %gmem_addr" [/home/centos/workspace/vadd_kernels/src/krnl_vadd.cpp:57]   --->   Operation 147 'writeresp' 'empty_19' <Predicate = true> <Delay = 2.92> <CoreInst = "m_axi">   --->   Core 121 'm_axi' <Latency = 3> <II = 1> <Delay = 1.00> <Adapter> <Opcode : 'read' 'write' 'readreq' 'writereq' 'writeresp'>

State 51 <SV = 50> <Delay = 2.92>
ST_51 : Operation 148 [22/68] (2.92ns)   --->   "%empty_19 = writeresp i1 @_ssdm_op_WriteResp.m_axi.p1i32, i32 %gmem_addr" [/home/centos/workspace/vadd_kernels/src/krnl_vadd.cpp:57]   --->   Operation 148 'writeresp' 'empty_19' <Predicate = true> <Delay = 2.92> <CoreInst = "m_axi">   --->   Core 121 'm_axi' <Latency = 3> <II = 1> <Delay = 1.00> <Adapter> <Opcode : 'read' 'write' 'readreq' 'writereq' 'writeresp'>

State 52 <SV = 51> <Delay = 2.92>
ST_52 : Operation 149 [21/68] (2.92ns)   --->   "%empty_19 = writeresp i1 @_ssdm_op_WriteResp.m_axi.p1i32, i32 %gmem_addr" [/home/centos/workspace/vadd_kernels/src/krnl_vadd.cpp:57]   --->   Operation 149 'writeresp' 'empty_19' <Predicate = true> <Delay = 2.92> <CoreInst = "m_axi">   --->   Core 121 'm_axi' <Latency = 3> <II = 1> <Delay = 1.00> <Adapter> <Opcode : 'read' 'write' 'readreq' 'writereq' 'writeresp'>

State 53 <SV = 52> <Delay = 2.92>
ST_53 : Operation 150 [20/68] (2.92ns)   --->   "%empty_19 = writeresp i1 @_ssdm_op_WriteResp.m_axi.p1i32, i32 %gmem_addr" [/home/centos/workspace/vadd_kernels/src/krnl_vadd.cpp:57]   --->   Operation 150 'writeresp' 'empty_19' <Predicate = true> <Delay = 2.92> <CoreInst = "m_axi">   --->   Core 121 'm_axi' <Latency = 3> <II = 1> <Delay = 1.00> <Adapter> <Opcode : 'read' 'write' 'readreq' 'writereq' 'writeresp'>

State 54 <SV = 53> <Delay = 2.92>
ST_54 : Operation 151 [19/68] (2.92ns)   --->   "%empty_19 = writeresp i1 @_ssdm_op_WriteResp.m_axi.p1i32, i32 %gmem_addr" [/home/centos/workspace/vadd_kernels/src/krnl_vadd.cpp:57]   --->   Operation 151 'writeresp' 'empty_19' <Predicate = true> <Delay = 2.92> <CoreInst = "m_axi">   --->   Core 121 'm_axi' <Latency = 3> <II = 1> <Delay = 1.00> <Adapter> <Opcode : 'read' 'write' 'readreq' 'writereq' 'writeresp'>

State 55 <SV = 54> <Delay = 2.92>
ST_55 : Operation 152 [18/68] (2.92ns)   --->   "%empty_19 = writeresp i1 @_ssdm_op_WriteResp.m_axi.p1i32, i32 %gmem_addr" [/home/centos/workspace/vadd_kernels/src/krnl_vadd.cpp:57]   --->   Operation 152 'writeresp' 'empty_19' <Predicate = true> <Delay = 2.92> <CoreInst = "m_axi">   --->   Core 121 'm_axi' <Latency = 3> <II = 1> <Delay = 1.00> <Adapter> <Opcode : 'read' 'write' 'readreq' 'writereq' 'writeresp'>

State 56 <SV = 55> <Delay = 2.92>
ST_56 : Operation 153 [17/68] (2.92ns)   --->   "%empty_19 = writeresp i1 @_ssdm_op_WriteResp.m_axi.p1i32, i32 %gmem_addr" [/home/centos/workspace/vadd_kernels/src/krnl_vadd.cpp:57]   --->   Operation 153 'writeresp' 'empty_19' <Predicate = true> <Delay = 2.92> <CoreInst = "m_axi">   --->   Core 121 'm_axi' <Latency = 3> <II = 1> <Delay = 1.00> <Adapter> <Opcode : 'read' 'write' 'readreq' 'writereq' 'writeresp'>

State 57 <SV = 56> <Delay = 2.92>
ST_57 : Operation 154 [16/68] (2.92ns)   --->   "%empty_19 = writeresp i1 @_ssdm_op_WriteResp.m_axi.p1i32, i32 %gmem_addr" [/home/centos/workspace/vadd_kernels/src/krnl_vadd.cpp:57]   --->   Operation 154 'writeresp' 'empty_19' <Predicate = true> <Delay = 2.92> <CoreInst = "m_axi">   --->   Core 121 'm_axi' <Latency = 3> <II = 1> <Delay = 1.00> <Adapter> <Opcode : 'read' 'write' 'readreq' 'writereq' 'writeresp'>

State 58 <SV = 57> <Delay = 2.92>
ST_58 : Operation 155 [15/68] (2.92ns)   --->   "%empty_19 = writeresp i1 @_ssdm_op_WriteResp.m_axi.p1i32, i32 %gmem_addr" [/home/centos/workspace/vadd_kernels/src/krnl_vadd.cpp:57]   --->   Operation 155 'writeresp' 'empty_19' <Predicate = true> <Delay = 2.92> <CoreInst = "m_axi">   --->   Core 121 'm_axi' <Latency = 3> <II = 1> <Delay = 1.00> <Adapter> <Opcode : 'read' 'write' 'readreq' 'writereq' 'writeresp'>

State 59 <SV = 58> <Delay = 2.92>
ST_59 : Operation 156 [14/68] (2.92ns)   --->   "%empty_19 = writeresp i1 @_ssdm_op_WriteResp.m_axi.p1i32, i32 %gmem_addr" [/home/centos/workspace/vadd_kernels/src/krnl_vadd.cpp:57]   --->   Operation 156 'writeresp' 'empty_19' <Predicate = true> <Delay = 2.92> <CoreInst = "m_axi">   --->   Core 121 'm_axi' <Latency = 3> <II = 1> <Delay = 1.00> <Adapter> <Opcode : 'read' 'write' 'readreq' 'writereq' 'writeresp'>

State 60 <SV = 59> <Delay = 2.92>
ST_60 : Operation 157 [13/68] (2.92ns)   --->   "%empty_19 = writeresp i1 @_ssdm_op_WriteResp.m_axi.p1i32, i32 %gmem_addr" [/home/centos/workspace/vadd_kernels/src/krnl_vadd.cpp:57]   --->   Operation 157 'writeresp' 'empty_19' <Predicate = true> <Delay = 2.92> <CoreInst = "m_axi">   --->   Core 121 'm_axi' <Latency = 3> <II = 1> <Delay = 1.00> <Adapter> <Opcode : 'read' 'write' 'readreq' 'writereq' 'writeresp'>

State 61 <SV = 60> <Delay = 2.92>
ST_61 : Operation 158 [12/68] (2.92ns)   --->   "%empty_19 = writeresp i1 @_ssdm_op_WriteResp.m_axi.p1i32, i32 %gmem_addr" [/home/centos/workspace/vadd_kernels/src/krnl_vadd.cpp:57]   --->   Operation 158 'writeresp' 'empty_19' <Predicate = true> <Delay = 2.92> <CoreInst = "m_axi">   --->   Core 121 'm_axi' <Latency = 3> <II = 1> <Delay = 1.00> <Adapter> <Opcode : 'read' 'write' 'readreq' 'writereq' 'writeresp'>

State 62 <SV = 61> <Delay = 2.92>
ST_62 : Operation 159 [11/68] (2.92ns)   --->   "%empty_19 = writeresp i1 @_ssdm_op_WriteResp.m_axi.p1i32, i32 %gmem_addr" [/home/centos/workspace/vadd_kernels/src/krnl_vadd.cpp:57]   --->   Operation 159 'writeresp' 'empty_19' <Predicate = true> <Delay = 2.92> <CoreInst = "m_axi">   --->   Core 121 'm_axi' <Latency = 3> <II = 1> <Delay = 1.00> <Adapter> <Opcode : 'read' 'write' 'readreq' 'writereq' 'writeresp'>

State 63 <SV = 62> <Delay = 2.92>
ST_63 : Operation 160 [10/68] (2.92ns)   --->   "%empty_19 = writeresp i1 @_ssdm_op_WriteResp.m_axi.p1i32, i32 %gmem_addr" [/home/centos/workspace/vadd_kernels/src/krnl_vadd.cpp:57]   --->   Operation 160 'writeresp' 'empty_19' <Predicate = true> <Delay = 2.92> <CoreInst = "m_axi">   --->   Core 121 'm_axi' <Latency = 3> <II = 1> <Delay = 1.00> <Adapter> <Opcode : 'read' 'write' 'readreq' 'writereq' 'writeresp'>

State 64 <SV = 63> <Delay = 2.92>
ST_64 : Operation 161 [9/68] (2.92ns)   --->   "%empty_19 = writeresp i1 @_ssdm_op_WriteResp.m_axi.p1i32, i32 %gmem_addr" [/home/centos/workspace/vadd_kernels/src/krnl_vadd.cpp:57]   --->   Operation 161 'writeresp' 'empty_19' <Predicate = true> <Delay = 2.92> <CoreInst = "m_axi">   --->   Core 121 'm_axi' <Latency = 3> <II = 1> <Delay = 1.00> <Adapter> <Opcode : 'read' 'write' 'readreq' 'writereq' 'writeresp'>

State 65 <SV = 64> <Delay = 2.92>
ST_65 : Operation 162 [8/68] (2.92ns)   --->   "%empty_19 = writeresp i1 @_ssdm_op_WriteResp.m_axi.p1i32, i32 %gmem_addr" [/home/centos/workspace/vadd_kernels/src/krnl_vadd.cpp:57]   --->   Operation 162 'writeresp' 'empty_19' <Predicate = true> <Delay = 2.92> <CoreInst = "m_axi">   --->   Core 121 'm_axi' <Latency = 3> <II = 1> <Delay = 1.00> <Adapter> <Opcode : 'read' 'write' 'readreq' 'writereq' 'writeresp'>

State 66 <SV = 65> <Delay = 2.92>
ST_66 : Operation 163 [7/68] (2.92ns)   --->   "%empty_19 = writeresp i1 @_ssdm_op_WriteResp.m_axi.p1i32, i32 %gmem_addr" [/home/centos/workspace/vadd_kernels/src/krnl_vadd.cpp:57]   --->   Operation 163 'writeresp' 'empty_19' <Predicate = true> <Delay = 2.92> <CoreInst = "m_axi">   --->   Core 121 'm_axi' <Latency = 3> <II = 1> <Delay = 1.00> <Adapter> <Opcode : 'read' 'write' 'readreq' 'writereq' 'writeresp'>

State 67 <SV = 66> <Delay = 2.92>
ST_67 : Operation 164 [6/68] (2.92ns)   --->   "%empty_19 = writeresp i1 @_ssdm_op_WriteResp.m_axi.p1i32, i32 %gmem_addr" [/home/centos/workspace/vadd_kernels/src/krnl_vadd.cpp:57]   --->   Operation 164 'writeresp' 'empty_19' <Predicate = true> <Delay = 2.92> <CoreInst = "m_axi">   --->   Core 121 'm_axi' <Latency = 3> <II = 1> <Delay = 1.00> <Adapter> <Opcode : 'read' 'write' 'readreq' 'writereq' 'writeresp'>

State 68 <SV = 67> <Delay = 2.92>
ST_68 : Operation 165 [5/68] (2.92ns)   --->   "%empty_19 = writeresp i1 @_ssdm_op_WriteResp.m_axi.p1i32, i32 %gmem_addr" [/home/centos/workspace/vadd_kernels/src/krnl_vadd.cpp:57]   --->   Operation 165 'writeresp' 'empty_19' <Predicate = true> <Delay = 2.92> <CoreInst = "m_axi">   --->   Core 121 'm_axi' <Latency = 3> <II = 1> <Delay = 1.00> <Adapter> <Opcode : 'read' 'write' 'readreq' 'writereq' 'writeresp'>

State 69 <SV = 68> <Delay = 2.92>
ST_69 : Operation 166 [4/68] (2.92ns)   --->   "%empty_19 = writeresp i1 @_ssdm_op_WriteResp.m_axi.p1i32, i32 %gmem_addr" [/home/centos/workspace/vadd_kernels/src/krnl_vadd.cpp:57]   --->   Operation 166 'writeresp' 'empty_19' <Predicate = true> <Delay = 2.92> <CoreInst = "m_axi">   --->   Core 121 'm_axi' <Latency = 3> <II = 1> <Delay = 1.00> <Adapter> <Opcode : 'read' 'write' 'readreq' 'writereq' 'writeresp'>

State 70 <SV = 69> <Delay = 2.92>
ST_70 : Operation 167 [3/68] (2.92ns)   --->   "%empty_19 = writeresp i1 @_ssdm_op_WriteResp.m_axi.p1i32, i32 %gmem_addr" [/home/centos/workspace/vadd_kernels/src/krnl_vadd.cpp:57]   --->   Operation 167 'writeresp' 'empty_19' <Predicate = true> <Delay = 2.92> <CoreInst = "m_axi">   --->   Core 121 'm_axi' <Latency = 3> <II = 1> <Delay = 1.00> <Adapter> <Opcode : 'read' 'write' 'readreq' 'writereq' 'writeresp'>

State 71 <SV = 70> <Delay = 2.92>
ST_71 : Operation 168 [2/68] (2.92ns)   --->   "%empty_19 = writeresp i1 @_ssdm_op_WriteResp.m_axi.p1i32, i32 %gmem_addr" [/home/centos/workspace/vadd_kernels/src/krnl_vadd.cpp:57]   --->   Operation 168 'writeresp' 'empty_19' <Predicate = true> <Delay = 2.92> <CoreInst = "m_axi">   --->   Core 121 'm_axi' <Latency = 3> <II = 1> <Delay = 1.00> <Adapter> <Opcode : 'read' 'write' 'readreq' 'writereq' 'writeresp'>

State 72 <SV = 71> <Delay = 2.92>
ST_72 : Operation 169 [1/68] (2.92ns)   --->   "%empty_19 = writeresp i1 @_ssdm_op_WriteResp.m_axi.p1i32, i32 %gmem_addr" [/home/centos/workspace/vadd_kernels/src/krnl_vadd.cpp:57]   --->   Operation 169 'writeresp' 'empty_19' <Predicate = (icmp_ln51)> <Delay = 2.92> <CoreInst = "m_axi">   --->   Core 121 'm_axi' <Latency = 3> <II = 1> <Delay = 1.00> <Adapter> <Opcode : 'read' 'write' 'readreq' 'writereq' 'writeresp'>
ST_72 : Operation 170 [1/1] (0.00ns)   --->   "%br_ln57 = br void %._crit_edge" [/home/centos/workspace/vadd_kernels/src/krnl_vadd.cpp:57]   --->   Operation 170 'br' 'br_ln57' <Predicate = (icmp_ln51)> <Delay = 0.00>
ST_72 : Operation 171 [1/1] (0.00ns)   --->   "%ret_ln57 = ret" [/home/centos/workspace/vadd_kernels/src/krnl_vadd.cpp:57]   --->   Operation 171 'ret' 'ret_ln57' <Predicate = true> <Delay = 0.00>


============================================================
+ Verbose Summary: Binding
============================================================
STG Binding: 
---------------- STG Properties BEGIN ----------------
- Is combinational: 0
- Is one-state seq: 0
- Is datapath-only: 0
- Is pipelined: 0
- Is top level: 1
Port [ Return ] is wired: 1; IO mode=ap_ctrl_chain:ce=0
Port [ gmem]:  wired=1; compound=1; hidden=0; nouse=0; global=0; static=0; extern=0; dir=2; type=4; pingpong=0; private_global=0; IO mode=m_axi:ce=0
Port [ in1]:  wired=1; compound=0; hidden=0; nouse=0; global=0; static=0; extern=0; dir=0; type=0; pingpong=0; private_global=0; IO mode=ap_none:ce=0
Port [ in2]:  wired=1; compound=0; hidden=0; nouse=0; global=0; static=0; extern=0; dir=0; type=0; pingpong=0; private_global=0; IO mode=ap_none:ce=0
Port [ out_r]:  wired=1; compound=0; hidden=0; nouse=0; global=0; static=0; extern=0; dir=0; type=0; pingpong=0; private_global=0; IO mode=ap_none:ce=0
Port [ elements]:  wired=1; compound=0; hidden=0; nouse=0; global=0; static=0; extern=0; dir=0; type=0; pingpong=0; private_global=0; IO mode=ap_none:ce=0
---------------- STG Properties END ------------------

---------------- Datapath Model BEGIN ----------------

<LifeTime>
<method=bitvector/>
elements_read     (read         ) [ 0010000000000000000000000000000000000000000000000000000000000000000000000]
out_read          (read         ) [ 0010000000000000000000000000000000000000000000000000000000000000000000000]
icmp_ln51         (icmp         ) [ 0011111111111111111111111111111111111111111111111111111111111111111111111]
spectopmodule_ln0 (spectopmodule) [ 0000000000000000000000000000000000000000000000000000000000000000000000000]
specinterface_ln0 (specinterface) [ 0000000000000000000000000000000000000000000000000000000000000000000000000]
specinterface_ln0 (specinterface) [ 0000000000000000000000000000000000000000000000000000000000000000000000000]
specbitsmap_ln0   (specbitsmap  ) [ 0000000000000000000000000000000000000000000000000000000000000000000000000]
specinterface_ln0 (specinterface) [ 0000000000000000000000000000000000000000000000000000000000000000000000000]
specinterface_ln0 (specinterface) [ 0000000000000000000000000000000000000000000000000000000000000000000000000]
specinterface_ln0 (specinterface) [ 0000000000000000000000000000000000000000000000000000000000000000000000000]
specinterface_ln0 (specinterface) [ 0000000000000000000000000000000000000000000000000000000000000000000000000]
specinterface_ln0 (specinterface) [ 0000000000000000000000000000000000000000000000000000000000000000000000000]
specinterface_ln0 (specinterface) [ 0000000000000000000000000000000000000000000000000000000000000000000000000]
specbitsmap_ln0   (specbitsmap  ) [ 0000000000000000000000000000000000000000000000000000000000000000000000000]
specinterface_ln0 (specinterface) [ 0000000000000000000000000000000000000000000000000000000000000000000000000]
specinterface_ln0 (specinterface) [ 0000000000000000000000000000000000000000000000000000000000000000000000000]
specinterface_ln0 (specinterface) [ 0000000000000000000000000000000000000000000000000000000000000000000000000]
in2_read          (read         ) [ 0000000000000000000000000000000000000000000000000000000000000000000000000]
in1_read          (read         ) [ 0000000000000000000000000000000000000000000000000000000000000000000000000]
br_ln51           (br           ) [ 0000000000000000000000000000000000000000000000000000000000000000000000000]
trunc_ln51        (trunc        ) [ 0001100000000000000000000000000000000000000000000000000000000000000000000]
trunc_ln          (partselect   ) [ 0001100000000000000000000000000000000000000000000000000000000000000000000]
trunc_ln51_1      (partselect   ) [ 0001100000000000000000000000000000000000000000000000000000000000000000000]
trunc_ln51_2      (partselect   ) [ 0001100000000000000000000000000000000000000000000000000000000000000000000]
sext_ln51         (sext         ) [ 0000000000000000000000000000000000000000000000000000000000000000000000000]
gmem_addr         (getelementptr) [ 0001111111111111111111111111111111111111111111111111111111111111111111111]
empty             (writereq     ) [ 0000000000000000000000000000000000000000000000000000000000000000000000000]
call_ln51         (call         ) [ 0000000000000000000000000000000000000000000000000000000000000000000000000]
empty_19          (writeresp    ) [ 0000000000000000000000000000000000000000000000000000000000000000000000000]
br_ln57           (br           ) [ 0000000000000000000000000000000000000000000000000000000000000000000000000]
ret_ln57          (ret          ) [ 0000000000000000000000000000000000000000000000000000000000000000000000000]
</LifeTime>

<model>

<comp_list>
<comp id="0" class="1000" name="gmem">
<pin_list>
<pin id="1" dir="1" index="0" bw="1" slack="0"/>
</pin_list>
<bind>
<StgValue><ssdm name="gmem"/></StgValue>
</bind>
</comp>

<comp id="2" class="1000" name="in1">
<pin_list>
<pin id="3" dir="1" index="0" bw="1" slack="0"/>
</pin_list>
<bind>
<StgValue><ssdm name="in1"/></StgValue>
</bind>
</comp>

<comp id="4" class="1000" name="in2">
<pin_list>
<pin id="5" dir="1" index="0" bw="1" slack="0"/>
</pin_list>
<bind>
<StgValue><ssdm name="in2"/></StgValue>
</bind>
</comp>

<comp id="6" class="1000" name="out_r">
<pin_list>
<pin id="7" dir="1" index="0" bw="1" slack="0"/>
</pin_list>
<bind>
<StgValue><ssdm name="out_r"/></StgValue>
</bind>
</comp>

<comp id="8" class="1000" name="elements">
<pin_list>
<pin id="9" dir="1" index="0" bw="1" slack="0"/>
</pin_list>
<bind>
<StgValue><ssdm name="elements"/></StgValue>
</bind>
</comp>

<comp id="10" class="1001" name="const_10">
<pin_list>
<pin id="11" dir="1" index="0" bw="1" slack="0"/>
</pin_list>
<bind>
<StgValue><ssdm name="_ssdm_op_Read.ap_none.i32"/></StgValue>
</bind>
</comp>

<comp id="12" class="1001" name="const_12">
<pin_list>
<pin id="13" dir="1" index="0" bw="1" slack="0"/>
</pin_list>
<bind>
<StgValue><ssdm name="_ssdm_op_Read.ap_none.i64"/></StgValue>
</bind>
</comp>

<comp id="14" class="1001" name="const_14">
<pin_list>
<pin id="15" dir="1" index="0" bw="1" slack="0"/>
</pin_list>
<bind>
<StgValue><ssdm name=""/></StgValue>
</bind>
</comp>

<comp id="16" class="1001" name="const_16">
<pin_list>
<pin id="17" dir="1" index="0" bw="1" slack="2147483647"/>
</pin_list>
<bind>
<StgValue><ssdm name="_ssdm_op_SpecTopModule"/></StgValue>
</bind>
</comp>

<comp id="18" class="1001" name="const_18">
<pin_list>
<pin id="19" dir="1" index="0" bw="1" slack="2147483647"/>
</pin_list>
<bind>
<StgValue><ssdm name="empty_9"/></StgValue>
</bind>
</comp>

<comp id="20" class="1001" name="const_20">
<pin_list>
<pin id="21" dir="1" index="0" bw="1" slack="2147483647"/>
</pin_list>
<bind>
<StgValue><ssdm name="_ssdm_op_SpecInterface"/></StgValue>
</bind>
</comp>

<comp id="22" class="1001" name="const_22">
<pin_list>
<pin id="23" dir="1" index="0" bw="1" slack="2147483647"/>
</pin_list>
<bind>
<StgValue><ssdm name="empty_10"/></StgValue>
</bind>
</comp>

<comp id="24" class="1001" name="const_24">
<pin_list>
<pin id="25" dir="1" index="0" bw="1" slack="2147483647"/>
</pin_list>
<bind>
<StgValue><ssdm name="empty"/></StgValue>
</bind>
</comp>

<comp id="26" class="1001" name="const_26">
<pin_list>
<pin id="27" dir="1" index="0" bw="1" slack="2147483647"/>
</pin_list>
<bind>
<StgValue><ssdm name="empty_12"/></StgValue>
</bind>
</comp>

<comp id="28" class="1001" name="const_28">
<pin_list>
<pin id="29" dir="1" index="0" bw="1" slack="2147483647"/>
</pin_list>
<bind>
<StgValue><ssdm name=""/></StgValue>
</bind>
</comp>

<comp id="30" class="1001" name="const_30">
<pin_list>
<pin id="31" dir="1" index="0" bw="1" slack="2147483647"/>
</pin_list>
<bind>
<StgValue><ssdm name="empty_0"/></StgValue>
</bind>
</comp>

<comp id="32" class="1001" name="const_32">
<pin_list>
<pin id="33" dir="1" index="0" bw="1" slack="2147483647"/>
</pin_list>
<bind>
<StgValue><ssdm name="empty_1"/></StgValue>
</bind>
</comp>

<comp id="34" class="1001" name="const_34">
<pin_list>
<pin id="35" dir="1" index="0" bw="1" slack="2147483647"/>
</pin_list>
<bind>
<StgValue><ssdm name=""/></StgValue>
</bind>
</comp>

<comp id="36" class="1001" name="const_36">
<pin_list>
<pin id="37" dir="1" index="0" bw="1" slack="2147483647"/>
</pin_list>
<bind>
<StgValue><ssdm name="_ssdm_op_SpecBitsMap"/></StgValue>
</bind>
</comp>

<comp id="38" class="1001" name="const_38">
<pin_list>
<pin id="39" dir="1" index="0" bw="1" slack="2147483647"/>
</pin_list>
<bind>
<StgValue><ssdm name="empty_2"/></StgValue>
</bind>
</comp>

<comp id="40" class="1001" name="const_40">
<pin_list>
<pin id="41" dir="1" index="0" bw="1" slack="2147483647"/>
</pin_list>
<bind>
<StgValue><ssdm name="empty_3"/></StgValue>
</bind>
</comp>

<comp id="42" class="1001" name="const_42">
<pin_list>
<pin id="43" dir="1" index="0" bw="1" slack="2147483647"/>
</pin_list>
<bind>
<StgValue><ssdm name="empty_4"/></StgValue>
</bind>
</comp>

<comp id="44" class="1001" name="const_44">
<pin_list>
<pin id="45" dir="1" index="0" bw="1" slack="2147483647"/>
</pin_list>
<bind>
<StgValue><ssdm name="empty_13"/></StgValue>
</bind>
</comp>

<comp id="46" class="1001" name="const_46">
<pin_list>
<pin id="47" dir="1" index="0" bw="1" slack="2147483647"/>
</pin_list>
<bind>
<StgValue><ssdm name="empty_5"/></StgValue>
</bind>
</comp>

<comp id="48" class="1001" name="const_48">
<pin_list>
<pin id="49" dir="1" index="0" bw="1" slack="2147483647"/>
</pin_list>
<bind>
<StgValue><ssdm name="empty_6"/></StgValue>
</bind>
</comp>

<comp id="50" class="1001" name="const_50">
<pin_list>
<pin id="51" dir="1" index="0" bw="1" slack="2147483647"/>
</pin_list>
<bind>
<StgValue><ssdm name="empty_7"/></StgValue>
</bind>
</comp>

<comp id="52" class="1001" name="const_52">
<pin_list>
<pin id="53" dir="1" index="0" bw="1" slack="2147483647"/>
</pin_list>
<bind>
<StgValue><ssdm name="empty_8"/></StgValue>
</bind>
</comp>

<comp id="54" class="1001" name="const_54">
<pin_list>
<pin id="55" dir="1" index="0" bw="1" slack="0"/>
</pin_list>
<bind>
<StgValue><ssdm name="_ssdm_op_PartSelect.i62.i64.i32.i32"/></StgValue>
</bind>
</comp>

<comp id="56" class="1001" name="const_56">
<pin_list>
<pin id="57" dir="1" index="0" bw="1" slack="0"/>
</pin_list>
<bind>
<StgValue><ssdm name=""/></StgValue>
</bind>
</comp>

<comp id="58" class="1001" name="const_58">
<pin_list>
<pin id="59" dir="1" index="0" bw="1" slack="0"/>
</pin_list>
<bind>
<StgValue><ssdm name=""/></StgValue>
</bind>
</comp>

<comp id="60" class="1001" name="const_60">
<pin_list>
<pin id="61" dir="1" index="0" bw="1" slack="0"/>
</pin_list>
<bind>
<StgValue><ssdm name="_ssdm_op_WriteReq.m_axi.p1i32"/></StgValue>
</bind>
</comp>

<comp id="62" class="1001" name="const_62">
<pin_list>
<pin id="63" dir="1" index="0" bw="1" slack="0"/>
</pin_list>
<bind>
<StgValue><ssdm name="krnl_vadd_Pipeline_vadd1"/></StgValue>
</bind>
</comp>

<comp id="64" class="1001" name="const_64">
<pin_list>
<pin id="65" dir="1" index="0" bw="1" slack="0"/>
</pin_list>
<bind>
<StgValue><ssdm name="_ssdm_op_WriteResp.m_axi.p1i32"/></StgValue>
</bind>
</comp>

<comp id="66" class="1004" name="elements_read_read_fu_66">
<pin_list>
<pin id="67" dir="0" index="0" bw="32" slack="0"/>
<pin id="68" dir="0" index="1" bw="32" slack="0"/>
<pin id="69" dir="1" index="2" bw="32" slack="0"/>
</pin_list>
<bind>
<opcode="read(1150) " fcode="read"/>
<opset="elements_read/1 "/>
</bind>
</comp>

<comp id="72" class="1004" name="out_read_read_fu_72">
<pin_list>
<pin id="73" dir="0" index="0" bw="64" slack="0"/>
<pin id="74" dir="0" index="1" bw="64" slack="0"/>
<pin id="75" dir="1" index="2" bw="64" slack="1"/>
</pin_list>
<bind>
<opcode="read(1150) " fcode="read"/>
<opset="out_read/1 "/>
</bind>
</comp>

<comp id="78" class="1004" name="in2_read_read_fu_78">
<pin_list>
<pin id="79" dir="0" index="0" bw="64" slack="0"/>
<pin id="80" dir="0" index="1" bw="64" slack="0"/>
<pin id="81" dir="1" index="2" bw="64" slack="0"/>
</pin_list>
<bind>
<opcode="read(1150) " fcode="read"/>
<opset="in2_read/2 "/>
</bind>
</comp>

<comp id="84" class="1004" name="in1_read_read_fu_84">
<pin_list>
<pin id="85" dir="0" index="0" bw="64" slack="0"/>
<pin id="86" dir="0" index="1" bw="64" slack="0"/>
<pin id="87" dir="1" index="2" bw="64" slack="0"/>
</pin_list>
<bind>
<opcode="read(1150) " fcode="read"/>
<opset="in1_read/2 "/>
</bind>
</comp>

<comp id="90" class="1004" name="grp_writeresp_fu_90">
<pin_list>
<pin id="91" dir="0" index="0" bw="1" slack="0"/>
<pin id="92" dir="0" index="1" bw="32" slack="0"/>
<pin id="93" dir="0" index="2" bw="32" slack="1"/>
<pin id="94" dir="1" index="3" bw="1" slack="2147483647"/>
</pin_list>
<bind>
<opcode="writereq(1155) writeresp(1158) " fcode="writeresp"/>
<opset="empty/2 empty_19/5 "/>
</bind>
</comp>

<comp id="97" class="1004" name="grp_krnl_vadd_Pipeline_vadd1_fu_97">
<pin_list>
<pin id="98" dir="0" index="0" bw="0" slack="0"/>
<pin id="99" dir="0" index="1" bw="32" slack="0"/>
<pin id="100" dir="0" index="2" bw="62" slack="1"/>
<pin id="101" dir="0" index="3" bw="31" slack="1"/>
<pin id="102" dir="0" index="4" bw="62" slack="1"/>
<pin id="103" dir="0" index="5" bw="62" slack="1"/>
<pin id="104" dir="1" index="6" bw="0" slack="2147483647"/>
</pin_list>
<bind>
<opcode="call(48) " fcode="call"/>
<opset="call_ln51/3 "/>
</bind>
</comp>

<comp id="107" class="1004" name="icmp_ln51_fu_107">
<pin_list>
<pin id="108" dir="0" index="0" bw="32" slack="0"/>
<pin id="109" dir="0" index="1" bw="1" slack="0"/>
<pin id="110" dir="1" index="2" bw="1" slack="1"/>
</pin_list>
<bind>
<opcode="icmp(45) " fcode="icmp"/>
<opset="icmp_ln51/1 "/>
</bind>
</comp>

<comp id="113" class="1004" name="trunc_ln51_fu_113">
<pin_list>
<pin id="114" dir="0" index="0" bw="32" slack="1"/>
<pin id="115" dir="1" index="1" bw="31" slack="1"/>
</pin_list>
<bind>
<opcode="trunc(33) " fcode="trunc"/>
<opset="trunc_ln51/2 "/>
</bind>
</comp>

<comp id="116" class="1004" name="trunc_ln_fu_116">
<pin_list>
<pin id="117" dir="0" index="0" bw="62" slack="0"/>
<pin id="118" dir="0" index="1" bw="64" slack="0"/>
<pin id="119" dir="0" index="2" bw="3" slack="0"/>
<pin id="120" dir="0" index="3" bw="7" slack="0"/>
<pin id="121" dir="1" index="4" bw="62" slack="1"/>
</pin_list>
<bind>
<opcode="partselect(1002) " fcode="partselect"/>
<opset="trunc_ln/2 "/>
</bind>
</comp>

<comp id="126" class="1004" name="trunc_ln51_1_fu_126">
<pin_list>
<pin id="127" dir="0" index="0" bw="62" slack="0"/>
<pin id="128" dir="0" index="1" bw="64" slack="0"/>
<pin id="129" dir="0" index="2" bw="3" slack="0"/>
<pin id="130" dir="0" index="3" bw="7" slack="0"/>
<pin id="131" dir="1" index="4" bw="62" slack="1"/>
</pin_list>
<bind>
<opcode="partselect(1002) " fcode="partselect"/>
<opset="trunc_ln51_1/2 "/>
</bind>
</comp>

<comp id="136" class="1004" name="trunc_ln51_2_fu_136">
<pin_list>
<pin id="137" dir="0" index="0" bw="62" slack="0"/>
<pin id="138" dir="0" index="1" bw="64" slack="1"/>
<pin id="139" dir="0" index="2" bw="3" slack="0"/>
<pin id="140" dir="0" index="3" bw="7" slack="0"/>
<pin id="141" dir="1" index="4" bw="62" slack="0"/>
</pin_list>
<bind>
<opcode="partselect(1002) " fcode="partselect"/>
<opset="trunc_ln51_2/2 "/>
</bind>
</comp>

<comp id="145" class="1004" name="sext_ln51_fu_145">
<pin_list>
<pin id="146" dir="0" index="0" bw="62" slack="0"/>
<pin id="147" dir="1" index="1" bw="64" slack="0"/>
</pin_list>
<bind>
<opcode="sext(35) " fcode="sext"/>
<opset="sext_ln51/2 "/>
</bind>
</comp>

<comp id="149" class="1004" name="gmem_addr_fu_149">
<pin_list>
<pin id="150" dir="0" index="0" bw="32" slack="0"/>
<pin id="151" dir="0" index="1" bw="62" slack="0"/>
<pin id="152" dir="1" index="2" bw="32" slack="0"/>
</pin_list>
<bind>
<opcode="getelementptr(29) " fcode="getelementptr"/>
<opset="gmem_addr/2 "/>
</bind>
</comp>

<comp id="156" class="1005" name="elements_read_reg_156">
<pin_list>
<pin id="157" dir="0" index="0" bw="32" slack="1"/>
<pin id="158" dir="1" index="1" bw="32" slack="1"/>
</pin_list>
<bind>
<opset="elements_read "/>
</bind>
</comp>

<comp id="162" class="1005" name="out_read_reg_162">
<pin_list>
<pin id="163" dir="0" index="0" bw="64" slack="1"/>
<pin id="164" dir="1" index="1" bw="64" slack="1"/>
</pin_list>
<bind>
<opset="out_read "/>
</bind>
</comp>

<comp id="167" class="1005" name="icmp_ln51_reg_167">
<pin_list>
<pin id="168" dir="0" index="0" bw="1" slack="1"/>
<pin id="169" dir="1" index="1" bw="1" slack="2147483647"/>
</pin_list>
<bind>
<opset="icmp_ln51 "/>
</bind>
</comp>

<comp id="171" class="1005" name="trunc_ln51_reg_171">
<pin_list>
<pin id="172" dir="0" index="0" bw="31" slack="1"/>
<pin id="173" dir="1" index="1" bw="31" slack="1"/>
</pin_list>
<bind>
<opset="trunc_ln51 "/>
</bind>
</comp>

<comp id="176" class="1005" name="trunc_ln_reg_176">
<pin_list>
<pin id="177" dir="0" index="0" bw="62" slack="1"/>
<pin id="178" dir="1" index="1" bw="62" slack="1"/>
</pin_list>
<bind>
<opset="trunc_ln "/>
</bind>
</comp>

<comp id="181" class="1005" name="trunc_ln51_1_reg_181">
<pin_list>
<pin id="182" dir="0" index="0" bw="62" slack="1"/>
<pin id="183" dir="1" index="1" bw="62" slack="1"/>
</pin_list>
<bind>
<opset="trunc_ln51_1 "/>
</bind>
</comp>

<comp id="186" class="1005" name="trunc_ln51_2_reg_186">
<pin_list>
<pin id="187" dir="0" index="0" bw="62" slack="1"/>
<pin id="188" dir="1" index="1" bw="62" slack="1"/>
</pin_list>
<bind>
<opset="trunc_ln51_2 "/>
</bind>
</comp>

<comp id="191" class="1005" name="gmem_addr_reg_191">
<pin_list>
<pin id="192" dir="0" index="0" bw="32" slack="3"/>
<pin id="193" dir="1" index="1" bw="32" slack="3"/>
</pin_list>
<bind>
<opset="gmem_addr "/>
</bind>
</comp>

</comp_list>

<net_list>
<net id="70"><net_src comp="10" pin="0"/><net_sink comp="66" pin=0"/></net>

<net id="71"><net_src comp="8" pin="0"/><net_sink comp="66" pin=1"/></net>

<net id="76"><net_src comp="12" pin="0"/><net_sink comp="72" pin=0"/></net>

<net id="77"><net_src comp="6" pin="0"/><net_sink comp="72" pin=1"/></net>

<net id="82"><net_src comp="12" pin="0"/><net_sink comp="78" pin=0"/></net>

<net id="83"><net_src comp="4" pin="0"/><net_sink comp="78" pin=1"/></net>

<net id="88"><net_src comp="12" pin="0"/><net_sink comp="84" pin=0"/></net>

<net id="89"><net_src comp="2" pin="0"/><net_sink comp="84" pin=1"/></net>

<net id="95"><net_src comp="60" pin="0"/><net_sink comp="90" pin=0"/></net>

<net id="96"><net_src comp="64" pin="0"/><net_sink comp="90" pin=0"/></net>

<net id="105"><net_src comp="62" pin="0"/><net_sink comp="97" pin=0"/></net>

<net id="106"><net_src comp="0" pin="0"/><net_sink comp="97" pin=1"/></net>

<net id="111"><net_src comp="66" pin="2"/><net_sink comp="107" pin=0"/></net>

<net id="112"><net_src comp="14" pin="0"/><net_sink comp="107" pin=1"/></net>

<net id="122"><net_src comp="54" pin="0"/><net_sink comp="116" pin=0"/></net>

<net id="123"><net_src comp="84" pin="2"/><net_sink comp="116" pin=1"/></net>

<net id="124"><net_src comp="56" pin="0"/><net_sink comp="116" pin=2"/></net>

<net id="125"><net_src comp="58" pin="0"/><net_sink comp="116" pin=3"/></net>

<net id="132"><net_src comp="54" pin="0"/><net_sink comp="126" pin=0"/></net>

<net id="133"><net_src comp="78" pin="2"/><net_sink comp="126" pin=1"/></net>

<net id="134"><net_src comp="56" pin="0"/><net_sink comp="126" pin=2"/></net>

<net id="135"><net_src comp="58" pin="0"/><net_sink comp="126" pin=3"/></net>

<net id="142"><net_src comp="54" pin="0"/><net_sink comp="136" pin=0"/></net>

<net id="143"><net_src comp="56" pin="0"/><net_sink comp="136" pin=2"/></net>

<net id="144"><net_src comp="58" pin="0"/><net_sink comp="136" pin=3"/></net>

<net id="148"><net_src comp="136" pin="4"/><net_sink comp="145" pin=0"/></net>

<net id="153"><net_src comp="0" pin="0"/><net_sink comp="149" pin=0"/></net>

<net id="154"><net_src comp="145" pin="1"/><net_sink comp="149" pin=1"/></net>

<net id="155"><net_src comp="149" pin="2"/><net_sink comp="90" pin=1"/></net>

<net id="159"><net_src comp="66" pin="2"/><net_sink comp="156" pin=0"/></net>

<net id="160"><net_src comp="156" pin="1"/><net_sink comp="113" pin=0"/></net>

<net id="161"><net_src comp="156" pin="1"/><net_sink comp="90" pin=2"/></net>

<net id="165"><net_src comp="72" pin="2"/><net_sink comp="162" pin=0"/></net>

<net id="166"><net_src comp="162" pin="1"/><net_sink comp="136" pin=1"/></net>

<net id="170"><net_src comp="107" pin="2"/><net_sink comp="167" pin=0"/></net>

<net id="174"><net_src comp="113" pin="1"/><net_sink comp="171" pin=0"/></net>

<net id="175"><net_src comp="171" pin="1"/><net_sink comp="97" pin=3"/></net>

<net id="179"><net_src comp="116" pin="4"/><net_sink comp="176" pin=0"/></net>

<net id="180"><net_src comp="176" pin="1"/><net_sink comp="97" pin=4"/></net>

<net id="184"><net_src comp="126" pin="4"/><net_sink comp="181" pin=0"/></net>

<net id="185"><net_src comp="181" pin="1"/><net_sink comp="97" pin=5"/></net>

<net id="189"><net_src comp="136" pin="4"/><net_sink comp="186" pin=0"/></net>

<net id="190"><net_src comp="186" pin="1"/><net_sink comp="97" pin=2"/></net>

<net id="194"><net_src comp="149" pin="2"/><net_sink comp="191" pin=0"/></net>

<net id="195"><net_src comp="191" pin="1"/><net_sink comp="90" pin=1"/></net>

</net_list>

</model> 
---------------- Datapath Model END ------------------

* FSMD analyzer results:
  - Output states:
	Port: gmem | {2 3 4 5 6 7 8 9 10 11 12 13 14 15 16 17 18 19 20 21 22 23 24 25 26 27 28 29 30 31 32 33 34 35 36 37 38 39 40 41 42 43 44 45 46 47 48 49 50 51 52 53 54 55 56 57 58 59 60 61 62 63 64 65 66 67 68 69 70 71 72 }
 - Input state : 
	Port: krnl_vadd : gmem | {3 4 }
	Port: krnl_vadd : in1 | {2 }
	Port: krnl_vadd : in2 | {2 }
	Port: krnl_vadd : out_r | {1 }
	Port: krnl_vadd : elements | {1 }
  - Chain level:
	State 1
	State 2
		sext_ln51 : 1
		gmem_addr : 2
		empty : 3
	State 3
	State 4
	State 5
	State 6
	State 7
	State 8
	State 9
	State 10
	State 11
	State 12
	State 13
	State 14
	State 15
	State 16
	State 17
	State 18
	State 19
	State 20
	State 21
	State 22
	State 23
	State 24
	State 25
	State 26
	State 27
	State 28
	State 29
	State 30
	State 31
	State 32
	State 33
	State 34
	State 35
	State 36
	State 37
	State 38
	State 39
	State 40
	State 41
	State 42
	State 43
	State 44
	State 45
	State 46
	State 47
	State 48
	State 49
	State 50
	State 51
	State 52
	State 53
	State 54
	State 55
	State 56
	State 57
	State 58
	State 59
	State 60
	State 61
	State 62
	State 63
	State 64
	State 65
	State 66
	State 67
	State 68
	State 69
	State 70
	State 71
	State 72


============================================================
+ Verbose Summary: Datapath Resource usage 
============================================================

* Functional unit list:
|----------|------------------------------------|---------|---------|
| Operation|           Functional Unit          |    FF   |   LUT   |
|----------|------------------------------------|---------|---------|
|   call   | grp_krnl_vadd_Pipeline_vadd1_fu_97 |   288   |   234   |
|----------|------------------------------------|---------|---------|
|   icmp   |          icmp_ln51_fu_107          |    0    |    20   |
|----------|------------------------------------|---------|---------|
|          |      elements_read_read_fu_66      |    0    |    0    |
|   read   |         out_read_read_fu_72        |    0    |    0    |
|          |         in2_read_read_fu_78        |    0    |    0    |
|          |         in1_read_read_fu_84        |    0    |    0    |
|----------|------------------------------------|---------|---------|
| writeresp|         grp_writeresp_fu_90        |    0    |    0    |
|----------|------------------------------------|---------|---------|
|   trunc  |          trunc_ln51_fu_113         |    0    |    0    |
|----------|------------------------------------|---------|---------|
|          |           trunc_ln_fu_116          |    0    |    0    |
|partselect|         trunc_ln51_1_fu_126        |    0    |    0    |
|          |         trunc_ln51_2_fu_136        |    0    |    0    |
|----------|------------------------------------|---------|---------|
|   sext   |          sext_ln51_fu_145          |    0    |    0    |
|----------|------------------------------------|---------|---------|
|   Total  |                                    |   288   |   254   |
|----------|------------------------------------|---------|---------|

Memories:
N/A

* Register list:
+---------------------+--------+
|                     |   FF   |
+---------------------+--------+
|elements_read_reg_156|   32   |
|  gmem_addr_reg_191  |   32   |
|  icmp_ln51_reg_167  |    1   |
|   out_read_reg_162  |   64   |
| trunc_ln51_1_reg_181|   62   |
| trunc_ln51_2_reg_186|   62   |
|  trunc_ln51_reg_171 |   31   |
|   trunc_ln_reg_176  |   62   |
+---------------------+--------+
|        Total        |   346  |
+---------------------+--------+

* Multiplexer (MUX) list: 
|---------------------|------|------|------|--------||---------||---------|
|         Comp        |  Pin | Size |  BW  | S x BW ||  Delay  ||   LUT   |
|---------------------|------|------|------|--------||---------||---------|
| grp_writeresp_fu_90 |  p0  |   2  |   1  |    2   |
| grp_writeresp_fu_90 |  p1  |   2  |  32  |   64   ||    9    |
|---------------------|------|------|------|--------||---------||---------|
|        Total        |      |      |      |   66   ||  0.774  ||    9    |
|---------------------|------|------|------|--------||---------||---------|



* Summary:
+-----------+--------+--------+--------+
|           |  Delay |   FF   |   LUT  |
+-----------+--------+--------+--------+
|  Function |    -   |   288  |   254  |
|   Memory  |    -   |    -   |    -   |
|Multiplexer|    0   |    -   |    9   |
|  Register |    -   |   346  |    -   |
+-----------+--------+--------+--------+
|   Total   |    0   |   634  |   263  |
+-----------+--------+--------+--------+
