

================================================================
== Vitis HLS Report for 'krnl_idct'
================================================================
* Date:           Tue Jan 25 07:51:27 2022

* Version:        2021.1 (Build 3247384 on Thu Jun 10 19:36:07 MDT 2021)
* Project:        krnl_idct
* Solution:       solution (Vitis Kernel Flow Target)
* Product family: virtexuplus
* Target device:  xcvu9p-flgb2104-2-i


================================================================
== Performance Estimates
================================================================
+ Timing: 
    * Summary: 
    +--------+---------+----------+------------+
    |  Clock |  Target | Estimated| Uncertainty|
    +--------+---------+----------+------------+
    |ap_clk  |  4.00 ns|  3.392 ns|     1.08 ns|
    +--------+---------+----------+------------+

+ Latency: 
    * Summary: 
    +---------+---------+----------+-----------+------+------+---------+
    |  Latency (cycles) |  Latency (absolute)  |   Interval  | Pipeline|
    |   min   |   max   |    min   |    max    |  min |  max |   Type  |
    +---------+---------+----------+-----------+------+------+---------+
    |     2150|     6393|  8.600 us|  25.572 us|  2151|  6394|       no|
    +---------+---------+----------+-----------+------+------+---------+

    + Detail: 
        * Instance: 
        +-----------------------------------------------+------------------------------------+---------+---------+----------+----------+------+------+---------+
        |                                               |                                    |  Latency (cycles) |  Latency (absolute) |   Interval  | Pipeline|
        |                    Instance                   |               Module               |   min   |   max   |    min   |    max   |  min |  max |   Type  |
        +-----------------------------------------------+------------------------------------+---------+---------+----------+----------+------+------+---------+
        |grp_krnl_idct_Pipeline_loop_rd_blocks_fu_165   |krnl_idct_Pipeline_loop_rd_blocks   |       74|       74|  0.296 us|  0.296 us|    74|    74|       no|
        |grp_execute_fu_174                             |execute                             |     2071|     2071|  8.284 us|  8.284 us|  2071|  2071|       no|
        |grp_krnl_idct_Pipeline_loop_rd_blocks1_fu_183  |krnl_idct_Pipeline_loop_rd_blocks1  |     2051|     2051|  8.204 us|  8.204 us|  2051|  2051|       no|
        |grp_krnl_idct_Pipeline_loop_wr_blocks_fu_192   |krnl_idct_Pipeline_loop_wr_blocks   |     2051|     2051|  8.204 us|  8.204 us|  2051|  2051|       no|
        +-----------------------------------------------+------------------------------------+---------+---------+----------+----------+------+------+---------+

        * Loop: 
        N/A



================================================================
== Utilization Estimates
================================================================
* Summary: 
+---------------------+---------+------+---------+---------+-----+
|         Name        | BRAM_18K|  DSP |    FF   |   LUT   | URAM|
+---------------------+---------+------+---------+---------+-----+
|DSP                  |        -|     -|        -|        -|    -|
|Expression           |        -|     -|        0|       54|    -|
|FIFO                 |       30|     -|     3140|     1633|    -|
|Instance             |       90|   306|    40548|    31929|    0|
|Memory               |        -|     -|        -|        -|    -|
|Multiplexer          |        -|     -|        -|     1186|    -|
|Register             |        -|     -|      559|        -|    -|
+---------------------+---------+------+---------+---------+-----+
|Total                |      120|   306|    44247|    34802|    0|
+---------------------+---------+------+---------+---------+-----+
|Available SLR        |     1440|  2280|   788160|   394080|  320|
+---------------------+---------+------+---------+---------+-----+
|Utilization SLR (%)  |        8|    13|        5|        8|    0|
+---------------------+---------+------+---------+---------+-----+
|Available            |     4320|  6840|  2364480|  1182240|  960|
+---------------------+---------+------+---------+---------+-----+
|Utilization (%)      |        2|     4|        1|        2|    0|
+---------------------+---------+------+---------+---------+-----+

+ Detail: 
    * Instance: 
    +-----------------------------------------------+------------------------------------+---------+-----+-------+-------+-----+
    |                    Instance                   |               Module               | BRAM_18K| DSP |   FF  |  LUT  | URAM|
    +-----------------------------------------------+------------------------------------+---------+-----+-------+-------+-----+
    |control_s_axi_U                                |control_s_axi                       |        0|    0|    322|    552|    0|
    |grp_execute_fu_174                             |execute                             |        0|  306|  34292|  25944|    0|
    |gmem0_m_axi_U                                  |gmem0_m_axi                         |       30|    0|   1415|   1585|    0|
    |gmem1_m_axi_U                                  |gmem1_m_axi                         |       30|    0|   1415|   1585|    0|
    |gmem2_m_axi_U                                  |gmem2_m_axi                         |       30|    0|   1415|   1585|    0|
    |grp_krnl_idct_Pipeline_loop_rd_blocks_fu_165   |krnl_idct_Pipeline_loop_rd_blocks   |        0|    0|    589|    418|    0|
    |grp_krnl_idct_Pipeline_loop_rd_blocks1_fu_183  |krnl_idct_Pipeline_loop_rd_blocks1  |        0|    0|    550|    129|    0|
    |grp_krnl_idct_Pipeline_loop_wr_blocks_fu_192   |krnl_idct_Pipeline_loop_wr_blocks   |        0|    0|    550|    131|    0|
    +-----------------------------------------------+------------------------------------+---------+-----+-------+-------+-----+
    |Total                                          |                                    |       90|  306|  40548|  31929|    0|
    +-----------------------------------------------+------------------------------------+---------+-----+-------+-------+-----+

    * DSP: 
    N/A

    * Memory: 
    N/A

    * FIFO: 
    +---------------+---------+------+----+-----+------+-----+---------+
    |      Name     | BRAM_18K|  FF  | LUT| URAM| Depth| Bits| Size:D*B|
    +---------------+---------+------+----+-----+------+-----+---------+
    |iblock_fifo_U  |       15|  1056|   0|    -|   512|  512|   262144|
    |iq_fifo_U      |        0|  1028|   0|    -|     2|  512|     1024|
    |ivoutp_fifo_U  |       15|  1056|   0|    -|   512|  512|   262144|
    +---------------+---------+------+----+-----+------+-----+---------+
    |Total          |       30|  3140|   0|    0|  1026| 1536|   525312|
    +---------------+---------+------+----+-----+------+-----+---------+

    * Expression: 
    +-----------------------+----------+----+---+----+------------+------------+
    |     Variable Name     | Operation| DSP| FF| LUT| Bitwidth P0| Bitwidth P1|
    +-----------------------+----------+----+---+----+------------+------------+
    |ap_block_state147      |       and|   0|  0|   2|           1|           1|
    |ap_block_state4_io     |       and|   0|  0|   2|           1|           1|
    |ap_ext_blocking_cur_n  |       and|   0|  0|   2|           1|           1|
    |ap_ext_blocking_n      |       and|   0|  0|   2|           1|           1|
    |ap_int_blocking_n      |       and|   0|  0|   2|           1|           2|
    |ap_str_blocking_n      |       and|   0|  0|   2|           1|           2|
    |grp_fu_201_p2          |      icmp|   0|  0|  20|          32|           1|
    |icmp_ln223_fu_222_p2   |      icmp|   0|  0|  20|          32|           1|
    |ap_block_state1        |        or|   0|  0|   2|           1|           1|
    +-----------------------+----------+----+---+----+------------+------------+
    |Total                  |          |   0|  0|  54|          71|          11|
    +-----------------------+----------+----+---+----+------------+------------+

    * Multiplexer: 
    +------------------------------+-----+-----------+-----+-----------+
    |             Name             | LUT | Input Size| Bits| Total Bits|
    +------------------------------+-----+-----------+-----+-----------+
    |ap_NS_fsm                     |  786|        149|    1|        149|
    |ap_done                       |    9|          2|    1|          2|
    |gmem0_ARADDR                  |   14|          3|   64|        192|
    |gmem0_ARBURST                 |    9|          2|    2|          4|
    |gmem0_ARCACHE                 |    9|          2|    4|          8|
    |gmem0_ARID                    |    9|          2|    1|          2|
    |gmem0_ARLEN                   |   14|          3|   32|         96|
    |gmem0_ARLOCK                  |    9|          2|    2|          4|
    |gmem0_ARPROT                  |    9|          2|    3|          6|
    |gmem0_ARQOS                   |    9|          2|    4|          8|
    |gmem0_ARREGION                |    9|          2|    4|          8|
    |gmem0_ARSIZE                  |    9|          2|    3|          6|
    |gmem0_ARUSER                  |    9|          2|    1|          2|
    |gmem0_ARVALID                 |   14|          3|    1|          3|
    |gmem0_RREADY                  |    9|          2|    1|          2|
    |gmem0_blk_n_AR                |    9|          2|    1|          2|
    |gmem1_ARVALID                 |    9|          2|    1|          2|
    |gmem1_RREADY                  |    9|          2|    1|          2|
    |gmem2_AWADDR                  |   14|          3|   64|        192|
    |gmem2_AWBURST                 |    9|          2|    2|          4|
    |gmem2_AWCACHE                 |    9|          2|    4|          8|
    |gmem2_AWID                    |    9|          2|    1|          2|
    |gmem2_AWLEN                   |   14|          3|   32|         96|
    |gmem2_AWLOCK                  |    9|          2|    2|          4|
    |gmem2_AWPROT                  |    9|          2|    3|          6|
    |gmem2_AWQOS                   |    9|          2|    4|          8|
    |gmem2_AWREGION                |    9|          2|    4|          8|
    |gmem2_AWSIZE                  |    9|          2|    3|          6|
    |gmem2_AWUSER                  |    9|          2|    1|          2|
    |gmem2_AWVALID                 |   14|          3|    1|          3|
    |gmem2_BREADY                  |   14|          3|    1|          3|
    |gmem2_WVALID                  |    9|          2|    1|          2|
    |gmem2_blk_n_AW                |    9|          2|    1|          2|
    |gmem2_blk_n_B                 |    9|          2|    1|          2|
    |grp_execute_fu_174_ignore_dc  |   14|          3|    1|          3|
    |iblock_read                   |    9|          2|    1|          2|
    |iblock_write                  |    9|          2|    1|          2|
    |iq_read                       |    9|          2|    1|          2|
    |iq_write                      |    9|          2|    1|          2|
    |ivoutp_read                   |    9|          2|    1|          2|
    |ivoutp_write                  |    9|          2|    1|          2|
    +------------------------------+-----+-----------+-----+-----------+
    |Total                         | 1186|        237|  259|        861|
    +------------------------------+-----+-----------+-----+-----------+

    * Register: 
    +------------------------------------------------------------+-----+----+-----+-----------+
    |                            Name                            |  FF | LUT| Bits| Const Bits|
    +------------------------------------------------------------+-----+----+-----+-----------+
    |ap_CS_fsm                                                   |  148|   0|  148|          0|
    |ap_done_reg                                                 |    1|   0|    1|          0|
    |ap_ext_blocking_n_reg                                       |    1|   0|    1|          0|
    |ap_int_blocking_n_reg                                       |    1|   0|    1|          0|
    |ap_rst_n_inv                                                |    1|   0|    1|          0|
    |ap_rst_reg_1                                                |    1|   0|    1|          0|
    |ap_rst_reg_2                                                |    1|   0|    1|          0|
    |ap_str_blocking_n_reg                                       |    1|   0|    1|          0|
    |block_read_reg_288                                          |   64|   0|   64|          0|
    |empty_39_reg_316                                            |   31|   0|   32|          1|
    |grp_execute_fu_174_ap_start_reg                             |    1|   0|    1|          0|
    |grp_krnl_idct_Pipeline_loop_rd_blocks1_fu_183_ap_start_reg  |    1|   0|    1|          0|
    |grp_krnl_idct_Pipeline_loop_rd_blocks_fu_165_ap_start_reg   |    1|   0|    1|          0|
    |grp_krnl_idct_Pipeline_loop_wr_blocks_fu_192_ap_start_reg   |    1|   0|    1|          0|
    |icmp_ln223_reg_324                                          |    1|   0|    1|          0|
    |icmp_ln331_1_reg_338                                        |    1|   0|    1|          0|
    |icmp_ln331_reg_349                                          |    1|   0|    1|          0|
    |q_read_reg_283                                              |   64|   0|   64|          0|
    |trunc_ln174_1_reg_311                                       |   58|   0|   58|          0|
    |trunc_ln1_reg_328                                           |   58|   0|   58|          0|
    |trunc_ln2_reg_343                                           |   58|   0|   58|          0|
    |voutp_read_reg_278                                          |   64|   0|   64|          0|
    +------------------------------------------------------------+-----+----+-----+-----------+
    |Total                                                       |  559|   0|  560|          1|
    +------------------------------------------------------------+-----+----+-----+-----------+



================================================================
== Interface
================================================================
* Summary: 
+-----------------------+-----+-----+---------------+--------------+--------------+
|       RTL Ports       | Dir | Bits|    Protocol   | Source Object|    C Type    |
+-----------------------+-----+-----+---------------+--------------+--------------+
|s_axi_control_AWVALID  |   in|    1|          s_axi|       control|        scalar|
|s_axi_control_AWREADY  |  out|    1|          s_axi|       control|        scalar|
|s_axi_control_AWADDR   |   in|    7|          s_axi|       control|        scalar|
|s_axi_control_WVALID   |   in|    1|          s_axi|       control|        scalar|
|s_axi_control_WREADY   |  out|    1|          s_axi|       control|        scalar|
|s_axi_control_WDATA    |   in|   32|          s_axi|       control|        scalar|
|s_axi_control_WSTRB    |   in|    4|          s_axi|       control|        scalar|
|s_axi_control_ARVALID  |   in|    1|          s_axi|       control|        scalar|
|s_axi_control_ARREADY  |  out|    1|          s_axi|       control|        scalar|
|s_axi_control_ARADDR   |   in|    7|          s_axi|       control|        scalar|
|s_axi_control_RVALID   |  out|    1|          s_axi|       control|        scalar|
|s_axi_control_RREADY   |   in|    1|          s_axi|       control|        scalar|
|s_axi_control_RDATA    |  out|   32|          s_axi|       control|        scalar|
|s_axi_control_RRESP    |  out|    2|          s_axi|       control|        scalar|
|s_axi_control_BVALID   |  out|    1|          s_axi|       control|        scalar|
|s_axi_control_BREADY   |   in|    1|          s_axi|       control|        scalar|
|s_axi_control_BRESP    |  out|    2|          s_axi|       control|        scalar|
|ap_clk                 |   in|    1|  ap_ctrl_chain|     krnl_idct|  return value|
|ap_rst_n               |   in|    1|  ap_ctrl_chain|     krnl_idct|  return value|
|event_done             |  out|    1|  ap_ctrl_chain|     krnl_idct|  return value|
|interrupt              |  out|    1|  ap_ctrl_chain|     krnl_idct|  return value|
|event_start            |  out|    1|  ap_ctrl_chain|     krnl_idct|  return value|
|stall_start_ext        |  out|    1|  ap_ctrl_chain|     krnl_idct|  return value|
|stall_done_ext         |  out|    1|  ap_ctrl_chain|     krnl_idct|  return value|
|stall_start_str        |  out|    1|  ap_ctrl_chain|     krnl_idct|  return value|
|stall_done_str         |  out|    1|  ap_ctrl_chain|     krnl_idct|  return value|
|stall_start_int        |  out|    1|  ap_ctrl_chain|     krnl_idct|  return value|
|stall_done_int         |  out|    1|  ap_ctrl_chain|     krnl_idct|  return value|
|m_axi_gmem0_AWVALID    |  out|    1|          m_axi|         gmem0|       pointer|
|m_axi_gmem0_AWREADY    |   in|    1|          m_axi|         gmem0|       pointer|
|m_axi_gmem0_AWADDR     |  out|   64|          m_axi|         gmem0|       pointer|
|m_axi_gmem0_AWID       |  out|    1|          m_axi|         gmem0|       pointer|
|m_axi_gmem0_AWLEN      |  out|    8|          m_axi|         gmem0|       pointer|
|m_axi_gmem0_AWSIZE     |  out|    3|          m_axi|         gmem0|       pointer|
|m_axi_gmem0_AWBURST    |  out|    2|          m_axi|         gmem0|       pointer|
|m_axi_gmem0_AWLOCK     |  out|    2|          m_axi|         gmem0|       pointer|
|m_axi_gmem0_AWCACHE    |  out|    4|          m_axi|         gmem0|       pointer|
|m_axi_gmem0_AWPROT     |  out|    3|          m_axi|         gmem0|       pointer|
|m_axi_gmem0_AWQOS      |  out|    4|          m_axi|         gmem0|       pointer|
|m_axi_gmem0_AWREGION   |  out|    4|          m_axi|         gmem0|       pointer|
|m_axi_gmem0_AWUSER     |  out|    1|          m_axi|         gmem0|       pointer|
|m_axi_gmem0_WVALID     |  out|    1|          m_axi|         gmem0|       pointer|
|m_axi_gmem0_WREADY     |   in|    1|          m_axi|         gmem0|       pointer|
|m_axi_gmem0_WDATA      |  out|  512|          m_axi|         gmem0|       pointer|
|m_axi_gmem0_WSTRB      |  out|   64|          m_axi|         gmem0|       pointer|
|m_axi_gmem0_WLAST      |  out|    1|          m_axi|         gmem0|       pointer|
|m_axi_gmem0_WID        |  out|    1|          m_axi|         gmem0|       pointer|
|m_axi_gmem0_WUSER      |  out|    1|          m_axi|         gmem0|       pointer|
|m_axi_gmem0_ARVALID    |  out|    1|          m_axi|         gmem0|       pointer|
|m_axi_gmem0_ARREADY    |   in|    1|          m_axi|         gmem0|       pointer|
|m_axi_gmem0_ARADDR     |  out|   64|          m_axi|         gmem0|       pointer|
|m_axi_gmem0_ARID       |  out|    1|          m_axi|         gmem0|       pointer|
|m_axi_gmem0_ARLEN      |  out|    8|          m_axi|         gmem0|       pointer|
|m_axi_gmem0_ARSIZE     |  out|    3|          m_axi|         gmem0|       pointer|
|m_axi_gmem0_ARBURST    |  out|    2|          m_axi|         gmem0|       pointer|
|m_axi_gmem0_ARLOCK     |  out|    2|          m_axi|         gmem0|       pointer|
|m_axi_gmem0_ARCACHE    |  out|    4|          m_axi|         gmem0|       pointer|
|m_axi_gmem0_ARPROT     |  out|    3|          m_axi|         gmem0|       pointer|
|m_axi_gmem0_ARQOS      |  out|    4|          m_axi|         gmem0|       pointer|
|m_axi_gmem0_ARREGION   |  out|    4|          m_axi|         gmem0|       pointer|
|m_axi_gmem0_ARUSER     |  out|    1|          m_axi|         gmem0|       pointer|
|m_axi_gmem0_RVALID     |   in|    1|          m_axi|         gmem0|       pointer|
|m_axi_gmem0_RREADY     |  out|    1|          m_axi|         gmem0|       pointer|
|m_axi_gmem0_RDATA      |   in|  512|          m_axi|         gmem0|       pointer|
|m_axi_gmem0_RLAST      |   in|    1|          m_axi|         gmem0|       pointer|
|m_axi_gmem0_RID        |   in|    1|          m_axi|         gmem0|       pointer|
|m_axi_gmem0_RUSER      |   in|    1|          m_axi|         gmem0|       pointer|
|m_axi_gmem0_RRESP      |   in|    2|          m_axi|         gmem0|       pointer|
|m_axi_gmem0_BVALID     |   in|    1|          m_axi|         gmem0|       pointer|
|m_axi_gmem0_BREADY     |  out|    1|          m_axi|         gmem0|       pointer|
|m_axi_gmem0_BRESP      |   in|    2|          m_axi|         gmem0|       pointer|
|m_axi_gmem0_BID        |   in|    1|          m_axi|         gmem0|       pointer|
|m_axi_gmem0_BUSER      |   in|    1|          m_axi|         gmem0|       pointer|
|m_axi_gmem1_AWVALID    |  out|    1|          m_axi|         gmem1|       pointer|
|m_axi_gmem1_AWREADY    |   in|    1|          m_axi|         gmem1|       pointer|
|m_axi_gmem1_AWADDR     |  out|   64|          m_axi|         gmem1|       pointer|
|m_axi_gmem1_AWID       |  out|    1|          m_axi|         gmem1|       pointer|
|m_axi_gmem1_AWLEN      |  out|    8|          m_axi|         gmem1|       pointer|
|m_axi_gmem1_AWSIZE     |  out|    3|          m_axi|         gmem1|       pointer|
|m_axi_gmem1_AWBURST    |  out|    2|          m_axi|         gmem1|       pointer|
|m_axi_gmem1_AWLOCK     |  out|    2|          m_axi|         gmem1|       pointer|
|m_axi_gmem1_AWCACHE    |  out|    4|          m_axi|         gmem1|       pointer|
|m_axi_gmem1_AWPROT     |  out|    3|          m_axi|         gmem1|       pointer|
|m_axi_gmem1_AWQOS      |  out|    4|          m_axi|         gmem1|       pointer|
|m_axi_gmem1_AWREGION   |  out|    4|          m_axi|         gmem1|       pointer|
|m_axi_gmem1_AWUSER     |  out|    1|          m_axi|         gmem1|       pointer|
|m_axi_gmem1_WVALID     |  out|    1|          m_axi|         gmem1|       pointer|
|m_axi_gmem1_WREADY     |   in|    1|          m_axi|         gmem1|       pointer|
|m_axi_gmem1_WDATA      |  out|  512|          m_axi|         gmem1|       pointer|
|m_axi_gmem1_WSTRB      |  out|   64|          m_axi|         gmem1|       pointer|
|m_axi_gmem1_WLAST      |  out|    1|          m_axi|         gmem1|       pointer|
|m_axi_gmem1_WID        |  out|    1|          m_axi|         gmem1|       pointer|
|m_axi_gmem1_WUSER      |  out|    1|          m_axi|         gmem1|       pointer|
|m_axi_gmem1_ARVALID    |  out|    1|          m_axi|         gmem1|       pointer|
|m_axi_gmem1_ARREADY    |   in|    1|          m_axi|         gmem1|       pointer|
|m_axi_gmem1_ARADDR     |  out|   64|          m_axi|         gmem1|       pointer|
|m_axi_gmem1_ARID       |  out|    1|          m_axi|         gmem1|       pointer|
|m_axi_gmem1_ARLEN      |  out|    8|          m_axi|         gmem1|       pointer|
|m_axi_gmem1_ARSIZE     |  out|    3|          m_axi|         gmem1|       pointer|
|m_axi_gmem1_ARBURST    |  out|    2|          m_axi|         gmem1|       pointer|
|m_axi_gmem1_ARLOCK     |  out|    2|          m_axi|         gmem1|       pointer|
|m_axi_gmem1_ARCACHE    |  out|    4|          m_axi|         gmem1|       pointer|
|m_axi_gmem1_ARPROT     |  out|    3|          m_axi|         gmem1|       pointer|
|m_axi_gmem1_ARQOS      |  out|    4|          m_axi|         gmem1|       pointer|
|m_axi_gmem1_ARREGION   |  out|    4|          m_axi|         gmem1|       pointer|
|m_axi_gmem1_ARUSER     |  out|    1|          m_axi|         gmem1|       pointer|
|m_axi_gmem1_RVALID     |   in|    1|          m_axi|         gmem1|       pointer|
|m_axi_gmem1_RREADY     |  out|    1|          m_axi|         gmem1|       pointer|
|m_axi_gmem1_RDATA      |   in|  512|          m_axi|         gmem1|       pointer|
|m_axi_gmem1_RLAST      |   in|    1|          m_axi|         gmem1|       pointer|
|m_axi_gmem1_RID        |   in|    1|          m_axi|         gmem1|       pointer|
|m_axi_gmem1_RUSER      |   in|    1|          m_axi|         gmem1|       pointer|
|m_axi_gmem1_RRESP      |   in|    2|          m_axi|         gmem1|       pointer|
|m_axi_gmem1_BVALID     |   in|    1|          m_axi|         gmem1|       pointer|
|m_axi_gmem1_BREADY     |  out|    1|          m_axi|         gmem1|       pointer|
|m_axi_gmem1_BRESP      |   in|    2|          m_axi|         gmem1|       pointer|
|m_axi_gmem1_BID        |   in|    1|          m_axi|         gmem1|       pointer|
|m_axi_gmem1_BUSER      |   in|    1|          m_axi|         gmem1|       pointer|
|m_axi_gmem2_AWVALID    |  out|    1|          m_axi|         gmem2|       pointer|
|m_axi_gmem2_AWREADY    |   in|    1|          m_axi|         gmem2|       pointer|
|m_axi_gmem2_AWADDR     |  out|   64|          m_axi|         gmem2|       pointer|
|m_axi_gmem2_AWID       |  out|    1|          m_axi|         gmem2|       pointer|
|m_axi_gmem2_AWLEN      |  out|    8|          m_axi|         gmem2|       pointer|
|m_axi_gmem2_AWSIZE     |  out|    3|          m_axi|         gmem2|       pointer|
|m_axi_gmem2_AWBURST    |  out|    2|          m_axi|         gmem2|       pointer|
|m_axi_gmem2_AWLOCK     |  out|    2|          m_axi|         gmem2|       pointer|
|m_axi_gmem2_AWCACHE    |  out|    4|          m_axi|         gmem2|       pointer|
|m_axi_gmem2_AWPROT     |  out|    3|          m_axi|         gmem2|       pointer|
|m_axi_gmem2_AWQOS      |  out|    4|          m_axi|         gmem2|       pointer|
|m_axi_gmem2_AWREGION   |  out|    4|          m_axi|         gmem2|       pointer|
|m_axi_gmem2_AWUSER     |  out|    1|          m_axi|         gmem2|       pointer|
|m_axi_gmem2_WVALID     |  out|    1|          m_axi|         gmem2|       pointer|
|m_axi_gmem2_WREADY     |   in|    1|          m_axi|         gmem2|       pointer|
|m_axi_gmem2_WDATA      |  out|  512|          m_axi|         gmem2|       pointer|
|m_axi_gmem2_WSTRB      |  out|   64|          m_axi|         gmem2|       pointer|
|m_axi_gmem2_WLAST      |  out|    1|          m_axi|         gmem2|       pointer|
|m_axi_gmem2_WID        |  out|    1|          m_axi|         gmem2|       pointer|
|m_axi_gmem2_WUSER      |  out|    1|          m_axi|         gmem2|       pointer|
|m_axi_gmem2_ARVALID    |  out|    1|          m_axi|         gmem2|       pointer|
|m_axi_gmem2_ARREADY    |   in|    1|          m_axi|         gmem2|       pointer|
|m_axi_gmem2_ARADDR     |  out|   64|          m_axi|         gmem2|       pointer|
|m_axi_gmem2_ARID       |  out|    1|          m_axi|         gmem2|       pointer|
|m_axi_gmem2_ARLEN      |  out|    8|          m_axi|         gmem2|       pointer|
|m_axi_gmem2_ARSIZE     |  out|    3|          m_axi|         gmem2|       pointer|
|m_axi_gmem2_ARBURST    |  out|    2|          m_axi|         gmem2|       pointer|
|m_axi_gmem2_ARLOCK     |  out|    2|          m_axi|         gmem2|       pointer|
|m_axi_gmem2_ARCACHE    |  out|    4|          m_axi|         gmem2|       pointer|
|m_axi_gmem2_ARPROT     |  out|    3|          m_axi|         gmem2|       pointer|
|m_axi_gmem2_ARQOS      |  out|    4|          m_axi|         gmem2|       pointer|
|m_axi_gmem2_ARREGION   |  out|    4|          m_axi|         gmem2|       pointer|
|m_axi_gmem2_ARUSER     |  out|    1|          m_axi|         gmem2|       pointer|
|m_axi_gmem2_RVALID     |   in|    1|          m_axi|         gmem2|       pointer|
|m_axi_gmem2_RREADY     |  out|    1|          m_axi|         gmem2|       pointer|
|m_axi_gmem2_RDATA      |   in|  512|          m_axi|         gmem2|       pointer|
|m_axi_gmem2_RLAST      |   in|    1|          m_axi|         gmem2|       pointer|
|m_axi_gmem2_RID        |   in|    1|          m_axi|         gmem2|       pointer|
|m_axi_gmem2_RUSER      |   in|    1|          m_axi|         gmem2|       pointer|
|m_axi_gmem2_RRESP      |   in|    2|          m_axi|         gmem2|       pointer|
|m_axi_gmem2_BVALID     |   in|    1|          m_axi|         gmem2|       pointer|
|m_axi_gmem2_BREADY     |  out|    1|          m_axi|         gmem2|       pointer|
|m_axi_gmem2_BRESP      |   in|    2|          m_axi|         gmem2|       pointer|
|m_axi_gmem2_BID        |   in|    1|          m_axi|         gmem2|       pointer|
|m_axi_gmem2_BUSER      |   in|    1|          m_axi|         gmem2|       pointer|
+-----------------------+-----+-----+---------------+--------------+--------------+

