

================================================================
== Vitis HLS Report for 'krnl_idct_Pipeline_loop_rd_blocks1'
================================================================
* Date:           Tue Jan 25 07:51:15 2022

* Version:        2021.1 (Build 3247384 on Thu Jun 10 19:36:07 MDT 2021)
* Project:        krnl_idct
* Solution:       solution (Vitis Kernel Flow Target)
* Product family: virtexuplus
* Target device:  xcvu9p-flgb2104-2-i


================================================================
== Performance Estimates
================================================================
+ Timing: 
    * Summary: 
    +--------+---------+----------+------------+
    |  Clock |  Target | Estimated| Uncertainty|
    +--------+---------+----------+------------+
    |ap_clk  |  4.00 ns|  2.920 ns|     1.08 ns|
    +--------+---------+----------+------------+

+ Latency: 
    * Summary: 
    +---------+---------+----------+----------+------+------+---------+
    |  Latency (cycles) |  Latency (absolute) |   Interval  | Pipeline|
    |   min   |   max   |    min   |    max   |  min |  max |   Type  |
    +---------+---------+----------+----------+------+------+---------+
    |     2051|     2051|  8.204 us|  8.204 us|  2051|  2051|       no|
    +---------+---------+----------+----------+------+------+---------+

    + Detail: 
        * Instance: 
        N/A

        * Loop: 
        +------------------+---------+---------+----------+-----------+-----------+------+----------+
        |                  |  Latency (cycles) | Iteration|  Initiation Interval  | Trip |          |
        |     Loop Name    |   min   |   max   |  Latency |  achieved |   target  | Count| Pipelined|
        +------------------+---------+---------+----------+-----------+-----------+------+----------+
        |- loop_rd_blocks  |     2049|     2049|         3|          1|          1|  2048|       yes|
        +------------------+---------+---------+----------+-----------+-----------+------+----------+



================================================================
== Utilization Estimates
================================================================
* Summary: 
+---------------------+---------+------+---------+---------+-----+
|         Name        | BRAM_18K|  DSP |    FF   |   LUT   | URAM|
+---------------------+---------+------+---------+---------+-----+
|DSP                  |        -|     -|        -|        -|    -|
|Expression           |        -|     -|        0|       75|    -|
|FIFO                 |        -|     -|        -|        -|    -|
|Instance             |        -|     -|        -|        -|    -|
|Memory               |        -|     -|        -|        -|    -|
|Multiplexer          |        -|     -|        -|       54|    -|
|Register             |        -|     -|      550|        -|    -|
+---------------------+---------+------+---------+---------+-----+
|Total                |        0|     0|      550|      129|    0|
+---------------------+---------+------+---------+---------+-----+
|Available SLR        |     1440|  2280|   788160|   394080|  320|
+---------------------+---------+------+---------+---------+-----+
|Utilization SLR (%)  |        0|     0|       ~0|       ~0|    0|
+---------------------+---------+------+---------+---------+-----+
|Available            |     4320|  6840|  2364480|  1182240|  960|
+---------------------+---------+------+---------+---------+-----+
|Utilization (%)      |        0|     0|       ~0|       ~0|    0|
+---------------------+---------+------+---------+---------+-----+

+ Detail: 
    * Instance: 
    N/A

    * DSP: 
    N/A

    * Memory: 
    N/A

    * FIFO: 
    N/A

    * Expression: 
    +----------------------------------+----------+----+---+----+------------+------------+
    |           Variable Name          | Operation| DSP| FF| LUT| Bitwidth P0| Bitwidth P1|
    +----------------------------------+----------+----+---+----+------------+------------+
    |add_ln223_fu_92_p2                |         +|   0|  0|  39|          32|           1|
    |ap_block_state2_pp0_stage0_iter1  |       and|   0|  0|   2|           1|           1|
    |ap_ext_blocking_cur_n             |       and|   0|  0|   2|           1|           0|
    |ap_ext_blocking_n                 |       and|   0|  0|   2|           1|           2|
    |ap_int_blocking_cur_n             |       and|   0|  0|   2|           1|           0|
    |ap_int_blocking_n                 |       and|   0|  0|   2|           1|           2|
    |ap_str_blocking_n                 |       and|   0|  0|   2|           2|           2|
    |icmp_ln223_fu_86_p2               |      icmp|   0|  0|  20|          32|          32|
    |ap_block_pp0_stage0_01001         |        or|   0|  0|   2|           1|           1|
    |ap_enable_pp0                     |       xor|   0|  0|   2|           1|           2|
    +----------------------------------+----------+----+---+----+------------+------------+
    |Total                             |          |   0|  0|  75|          73|          43|
    +----------------------------------+----------+----+---+----+------------+------------+

    * Multiplexer: 
    +-------------------------+----+-----------+-----+-----------+
    |           Name          | LUT| Input Size| Bits| Total Bits|
    +-------------------------+----+-----------+-----+-----------+
    |ap_done_int              |   9|          2|    1|          2|
    |ap_enable_reg_pp0_iter2  |   9|          2|    1|          2|
    |ap_sig_allocacmp_i       |   9|          2|   32|         64|
    |gmem0_blk_n_R            |   9|          2|    1|          2|
    |i_1_fu_46                |   9|          2|   32|         64|
    |iblock_blk_n             |   9|          2|    1|          2|
    +-------------------------+----+-----------+-----+-----------+
    |Total                    |  54|         12|   68|        136|
    +-------------------------+----+-----------+-----+-----------+

    * Register: 
    +----------------------------------+-----+----+-----+-----------+
    |               Name               |  FF | LUT| Bits| Const Bits|
    +----------------------------------+-----+----+-----+-----------+
    |ap_CS_fsm                         |    1|   0|    1|          0|
    |ap_done_reg                       |    1|   0|    1|          0|
    |ap_enable_reg_pp0_iter1           |    1|   0|    1|          0|
    |ap_enable_reg_pp0_iter2           |    1|   0|    1|          0|
    |ap_loop_exit_ready_pp0_iter1_reg  |    1|   0|    1|          0|
    |gmem0_addr_read_reg_125           |  512|   0|  512|          0|
    |i_1_fu_46                         |   32|   0|   32|          0|
    |icmp_ln223_reg_121                |    1|   0|    1|          0|
    +----------------------------------+-----+----+-----+-----------+
    |Total                             |  550|   0|  550|          0|
    +----------------------------------+-----+----+-----+-----------+



================================================================
== Interface
================================================================
* Summary: 
+----------------------+-----+-----+------------+------------------------------------+--------------+
|       RTL Ports      | Dir | Bits|  Protocol  |            Source Object           |    C Type    |
+----------------------+-----+-----+------------+------------------------------------+--------------+
|ap_clk                |   in|    1|  ap_ctrl_hs|  krnl_idct_Pipeline_loop_rd_blocks1|  return value|
|ap_rst                |   in|    1|  ap_ctrl_hs|  krnl_idct_Pipeline_loop_rd_blocks1|  return value|
|ap_start              |   in|    1|  ap_ctrl_hs|  krnl_idct_Pipeline_loop_rd_blocks1|  return value|
|ap_done               |  out|    1|  ap_ctrl_hs|  krnl_idct_Pipeline_loop_rd_blocks1|  return value|
|ap_idle               |  out|    1|  ap_ctrl_hs|  krnl_idct_Pipeline_loop_rd_blocks1|  return value|
|ap_ready              |  out|    1|  ap_ctrl_hs|  krnl_idct_Pipeline_loop_rd_blocks1|  return value|
|ap_ext_blocking_n     |  out|    1|  ap_ctrl_hs|  krnl_idct_Pipeline_loop_rd_blocks1|  return value|
|ap_str_blocking_n     |  out|    1|  ap_ctrl_hs|  krnl_idct_Pipeline_loop_rd_blocks1|  return value|
|ap_int_blocking_n     |  out|    1|  ap_ctrl_hs|  krnl_idct_Pipeline_loop_rd_blocks1|  return value|
|m_axi_gmem0_AWVALID   |  out|    1|       m_axi|                               gmem0|       pointer|
|m_axi_gmem0_AWREADY   |   in|    1|       m_axi|                               gmem0|       pointer|
|m_axi_gmem0_AWADDR    |  out|   64|       m_axi|                               gmem0|       pointer|
|m_axi_gmem0_AWID      |  out|    1|       m_axi|                               gmem0|       pointer|
|m_axi_gmem0_AWLEN     |  out|   32|       m_axi|                               gmem0|       pointer|
|m_axi_gmem0_AWSIZE    |  out|    3|       m_axi|                               gmem0|       pointer|
|m_axi_gmem0_AWBURST   |  out|    2|       m_axi|                               gmem0|       pointer|
|m_axi_gmem0_AWLOCK    |  out|    2|       m_axi|                               gmem0|       pointer|
|m_axi_gmem0_AWCACHE   |  out|    4|       m_axi|                               gmem0|       pointer|
|m_axi_gmem0_AWPROT    |  out|    3|       m_axi|                               gmem0|       pointer|
|m_axi_gmem0_AWQOS     |  out|    4|       m_axi|                               gmem0|       pointer|
|m_axi_gmem0_AWREGION  |  out|    4|       m_axi|                               gmem0|       pointer|
|m_axi_gmem0_AWUSER    |  out|    1|       m_axi|                               gmem0|       pointer|
|m_axi_gmem0_WVALID    |  out|    1|       m_axi|                               gmem0|       pointer|
|m_axi_gmem0_WREADY    |   in|    1|       m_axi|                               gmem0|       pointer|
|m_axi_gmem0_WDATA     |  out|  512|       m_axi|                               gmem0|       pointer|
|m_axi_gmem0_WSTRB     |  out|   64|       m_axi|                               gmem0|       pointer|
|m_axi_gmem0_WLAST     |  out|    1|       m_axi|                               gmem0|       pointer|
|m_axi_gmem0_WID       |  out|    1|       m_axi|                               gmem0|       pointer|
|m_axi_gmem0_WUSER     |  out|    1|       m_axi|                               gmem0|       pointer|
|m_axi_gmem0_ARVALID   |  out|    1|       m_axi|                               gmem0|       pointer|
|m_axi_gmem0_ARREADY   |   in|    1|       m_axi|                               gmem0|       pointer|
|m_axi_gmem0_ARADDR    |  out|   64|       m_axi|                               gmem0|       pointer|
|m_axi_gmem0_ARID      |  out|    1|       m_axi|                               gmem0|       pointer|
|m_axi_gmem0_ARLEN     |  out|   32|       m_axi|                               gmem0|       pointer|
|m_axi_gmem0_ARSIZE    |  out|    3|       m_axi|                               gmem0|       pointer|
|m_axi_gmem0_ARBURST   |  out|    2|       m_axi|                               gmem0|       pointer|
|m_axi_gmem0_ARLOCK    |  out|    2|       m_axi|                               gmem0|       pointer|
|m_axi_gmem0_ARCACHE   |  out|    4|       m_axi|                               gmem0|       pointer|
|m_axi_gmem0_ARPROT    |  out|    3|       m_axi|                               gmem0|       pointer|
|m_axi_gmem0_ARQOS     |  out|    4|       m_axi|                               gmem0|       pointer|
|m_axi_gmem0_ARREGION  |  out|    4|       m_axi|                               gmem0|       pointer|
|m_axi_gmem0_ARUSER    |  out|    1|       m_axi|                               gmem0|       pointer|
|m_axi_gmem0_RVALID    |   in|    1|       m_axi|                               gmem0|       pointer|
|m_axi_gmem0_RREADY    |  out|    1|       m_axi|                               gmem0|       pointer|
|m_axi_gmem0_RDATA     |   in|  512|       m_axi|                               gmem0|       pointer|
|m_axi_gmem0_RLAST     |   in|    1|       m_axi|                               gmem0|       pointer|
|m_axi_gmem0_RID       |   in|    1|       m_axi|                               gmem0|       pointer|
|m_axi_gmem0_RUSER     |   in|    1|       m_axi|                               gmem0|       pointer|
|m_axi_gmem0_RRESP     |   in|    2|       m_axi|                               gmem0|       pointer|
|m_axi_gmem0_BVALID    |   in|    1|       m_axi|                               gmem0|       pointer|
|m_axi_gmem0_BREADY    |  out|    1|       m_axi|                               gmem0|       pointer|
|m_axi_gmem0_BRESP     |   in|    2|       m_axi|                               gmem0|       pointer|
|m_axi_gmem0_BID       |   in|    1|       m_axi|                               gmem0|       pointer|
|m_axi_gmem0_BUSER     |   in|    1|       m_axi|                               gmem0|       pointer|
|iblock_din            |  out|  512|     ap_fifo|                              iblock|       pointer|
|iblock_full_n         |   in|    1|     ap_fifo|                              iblock|       pointer|
|iblock_write          |  out|    1|     ap_fifo|                              iblock|       pointer|
|sext_ln223            |   in|   58|     ap_none|                          sext_ln223|        scalar|
|mul_i_i               |   in|   32|     ap_none|                             mul_i_i|        scalar|
+----------------------+-----+-----+------------+------------------------------------+--------------+

