INFO: [v++ 60-897] Reading --xp value from platform: param:compiler.lockFlowCritSlackThreshold=0
INFO: [v++ 60-897] Reading --xp value from platform: vivado_param:hd.routingContainmentAreaExpansion=true
INFO: [v++ 60-897] Reading --xp value from platform: vivado_param:hd.supportClockNetCrossDiffReconfigurablePartitions=1
INFO: [v++ 60-897] Reading --xp value from platform: vivado_param:bitstream.enablePR=4123
INFO: [v++ 60-897] Reading --xp value from platform: vivado_param:physynth.ultraRAMOptOutput=false
INFO: [v++ 60-897] Reading --xp value from platform: vivado_prop:run.__KERNEL__.{STEPS.SYNTH_DESIGN.ARGS.MAX_URAM_CASCADE_HEIGHT}={1}
INFO: [v++ 60-897] Reading --xp value from platform: vivado_param:synth.elaboration.rodinMoreOptions={rt::set_parameter disableOregPackingUram true}
WARNING: [v++ 60-642] Invalid or deprecated parameter name: compiler.lockFlowCritSlackThreshold
INFO: [v++ 60-1306] Additional information associated with this v++ link can be found at:
	Reports: /home/centos/workspace/wide_vadd_system_hw_link/Emulation-HW/binary_container_1.build/reports/link
	Log files: /home/centos/workspace/wide_vadd_system_hw_link/Emulation-HW/binary_container_1.build/logs/link
INFO: [v++ 60-1548] Creating build summary session with primary output /home/centos/workspace/wide_vadd_system_hw_link/Emulation-HW/binary_container_1.xclbin.link_summary, at Mon Jan 24 16:51:37 2022
INFO: [v++ 60-1316] Initiating connection to rulecheck server, at Mon Jan 24 16:51:37 2022
INFO: [v++ 60-895]   Target platform: /home/centos/aws-fpga/Vitis/aws_platform/xilinx_aws-vu9p-f1_shell-v04261818_201920_2/xilinx_aws-vu9p-f1_shell-v04261818_201920_2.xpfm
INFO: [v++ 60-1578]   This platform contains Xilinx Shell Archive '/home/centos/aws-fpga/Vitis/aws_platform/xilinx_aws-vu9p-f1_shell-v04261818_201920_2/hw/xilinx_aws-vu9p-f1_shell-v04261818_201920_2.xsa'
INFO: [v++ 74-78] Compiler Version string: 2021.1
INFO: [v++ 60-1302] Platform 'xilinx_aws-vu9p-f1_shell-v04261818_201920_2.xpfm' has been explicitly enabled for this release.
INFO: [v++ 60-629] Linking for hardware emulation target
INFO: [v++ 60-423]   Target device: xilinx_aws-vu9p-f1_shell-v04261818_201920_2
INFO: [v++ 60-1332] Run 'run_link' status: Not started
INFO: [v++ 60-1443] [16:51:42] Run run_link: Step system_link: Started
INFO: [v++ 60-1453] Command Line: system_link --xo /home/centos/workspace/wide_vadd_kernels/Emulation-HW/build/krnl_vadd.xo -keep --config /home/centos/workspace/wide_vadd_system_hw_link/Emulation-HW/binary_container_1.build/link/int/syslinkConfig.ini --xpfm /home/centos/aws-fpga/Vitis/aws_platform/xilinx_aws-vu9p-f1_shell-v04261818_201920_2/xilinx_aws-vu9p-f1_shell-v04261818_201920_2.xpfm --target emu --output_dir /home/centos/workspace/wide_vadd_system_hw_link/Emulation-HW/binary_container_1.build/link/int --temp_dir /home/centos/workspace/wide_vadd_system_hw_link/Emulation-HW/binary_container_1.build/link/sys_link
INFO: [v++ 60-1454] Run Directory: /home/centos/workspace/wide_vadd_system_hw_link/Emulation-HW/binary_container_1.build/link/run_link
INFO: [SYSTEM_LINK 60-1316] Initiating connection to rulecheck server, at Mon Jan 24 16:51:45 2022
INFO: [SYSTEM_LINK 82-70] Extracting xo v3 file /home/centos/workspace/wide_vadd_kernels/Emulation-HW/build/krnl_vadd.xo
INFO: [SYSTEM_LINK 82-53] Creating IP database /home/centos/workspace/wide_vadd_system_hw_link/Emulation-HW/binary_container_1.build/link/sys_link/_sysl/.cdb/xd_ip_db.xml
INFO: [SYSTEM_LINK 82-38] [16:51:45] build_xd_ip_db started: /opt/Xilinx/Vitis/2021.1/bin/build_xd_ip_db -ip_search 0  -sds-pf /home/centos/workspace/wide_vadd_system_hw_link/Emulation-HW/binary_container_1.build/link/sys_link/emu/xilinx_aws-vu9p-f1_shell-v04261818_201920_1_emu.hpfm -clkid 0 -ip /home/centos/workspace/wide_vadd_system_hw_link/Emulation-HW/binary_container_1.build/link/sys_link/iprepo/xilinx_com_hls_krnl_vadd_1_0,krnl_vadd -o /home/centos/workspace/wide_vadd_system_hw_link/Emulation-HW/binary_container_1.build/link/sys_link/_sysl/.cdb/xd_ip_db.xml
INFO: [SYSTEM_LINK 82-37] [16:51:54] build_xd_ip_db finished successfully
Time (s): cpu = 00:00:11 ; elapsed = 00:00:09 . Memory (MB): peak = 1986.766 ; gain = 0.000 ; free physical = 109665 ; free virtual = 128349
INFO: [SYSTEM_LINK 82-51] Create system connectivity graph
INFO: [SYSTEM_LINK 82-102] Applying explicit connections to the system connectivity graph: /home/centos/workspace/wide_vadd_system_hw_link/Emulation-HW/binary_container_1.build/link/sys_link/cfgraph/cfgen_cfgraph.xml
INFO: [SYSTEM_LINK 82-38] [16:51:54] cfgen started: /opt/Xilinx/Vitis/2021.1/bin/cfgen  -nk krnl_vadd:1:krnl_vadd_1 -sp krnl_vadd_1.in1:DDR[0] -sp krnl_vadd_1.in2:DDR[2] -sp krnl_vadd_1.out:DDR[0] -dmclkid 0 -r /home/centos/workspace/wide_vadd_system_hw_link/Emulation-HW/binary_container_1.build/link/sys_link/_sysl/.cdb/xd_ip_db.xml -o /home/centos/workspace/wide_vadd_system_hw_link/Emulation-HW/binary_container_1.build/link/sys_link/cfgraph/cfgen_cfgraph.xml
INFO: [CFGEN 83-0] Kernel Specs: 
INFO: [CFGEN 83-0]   kernel: krnl_vadd, num: 1  {krnl_vadd_1}
INFO: [CFGEN 83-0] Port Specs: 
INFO: [CFGEN 83-0]   kernel: krnl_vadd_1, k_port: in1, sptag: DDR[0]
INFO: [CFGEN 83-0]   kernel: krnl_vadd_1, k_port: in2, sptag: DDR[2]
INFO: [CFGEN 83-0]   kernel: krnl_vadd_1, k_port: out, sptag: DDR[0]
INFO: [CFGEN 83-2228] Creating mapping for argument krnl_vadd_1.in1 to DDR[0] for directive krnl_vadd_1.in1:DDR[0]
INFO: [CFGEN 83-2228] Creating mapping for argument krnl_vadd_1.in2 to DDR[2] for directive krnl_vadd_1.in2:DDR[2]
INFO: [CFGEN 83-2228] Creating mapping for argument krnl_vadd_1.out to DDR[0] for directive krnl_vadd_1.out:DDR[0]
INFO: [SYSTEM_LINK 82-37] [16:52:00] cfgen finished successfully
Time (s): cpu = 00:00:06 ; elapsed = 00:00:06 . Memory (MB): peak = 1986.766 ; gain = 0.000 ; free physical = 109670 ; free virtual = 128354
INFO: [SYSTEM_LINK 82-52] Create top-level block diagram
INFO: [SYSTEM_LINK 82-38] [16:52:00] cf2bd started: /opt/Xilinx/Vitis/2021.1/bin/cf2bd  --linux --trace_buffer 1024 --input_file /home/centos/workspace/wide_vadd_system_hw_link/Emulation-HW/binary_container_1.build/link/sys_link/cfgraph/cfgen_cfgraph.xml --ip_db /home/centos/workspace/wide_vadd_system_hw_link/Emulation-HW/binary_container_1.build/link/sys_link/_sysl/.cdb/xd_ip_db.xml --cf_name dr --working_dir /home/centos/workspace/wide_vadd_system_hw_link/Emulation-HW/binary_container_1.build/link/sys_link/_sysl/.xsd --temp_dir /home/centos/workspace/wide_vadd_system_hw_link/Emulation-HW/binary_container_1.build/link/sys_link --output_dir /home/centos/workspace/wide_vadd_system_hw_link/Emulation-HW/binary_container_1.build/link/int --target_bd emu/pfm_dynamic/pfm_dynamic.bd
INFO: [CF2BD 82-31] Launching cf2xd: cf2xd -linux -trace-buffer 1024 -i /home/centos/workspace/wide_vadd_system_hw_link/Emulation-HW/binary_container_1.build/link/sys_link/cfgraph/cfgen_cfgraph.xml -r /home/centos/workspace/wide_vadd_system_hw_link/Emulation-HW/binary_container_1.build/link/sys_link/_sysl/.cdb/xd_ip_db.xml -o dr.xml
INFO: [CF2BD 82-28] cf2xd finished successfully
INFO: [CF2BD 82-31] Launching cf_xsd: cf_xsd -disable-address-gen -bd emu/pfm_dynamic/pfm_dynamic.bd -dn dr -dp /home/centos/workspace/wide_vadd_system_hw_link/Emulation-HW/binary_container_1.build/link/sys_link/_sysl/.xsd
INFO: [CF2BD 82-28] cf_xsd finished successfully
INFO: [SYSTEM_LINK 82-37] [16:52:03] cf2bd finished successfully
Time (s): cpu = 00:00:03 ; elapsed = 00:00:03 . Memory (MB): peak = 1986.766 ; gain = 0.000 ; free physical = 109661 ; free virtual = 128349
INFO: [v++ 60-1441] [16:52:03] Run run_link: Step system_link: Completed
Time (s): cpu = 00:00:23 ; elapsed = 00:00:21 . Memory (MB): peak = 2006.004 ; gain = 0.000 ; free physical = 109699 ; free virtual = 128387
INFO: [v++ 60-1443] [16:52:03] Run run_link: Step cf2sw: Started
INFO: [v++ 60-1453] Command Line: cf2sw -sdsl /home/centos/workspace/wide_vadd_system_hw_link/Emulation-HW/binary_container_1.build/link/int/sdsl.dat -rtd /home/centos/workspace/wide_vadd_system_hw_link/Emulation-HW/binary_container_1.build/link/int/cf2sw.rtd -nofilter /home/centos/workspace/wide_vadd_system_hw_link/Emulation-HW/binary_container_1.build/link/int/cf2sw_full.rtd -xclbin /home/centos/workspace/wide_vadd_system_hw_link/Emulation-HW/binary_container_1.build/link/int/xclbin_orig.xml -o /home/centos/workspace/wide_vadd_system_hw_link/Emulation-HW/binary_container_1.build/link/int/xclbin_orig.1.xml
INFO: [v++ 60-1454] Run Directory: /home/centos/workspace/wide_vadd_system_hw_link/Emulation-HW/binary_container_1.build/link/run_link
INFO: [v++ 60-1441] [16:52:07] Run run_link: Step cf2sw: Completed
Time (s): cpu = 00:00:04 ; elapsed = 00:00:04 . Memory (MB): peak = 2006.004 ; gain = 0.000 ; free physical = 109700 ; free virtual = 128389
INFO: [v++ 60-1443] [16:52:07] Run run_link: Step rtd2_system_diagram: Started
INFO: [v++ 60-1453] Command Line: rtd2SystemDiagram
INFO: [v++ 60-1454] Run Directory: /home/centos/workspace/wide_vadd_system_hw_link/Emulation-HW/binary_container_1.build/link/run_link
INFO: [v++ 60-1441] [16:52:07] Run run_link: Step rtd2_system_diagram: Completed
Time (s): cpu = 00:00:00 ; elapsed = 00:00:00.42 . Memory (MB): peak = 2006.004 ; gain = 0.000 ; free physical = 109692 ; free virtual = 128381
INFO: [v++ 60-1443] [16:52:07] Run run_link: Step vpl: Started
INFO: [v++ 60-1453] Command Line: vpl -t hw_emu -f /home/centos/aws-fpga/Vitis/aws_platform/xilinx_aws-vu9p-f1_shell-v04261818_201920_2/xilinx_aws-vu9p-f1_shell-v04261818_201920_2.xpfm -g --remote_ip_cache /home/centos/workspace/ip_cache -s --output_dir /home/centos/workspace/wide_vadd_system_hw_link/Emulation-HW/binary_container_1.build/link/int --log_dir /home/centos/workspace/wide_vadd_system_hw_link/Emulation-HW/binary_container_1.build/logs/link --report_dir /home/centos/workspace/wide_vadd_system_hw_link/Emulation-HW/binary_container_1.build/reports/link --config /home/centos/workspace/wide_vadd_system_hw_link/Emulation-HW/binary_container_1.build/link/int/vplConfig.ini -k /home/centos/workspace/wide_vadd_system_hw_link/Emulation-HW/binary_container_1.build/link/int/kernel_info.dat --webtalk_flag Vitis --temp_dir /home/centos/workspace/wide_vadd_system_hw_link/Emulation-HW/binary_container_1.build/link --emulation_mode debug_waveform --no-info --iprepo /home/centos/workspace/wide_vadd_system_hw_link/Emulation-HW/binary_container_1.build/link/int/xo/ip_repo/xilinx_com_hls_krnl_vadd_1_0 --messageDb /home/centos/workspace/wide_vadd_system_hw_link/Emulation-HW/binary_container_1.build/link/run_link/vpl.pb /home/centos/workspace/wide_vadd_system_hw_link/Emulation-HW/binary_container_1.build/link/int/dr.bd.tcl
INFO: [v++ 60-1454] Run Directory: /home/centos/workspace/wide_vadd_system_hw_link/Emulation-HW/binary_container_1.build/link/run_link

****** vpl v2021.1 (64-bit)
  **** SW Build 3246112 on 2021-06-09-14:19:56
    ** Copyright 1986-2020 Xilinx, Inc. All Rights Reserved.

INFO: [VPL 60-839] Read in kernel information from file '/home/centos/workspace/wide_vadd_system_hw_link/Emulation-HW/binary_container_1.build/link/int/kernel_info.dat'.
WARNING: [VPL 60-642] Invalid or deprecated parameter name: compiler.lockFlowCritSlackThreshold
INFO: [VPL 74-78] Compiler Version string: 2021.1
INFO: [VPL 60-423]   Target device: xilinx_aws-vu9p-f1_shell-v04261818_201920_2
INFO: [VPL 60-1032] Extracting hardware platform to /home/centos/workspace/wide_vadd_system_hw_link/Emulation-HW/binary_container_1.build/link/vivado/vpl/.local/hw_platform
[16:52:30] Run vpl: Step create_project: Started
Creating Vivado project.
[16:52:34] Run vpl: Step create_project: Completed
[16:52:34] Run vpl: Step create_bd: Started
[16:52:55] Run vpl: Step create_bd: Completed
[16:52:55] Run vpl: Step update_bd: Started
[16:53:03] Run vpl: Step update_bd: Completed
[16:53:03] Run vpl: Step generate_target: Started
[16:54:19] Run vpl: Step generate_target: RUNNING...
[16:54:23] Run vpl: Step generate_target: Completed
[16:54:23] Run vpl: Step config_hw_emu.gen_scripts: Started
[16:54:48] Run vpl: Step config_hw_emu.gen_scripts: Completed
[16:54:48] Run vpl: Step config_hw_emu.compile: Started
[16:56:04] Run vpl: Step config_hw_emu.compile: RUNNING...
[16:56:21] Run vpl: Step config_hw_emu.compile: Completed
[16:56:21] Run vpl: Step config_hw_emu.elaborate: Started
[16:57:10] Run vpl: Step config_hw_emu.elaborate: Completed
[16:57:10] Run vpl: FINISHED. Run Status: config_hw_emu.elaborate Complete!
INFO: [v++ 60-1441] [16:57:10] Run run_link: Step vpl: Completed
Time (s): cpu = 00:12:54 ; elapsed = 00:05:03 . Memory (MB): peak = 2006.004 ; gain = 0.000 ; free physical = 108854 ; free virtual = 128342
INFO: [v++ 60-1443] [16:57:10] Run run_link: Step rtdgen: Started
INFO: [v++ 60-1453] Command Line: rtdgen
INFO: [v++ 60-1454] Run Directory: /home/centos/workspace/wide_vadd_system_hw_link/Emulation-HW/binary_container_1.build/link/run_link
INFO: [v++ 60-991] clock name 'kernel2_clk/clk' (clock ID '1') is being mapped to clock name 'KERNEL_CLK' in the xclbin
INFO: [v++ 60-991] clock name 'kernel_clk/clk' (clock ID '0') is being mapped to clock name 'DATA_CLK' in the xclbin
INFO: [v++ 60-991] clock name 'clk_main_a0' (clock ID '') is being mapped to clock name 'clk_main_a0' in the xclbin
INFO: [v++ 60-1230] The compiler selected the following frequencies for the runtime controllable kernel clock(s) and scalable system clock(s): System (SYSTEM) clock: clk_main_a0 = 250, Kernel (KERNEL) clock: kernel2_clk/clk = 500, Kernel (DATA) clock: kernel_clk/clk = 300
INFO: [v++ 60-1453] Command Line: cf2sw -a /home/centos/workspace/wide_vadd_system_hw_link/Emulation-HW/binary_container_1.build/link/int/address_map.xml -sdsl /home/centos/workspace/wide_vadd_system_hw_link/Emulation-HW/binary_container_1.build/link/int/sdsl.dat -xclbin /home/centos/workspace/wide_vadd_system_hw_link/Emulation-HW/binary_container_1.build/link/int/xclbin_orig.xml -rtd /home/centos/workspace/wide_vadd_system_hw_link/Emulation-HW/binary_container_1.build/link/int/binary_container_1.rtd -o /home/centos/workspace/wide_vadd_system_hw_link/Emulation-HW/binary_container_1.build/link/int/binary_container_1.xml
INFO: [v++ 60-1652] Cf2sw returned exit code: 0
WARNING: [v++ 60-1455] Debuggable symbols are not generated successfully, clean up /home/centos/workspace/wide_vadd_system_hw_link/Emulation-HW/binary_container_1.build/link/int/consolidated.cf
INFO: [v++ 60-1441] [16:57:16] Run run_link: Step rtdgen: Completed
Time (s): cpu = 00:00:06 ; elapsed = 00:00:06 . Memory (MB): peak = 2006.004 ; gain = 0.000 ; free physical = 108832 ; free virtual = 128346
INFO: [v++ 60-1443] [16:57:16] Run run_link: Step xclbinutil: Started
INFO: [v++ 60-1453] Command Line: xclbinutil --add-section DEBUG_IP_LAYOUT:JSON:/home/centos/workspace/wide_vadd_system_hw_link/Emulation-HW/binary_container_1.build/link/int/debug_ip_layout.rtd --add-section BITSTREAM:RAW:/home/centos/workspace/wide_vadd_system_hw_link/Emulation-HW/binary_container_1.build/link/int/behav.xse --force --target hw_emu --key-value SYS:dfx_enable:false --add-section :JSON:/home/centos/workspace/wide_vadd_system_hw_link/Emulation-HW/binary_container_1.build/link/int/binary_container_1.rtd --append-section :JSON:/home/centos/workspace/wide_vadd_system_hw_link/Emulation-HW/binary_container_1.build/link/int/appendSection.rtd --add-section CLOCK_FREQ_TOPOLOGY:JSON:/home/centos/workspace/wide_vadd_system_hw_link/Emulation-HW/binary_container_1.build/link/int/binary_container_1_xml.rtd --add-section BUILD_METADATA:JSON:/home/centos/workspace/wide_vadd_system_hw_link/Emulation-HW/binary_container_1.build/link/int/binary_container_1_build.rtd --add-section EMBEDDED_METADATA:RAW:/home/centos/workspace/wide_vadd_system_hw_link/Emulation-HW/binary_container_1.build/link/int/binary_container_1.xml --add-section SYSTEM_METADATA:RAW:/home/centos/workspace/wide_vadd_system_hw_link/Emulation-HW/binary_container_1.build/link/int/systemDiagramModelSlrBaseAddress.json --key-value SYS:PlatformVBNV:xilinx_aws-vu9p-f1_shell-v04261818_201920_2 --output /home/centos/workspace/wide_vadd_system_hw_link/Emulation-HW/binary_container_1.xclbin
INFO: [v++ 60-1454] Run Directory: /home/centos/workspace/wide_vadd_system_hw_link/Emulation-HW/binary_container_1.build/link/run_link
XRT Build Version: 2.11.0 (heads/202110.2.11.634)
       Build Date: 2021-07-08 14:01:11
          Hash ID: 5ad5998d67080f00bca5bf15b3838cf35e0a7b26
Creating a default 'in-memory' xclbin image.

Section: 'DEBUG_IP_LAYOUT'(9) was successfully added.
Size   : 872 bytes
Format : JSON
File   : '/home/centos/workspace/wide_vadd_system_hw_link/Emulation-HW/binary_container_1.build/link/int/debug_ip_layout.rtd'

Section: 'BITSTREAM'(0) was successfully added.
Size   : 28361795 bytes
Format : RAW
File   : '/home/centos/workspace/wide_vadd_system_hw_link/Emulation-HW/binary_container_1.build/link/int/behav.xse'

Section: 'MEM_TOPOLOGY'(6) was successfully added.
Format : JSON
File   : 'mem_topology'

Section: 'IP_LAYOUT'(8) was successfully added.
Format : JSON
File   : 'ip_layout'

Section: 'CONNECTIVITY'(7) was successfully added.
Format : JSON
File   : 'connectivity'

Section: 'CLOCK_FREQ_TOPOLOGY'(11) was successfully added.
Size   : 410 bytes
Format : JSON
File   : '/home/centos/workspace/wide_vadd_system_hw_link/Emulation-HW/binary_container_1.build/link/int/binary_container_1_xml.rtd'

Section: 'BUILD_METADATA'(14) was successfully added.
Size   : 2980 bytes
Format : JSON
File   : '/home/centos/workspace/wide_vadd_system_hw_link/Emulation-HW/binary_container_1.build/link/int/binary_container_1_build.rtd'

Section: 'EMBEDDED_METADATA'(2) was successfully added.
Size   : 4122 bytes
Format : RAW
File   : '/home/centos/workspace/wide_vadd_system_hw_link/Emulation-HW/binary_container_1.build/link/int/binary_container_1.xml'

Section: 'SYSTEM_METADATA'(22) was successfully added.
Size   : 6374 bytes
Format : RAW
File   : '/home/centos/workspace/wide_vadd_system_hw_link/Emulation-HW/binary_container_1.build/link/int/systemDiagramModelSlrBaseAddress.json'

Section: 'PARTITION_METADATA'(20) was successfully appended to.
Format : JSON
File   : 'partition_metadata'
Successfully wrote (28387635 bytes) to the output file: /home/centos/workspace/wide_vadd_system_hw_link/Emulation-HW/binary_container_1.xclbin
Leaving xclbinutil.
INFO: [v++ 60-1441] [16:57:16] Run run_link: Step xclbinutil: Completed
Time (s): cpu = 00:00:00.06 ; elapsed = 00:00:00.26 . Memory (MB): peak = 2006.004 ; gain = 0.000 ; free physical = 108830 ; free virtual = 128344
INFO: [v++ 60-1443] [16:57:16] Run run_link: Step xclbinutilinfo: Started
INFO: [v++ 60-1453] Command Line: xclbinutil --quiet --force --info /home/centos/workspace/wide_vadd_system_hw_link/Emulation-HW/binary_container_1.xclbin.info --input /home/centos/workspace/wide_vadd_system_hw_link/Emulation-HW/binary_container_1.xclbin
INFO: [v++ 60-1454] Run Directory: /home/centos/workspace/wide_vadd_system_hw_link/Emulation-HW/binary_container_1.build/link/run_link
INFO: [v++ 60-1441] [16:57:17] Run run_link: Step xclbinutilinfo: Completed
Time (s): cpu = 00:00:00.32 ; elapsed = 00:00:00.45 . Memory (MB): peak = 2006.004 ; gain = 0.000 ; free physical = 108830 ; free virtual = 128344
INFO: [v++ 60-1443] [16:57:17] Run run_link: Step generate_sc_driver: Started
INFO: [v++ 60-1453] Command Line: 
INFO: [v++ 60-1454] Run Directory: /home/centos/workspace/wide_vadd_system_hw_link/Emulation-HW/binary_container_1.build/link/run_link
INFO: [v++ 60-1441] [16:57:17] Run run_link: Step generate_sc_driver: Completed
Time (s): cpu = 00:00:00 ; elapsed = 00:00:00 . Memory (MB): peak = 2006.004 ; gain = 0.000 ; free physical = 108830 ; free virtual = 128344
WARNING: [v++ 60-2336] Parameter compiler.enableSlrComputeUnitDrc was set to true, but no SLRs were specified via the command line.
INFO: [v++ 60-244] Generating system estimate report...
INFO: [v++ 60-1092] Generated system estimate report: /home/centos/workspace/wide_vadd_system_hw_link/Emulation-HW/binary_container_1.build/reports/link/system_estimate_binary_container_1.xtxt
INFO: [v++ 60-586] Created binary_container_1.xclbin
INFO: [v++ 60-1307] Run completed. Additional information can be found in:
	Steps Log File: /home/centos/workspace/wide_vadd_system_hw_link/Emulation-HW/binary_container_1.build/logs/link/link.steps.log

INFO: [v++ 60-2343] Use the vitis_analyzer tool to visualize and navigate the relevant reports. Run the following command. 
    vitis_analyzer /home/centos/workspace/wide_vadd_system_hw_link/Emulation-HW/binary_container_1.xclbin.link_summary 
INFO: [v++ 60-791] Total elapsed time: 0h 5m 51s
INFO: [v++ 60-1653] Closing dispatch client.
