

================================================================
== Vitis HLS Report for 'krnl_vadd_Pipeline_vadd1'
================================================================
* Date:           Mon Jan 24 11:45:19 2022

* Version:        2021.1 (Build 3247384 on Thu Jun 10 19:36:07 MDT 2021)
* Project:        krnl_vadd
* Solution:       solution (Vitis Kernel Flow Target)
* Product family: virtexuplus
* Target device:  xcvu9p-flgb2104-2-i


================================================================
== Performance Estimates
================================================================
+ Timing: 
    * Summary: 
    +--------+---------+----------+------------+
    |  Clock |  Target | Estimated| Uncertainty|
    +--------+---------+----------+------------+
    |ap_clk  |  4.00 ns|  2.920 ns|     1.08 ns|
    +--------+---------+----------+------------+

+ Latency: 
    * Summary: 
    +---------+---------+-----------+-----------+------+------+---------+
    |  Latency (cycles) |   Latency (absolute)  |   Interval  | Pipeline|
    |   min   |   max   |    min    |    max    |  min |  max |   Type  |
    +---------+---------+-----------+-----------+------+------+---------+
    |     8267|     8267|  33.068 us|  33.068 us|  8267|  8267|       no|
    +---------+---------+-----------+-----------+------+------+---------+

    + Detail: 
        * Instance: 
        N/A

        * Loop: 
        +----------+---------+---------+----------+-----------+-----------+------+----------+
        |          |  Latency (cycles) | Iteration|  Initiation Interval  | Trip |          |
        | Loop Name|   min   |   max   |  Latency |  achieved |   target  | Count| Pipelined|
        +----------+---------+---------+----------+-----------+-----------+------+----------+
        |- vadd1   |     8265|     8265|        75|          2|          1|  4096|       yes|
        +----------+---------+---------+----------+-----------+-----------+------+----------+



================================================================
== Utilization Estimates
================================================================
* Summary: 
+---------------------+---------+------+---------+---------+-----+
|         Name        | BRAM_18K|  DSP |    FF   |   LUT   | URAM|
+---------------------+---------+------+---------+---------+-----+
|DSP                  |        -|     -|        -|        -|    -|
|Expression           |        -|     -|        0|      260|    -|
|FIFO                 |        -|     -|        -|        -|    -|
|Instance             |        -|     -|        -|        -|    -|
|Memory               |        -|     -|        -|        -|    -|
|Multiplexer          |        -|     -|        -|      100|    -|
|Register             |        -|     -|      397|       32|    -|
+---------------------+---------+------+---------+---------+-----+
|Total                |        0|     0|      397|      392|    0|
+---------------------+---------+------+---------+---------+-----+
|Available SLR        |     1440|  2280|   788160|   394080|  320|
+---------------------+---------+------+---------+---------+-----+
|Utilization SLR (%)  |        0|     0|       ~0|       ~0|    0|
+---------------------+---------+------+---------+---------+-----+
|Available            |     4320|  6840|  2364480|  1182240|  960|
+---------------------+---------+------+---------+---------+-----+
|Utilization (%)      |        0|     0|       ~0|       ~0|    0|
+---------------------+---------+------+---------+---------+-----+

+ Detail: 
    * Instance: 
    N/A

    * DSP: 
    N/A

    * Memory: 
    N/A

    * FIFO: 
    N/A

    * Expression: 
    +------------------------------------+----------+----+---+----+------------+------------+
    |            Variable Name           | Operation| DSP| FF| LUT| Bitwidth P0| Bitwidth P1|
    +------------------------------------+----------+----+---+----+------------+------------+
    |add_ln51_fu_144_p2                  |         +|   0|  0|  38|          31|           1|
    |add_ln55_1_fu_170_p2                |         +|   0|  0|  70|          63|          63|
    |add_ln55_2_fu_196_p2                |         +|   0|  0|  39|          32|          32|
    |add_ln55_fu_154_p2                  |         +|   0|  0|  70|          63|          63|
    |ap_block_pp0_stage0_01001           |       and|   0|  0|   2|           1|           1|
    |ap_block_state2_io                  |       and|   0|  0|   2|           1|           1|
    |ap_block_state72_pp0_stage1_iter35  |       and|   0|  0|   2|           1|           1|
    |ap_condition_530                    |       and|   0|  0|   2|           1|           1|
    |ap_condition_535                    |       and|   0|  0|   2|           1|           1|
    |ap_ext_blocking_cur_n               |       and|   0|  0|   2|           1|           1|
    |ap_ext_blocking_n                   |       and|   0|  0|   2|           1|           2|
    |ap_int_blocking_n                   |       and|   0|  0|   2|           2|           2|
    |ap_str_blocking_n                   |       and|   0|  0|   2|           2|           2|
    |icmp_ln51_fu_138_p2                 |      icmp|   0|  0|  19|          31|          31|
    |ap_block_pp0_stage0_11001           |        or|   0|  0|   2|           1|           1|
    |ap_block_pp0_stage1_11001           |        or|   0|  0|   2|           1|           1|
    |ap_enable_pp0                       |       xor|   0|  0|   2|           1|           2|
    +------------------------------------+----------+----+---+----+------------+------------+
    |Total                               |          |   0|  0| 260|         234|         206|
    +------------------------------------+----------+----+---+----+------------+------------+

    * Multiplexer: 
    +--------------------------+----+-----------+-----+-----------+
    |           Name           | LUT| Input Size| Bits| Total Bits|
    +--------------------------+----+-----------+-----+-----------+
    |ap_NS_fsm                 |  14|          3|    1|          3|
    |ap_done_int               |   9|          2|    1|          2|
    |ap_enable_reg_pp0_iter0   |   9|          2|    1|          2|
    |ap_enable_reg_pp0_iter37  |   9|          2|    1|          2|
    |ap_sig_allocacmp_i_1      |   9|          2|   31|         62|
    |gmem_blk_n_AR             |   9|          2|    1|          2|
    |gmem_blk_n_R              |   9|          2|    1|          2|
    |gmem_blk_n_W              |   9|          2|    1|          2|
    |i_fu_58                   |   9|          2|   31|         62|
    |m_axi_gmem_ARADDR         |  14|          3|   64|        192|
    +--------------------------+----+-----------+-----+-----------+
    |Total                     | 100|         22|  133|        331|
    +--------------------------+----+-----------+-----+-----------+

    * Register: 
    +-----------------------------------+----+----+-----+-----------+
    |                Name               | FF | LUT| Bits| Const Bits|
    +-----------------------------------+----+----+-----+-----------+
    |add_ln55_2_reg_243                 |  32|   0|   32|          0|
    |ap_CS_fsm                          |   2|   0|    2|          0|
    |ap_done_reg                        |   1|   0|    1|          0|
    |ap_enable_reg_pp0_iter0_reg        |   1|   0|    1|          0|
    |ap_enable_reg_pp0_iter1            |   1|   0|    1|          0|
    |ap_enable_reg_pp0_iter10           |   1|   0|    1|          0|
    |ap_enable_reg_pp0_iter11           |   1|   0|    1|          0|
    |ap_enable_reg_pp0_iter12           |   1|   0|    1|          0|
    |ap_enable_reg_pp0_iter13           |   1|   0|    1|          0|
    |ap_enable_reg_pp0_iter14           |   1|   0|    1|          0|
    |ap_enable_reg_pp0_iter15           |   1|   0|    1|          0|
    |ap_enable_reg_pp0_iter16           |   1|   0|    1|          0|
    |ap_enable_reg_pp0_iter17           |   1|   0|    1|          0|
    |ap_enable_reg_pp0_iter18           |   1|   0|    1|          0|
    |ap_enable_reg_pp0_iter19           |   1|   0|    1|          0|
    |ap_enable_reg_pp0_iter2            |   1|   0|    1|          0|
    |ap_enable_reg_pp0_iter20           |   1|   0|    1|          0|
    |ap_enable_reg_pp0_iter21           |   1|   0|    1|          0|
    |ap_enable_reg_pp0_iter22           |   1|   0|    1|          0|
    |ap_enable_reg_pp0_iter23           |   1|   0|    1|          0|
    |ap_enable_reg_pp0_iter24           |   1|   0|    1|          0|
    |ap_enable_reg_pp0_iter25           |   1|   0|    1|          0|
    |ap_enable_reg_pp0_iter26           |   1|   0|    1|          0|
    |ap_enable_reg_pp0_iter27           |   1|   0|    1|          0|
    |ap_enable_reg_pp0_iter28           |   1|   0|    1|          0|
    |ap_enable_reg_pp0_iter29           |   1|   0|    1|          0|
    |ap_enable_reg_pp0_iter3            |   1|   0|    1|          0|
    |ap_enable_reg_pp0_iter30           |   1|   0|    1|          0|
    |ap_enable_reg_pp0_iter31           |   1|   0|    1|          0|
    |ap_enable_reg_pp0_iter32           |   1|   0|    1|          0|
    |ap_enable_reg_pp0_iter33           |   1|   0|    1|          0|
    |ap_enable_reg_pp0_iter34           |   1|   0|    1|          0|
    |ap_enable_reg_pp0_iter35           |   1|   0|    1|          0|
    |ap_enable_reg_pp0_iter36           |   1|   0|    1|          0|
    |ap_enable_reg_pp0_iter37           |   1|   0|    1|          0|
    |ap_enable_reg_pp0_iter4            |   1|   0|    1|          0|
    |ap_enable_reg_pp0_iter5            |   1|   0|    1|          0|
    |ap_enable_reg_pp0_iter6            |   1|   0|    1|          0|
    |ap_enable_reg_pp0_iter7            |   1|   0|    1|          0|
    |ap_enable_reg_pp0_iter8            |   1|   0|    1|          0|
    |ap_enable_reg_pp0_iter9            |   1|   0|    1|          0|
    |ap_loop_exit_ready_pp0_iter10_reg  |   1|   0|    1|          0|
    |ap_loop_exit_ready_pp0_iter11_reg  |   1|   0|    1|          0|
    |ap_loop_exit_ready_pp0_iter12_reg  |   1|   0|    1|          0|
    |ap_loop_exit_ready_pp0_iter13_reg  |   1|   0|    1|          0|
    |ap_loop_exit_ready_pp0_iter14_reg  |   1|   0|    1|          0|
    |ap_loop_exit_ready_pp0_iter15_reg  |   1|   0|    1|          0|
    |ap_loop_exit_ready_pp0_iter16_reg  |   1|   0|    1|          0|
    |ap_loop_exit_ready_pp0_iter17_reg  |   1|   0|    1|          0|
    |ap_loop_exit_ready_pp0_iter18_reg  |   1|   0|    1|          0|
    |ap_loop_exit_ready_pp0_iter19_reg  |   1|   0|    1|          0|
    |ap_loop_exit_ready_pp0_iter1_reg   |   1|   0|    1|          0|
    |ap_loop_exit_ready_pp0_iter20_reg  |   1|   0|    1|          0|
    |ap_loop_exit_ready_pp0_iter21_reg  |   1|   0|    1|          0|
    |ap_loop_exit_ready_pp0_iter22_reg  |   1|   0|    1|          0|
    |ap_loop_exit_ready_pp0_iter23_reg  |   1|   0|    1|          0|
    |ap_loop_exit_ready_pp0_iter24_reg  |   1|   0|    1|          0|
    |ap_loop_exit_ready_pp0_iter25_reg  |   1|   0|    1|          0|
    |ap_loop_exit_ready_pp0_iter26_reg  |   1|   0|    1|          0|
    |ap_loop_exit_ready_pp0_iter27_reg  |   1|   0|    1|          0|
    |ap_loop_exit_ready_pp0_iter28_reg  |   1|   0|    1|          0|
    |ap_loop_exit_ready_pp0_iter29_reg  |   1|   0|    1|          0|
    |ap_loop_exit_ready_pp0_iter2_reg   |   1|   0|    1|          0|
    |ap_loop_exit_ready_pp0_iter30_reg  |   1|   0|    1|          0|
    |ap_loop_exit_ready_pp0_iter31_reg  |   1|   0|    1|          0|
    |ap_loop_exit_ready_pp0_iter32_reg  |   1|   0|    1|          0|
    |ap_loop_exit_ready_pp0_iter33_reg  |   1|   0|    1|          0|
    |ap_loop_exit_ready_pp0_iter34_reg  |   1|   0|    1|          0|
    |ap_loop_exit_ready_pp0_iter35_reg  |   1|   0|    1|          0|
    |ap_loop_exit_ready_pp0_iter36_reg  |   1|   0|    1|          0|
    |ap_loop_exit_ready_pp0_iter3_reg   |   1|   0|    1|          0|
    |ap_loop_exit_ready_pp0_iter4_reg   |   1|   0|    1|          0|
    |ap_loop_exit_ready_pp0_iter5_reg   |   1|   0|    1|          0|
    |ap_loop_exit_ready_pp0_iter6_reg   |   1|   0|    1|          0|
    |ap_loop_exit_ready_pp0_iter7_reg   |   1|   0|    1|          0|
    |ap_loop_exit_ready_pp0_iter8_reg   |   1|   0|    1|          0|
    |ap_loop_exit_ready_pp0_iter9_reg   |   1|   0|    1|          0|
    |gmem_addr_1_read_reg_228           |  32|   0|   32|          0|
    |gmem_addr_1_reg_216                |  64|   0|   64|          0|
    |gmem_addr_2_read_reg_233           |  32|   0|   32|          0|
    |gmem_addr_2_reg_222                |  64|   0|   64|          0|
    |i_fu_58                            |  31|   0|   31|          0|
    |icmp_ln51_reg_212                  |   1|   0|    1|          0|
    |icmp_ln51_reg_212                  |  64|  32|    1|          0|
    +-----------------------------------+----+----+-----+-----------+
    |Total                              | 397|  32|  334|          0|
    +-----------------------------------+----+----+-----+-----------+



================================================================
== Interface
================================================================
* Summary: 
+---------------------+-----+-----+------------+--------------------------+--------------+
|      RTL Ports      | Dir | Bits|  Protocol  |       Source Object      |    C Type    |
+---------------------+-----+-----+------------+--------------------------+--------------+
|ap_clk               |   in|    1|  ap_ctrl_hs|  krnl_vadd_Pipeline_vadd1|  return value|
|ap_rst               |   in|    1|  ap_ctrl_hs|  krnl_vadd_Pipeline_vadd1|  return value|
|ap_start             |   in|    1|  ap_ctrl_hs|  krnl_vadd_Pipeline_vadd1|  return value|
|ap_done              |  out|    1|  ap_ctrl_hs|  krnl_vadd_Pipeline_vadd1|  return value|
|ap_idle              |  out|    1|  ap_ctrl_hs|  krnl_vadd_Pipeline_vadd1|  return value|
|ap_ready             |  out|    1|  ap_ctrl_hs|  krnl_vadd_Pipeline_vadd1|  return value|
|ap_ext_blocking_n    |  out|    1|  ap_ctrl_hs|  krnl_vadd_Pipeline_vadd1|  return value|
|ap_str_blocking_n    |  out|    1|  ap_ctrl_hs|  krnl_vadd_Pipeline_vadd1|  return value|
|ap_int_blocking_n    |  out|    1|  ap_ctrl_hs|  krnl_vadd_Pipeline_vadd1|  return value|
|m_axi_gmem_AWVALID   |  out|    1|       m_axi|                      gmem|       pointer|
|m_axi_gmem_AWREADY   |   in|    1|       m_axi|                      gmem|       pointer|
|m_axi_gmem_AWADDR    |  out|   64|       m_axi|                      gmem|       pointer|
|m_axi_gmem_AWID      |  out|    1|       m_axi|                      gmem|       pointer|
|m_axi_gmem_AWLEN     |  out|   32|       m_axi|                      gmem|       pointer|
|m_axi_gmem_AWSIZE    |  out|    3|       m_axi|                      gmem|       pointer|
|m_axi_gmem_AWBURST   |  out|    2|       m_axi|                      gmem|       pointer|
|m_axi_gmem_AWLOCK    |  out|    2|       m_axi|                      gmem|       pointer|
|m_axi_gmem_AWCACHE   |  out|    4|       m_axi|                      gmem|       pointer|
|m_axi_gmem_AWPROT    |  out|    3|       m_axi|                      gmem|       pointer|
|m_axi_gmem_AWQOS     |  out|    4|       m_axi|                      gmem|       pointer|
|m_axi_gmem_AWREGION  |  out|    4|       m_axi|                      gmem|       pointer|
|m_axi_gmem_AWUSER    |  out|    1|       m_axi|                      gmem|       pointer|
|m_axi_gmem_WVALID    |  out|    1|       m_axi|                      gmem|       pointer|
|m_axi_gmem_WREADY    |   in|    1|       m_axi|                      gmem|       pointer|
|m_axi_gmem_WDATA     |  out|   32|       m_axi|                      gmem|       pointer|
|m_axi_gmem_WSTRB     |  out|    4|       m_axi|                      gmem|       pointer|
|m_axi_gmem_WLAST     |  out|    1|       m_axi|                      gmem|       pointer|
|m_axi_gmem_WID       |  out|    1|       m_axi|                      gmem|       pointer|
|m_axi_gmem_WUSER     |  out|    1|       m_axi|                      gmem|       pointer|
|m_axi_gmem_ARVALID   |  out|    1|       m_axi|                      gmem|       pointer|
|m_axi_gmem_ARREADY   |   in|    1|       m_axi|                      gmem|       pointer|
|m_axi_gmem_ARADDR    |  out|   64|       m_axi|                      gmem|       pointer|
|m_axi_gmem_ARID      |  out|    1|       m_axi|                      gmem|       pointer|
|m_axi_gmem_ARLEN     |  out|   32|       m_axi|                      gmem|       pointer|
|m_axi_gmem_ARSIZE    |  out|    3|       m_axi|                      gmem|       pointer|
|m_axi_gmem_ARBURST   |  out|    2|       m_axi|                      gmem|       pointer|
|m_axi_gmem_ARLOCK    |  out|    2|       m_axi|                      gmem|       pointer|
|m_axi_gmem_ARCACHE   |  out|    4|       m_axi|                      gmem|       pointer|
|m_axi_gmem_ARPROT    |  out|    3|       m_axi|                      gmem|       pointer|
|m_axi_gmem_ARQOS     |  out|    4|       m_axi|                      gmem|       pointer|
|m_axi_gmem_ARREGION  |  out|    4|       m_axi|                      gmem|       pointer|
|m_axi_gmem_ARUSER    |  out|    1|       m_axi|                      gmem|       pointer|
|m_axi_gmem_RVALID    |   in|    1|       m_axi|                      gmem|       pointer|
|m_axi_gmem_RREADY    |  out|    1|       m_axi|                      gmem|       pointer|
|m_axi_gmem_RDATA     |   in|   32|       m_axi|                      gmem|       pointer|
|m_axi_gmem_RLAST     |   in|    1|       m_axi|                      gmem|       pointer|
|m_axi_gmem_RID       |   in|    1|       m_axi|                      gmem|       pointer|
|m_axi_gmem_RUSER     |   in|    1|       m_axi|                      gmem|       pointer|
|m_axi_gmem_RRESP     |   in|    2|       m_axi|                      gmem|       pointer|
|m_axi_gmem_BVALID    |   in|    1|       m_axi|                      gmem|       pointer|
|m_axi_gmem_BREADY    |  out|    1|       m_axi|                      gmem|       pointer|
|m_axi_gmem_BRESP     |   in|    2|       m_axi|                      gmem|       pointer|
|m_axi_gmem_BID       |   in|    1|       m_axi|                      gmem|       pointer|
|m_axi_gmem_BUSER     |   in|    1|       m_axi|                      gmem|       pointer|
|sext_ln51_2          |   in|   62|     ap_none|               sext_ln51_2|        scalar|
|trunc_ln51_3         |   in|   31|     ap_none|              trunc_ln51_3|        scalar|
|sext_ln51            |   in|   62|     ap_none|                 sext_ln51|        scalar|
|sext_ln51_1          |   in|   62|     ap_none|               sext_ln51_1|        scalar|
+---------------------+-----+-----+------------+--------------------------+--------------+

