Tue Jan 25 07:52:05 2022: Running xcd server. This server was built by gradle.
Tue Jan 25 07:52:05 2022: Server was asked to start on port: '41997'
Tue Jan 25 07:52:05 2022: Server is using token UUID: '2886f94b-5c14-45e9-a38e-2b80f6b74d3b'
Tue Jan 25 07:52:05 2022: SESSION_MGR: creating session with session uuid: '6d04a3e9-ade5-4ab9-8d63-1f78fcd2ec76' and name 'default'
Tue Jan 25 07:52:05 2022: Attempting to start server on port '41997'
Tue Jan 25 07:52:05 2022: XCD main fifo: created main fifo '/tmp/xcdmain2886f94b-5c14-45e9-a38e-2b80f6b74d3b', fd read = 14
Tue Jan 25 07:52:05 2022: Running Dispatch Server
Tue Jan 25 07:52:05 2022: Version 2.2.0
Tue Jan 25 07:52:13 2022: Dispatch Server: Accepted socket connection from client
Tue Jan 25 07:52:13 2022: Starting Socket connection
Tue Jan 25 07:52:13 2022: EXCHANGE_TOKEN received, server token: 2886f94b-5c14-45e9-a38e-2b80f6b74d3b, passed token: 2886f94b-5c14-45e9-a38e-2b80f6b74d3b
Tue Jan 25 07:52:14 2022: DISPATCH_HANDLER: Adding handler from function makeHandler in library libxv_system_diagram
Tue Jan 25 07:52:14 2022: SESSION_MGR: creating session with session uuid: '8c3742ca-6f4f-40a0-ad32-3edc28c0dae2' and name 'link'
Tue Jan 25 07:52:14 2022: KERNEL_SVC: creating session with uuid: '8c3742ca-6f4f-40a0-ad32-3edc28c0dae2' and name 'link'
Tue Jan 25 07:52:14 2022: GUIDANCE_SMGR: creating guidance session with uuid: '8c3742ca-6f4f-40a0-ad32-3edc28c0dae2' and name 'link'
Tue Jan 25 07:52:14 2022: SYSTEM_DIAGRAM_SMGR: creating diagram session with uuid: '8c3742ca-6f4f-40a0-ad32-3edc28c0dae2' and name 'link'
Tue Jan 25 07:52:48 2022: Dispatch Server: Accepted socket connection from client
Tue Jan 25 07:52:48 2022: Starting Socket connection
Tue Jan 25 07:53:08 2022: Dispatch Server: Accepted socket connection from client
Tue Jan 25 07:53:08 2022: Starting Socket connection
Tue Jan 25 07:58:23 2022: SESSION_MGR: closing session for UUID '8c3742ca-6f4f-40a0-ad32-3edc28c0dae2' with name 'link'
Tue Jan 25 07:58:23 2022: KERNEL_SVC: closing session for UUID '8c3742ca-6f4f-40a0-ad32-3edc28c0dae2' with name 'link'
Tue Jan 25 07:58:23 2022: GUIDANCE_SMGR: closing session for UUID '8c3742ca-6f4f-40a0-ad32-3edc28c0dae2' with name 'link'
Tue Jan 25 07:58:23 2022: SYSTEM_DIAGRAM_SMGR: closing session for UUID '8c3742ca-6f4f-40a0-ad32-3edc28c0dae2' with name 'link'
