Mon Jan 24 15:56:09 2022: Running xcd server. This server was built by gradle.
Mon Jan 24 15:56:09 2022: Server was asked to start on port: '36650'
Mon Jan 24 15:56:09 2022: Server is using token UUID: '9fd0142c-c73b-4419-a969-a2820a58b858'
Mon Jan 24 15:56:09 2022: SESSION_MGR: creating session with session uuid: '6d04a3e9-ade5-4ab9-8d63-1f78fcd2ec76' and name 'default'
Mon Jan 24 15:56:09 2022: Attempting to start server on port '36650'
Mon Jan 24 15:56:09 2022: XCD main fifo: created main fifo '/tmp/xcdmain9fd0142c-c73b-4419-a969-a2820a58b858', fd read = 14
Mon Jan 24 15:56:09 2022: Running Dispatch Server
Mon Jan 24 15:56:09 2022: Version 2.2.0
Mon Jan 24 15:56:17 2022: Dispatch Server: Accepted socket connection from client
Mon Jan 24 15:56:17 2022: Starting Socket connection
Mon Jan 24 15:56:17 2022: EXCHANGE_TOKEN received, server token: 9fd0142c-c73b-4419-a969-a2820a58b858, passed token: 9fd0142c-c73b-4419-a969-a2820a58b858
Mon Jan 24 15:56:19 2022: DISPATCH_HANDLER: Adding handler from function makeHandler in library libxv_system_diagram
Mon Jan 24 15:56:19 2022: SESSION_MGR: creating session with session uuid: '485e80a9-cd9e-4e09-aaa1-5249f0ca8440' and name 'krnl_vadd'
Mon Jan 24 15:56:19 2022: KERNEL_SVC: creating session with uuid: '485e80a9-cd9e-4e09-aaa1-5249f0ca8440' and name 'krnl_vadd'
Mon Jan 24 15:56:19 2022: GUIDANCE_SMGR: creating guidance session with uuid: '485e80a9-cd9e-4e09-aaa1-5249f0ca8440' and name 'krnl_vadd'
Mon Jan 24 15:56:19 2022: SYSTEM_DIAGRAM_SMGR: creating diagram session with uuid: '485e80a9-cd9e-4e09-aaa1-5249f0ca8440' and name 'krnl_vadd'
Mon Jan 24 15:56:55 2022: SESSION_MGR: closing session for UUID '485e80a9-cd9e-4e09-aaa1-5249f0ca8440' with name 'krnl_vadd'
Mon Jan 24 15:56:55 2022: KERNEL_SVC: closing session for UUID '485e80a9-cd9e-4e09-aaa1-5249f0ca8440' with name 'krnl_vadd'
Mon Jan 24 15:56:55 2022: GUIDANCE_SMGR: closing session for UUID '485e80a9-cd9e-4e09-aaa1-5249f0ca8440' with name 'krnl_vadd'
Mon Jan 24 15:56:55 2022: SYSTEM_DIAGRAM_SMGR: closing session for UUID '485e80a9-cd9e-4e09-aaa1-5249f0ca8440' with name 'krnl_vadd'
