# 
# Steps log generated by v++
# This log file contains a collection of steps that describe the kernel compilation flow
# Note: Some steps are tagged as internal, these steps are for debugging purposes and 
#       are not expected to be able to run independently.
# 

# The following environment variables are set when running v++
Environment variables :
------------------------------------------
DCV_GL_DISPLAY=:0.0
LIBOVERLAY_SCROLLBAR=0
_RDI_DONT_SET_XILINX_AS_PATH=True
XDG_SESSION_ID=c3
SSH_AGENT_PID=2771
HOSTNAME=ip-172-31-90-216.ec2.internal
IMSETTINGS_INTEGRATE_DESKTOP=yes
TERM=xterm-256color
XILINX_DSP=
XDG_MENU_PREFIX=gnome-
VTE_VERSION=5204
SHELL=/bin/bash
HISTSIZE=1000
MAKEFLAGS=
XILINX_RS_SESSION=77135985-0643-48ba-9e54-9465174d8682
MYVIVADO=
GNOME_TERMINAL_SCREEN=/org/gnome/Terminal/screen/66d3047a_2f82_4308_82c8_aee34253d33e
RDI_TPS_ROOT=/opt/Xilinx/Vivado/2021.1/tps/lnx64
HDI_PROCESSOR=x86_64
SYNTH_COMMON=/opt/Xilinx/Vitis/2021.1/scripts/rt/data
LC_ALL=en_US.UTF-8
RDI_JAVA_VERSION=11.0.2
RT_TCL_PATH=/opt/Xilinx/Vitis/2021.1/scripts/rt/base_tcl/tcl
IMSETTINGS_MODULE=none
RDI_PREPEND_PATH=/opt/Xilinx/Vitis/2021.1/bin:/opt/Xilinx/Vitis/2021.1/bin
USER=centos
RDI_OPT_EXT=.o
LD_LIBRARY_PATH=/opt/Xilinx/Vitis/2021.1/tps/lnx64/javafx-sdk-11.0.2/lib:/opt/Xilinx/Vitis/2021.1/lib/lnx64.o/Default:/opt/Xilinx/Vitis/2021.1/lib/lnx64.o:/opt/Xilinx/Vitis/2021.1/tps/lnx64/jre11.0.2/lib/:/opt/Xilinx/Vitis/2021.1/tps/lnx64/jre11.0.2/lib//server:/opt/Xilinx/Vitis/2021.1/lib/lnx64.o/Default:/opt/Xilinx/Vitis/2021.1/lib/lnx64.o:/opt/Xilinx/Vitis/2021.1/tps/lnx64/javafx-sdk-11.0.2/lib:/opt/Xilinx/Vitis/2021.1/lib/lnx64.o/Default:/opt/Xilinx/Vitis/2021.1/lib/lnx64.o:/opt/Xilinx/Vitis/2021.1/tps/lnx64/jre11.0.2/lib/:/opt/Xilinx/Vitis/2021.1/tps/lnx64/jre11.0.2/lib//server:/opt/Xilinx/Vitis/2021.1/lib/lnx64.o:/opt/Xilinx/Vitis/2021.1/lib/lnx64.o/Default:/opt/Xilinx/Vitis/2021.1/lib/lnx64.o:/opt/Xilinx/Vitis/2021.1/tps/lnx64/python-3.8.3/lib:/opt/Xilinx/Vitis/2021.1/aietools/lib/lnx64.o:/opt/xilinx/xrt/lib::/opt/Xilinx/Vitis/2021.1/bin/../lnx64/tools/dot/lib:/opt/Xilinx/Vitis/2021.1/bin/../lnx64/tools/dot/lib
LS_COLORS=rs=0:di=38;5;27:ln=38;5;51:mh=44;38;5;15:pi=40;38;5;11:so=38;5;13:do=38;5;5:bd=48;5;232;38;5;11:cd=48;5;232;38;5;3:or=48;5;232;38;5;9:mi=05;48;5;232;38;5;15:su=48;5;196;38;5;15:sg=48;5;11;38;5;16:ca=48;5;196;38;5;226:tw=48;5;10;38;5;16:ow=48;5;10;38;5;21:st=48;5;21;38;5;15:ex=38;5;34:*.tar=38;5;9:*.tgz=38;5;9:*.arc=38;5;9:*.arj=38;5;9:*.taz=38;5;9:*.lha=38;5;9:*.lz4=38;5;9:*.lzh=38;5;9:*.lzma=38;5;9:*.tlz=38;5;9:*.txz=38;5;9:*.tzo=38;5;9:*.t7z=38;5;9:*.zip=38;5;9:*.z=38;5;9:*.Z=38;5;9:*.dz=38;5;9:*.gz=38;5;9:*.lrz=38;5;9:*.lz=38;5;9:*.lzo=38;5;9:*.xz=38;5;9:*.bz2=38;5;9:*.bz=38;5;9:*.tbz=38;5;9:*.tbz2=38;5;9:*.tz=38;5;9:*.deb=38;5;9:*.rpm=38;5;9:*.jar=38;5;9:*.war=38;5;9:*.ear=38;5;9:*.sar=38;5;9:*.rar=38;5;9:*.alz=38;5;9:*.ace=38;5;9:*.zoo=38;5;9:*.cpio=38;5;9:*.7z=38;5;9:*.rz=38;5;9:*.cab=38;5;9:*.jpg=38;5;13:*.jpeg=38;5;13:*.gif=38;5;13:*.bmp=38;5;13:*.pbm=38;5;13:*.pgm=38;5;13:*.ppm=38;5;13:*.tga=38;5;13:*.xbm=38;5;13:*.xpm=38;5;13:*.tif=38;5;13:*.tiff=38;5;13:*.png=38;5;13:*.svg=38;5;13:*.svgz=38;5;13:*.mng=38;5;13:*.pcx=38;5;13:*.mov=38;5;13:*.mpg=38;5;13:*.mpeg=38;5;13:*.m2v=38;5;13:*.mkv=38;5;13:*.webm=38;5;13:*.ogm=38;5;13:*.mp4=38;5;13:*.m4v=38;5;13:*.mp4v=38;5;13:*.vob=38;5;13:*.qt=38;5;13:*.nuv=38;5;13:*.wmv=38;5;13:*.asf=38;5;13:*.rm=38;5;13:*.rmvb=38;5;13:*.flc=38;5;13:*.avi=38;5;13:*.fli=38;5;13:*.flv=38;5;13:*.gl=38;5;13:*.dl=38;5;13:*.xcf=38;5;13:*.xwd=38;5;13:*.yuv=38;5;13:*.cgm=38;5;13:*.emf=38;5;13:*.axv=38;5;13:*.anx=38;5;13:*.ogv=38;5;13:*.ogx=38;5;13:*.aac=38;5;45:*.au=38;5;45:*.flac=38;5;45:*.mid=38;5;45:*.midi=38;5;45:*.mka=38;5;45:*.mp3=38;5;45:*.mpc=38;5;45:*.ogg=38;5;45:*.ra=38;5;45:*.wav=38;5;45:*.axa=38;5;45:*.oga=38;5;45:*.spx=38;5;45:*.xspf=38;5;45
GNOME_TERMINAL_SERVICE=:1.95
RDI_PATCHROOT=
TCL_LIBRARY=/opt/Xilinx/Vitis/2021.1/tps/tcl/tcl8.5
OXYGEN_DISABLE_INNER_SHADOWS_HACK=1
SSH_AUTH_SOCK=/run/user/1000/keyring/ssh
RDI_PLATFORM=lnx64
MAKELEVEL=1
SESSION_MANAGER=local/unix:@/tmp/.ICE-unix/2510,unix/unix:/tmp/.ICE-unix/2510
MFLAGS=
RDI_BUILD=yes
DCV_SESSION_ID=centos
RT_LIBPATH=/opt/Xilinx/Vitis/2021.1/scripts/rt/data
RDI_LIBDIR=/opt/Xilinx/Vitis/2021.1/lib/lnx64.o/Default:/opt/Xilinx/Vitis/2021.1/lib/lnx64.o
GNOME_SHELL_SESSION_MODE=classic
RDI_USE_JDK11=1
MAIL=/var/spool/mail/centos
PATH=/opt/Xilinx/Vivado/2021.1/tps/lnx64/binutils-2.26/bin:/opt/Xilinx/Vitis/2021.1/bin/../gnu/aarch64/lin/aarch64-linux/bin:/opt/Xilinx/Vitis/2021.1/bin/../gnu/ppc64le/4.9.3/lnx64/bin:/opt/Xilinx/Vitis/2021.1/bin/../gnu/aarch32/lin/gcc-arm-linux-gnueabi/bin:/opt/Xilinx/Vivado/2021.1/tps/lnx64/gcc-6.2.0/bin:/opt/Xilinx/Vivado/2021.1/gnu/microblaze/lin/bin:/opt/Xilinx/Vitis/2021.1/bin:/opt/Xilinx/Vitis/2021.1/tps/lnx64/jre11.0.2/bin:/opt/Xilinx/Vitis/2021.1/gnu/microblaze/lin/bin:/opt/Xilinx/Vitis/2021.1/gnu/microblaze/linux_toolchain/lin64_le/bin:/opt/Xilinx/Vitis/2021.1/gnu/microblaze/linux_toolchain/lin64_be/bin:/opt/Xilinx/Vitis/2021.1/gnu/arm/lin/bin:/opt/Xilinx/Vitis/2021.1/gnu/aarch64/lin/aarch64-none/bin:/opt/Xilinx/Vitis/2021.1/gnu/aarch64/lin/aarch64-linux/bin:/opt/Xilinx/Vitis/2021.1/gnu/armr5/lin/gcc-arm-none-eabi/bin:/opt/Xilinx/Vitis/2021.1/gnu/aarch32/lin/gcc-arm-none-eabi/bin:/opt/Xilinx/Vitis/2021.1/gnu/aarch32/lin/gcc-arm-linux-gnueabi/bin:/opt/Xilinx/Vitis/2021.1/tps/lnx64/cmake-3.3.2/bin::/opt/Xilinx/Vitis/2021.1/aietools/bin:/opt/Xilinx/Vivado/2021.1/bin:/opt/Xilinx/DocNav:/opt/Xilinx/Vitis_HLS/2021.1/bin:/opt/xilinx/xrt/bin:/usr/local/bin:/bin:/usr/bin:/usr/local/sbin:/usr/sbin:/srv/git/centos-git-common:/home/centos/.local/bin:/home/centos/bin
XILINX_VITIS=/opt/Xilinx/Vitis/2021.1
FREETYPE_PROPERTIES=truetype:interpreter-version=35
QT_IM_MODULE=ibus
XILINX_XRT=/opt/xilinx/xrt
PWD=/home/centos/workspace/optimization_lab_system_hw_link/Emulation-HW
XDG_SESSION_TYPE=x11
_LMFILES_=/usr/share/Modules/modulefiles/vitis
XMODIFIERS=@im=ibus
XIL_CHECK_TCL_DEBUG=False
LANG=en_US.UTF-8
XILINX_VIVADO_HLS=/opt/Xilinx/Vivado/2021.1
HDI_APPROOT=/opt/Xilinx/Vitis/2021.1
MODULEPATH=/usr/share/Modules/modulefiles:/etc/modulefiles
LOADEDMODULES=vitis
PYTHONHOME=/opt/Xilinx/Vitis/2021.1/tps/lnx64/python-3.8.3/
XILINX_HLS=/opt/Xilinx/Vitis_HLS/2021.1
XILINX_VIVADO=/opt/Xilinx/Vivado/2021.1
XILINX_SDK=/opt/Xilinx/Vitis/2021.1
HISTCONTROL=ignoredups
ISL_IOSTREAMS_RSA=/opt/Xilinx/Vitis/2021.1/tps/isl
SHLVL=11
HOME=/home/centos
RDI_BASEROOT=/opt/Xilinx/Vitis
GDK_CORE_DEVICE_EVENTS=1
CWD=/home/centos/workspace/optimization_lab_system_hw_link/Emulation-HW
LANGUAGE=en_US:en
RDI_APPROOT=/opt/Xilinx/Vitis/2021.1
PYTHONPATH=/opt/Xilinx/Vitis/2021.1/tps/lnx64/python-3.8.3/lib/python3.8/lib-dynload/:/opt/Xilinx/Vitis/2021.1/tps/lnx64/python-3.8.3/lib/python3.8/
LOGNAME=centos
RDI_JAVA_PLATFORM=
DBUS_SESSION_BUS_ADDRESS=unix:abstract=/tmp/dbus-YRQ1q4fIpY,guid=50b50ee7d3e678d23f3f80eb61efa972
PLATFORM_REPO_PATHS=/home/centos/aws-fpga/Vitis/aws_platform/xilinx_aws-vu9p-f1_shell-v04261818_201920_2/
RDI_BINROOT=/opt/Xilinx/Vitis/2021.1/bin
XDG_DATA_DIRS=/home/centos/.local/share/flatpak/exports/share:/var/lib/flatpak/exports/share:/usr/local/share:/usr/share
MODULESHOME=/usr/share/Modules
LESSOPEN=||/usr/bin/lesspipe.sh %s
RDI_PROG=/opt/Xilinx/Vitis/2021.1/bin/unwrapped/lnx64.o/v++
XIL_NO_OVERRIDE=0
DISPLAY=:1
XDG_RUNTIME_DIR=/run/user/1000
XIL_SUPPRESS_OVERRIDE_WARNINGS=1
DCV_VIRTUAL_SESSION=1
AWS_FPGA_REPO_DIR=/home/centos/src/project_data/aws-fpga
XILINX_PLANAHEAD=/opt/Xilinx/Vitis/2021.1
XDG_CURRENT_DESKTOP=GNOME
HDIPRELDPATH=/opt/Xilinx/Vitis/2021.1/lib/lnx64.o/Default:/opt/Xilinx/Vitis/2021.1/lib/lnx64.o:/opt/Xilinx/Vitis/2021.1/tps/lnx64/javafx-sdk-11.0.2/lib:/opt/Xilinx/Vitis/2021.1/lib/lnx64.o/Default:/opt/Xilinx/Vitis/2021.1/lib/lnx64.o:/opt/Xilinx/Vitis/2021.1/tps/lnx64/jre11.0.2/lib/:/opt/Xilinx/Vitis/2021.1/tps/lnx64/jre11.0.2/lib//server:/opt/Xilinx/Vitis/2021.1/lib/lnx64.o:/opt/Xilinx/Vitis/2021.1/lib/lnx64.o/Default:/opt/Xilinx/Vitis/2021.1/lib/lnx64.o:/opt/Xilinx/Vitis/2021.1/tps/lnx64/python-3.8.3/lib:/opt/Xilinx/Vitis/2021.1/aietools/lib/lnx64.o:/opt/xilinx/xrt/lib::/opt/Xilinx/Vitis/2021.1/bin/../lnx64/tools/dot/lib:/opt/Xilinx/Vitis/2021.1/bin/../lnx64/tools/dot/lib
RDI_INSTALLVER=2021.1
XILINX_RS_PORT=35629
RDI_INSTALLROOT=/opt/Xilinx
COLORTERM=truecolor
RDI_DATADIR=/opt/Xilinx/Vitis/2021.1/data
XAUTHORITY=/run/user/1000/dcv/centos.xauth
BASH_FUNC_module()=() {  eval `/usr/bin/modulecmd bash $*`
}
_=/opt/Xilinx/Vitis/2021.1/bin/unwrapped/lnx64.o/v++
XILINX_CD_CONNECT_ID=41997
XILINX_CD_SESSION=8c3742ca-6f4f-40a0-ad32-3edc28c0dae2


V++ command line:
------------------------------------------
/opt/Xilinx/Vitis/2021.1/bin/unwrapped/lnx64.o/v++ --target hw_emu --link --config binary_container_1-link.cfg -obinary_container_1.xclbin ../../optimization_lab_kernels/Emulation-HW/build/krnl_idct.xo 

FINAL PROGRAM OPTIONS
--advanced.misc solution_name=link
--config binary_container_1-link.cfg
--connectivity.nk krnl_idct:1:krnl_idct_1
--connectivity.sp krnl_idct_1.block:DDR[0]
--connectivity.sp krnl_idct_1.q:DDR[0]
--connectivity.sp krnl_idct_1.voutp:DDR[1]
--debug
--input_files ../../optimization_lab_kernels/Emulation-HW/build/krnl_idct.xo
--link
--log_dir binary_container_1.build/logs
--messageDb binary_container_1.mdb
--optimize 0
--output binary_container_1.xclbin
--platform /home/centos/aws-fpga/Vitis/aws_platform/xilinx_aws-vu9p-f1_shell-v04261818_201920_2/xilinx_aws-vu9p-f1_shell-v04261818_201920_2.xpfm
--profile.data krnl_idct:krnl_idct_1:block:all
--profile.data krnl_idct:krnl_idct_1:q:all
--profile.data krnl_idct:krnl_idct_1:voutp:all
--report_dir binary_container_1.build/reports
--report_level 0
--save-temps
--target hw_emu
--temp_dir binary_container_1.build

PARSED COMMAND LINE OPTIONS
--target hw_emu 
--link 
--config binary_container_1-link.cfg 
-obinary_container_1.xclbin 
../../optimization_lab_kernels/Emulation-HW/build/krnl_idct.xo 

PARSED CONFIG FILE (1) OPTIONS
file: binary_container_1-link.cfg
platform /home/centos/aws-fpga/Vitis/aws_platform/xilinx_aws-vu9p-f1_shell-v04261818_201920_2/xilinx_aws-vu9p-f1_shell-v04261818_201920_2.xpfm 
save-temps 1 
debug 1 
messageDb binary_container_1.mdb 
temp_dir binary_container_1.build 
report_dir binary_container_1.build/reports 
log_dir binary_container_1.build/logs 
advanced.misc solution_name=link 
connectivity.nk krnl_idct:1:krnl_idct_1 
connectivity.sp krnl_idct_1.block:DDR[0] 
connectivity.sp krnl_idct_1.q:DDR[0] 
connectivity.sp krnl_idct_1.voutp:DDR[1] 
profile.data krnl_idct:krnl_idct_1:block:all 
profile.data krnl_idct:krnl_idct_1:q:all 
profile.data krnl_idct:krnl_idct_1:voutp:all 

EXPANDED PARAMETERS
From application of optMap.xml: 
 --vivado.prop "run.__KERNEL__.{STEPS.SYNTH_DESIGN.ARGS.MORE OPTIONS}={-directive sdx_optimization_effort_high}" --advanced.misc "report=type report_timing_summary name impl_report_timing_summary_route_design_summary steps {route_design} runs {impl_1} options {-max_paths 10}" --advanced.misc "report=type report_timing_summary name impl_report_timing_summary_post_route_phys_opt_design_summary steps {post_route_phys_opt_design} runs {impl_1} options {-max_paths 10}"

HARDWARE PLATFORM PARAMETERS
--xp param:compiler.lockFlowCritSlackThreshold=0 --xp vivado_param:hd.routingContainmentAreaExpansion=true --xp vivado_param:hd.supportClockNetCrossDiffReconfigurablePartitions=1 --xp vivado_param:bitstream.enablePR=4123 --xp vivado_param:physynth.ultraRAMOptOutput=false --xp vivado_prop:run.__KERNEL__.{STEPS.SYNTH_DESIGN.ARGS.MAX_URAM_CASCADE_HEIGHT}={1} --xp vivado_param:synth.elaboration.rodinMoreOptions={rt::set_parameter disableOregPackingUram true} 

FINAL PLATFORM PATH
/home/centos/aws-fpga/Vitis/aws_platform/xilinx_aws-vu9p-f1_shell-v04261818_201920_2/xilinx_aws-vu9p-f1_shell-v04261818_201920_2.xpfm

==========================================
new:  steps log generated by v++ for new launch 
timestamp: 25 Jan 2022 07:52:19
------------------------------------------
V++ internal step: generating xclbin xml file
timestamp: 25 Jan 2022 07:52:19
output: /home/centos/workspace/optimization_lab_system_hw_link/Emulation-HW/binary_container_1.build/link/int/binary_container_1.xml
------------------------------------------
step: running system_link
timestamp: 25 Jan 2022 07:52:20
cmd: /opt/Xilinx/Vitis/2021.1/bin/system_link --xo /home/centos/workspace/optimization_lab_kernels/Emulation-HW/build/krnl_idct.xo -keep --config /home/centos/workspace/optimization_lab_system_hw_link/Emulation-HW/binary_container_1.build/link/int/syslinkConfig.ini --xpfm /home/centos/aws-fpga/Vitis/aws_platform/xilinx_aws-vu9p-f1_shell-v04261818_201920_2/xilinx_aws-vu9p-f1_shell-v04261818_201920_2.xpfm --target emu --output_dir /home/centos/workspace/optimization_lab_system_hw_link/Emulation-HW/binary_container_1.build/link/int --temp_dir /home/centos/workspace/optimization_lab_system_hw_link/Emulation-HW/binary_container_1.build/link/sys_link
system_link status: success
------------------------------------------
step: running cf2sw
timestamp: 25 Jan 2022 07:52:42
cmd: /opt/Xilinx/Vitis/2021.1/bin/cf2sw -sdsl /home/centos/workspace/optimization_lab_system_hw_link/Emulation-HW/binary_container_1.build/link/int/sdsl.dat -rtd /home/centos/workspace/optimization_lab_system_hw_link/Emulation-HW/binary_container_1.build/link/int/cf2sw.rtd -nofilter /home/centos/workspace/optimization_lab_system_hw_link/Emulation-HW/binary_container_1.build/link/int/cf2sw_full.rtd -xclbin /home/centos/workspace/optimization_lab_system_hw_link/Emulation-HW/binary_container_1.build/link/int/xclbin_orig.xml -o /home/centos/workspace/optimization_lab_system_hw_link/Emulation-HW/binary_container_1.build/link/int/xclbin_orig.1.xml
cf2sw status: success
------------------------------------------
step: running rtd2_system_diagram
timestamp: 25 Jan 2022 07:52:45
cmd: rtd2SystemDiagram
rtd2_system_diagram status: success
------------------------------------------
step: running vpl
timestamp: 25 Jan 2022 07:52:46
cmd: /opt/Xilinx/Vitis/2021.1/bin/vpl -t hw_emu -f /home/centos/aws-fpga/Vitis/aws_platform/xilinx_aws-vu9p-f1_shell-v04261818_201920_2/xilinx_aws-vu9p-f1_shell-v04261818_201920_2.xpfm -g --remote_ip_cache /home/centos/workspace/optimization_lab_system_hw_link/Emulation-HW/.ipcache -s --output_dir /home/centos/workspace/optimization_lab_system_hw_link/Emulation-HW/binary_container_1.build/link/int --log_dir /home/centos/workspace/optimization_lab_system_hw_link/Emulation-HW/binary_container_1.build/logs/link --report_dir /home/centos/workspace/optimization_lab_system_hw_link/Emulation-HW/binary_container_1.build/reports/link --config /home/centos/workspace/optimization_lab_system_hw_link/Emulation-HW/binary_container_1.build/link/int/vplConfig.ini -k /home/centos/workspace/optimization_lab_system_hw_link/Emulation-HW/binary_container_1.build/link/int/kernel_info.dat --webtalk_flag Vitis --temp_dir /home/centos/workspace/optimization_lab_system_hw_link/Emulation-HW/binary_container_1.build/link --emulation_mode debug_waveform --no-info --iprepo /home/centos/workspace/optimization_lab_system_hw_link/Emulation-HW/binary_container_1.build/link/int/xo/ip_repo/xilinx_com_hls_krnl_idct_1_0 --messageDb /home/centos/workspace/optimization_lab_system_hw_link/Emulation-HW/binary_container_1.build/link/run_link/vpl.pb /home/centos/workspace/optimization_lab_system_hw_link/Emulation-HW/binary_container_1.build/link/int/dr.bd.tcl
Vivado Log File: /home/centos/workspace/optimization_lab_system_hw_link/Emulation-HW/binary_container_1.build/link/run_link/../vivado/vpl/vivado.log
file: vplConfig.ini
[advanced]
param=compiler.lockFlowCritSlackThreshold=0
misc=report=type report_timing_summary name impl_report_timing_summary_route_design_summary steps {route_design} runs {impl_1} options {-max_paths 10}
misc=report=type report_timing_summary name impl_report_timing_summary_post_route_phys_opt_design_summary steps {post_route_phys_opt_design} runs {impl_1} options {-max_paths 10}
param=compiler.enablePerformanceTrace=1
misc=solution_name=link
param=hw_emu.enableDebugWaveform=1
param=hw_emu.enableProfiling=1
param=compiler.vppCurrentWorkingDir=/home/centos/workspace/optimization_lab_system_hw_link/Emulation-HW
misc=BinaryName=binary_container_1
[connectivity]
nk=krnl_idct:1:krnl_idct_1
[vivado]
param=hd.routingContainmentAreaExpansion=true
param=hd.supportClockNetCrossDiffReconfigurablePartitions=1
param=bitstream.enablePR=4123
param=physynth.ultraRAMOptOutput=false
prop=run.__KERNEL__.{STEPS.SYNTH_DESIGN.ARGS.MAX_URAM_CASCADE_HEIGHT}={1}
param=synth.elaboration.rodinMoreOptions={rt::set_parameter disableOregPackingUram true}
prop=run.__KERNEL__.{STEPS.SYNTH_DESIGN.ARGS.MORE OPTIONS}={-directive sdx_optimization_effort_high}

FINAL PROGRAM OPTIONS
--advanced.misc report=type report_timing_summary name impl_report_timing_summary_route_design_summary steps {route_design} runs {impl_1} options {-max_paths 10}
--advanced.misc report=type report_timing_summary name impl_report_timing_summary_post_route_phys_opt_design_summary steps {post_route_phys_opt_design} runs {impl_1} options {-max_paths 10}
--advanced.misc solution_name=link
--advanced.misc BinaryName=binary_container_1
--advanced.param compiler.lockFlowCritSlackThreshold=0
--advanced.param compiler.enablePerformanceTrace=1
--advanced.param hw_emu.enableDebugWaveform=1
--advanced.param hw_emu.enableProfiling=1
--advanced.param compiler.vppCurrentWorkingDir=/home/centos/workspace/optimization_lab_system_hw_link/Emulation-HW
--config /home/centos/workspace/optimization_lab_system_hw_link/Emulation-HW/binary_container_1.build/link/int/vplConfig.ini
--connectivity.nk krnl_idct:1:krnl_idct_1
--debug
--emulation_mode debug_waveform
--input_file /home/centos/workspace/optimization_lab_system_hw_link/Emulation-HW/binary_container_1.build/link/int/dr.bd.tcl
--iprepo /home/centos/workspace/optimization_lab_system_hw_link/Emulation-HW/binary_container_1.build/link/int/xo/ip_repo/xilinx_com_hls_krnl_idct_1_0
--kernels /home/centos/workspace/optimization_lab_system_hw_link/Emulation-HW/binary_container_1.build/link/int/kernel_info.dat
--log_dir /home/centos/workspace/optimization_lab_system_hw_link/Emulation-HW/binary_container_1.build/logs/link
--messageDb /home/centos/workspace/optimization_lab_system_hw_link/Emulation-HW/binary_container_1.build/link/run_link/vpl.pb
--no-info
--output_dir /home/centos/workspace/optimization_lab_system_hw_link/Emulation-HW/binary_container_1.build/link/int
--platform /home/centos/aws-fpga/Vitis/aws_platform/xilinx_aws-vu9p-f1_shell-v04261818_201920_2/xilinx_aws-vu9p-f1_shell-v04261818_201920_2.xpfm
--remote_ip_cache /home/centos/workspace/optimization_lab_system_hw_link/Emulation-HW/.ipcache
--report_dir /home/centos/workspace/optimization_lab_system_hw_link/Emulation-HW/binary_container_1.build/reports/link
--save_temps
--target hw_emu
--temp_dir /home/centos/workspace/optimization_lab_system_hw_link/Emulation-HW/binary_container_1.build/link
--vivado.param hd.routingContainmentAreaExpansion=true
--vivado.param hd.supportClockNetCrossDiffReconfigurablePartitions=1
--vivado.param bitstream.enablePR=4123
--vivado.param physynth.ultraRAMOptOutput=false
--vivado.param synth.elaboration.rodinMoreOptions={rt::set_parameter disableOregPackingUram true}
--vivado.prop run.__KERNEL__.{STEPS.SYNTH_DESIGN.ARGS.MAX_URAM_CASCADE_HEIGHT}={1}
--vivado.prop run.__KERNEL__.{STEPS.SYNTH_DESIGN.ARGS.MORE OPTIONS}={-directive sdx_optimization_effort_high}
--webtalk_flag Vitis

PARSED COMMAND LINE OPTIONS
-t hw_emu 
-f /home/centos/aws-fpga/Vitis/aws_platform/xilinx_aws-vu9p-f1_shell-v04261818_201920_2/xilinx_aws-vu9p-f1_shell-v04261818_201920_2.xpfm 
-g 
--remote_ip_cache /home/centos/workspace/optimization_lab_system_hw_link/Emulation-HW/.ipcache 
-s 
--output_dir /home/centos/workspace/optimization_lab_system_hw_link/Emulation-HW/binary_container_1.build/link/int 
--log_dir /home/centos/workspace/optimization_lab_system_hw_link/Emulation-HW/binary_container_1.build/logs/link 
--report_dir /home/centos/workspace/optimization_lab_system_hw_link/Emulation-HW/binary_container_1.build/reports/link 
--config /home/centos/workspace/optimization_lab_system_hw_link/Emulation-HW/binary_container_1.build/link/int/vplConfig.ini 
-k /home/centos/workspace/optimization_lab_system_hw_link/Emulation-HW/binary_container_1.build/link/int/kernel_info.dat 
--webtalk_flag Vitis 
--temp_dir /home/centos/workspace/optimization_lab_system_hw_link/Emulation-HW/binary_container_1.build/link 
--emulation_mode debug_waveform 
--no-info 
--iprepo /home/centos/workspace/optimization_lab_system_hw_link/Emulation-HW/binary_container_1.build/link/int/xo/ip_repo/xilinx_com_hls_krnl_idct_1_0 
--messageDb /home/centos/workspace/optimization_lab_system_hw_link/Emulation-HW/binary_container_1.build/link/run_link/vpl.pb 
/home/centos/workspace/optimization_lab_system_hw_link/Emulation-HW/binary_container_1.build/link/int/dr.bd.tcl 

PARSED CONFIG FILE (1) OPTIONS
file: /home/centos/workspace/optimization_lab_system_hw_link/Emulation-HW/binary_container_1.build/link/int/vplConfig.ini
advanced.param compiler.lockFlowCritSlackThreshold=0 
advanced.misc report=type report_timing_summary name impl_report_timing_summary_route_design_summary steps {route_design} runs {impl_1} options {-max_paths 10} 
advanced.misc report=type report_timing_summary name impl_report_timing_summary_post_route_phys_opt_design_summary steps {post_route_phys_opt_design} runs {impl_1} options {-max_paths 10} 
advanced.param compiler.enablePerformanceTrace=1 
advanced.misc solution_name=link 
advanced.param hw_emu.enableDebugWaveform=1 
advanced.param hw_emu.enableProfiling=1 
advanced.param compiler.vppCurrentWorkingDir=/home/centos/workspace/optimization_lab_system_hw_link/Emulation-HW 
advanced.misc BinaryName=binary_container_1 
connectivity.nk krnl_idct:1:krnl_idct_1 
vivado.param hd.routingContainmentAreaExpansion=true 
vivado.param hd.supportClockNetCrossDiffReconfigurablePartitions=1 
vivado.param bitstream.enablePR=4123 
vivado.param physynth.ultraRAMOptOutput=false 
vivado.prop run.__KERNEL__.{STEPS.SYNTH_DESIGN.ARGS.MAX_URAM_CASCADE_HEIGHT}={1} 
vivado.param synth.elaboration.rodinMoreOptions={rt::set_parameter disableOregPackingUram true} 
vivado.prop run.__KERNEL__.{STEPS.SYNTH_DESIGN.ARGS.MORE OPTIONS}={-directive sdx_optimization_effort_high} 


   ------------------------------------------
   VPL internal step: generating ipirun.tcl for vivado
   timestamp: 25 Jan 2022 07:52:55
   -----------------------
   VPL internal step: source -notrace ./ipirun.tcl
   File: vpl.tcl:125
   Line computed from base: 122 offset: 3
   timestamp: 25 January 2022 07:53:08
   -----------------------
   VPL internal step: source scripts/_vivado_params.tcl
   File: vpl.tcl:140
   Line computed from base: 122 offset: 18
   timestamp: 25 January 2022 07:53:08
   -----------------------
  current step: vpl.create_project
   -----------------------
   VPL internal step: create_vivado_project
   Proc: ::ocl_util::create_vivado_project
   File: ocl_util.tcl:477
   timestamp: 25 January 2022 07:53:08
   -----------------------
   VPL internal step: source .local/hw_platform/emu/dynamic_pre_sys_link.tcl
   File: vpl.tcl:1177
   timestamp: 25 January 2022 07:53:08
   -----------------------
   VPL internal step: create_project -part xcvu9p-flgb2104-2-i -force prj prj
   File: /home/centos/workspace/optimization_lab_system_hw_link/Emulation-HW/binary_container_1.build/link/vivado/vpl/.local/ocl_util.tcl:549
   timestamp: 25 January 2022 07:53:08
   -----------------------
  current step: vpl.create_bd
   -----------------------
   VPL internal step: update_ip_catalog
   File: /home/centos/workspace/optimization_lab_system_hw_link/Emulation-HW/binary_container_1.build/link/vivado/vpl/.local/ocl_util.tcl:2288
   timestamp: 25 January 2022 07:53:13
   -----------------------
   VPL internal step: config_ip_cache -disable_cache
   File: /home/centos/workspace/optimization_lab_system_hw_link/Emulation-HW/binary_container_1.build/link/vivado/vpl/.local/ocl_util.tcl:2294
   timestamp: 25 January 2022 07:53:16
   -----------------------
   VPL internal step: import_files -norecurse .local/hw_platform/emu/pfm_dynamic/pfm_dynamic.bd 
   File: /home/centos/workspace/optimization_lab_system_hw_link/Emulation-HW/binary_container_1.build/link/vivado/vpl/.local/ocl_util.tcl:1960
   timestamp: 25 January 2022 07:53:16
   -----------------------
   VPL internal step: open_bd_design -auto_upgrade [get_files pfm_dynamic.bd]
   File: vpl.tcl:193
   timestamp: 25 January 2022 07:53:29
   -----------------------
   VPL internal step: report locked IPs
   File: /home/centos/workspace/optimization_lab_system_hw_link/Emulation-HW/binary_container_1.build/link/vivado/vpl/.local/ocl_util.tcl:2981
   timestamp: 25 January 2022 07:53:35
   -----------------------
   VPL internal step: source .local/dr.bd.tcl
   File: vpl.tcl:216
   timestamp: 25 January 2022 07:53:35
   -----------------------
   VPL internal step: save_bd_design
   File: vpl.tcl:233
   timestamp: 25 January 2022 07:53:37
   -----------------------
   VPL internal step: add_files .local/hw_platform/tcl_hooks/slr_floorplan.xdc -fileset [current_fileset -constrset]
   File: /home/centos/workspace/optimization_lab_system_hw_link/Emulation-HW/binary_container_1.build/link/vivado/vpl/.local/ocl_util.tcl:2604
   timestamp: 25 January 2022 07:53:38
   -----------------------
   VPL internal step: add_files .local/hw_platform/tcl_hooks/cl_synth_aws.xdc -fileset [current_fileset -constrset]
   File: /home/centos/workspace/optimization_lab_system_hw_link/Emulation-HW/binary_container_1.build/link/vivado/vpl/.local/ocl_util.tcl:2604
   timestamp: 25 January 2022 07:53:38
   -----------------------
   VPL internal step: add_files .local/hw_platform/tcl_hooks/cl_clocks_aws.xdc -fileset [current_fileset -constrset]
   File: /home/centos/workspace/optimization_lab_system_hw_link/Emulation-HW/binary_container_1.build/link/vivado/vpl/.local/ocl_util.tcl:2604
   timestamp: 25 January 2022 07:53:38
   -----------------------
   VPL internal step: add_files .local/hw_platform/tcl_hooks/cl_ddr.xdc -fileset [current_fileset -constrset]
   File: /home/centos/workspace/optimization_lab_system_hw_link/Emulation-HW/binary_container_1.build/link/vivado/vpl/.local/ocl_util.tcl:2604
   timestamp: 25 January 2022 07:53:38
   -----------------------
   VPL internal step: updating kernel clocks
   File: vpl.tcl:255
   timestamp: 25 January 2022 07:53:38
   -----------------------
  current step: vpl.update_bd
   -----------------------
   VPL internal step: inserting profiling and debug cores
   File: vpl.tcl:284
   timestamp: 25 January 2022 07:53:38
   -----------------------
   VPL internal step: assign_bd_address
   File: vpl.tcl:296
   timestamp: 25 January 2022 07:53:45
   -----------------------
   VPL internal step: source .local/hw_platform/emu/dynamic_post_sys_link.tcl
   File: vpl.tcl:2094
   timestamp: 25 January 2022 07:53:45
   -----------------------
   VPL internal step: save_bd_design
   File: vpl.tcl:306
   timestamp: 25 January 2022 07:53:45
   -----------------------
   VPL internal step: writing address_map.xml
   File: vpl.tcl:310
   timestamp: 25 January 2022 07:53:46
   -----------------------
  current step: vpl.generate_target
   -----------------------
   VPL internal step: import_files /home/centos/workspace/optimization_lab_system_hw_link/Emulation-HW/binary_container_1.build/link/vivado/vpl/.local/hw_platform/emu/emu/emu.bd
   File: vpl.tcl:340
   timestamp: 25 January 2022 07:53:46
   -----------------------
   VPL internal step: open_bd_design -auto_upgrade [get_files emu.bd]
   File: vpl.tcl:342
   timestamp: 25 January 2022 07:53:50
   -----------------------
   VPL internal step: add_files -norecurse [make_wrapper -top -files [get_files emu.bd ]]
   File: vpl.tcl:346
   timestamp: 25 January 2022 07:53:54
   -----------------------
   VPL internal step: generate_target all [get_files pfm_dynamic.bd]
   File: vpl.tcl:427
   timestamp: 25 January 2022 07:55:08
   -----------------------
   VPL internal step: add_files /home/centos/workspace/optimization_lab_system_hw_link/Emulation-HW/binary_container_1.build/link/vivado/vpl/output/pfm_dynamic_ooc_copy.xdc -fileset [current_fileset -constrset]
   File: /home/centos/workspace/optimization_lab_system_hw_link/Emulation-HW/binary_container_1.build/link/vivado/vpl/.local/ocl_util.tcl:2368
   timestamp: 25 January 2022 07:55:22
   -----------------------
  current step: vpl.config_hw_emu.gen_scripts
   -----------------------
   VPL internal step: hw_emu_common_util::generate_simulation_scripts_only
   File: vpl.tcl:487
   timestamp: 25 January 2022 07:55:22
   -----------------------
   VPL internal step: creating /home/centos/workspace/optimization_lab_system_hw_link/Emulation-HW/binary_container_1.build/link/int/_kernel_inst_paths.dat
   File: /home/centos/workspace/optimization_lab_system_hw_link/Emulation-HW/binary_container_1.build/link/vivado/vpl/.local/ocl_util.tcl:2671
   timestamp: 25 January 2022 07:55:47
   -----------------------
  current step: vpl.config_hw_emu.compile
   -----------------------
   VPL internal step: hw_emu_common_util::compile_scripts_step
   File: vpl.tcl:517
   timestamp: 25 January 2022 07:55:47
   -----------------------
  current step: vpl.config_hw_emu.elaborate
   -----------------------
   VPL internal step: hw_emu_common_util::elaborate_scripts_step
   File: vpl.tcl:546
   timestamp: 25 January 2022 07:57:20
   VPL internal step status: success
vpl status: success
------------------------------------------
step: running rtdgen
timestamp: 25 Jan 2022 07:58:16
cmd: rtdgen
------------------------------------------
step: running cf2sw to update xclbin xml and generate rtd file (runtime data)
timestamp: 25 Jan 2022 07:58:16
cmd: cf2sw -a /home/centos/workspace/optimization_lab_system_hw_link/Emulation-HW/binary_container_1.build/link/int/address_map.xml -sdsl /home/centos/workspace/optimization_lab_system_hw_link/Emulation-HW/binary_container_1.build/link/int/sdsl.dat -xclbin /home/centos/workspace/optimization_lab_system_hw_link/Emulation-HW/binary_container_1.build/link/int/xclbin_orig.xml -rtd /home/centos/workspace/optimization_lab_system_hw_link/Emulation-HW/binary_container_1.build/link/int/binary_container_1.rtd -o /home/centos/workspace/optimization_lab_system_hw_link/Emulation-HW/binary_container_1.build/link/int/binary_container_1.xml
V++ internal step status: success
------------------------------------------
V++ internal step: generating waveform config (wcfg) file
timestamp: 25 Jan 2022 07:58:19
------------------------------------------
V++ internal step: generating data mining script
timestamp: 25 Jan 2022 07:58:19
------------------------------------------
V++ internal step: appending waveform simulation directory to system emulation file
timestamp: 25 Jan 2022 07:58:19
------------------------------------------
step: running writeSystemDiagram to update system diagram with slr and base address info.
timestamp: 25 Jan 2022 07:58:22
cmd: writeSystemDiagram
V++ internal step status: success
rtdgen status: success
------------------------------------------
step: running xclbinutil
timestamp: 25 Jan 2022 07:58:22
cmd: /opt/Xilinx/Vitis/2021.1/bin/xclbinutil --add-section DEBUG_IP_LAYOUT:JSON:/home/centos/workspace/optimization_lab_system_hw_link/Emulation-HW/binary_container_1.build/link/int/debug_ip_layout.rtd --add-section BITSTREAM:RAW:/home/centos/workspace/optimization_lab_system_hw_link/Emulation-HW/binary_container_1.build/link/int/behav.xse --force --target hw_emu --key-value SYS:dfx_enable:false --add-section :JSON:/home/centos/workspace/optimization_lab_system_hw_link/Emulation-HW/binary_container_1.build/link/int/binary_container_1.rtd --append-section :JSON:/home/centos/workspace/optimization_lab_system_hw_link/Emulation-HW/binary_container_1.build/link/int/appendSection.rtd --add-section CLOCK_FREQ_TOPOLOGY:JSON:/home/centos/workspace/optimization_lab_system_hw_link/Emulation-HW/binary_container_1.build/link/int/binary_container_1_xml.rtd --add-section BUILD_METADATA:JSON:/home/centos/workspace/optimization_lab_system_hw_link/Emulation-HW/binary_container_1.build/link/int/binary_container_1_build.rtd --add-section EMBEDDED_METADATA:RAW:/home/centos/workspace/optimization_lab_system_hw_link/Emulation-HW/binary_container_1.build/link/int/binary_container_1.xml --add-section SYSTEM_METADATA:RAW:/home/centos/workspace/optimization_lab_system_hw_link/Emulation-HW/binary_container_1.build/link/int/systemDiagramModelSlrBaseAddress.json --key-value SYS:PlatformVBNV:xilinx_aws-vu9p-f1_shell-v04261818_201920_2 --output /home/centos/workspace/optimization_lab_system_hw_link/Emulation-HW/binary_container_1.xclbin
xclbinutil status: success
------------------------------------------
step: running xclbinutilinfo
timestamp: 25 Jan 2022 07:58:22
cmd: /opt/Xilinx/Vitis/2021.1/bin/xclbinutil --quiet --force --info /home/centos/workspace/optimization_lab_system_hw_link/Emulation-HW/binary_container_1.xclbin.info --input /home/centos/workspace/optimization_lab_system_hw_link/Emulation-HW/binary_container_1.xclbin
xclbinutilinfo status: success
------------------------------------------
step: running generate_sc_driver
timestamp: 25 Jan 2022 07:58:23
cmd: 
generate_sc_driver status: success
------------------------------------------
hw emulation completed
timestamp: 25 Jan 2022 07:58:23
------------------------------------------
V++ internal step: generating system estimate report file
timestamp: 25 Jan 2022 07:58:23
output: /home/centos/workspace/optimization_lab_system_hw_link/Emulation-HW/binary_container_1.build/reports/link/system_estimate_binary_container_1.xtxt
V++ internal step status: success
------------------------------------------
system estimate report task completed
timestamp: 25 Jan 2022 07:58:23
