

================================================================
== Vitis HLS Report for 'krnl_vadd'
================================================================
* Date:           Mon Jan 24 15:56:37 2022

* Version:        2021.1 (Build 3247384 on Thu Jun 10 19:36:07 MDT 2021)
* Project:        krnl_vadd
* Solution:       solution (Vitis Kernel Flow Target)
* Product family: virtexuplus
* Target device:  xcvu9p-flgb2104-2-i


================================================================
== Performance Estimates
================================================================
+ Timing: 
    * Summary: 
    +--------+---------+----------+------------+
    |  Clock |  Target | Estimated| Uncertainty|
    +--------+---------+----------+------------+
    |ap_clk  |  4.00 ns|  2.920 ns|     1.08 ns|
    +--------+---------+----------+------------+

+ Latency: 
    * Summary: 
    +---------+---------+-----------+----------+-----+-----+---------+
    |  Latency (cycles) |  Latency (absolute)  |  Interval | Pipeline|
    |   min   |   max   |    min    |    max   | min | max |   Type  |
    +---------+---------+-----------+----------+-----+-----+---------+
    |        3|      401|  12.000 ns|  1.604 us|    4|  402|       no|
    +---------+---------+-----------+----------+-----+-----+---------+

    + Detail: 
        * Instance: 
        +-------------------------------------+--------------------------+---------+---------+----------+----------+-----+-----+---------+
        |                                     |                          |  Latency (cycles) |  Latency (absolute) |  Interval | Pipeline|
        |               Instance              |          Module          |   min   |   max   |    min   |    max   | min | max |   Type  |
        +-------------------------------------+--------------------------+---------+---------+----------+----------+-----+-----+---------+
        |grp_krnl_vadd_Pipeline_vadd1_fu_131  |krnl_vadd_Pipeline_vadd1  |      260|      260|  1.040 us|  1.040 us|  260|  260|       no|
        +-------------------------------------+--------------------------+---------+---------+----------+----------+-----+-----+---------+

        * Loop: 
        N/A



================================================================
== Utilization Estimates
================================================================
* Summary: 
+---------------------+---------+------+---------+---------+-----+
|         Name        | BRAM_18K|  DSP |    FF   |   LUT   | URAM|
+---------------------+---------+------+---------+---------+-----+
|DSP                  |        -|     -|        -|        -|    -|
|Expression           |        -|     -|        0|      134|    -|
|FIFO                 |        -|     -|        -|        -|    -|
|Instance             |       60|     -|     4786|     5858|    0|
|Memory               |        -|     -|        -|        -|    -|
|Multiplexer          |        -|     -|        -|     1208|    -|
|Register             |        -|     -|      658|        -|    -|
+---------------------+---------+------+---------+---------+-----+
|Total                |       60|     0|     5444|     7200|    0|
+---------------------+---------+------+---------+---------+-----+
|Available SLR        |     1440|  2280|   788160|   394080|  320|
+---------------------+---------+------+---------+---------+-----+
|Utilization SLR (%)  |        4|     0|       ~0|        1|    0|
+---------------------+---------+------+---------+---------+-----+
|Available            |     4320|  6840|  2364480|  1182240|  960|
+---------------------+---------+------+---------+---------+-----+
|Utilization (%)      |        1|     0|       ~0|       ~0|    0|
+---------------------+---------+------+---------+---------+-----+

+ Detail: 
    * Instance: 
    +-------------------------------------+--------------------------+---------+----+------+------+-----+
    |               Instance              |          Module          | BRAM_18K| DSP|  FF  |  LUT | URAM|
    +-------------------------------------+--------------------------+---------+----+------+------+-----+
    |control_s_axi_U                      |control_s_axi             |        0|   0|   284|   488|    0|
    |gmem0_m_axi_U                        |gmem0_m_axi               |       30|   0|  1415|  1585|    0|
    |gmem1_m_axi_U                        |gmem1_m_axi               |       30|   0|  1415|  1585|    0|
    |grp_krnl_vadd_Pipeline_vadd1_fu_131  |krnl_vadd_Pipeline_vadd1  |        0|   0|  1672|  2200|    0|
    +-------------------------------------+--------------------------+---------+----+------+------+-----+
    |Total                                |                          |       60|   0|  4786|  5858|    0|
    +-------------------------------------+--------------------------+---------+----+------+------+-----+

    * DSP: 
    N/A

    * Memory: 
    N/A

    * FIFO: 
    N/A

    * Expression: 
    +-----------------------+----------+----+---+----+------------+------------+
    |     Variable Name     | Operation| DSP| FF| LUT| Bitwidth P0| Bitwidth P1|
    +-----------------------+----------+----+---+----+------------+------------+
    |p_neg_fu_151_p2        |         -|   0|  0|  39|           1|          32|
    |p_neg_t_fu_177_p2      |         -|   0|  0|  35|           1|          28|
    |ap_block_state142      |       and|   0|  0|   2|           1|           1|
    |ap_ext_blocking_cur_n  |       and|   0|  0|   2|           1|           1|
    |ap_ext_blocking_n      |       and|   0|  0|   2|           1|           1|
    |ap_int_blocking_n      |       and|   0|  0|   2|           1|           2|
    |ap_str_blocking_n      |       and|   0|  0|   2|           1|           2|
    |icmp_ln52_fu_188_p2    |      icmp|   0|  0|  18|          28|           1|
    |ap_block_state1        |        or|   0|  0|   2|           1|           1|
    |ap_block_state3_io     |        or|   0|  0|   2|           1|           1|
    |div_fu_182_p3          |    select|   0|  0|  28|           1|          28|
    +-----------------------+----------+----+---+----+------------+------------+
    |Total                  |          |   0|  0| 134|          38|          98|
    +-----------------------+----------+----+---+----+------------+------------+

    * Multiplexer: 
    +----------------+-----+-----------+-----+-----------+
    |      Name      | LUT | Input Size| Bits| Total Bits|
    +----------------+-----+-----------+-----+-----------+
    |ap_NS_fsm       |  753|        143|    1|        143|
    |ap_done         |    9|          2|    1|          2|
    |gmem0_ARADDR    |   14|          3|   64|        192|
    |gmem0_ARBURST   |    9|          2|    2|          4|
    |gmem0_ARCACHE   |    9|          2|    4|          8|
    |gmem0_ARID      |    9|          2|    1|          2|
    |gmem0_ARLEN     |   14|          3|   32|         96|
    |gmem0_ARLOCK    |    9|          2|    2|          4|
    |gmem0_ARPROT    |    9|          2|    3|          6|
    |gmem0_ARQOS     |    9|          2|    4|          8|
    |gmem0_ARREGION  |    9|          2|    4|          8|
    |gmem0_ARSIZE    |    9|          2|    3|          6|
    |gmem0_ARUSER    |    9|          2|    1|          2|
    |gmem0_ARVALID   |   14|          3|    1|          3|
    |gmem0_AWADDR    |   14|          3|   64|        192|
    |gmem0_AWBURST   |    9|          2|    2|          4|
    |gmem0_AWCACHE   |    9|          2|    4|          8|
    |gmem0_AWID      |    9|          2|    1|          2|
    |gmem0_AWLEN     |   14|          3|   32|         96|
    |gmem0_AWLOCK    |    9|          2|    2|          4|
    |gmem0_AWPROT    |    9|          2|    3|          6|
    |gmem0_AWQOS     |    9|          2|    4|          8|
    |gmem0_AWREGION  |    9|          2|    4|          8|
    |gmem0_AWSIZE    |    9|          2|    3|          6|
    |gmem0_AWUSER    |    9|          2|    1|          2|
    |gmem0_AWVALID   |   14|          3|    1|          3|
    |gmem0_BREADY    |   14|          3|    1|          3|
    |gmem0_RREADY    |    9|          2|    1|          2|
    |gmem0_WVALID    |    9|          2|    1|          2|
    |gmem0_blk_n_AR  |    9|          2|    1|          2|
    |gmem0_blk_n_AW  |    9|          2|    1|          2|
    |gmem0_blk_n_B   |    9|          2|    1|          2|
    |gmem1_ARADDR    |   14|          3|   64|        192|
    |gmem1_ARBURST   |    9|          2|    2|          4|
    |gmem1_ARCACHE   |    9|          2|    4|          8|
    |gmem1_ARID      |    9|          2|    1|          2|
    |gmem1_ARLEN     |   14|          3|   32|         96|
    |gmem1_ARLOCK    |    9|          2|    2|          4|
    |gmem1_ARPROT    |    9|          2|    3|          6|
    |gmem1_ARQOS     |    9|          2|    4|          8|
    |gmem1_ARREGION  |    9|          2|    4|          8|
    |gmem1_ARSIZE    |    9|          2|    3|          6|
    |gmem1_ARUSER    |    9|          2|    1|          2|
    |gmem1_ARVALID   |   14|          3|    1|          3|
    |gmem1_RREADY    |    9|          2|    1|          2|
    |gmem1_blk_n_AR  |    9|          2|    1|          2|
    +----------------+-----+-----------+-----+-----------+
    |Total           | 1208|        243|  373|       1179|
    +----------------+-----+-----------+-----+-----------+

    * Register: 
    +--------------------------------------------------+-----+----+-----+-----------+
    |                       Name                       |  FF | LUT| Bits| Const Bits|
    +--------------------------------------------------+-----+----+-----+-----------+
    |ap_CS_fsm                                         |  142|   0|  142|          0|
    |ap_done_reg                                       |    1|   0|    1|          0|
    |ap_ext_blocking_n_reg                             |    1|   0|    1|          0|
    |ap_int_blocking_n_reg                             |    1|   0|    1|          0|
    |ap_rst_n_inv                                      |    1|   0|    1|          0|
    |ap_rst_reg_1                                      |    1|   0|    1|          0|
    |ap_rst_reg_2                                      |    1|   0|    1|          0|
    |ap_str_blocking_n_reg                             |    1|   0|    1|          0|
    |div_cast_reg_305                                  |   28|   0|   32|          4|
    |div_reg_295                                       |   28|   0|   28|          0|
    |grp_krnl_vadd_Pipeline_vadd1_fu_131_ap_start_reg  |    1|   0|    1|          0|
    |icmp_ln52_reg_301                                 |    1|   0|    1|          0|
    |in1_read_reg_290                                  |   64|   0|   64|          0|
    |in2_read_reg_285                                  |   64|   0|   64|          0|
    |mul_reg_312                                       |   28|   0|   32|          4|
    |out_read_reg_280                                  |   64|   0|   64|          0|
    |p_lshr_cast_reg_270                               |   28|   0|   28|          0|
    |p_lshr_f_cast_reg_275                             |   28|   0|   28|          0|
    |tmp_reg_265                                       |    1|   0|    1|          0|
    |trunc_ln52_1_reg_327                              |   58|   0|   58|          0|
    |trunc_ln52_2_reg_337                              |   58|   0|   58|          0|
    |trunc_ln_reg_317                                  |   58|   0|   58|          0|
    +--------------------------------------------------+-----+----+-----+-----------+
    |Total                                             |  658|   0|  666|          8|
    +--------------------------------------------------+-----+----+-----+-----------+



================================================================
== Interface
================================================================
* Summary: 
+-----------------------+-----+-----+---------------+--------------+--------------+
|       RTL Ports       | Dir | Bits|    Protocol   | Source Object|    C Type    |
+-----------------------+-----+-----+---------------+--------------+--------------+
|s_axi_control_AWVALID  |   in|    1|          s_axi|       control|        scalar|
|s_axi_control_AWREADY  |  out|    1|          s_axi|       control|        scalar|
|s_axi_control_AWADDR   |   in|    6|          s_axi|       control|        scalar|
|s_axi_control_WVALID   |   in|    1|          s_axi|       control|        scalar|
|s_axi_control_WREADY   |  out|    1|          s_axi|       control|        scalar|
|s_axi_control_WDATA    |   in|   32|          s_axi|       control|        scalar|
|s_axi_control_WSTRB    |   in|    4|          s_axi|       control|        scalar|
|s_axi_control_ARVALID  |   in|    1|          s_axi|       control|        scalar|
|s_axi_control_ARREADY  |  out|    1|          s_axi|       control|        scalar|
|s_axi_control_ARADDR   |   in|    6|          s_axi|       control|        scalar|
|s_axi_control_RVALID   |  out|    1|          s_axi|       control|        scalar|
|s_axi_control_RREADY   |   in|    1|          s_axi|       control|        scalar|
|s_axi_control_RDATA    |  out|   32|          s_axi|       control|        scalar|
|s_axi_control_RRESP    |  out|    2|          s_axi|       control|        scalar|
|s_axi_control_BVALID   |  out|    1|          s_axi|       control|        scalar|
|s_axi_control_BREADY   |   in|    1|          s_axi|       control|        scalar|
|s_axi_control_BRESP    |  out|    2|          s_axi|       control|        scalar|
|ap_clk                 |   in|    1|  ap_ctrl_chain|     krnl_vadd|  return value|
|ap_rst_n               |   in|    1|  ap_ctrl_chain|     krnl_vadd|  return value|
|event_done             |  out|    1|  ap_ctrl_chain|     krnl_vadd|  return value|
|interrupt              |  out|    1|  ap_ctrl_chain|     krnl_vadd|  return value|
|event_start            |  out|    1|  ap_ctrl_chain|     krnl_vadd|  return value|
|stall_start_ext        |  out|    1|  ap_ctrl_chain|     krnl_vadd|  return value|
|stall_done_ext         |  out|    1|  ap_ctrl_chain|     krnl_vadd|  return value|
|stall_start_str        |  out|    1|  ap_ctrl_chain|     krnl_vadd|  return value|
|stall_done_str         |  out|    1|  ap_ctrl_chain|     krnl_vadd|  return value|
|stall_start_int        |  out|    1|  ap_ctrl_chain|     krnl_vadd|  return value|
|stall_done_int         |  out|    1|  ap_ctrl_chain|     krnl_vadd|  return value|
|m_axi_gmem0_AWVALID    |  out|    1|          m_axi|         gmem0|       pointer|
|m_axi_gmem0_AWREADY    |   in|    1|          m_axi|         gmem0|       pointer|
|m_axi_gmem0_AWADDR     |  out|   64|          m_axi|         gmem0|       pointer|
|m_axi_gmem0_AWID       |  out|    1|          m_axi|         gmem0|       pointer|
|m_axi_gmem0_AWLEN      |  out|    8|          m_axi|         gmem0|       pointer|
|m_axi_gmem0_AWSIZE     |  out|    3|          m_axi|         gmem0|       pointer|
|m_axi_gmem0_AWBURST    |  out|    2|          m_axi|         gmem0|       pointer|
|m_axi_gmem0_AWLOCK     |  out|    2|          m_axi|         gmem0|       pointer|
|m_axi_gmem0_AWCACHE    |  out|    4|          m_axi|         gmem0|       pointer|
|m_axi_gmem0_AWPROT     |  out|    3|          m_axi|         gmem0|       pointer|
|m_axi_gmem0_AWQOS      |  out|    4|          m_axi|         gmem0|       pointer|
|m_axi_gmem0_AWREGION   |  out|    4|          m_axi|         gmem0|       pointer|
|m_axi_gmem0_AWUSER     |  out|    1|          m_axi|         gmem0|       pointer|
|m_axi_gmem0_WVALID     |  out|    1|          m_axi|         gmem0|       pointer|
|m_axi_gmem0_WREADY     |   in|    1|          m_axi|         gmem0|       pointer|
|m_axi_gmem0_WDATA      |  out|  512|          m_axi|         gmem0|       pointer|
|m_axi_gmem0_WSTRB      |  out|   64|          m_axi|         gmem0|       pointer|
|m_axi_gmem0_WLAST      |  out|    1|          m_axi|         gmem0|       pointer|
|m_axi_gmem0_WID        |  out|    1|          m_axi|         gmem0|       pointer|
|m_axi_gmem0_WUSER      |  out|    1|          m_axi|         gmem0|       pointer|
|m_axi_gmem0_ARVALID    |  out|    1|          m_axi|         gmem0|       pointer|
|m_axi_gmem0_ARREADY    |   in|    1|          m_axi|         gmem0|       pointer|
|m_axi_gmem0_ARADDR     |  out|   64|          m_axi|         gmem0|       pointer|
|m_axi_gmem0_ARID       |  out|    1|          m_axi|         gmem0|       pointer|
|m_axi_gmem0_ARLEN      |  out|    8|          m_axi|         gmem0|       pointer|
|m_axi_gmem0_ARSIZE     |  out|    3|          m_axi|         gmem0|       pointer|
|m_axi_gmem0_ARBURST    |  out|    2|          m_axi|         gmem0|       pointer|
|m_axi_gmem0_ARLOCK     |  out|    2|          m_axi|         gmem0|       pointer|
|m_axi_gmem0_ARCACHE    |  out|    4|          m_axi|         gmem0|       pointer|
|m_axi_gmem0_ARPROT     |  out|    3|          m_axi|         gmem0|       pointer|
|m_axi_gmem0_ARQOS      |  out|    4|          m_axi|         gmem0|       pointer|
|m_axi_gmem0_ARREGION   |  out|    4|          m_axi|         gmem0|       pointer|
|m_axi_gmem0_ARUSER     |  out|    1|          m_axi|         gmem0|       pointer|
|m_axi_gmem0_RVALID     |   in|    1|          m_axi|         gmem0|       pointer|
|m_axi_gmem0_RREADY     |  out|    1|          m_axi|         gmem0|       pointer|
|m_axi_gmem0_RDATA      |   in|  512|          m_axi|         gmem0|       pointer|
|m_axi_gmem0_RLAST      |   in|    1|          m_axi|         gmem0|       pointer|
|m_axi_gmem0_RID        |   in|    1|          m_axi|         gmem0|       pointer|
|m_axi_gmem0_RUSER      |   in|    1|          m_axi|         gmem0|       pointer|
|m_axi_gmem0_RRESP      |   in|    2|          m_axi|         gmem0|       pointer|
|m_axi_gmem0_BVALID     |   in|    1|          m_axi|         gmem0|       pointer|
|m_axi_gmem0_BREADY     |  out|    1|          m_axi|         gmem0|       pointer|
|m_axi_gmem0_BRESP      |   in|    2|          m_axi|         gmem0|       pointer|
|m_axi_gmem0_BID        |   in|    1|          m_axi|         gmem0|       pointer|
|m_axi_gmem0_BUSER      |   in|    1|          m_axi|         gmem0|       pointer|
|m_axi_gmem1_AWVALID    |  out|    1|          m_axi|         gmem1|       pointer|
|m_axi_gmem1_AWREADY    |   in|    1|          m_axi|         gmem1|       pointer|
|m_axi_gmem1_AWADDR     |  out|   64|          m_axi|         gmem1|       pointer|
|m_axi_gmem1_AWID       |  out|    1|          m_axi|         gmem1|       pointer|
|m_axi_gmem1_AWLEN      |  out|    8|          m_axi|         gmem1|       pointer|
|m_axi_gmem1_AWSIZE     |  out|    3|          m_axi|         gmem1|       pointer|
|m_axi_gmem1_AWBURST    |  out|    2|          m_axi|         gmem1|       pointer|
|m_axi_gmem1_AWLOCK     |  out|    2|          m_axi|         gmem1|       pointer|
|m_axi_gmem1_AWCACHE    |  out|    4|          m_axi|         gmem1|       pointer|
|m_axi_gmem1_AWPROT     |  out|    3|          m_axi|         gmem1|       pointer|
|m_axi_gmem1_AWQOS      |  out|    4|          m_axi|         gmem1|       pointer|
|m_axi_gmem1_AWREGION   |  out|    4|          m_axi|         gmem1|       pointer|
|m_axi_gmem1_AWUSER     |  out|    1|          m_axi|         gmem1|       pointer|
|m_axi_gmem1_WVALID     |  out|    1|          m_axi|         gmem1|       pointer|
|m_axi_gmem1_WREADY     |   in|    1|          m_axi|         gmem1|       pointer|
|m_axi_gmem1_WDATA      |  out|  512|          m_axi|         gmem1|       pointer|
|m_axi_gmem1_WSTRB      |  out|   64|          m_axi|         gmem1|       pointer|
|m_axi_gmem1_WLAST      |  out|    1|          m_axi|         gmem1|       pointer|
|m_axi_gmem1_WID        |  out|    1|          m_axi|         gmem1|       pointer|
|m_axi_gmem1_WUSER      |  out|    1|          m_axi|         gmem1|       pointer|
|m_axi_gmem1_ARVALID    |  out|    1|          m_axi|         gmem1|       pointer|
|m_axi_gmem1_ARREADY    |   in|    1|          m_axi|         gmem1|       pointer|
|m_axi_gmem1_ARADDR     |  out|   64|          m_axi|         gmem1|       pointer|
|m_axi_gmem1_ARID       |  out|    1|          m_axi|         gmem1|       pointer|
|m_axi_gmem1_ARLEN      |  out|    8|          m_axi|         gmem1|       pointer|
|m_axi_gmem1_ARSIZE     |  out|    3|          m_axi|         gmem1|       pointer|
|m_axi_gmem1_ARBURST    |  out|    2|          m_axi|         gmem1|       pointer|
|m_axi_gmem1_ARLOCK     |  out|    2|          m_axi|         gmem1|       pointer|
|m_axi_gmem1_ARCACHE    |  out|    4|          m_axi|         gmem1|       pointer|
|m_axi_gmem1_ARPROT     |  out|    3|          m_axi|         gmem1|       pointer|
|m_axi_gmem1_ARQOS      |  out|    4|          m_axi|         gmem1|       pointer|
|m_axi_gmem1_ARREGION   |  out|    4|          m_axi|         gmem1|       pointer|
|m_axi_gmem1_ARUSER     |  out|    1|          m_axi|         gmem1|       pointer|
|m_axi_gmem1_RVALID     |   in|    1|          m_axi|         gmem1|       pointer|
|m_axi_gmem1_RREADY     |  out|    1|          m_axi|         gmem1|       pointer|
|m_axi_gmem1_RDATA      |   in|  512|          m_axi|         gmem1|       pointer|
|m_axi_gmem1_RLAST      |   in|    1|          m_axi|         gmem1|       pointer|
|m_axi_gmem1_RID        |   in|    1|          m_axi|         gmem1|       pointer|
|m_axi_gmem1_RUSER      |   in|    1|          m_axi|         gmem1|       pointer|
|m_axi_gmem1_RRESP      |   in|    2|          m_axi|         gmem1|       pointer|
|m_axi_gmem1_BVALID     |   in|    1|          m_axi|         gmem1|       pointer|
|m_axi_gmem1_BREADY     |  out|    1|          m_axi|         gmem1|       pointer|
|m_axi_gmem1_BRESP      |   in|    2|          m_axi|         gmem1|       pointer|
|m_axi_gmem1_BID        |   in|    1|          m_axi|         gmem1|       pointer|
|m_axi_gmem1_BUSER      |   in|    1|          m_axi|         gmem1|       pointer|
+-----------------------+-----+-----+---------------+--------------+--------------+

