15:03:55 **** Build of configuration Emulation-SW for project threshold3 ****
make -j8 all 
g++ -std=c++1y -DVITIS_PLATFORM=xilinx_aws-vu9p-f1_shell-v04261818_201920_2 -D__USE_XOPEN2K8 -I/opt/xilinx/xrt/include/ -I/opt/Xilinx/Vivado/2021.1/include/ -O0 -g -Wall -O3 -c -fmessage-length=0 -o "src/xf_threshold_accel.o" "../src/xf_threshold_accel.cpp"
g++ -std=c++1y -DVITIS_PLATFORM=xilinx_aws-vu9p-f1_shell-v04261818_201920_2 -D__USE_XOPEN2K8 -I/opt/xilinx/xrt/include/ -I/opt/Xilinx/Vivado/2021.1/include/ -O0 -g -Wall -O3 -c -fmessage-length=0 -o "src/xf_threshold_tb.o" "../src/xf_threshold_tb.cpp"
/opt/Xilinx/Vitis/2021.1/bin/emconfigutil --od . --nd 1  --platform /home/centos/aws-fpga/Vitis/aws_platform/xilinx_aws-vu9p-f1_shell-v04261818_201920_2/xilinx_aws-vu9p-f1_shell-v04261818_201920_2.xpfm
../src/xf_threshold_tb.cpp:17:33: fatal error: common/xf_headers.hpp: No such file or directory
 #include "common/xf_headers.hpp"
                                 ^
compilation terminated.
make: *** [src/xf_threshold_tb.o] Error 1
make: *** Waiting for unfinished jobs....
In file included from ../src/xf_threshold_accel.cpp:17:0:
../src/xf_threshold_config.h:23:32: fatal error: common/xf_common.hpp: No such file or directory
 #include "common/xf_common.hpp"
                                ^
compilation terminated.
make: *** [src/xf_threshold_accel.o] Error 1

****** configutil v2021.1 (64-bit)
  **** SW Build 3246112 on 2021-06-09-14:19:56
    ** Copyright 1986-2020 Xilinx, Inc. All Rights Reserved.

INFO: [ConfigUtil 60-895]   Target platform: /home/centos/aws-fpga/Vitis/aws_platform/xilinx_aws-vu9p-f1_shell-v04261818_201920_2/xilinx_aws-vu9p-f1_shell-v04261818_201920_2.xpfm
INFO: [ConfigUtil 60-1578]   This platform contains Xilinx Shell Archive '/home/centos/aws-fpga/Vitis/aws_platform/xilinx_aws-vu9p-f1_shell-v04261818_201920_2/hw/xilinx_aws-vu9p-f1_shell-v04261818_201920_2.xsa'
INFO: [ConfigUtil 60-1032]  
emulation configuration file `emconfig.json` is created in . directory 
15:04:04 **** Build of configuration Emulation-SW for project threshold3_kernels ****
make -j8 all 
make: *** No rule to make target `../libs/null/L2/examples/threshold/xf_threshold_accel.cpp', needed by `build/threshold_accel.xo'.  Stop.
