Tue Jan 25 07:50:22 2022: Running xcd server. This server was built by gradle.
Tue Jan 25 07:50:22 2022: Server was asked to start on port: '42417'
Tue Jan 25 07:50:22 2022: Server is using token UUID: '428c73f0-8337-407f-be59-e153ae6962fb'
Tue Jan 25 07:50:22 2022: SESSION_MGR: creating session with session uuid: '6d04a3e9-ade5-4ab9-8d63-1f78fcd2ec76' and name 'default'
Tue Jan 25 07:50:22 2022: Attempting to start server on port '42417'
Tue Jan 25 07:50:22 2022: XCD main fifo: created main fifo '/tmp/xcdmain428c73f0-8337-407f-be59-e153ae6962fb', fd read = 14
Tue Jan 25 07:50:22 2022: Running Dispatch Server
Tue Jan 25 07:50:22 2022: Version 2.2.0
Tue Jan 25 07:50:30 2022: Dispatch Server: Accepted socket connection from client
Tue Jan 25 07:50:30 2022: Starting Socket connection
Tue Jan 25 07:50:30 2022: EXCHANGE_TOKEN received, server token: 428c73f0-8337-407f-be59-e153ae6962fb, passed token: 428c73f0-8337-407f-be59-e153ae6962fb
Tue Jan 25 07:50:31 2022: DISPATCH_HANDLER: Adding handler from function makeHandler in library libxv_system_diagram
Tue Jan 25 07:50:31 2022: SESSION_MGR: creating session with session uuid: 'ab012081-2677-4087-bde9-ece38de1ef6e' and name 'krnl_idct'
Tue Jan 25 07:50:31 2022: KERNEL_SVC: creating session with uuid: 'ab012081-2677-4087-bde9-ece38de1ef6e' and name 'krnl_idct'
Tue Jan 25 07:50:31 2022: GUIDANCE_SMGR: creating guidance session with uuid: 'ab012081-2677-4087-bde9-ece38de1ef6e' and name 'krnl_idct'
Tue Jan 25 07:50:31 2022: SYSTEM_DIAGRAM_SMGR: creating diagram session with uuid: 'ab012081-2677-4087-bde9-ece38de1ef6e' and name 'krnl_idct'
Tue Jan 25 07:52:00 2022: SESSION_MGR: closing session for UUID 'ab012081-2677-4087-bde9-ece38de1ef6e' with name 'krnl_idct'
Tue Jan 25 07:52:00 2022: KERNEL_SVC: closing session for UUID 'ab012081-2677-4087-bde9-ece38de1ef6e' with name 'krnl_idct'
Tue Jan 25 07:52:00 2022: GUIDANCE_SMGR: closing session for UUID 'ab012081-2677-4087-bde9-ece38de1ef6e' with name 'krnl_idct'
Tue Jan 25 07:52:00 2022: SYSTEM_DIAGRAM_SMGR: closing session for UUID 'ab012081-2677-4087-bde9-ece38de1ef6e' with name 'krnl_idct'
