Mon Jan 24 16:51:27 2022: Running xcd server. This server was built by gradle.
Mon Jan 24 16:51:27 2022: Server was asked to start on port: '42235'
Mon Jan 24 16:51:27 2022: Server is using token UUID: 'b620e82b-3533-4ceb-af08-cb7bff44286b'
Mon Jan 24 16:51:27 2022: SESSION_MGR: creating session with session uuid: '6d04a3e9-ade5-4ab9-8d63-1f78fcd2ec76' and name 'default'
Mon Jan 24 16:51:27 2022: Attempting to start server on port '42235'
Mon Jan 24 16:51:27 2022: XCD main fifo: created main fifo '/tmp/xcdmainb620e82b-3533-4ceb-af08-cb7bff44286b', fd read = 14
Mon Jan 24 16:51:27 2022: Running Dispatch Server
Mon Jan 24 16:51:27 2022: Version 2.2.0
Mon Jan 24 16:51:36 2022: Dispatch Server: Accepted socket connection from client
Mon Jan 24 16:51:36 2022: Starting Socket connection
Mon Jan 24 16:51:36 2022: EXCHANGE_TOKEN received, server token: b620e82b-3533-4ceb-af08-cb7bff44286b, passed token: b620e82b-3533-4ceb-af08-cb7bff44286b
Mon Jan 24 16:51:37 2022: DISPATCH_HANDLER: Adding handler from function makeHandler in library libxv_system_diagram
Mon Jan 24 16:51:37 2022: SESSION_MGR: creating session with session uuid: '0883be36-b361-4e9a-8ad0-b4bef21cca89' and name 'link'
Mon Jan 24 16:51:37 2022: KERNEL_SVC: creating session with uuid: '0883be36-b361-4e9a-8ad0-b4bef21cca89' and name 'link'
Mon Jan 24 16:51:37 2022: GUIDANCE_SMGR: creating guidance session with uuid: '0883be36-b361-4e9a-8ad0-b4bef21cca89' and name 'link'
Mon Jan 24 16:51:37 2022: SYSTEM_DIAGRAM_SMGR: creating diagram session with uuid: '0883be36-b361-4e9a-8ad0-b4bef21cca89' and name 'link'
Mon Jan 24 16:52:11 2022: Dispatch Server: Accepted socket connection from client
Mon Jan 24 16:52:11 2022: Starting Socket connection
Mon Jan 24 16:52:30 2022: Dispatch Server: Accepted socket connection from client
Mon Jan 24 16:52:30 2022: Starting Socket connection
Mon Jan 24 16:57:17 2022: SESSION_MGR: closing session for UUID '0883be36-b361-4e9a-8ad0-b4bef21cca89' with name 'link'
Mon Jan 24 16:57:17 2022: KERNEL_SVC: closing session for UUID '0883be36-b361-4e9a-8ad0-b4bef21cca89' with name 'link'
Mon Jan 24 16:57:17 2022: GUIDANCE_SMGR: closing session for UUID '0883be36-b361-4e9a-8ad0-b4bef21cca89' with name 'link'
Mon Jan 24 16:57:17 2022: SYSTEM_DIAGRAM_SMGR: closing session for UUID '0883be36-b361-4e9a-8ad0-b4bef21cca89' with name 'link'
