Mon Jan 24 11:44:52 2022: Running xcd server. This server was built by gradle.
Mon Jan 24 11:44:52 2022: Server was asked to start on port: '39446'
Mon Jan 24 11:44:52 2022: Server is using token UUID: '907b8f86-b6a6-464a-8bcf-9c6cd4abc5e0'
Mon Jan 24 11:44:52 2022: SESSION_MGR: creating session with session uuid: '6d04a3e9-ade5-4ab9-8d63-1f78fcd2ec76' and name 'default'
Mon Jan 24 11:44:52 2022: Attempting to start server on port '39446'
Mon Jan 24 11:44:52 2022: XCD main fifo: created main fifo '/tmp/xcdmain907b8f86-b6a6-464a-8bcf-9c6cd4abc5e0', fd read = 14
Mon Jan 24 11:44:52 2022: Running Dispatch Server
Mon Jan 24 11:44:52 2022: Version 2.2.0
Mon Jan 24 11:45:01 2022: Dispatch Server: Accepted socket connection from client
Mon Jan 24 11:45:01 2022: Starting Socket connection
Mon Jan 24 11:45:01 2022: EXCHANGE_TOKEN received, server token: 907b8f86-b6a6-464a-8bcf-9c6cd4abc5e0, passed token: 907b8f86-b6a6-464a-8bcf-9c6cd4abc5e0
Mon Jan 24 11:45:02 2022: DISPATCH_HANDLER: Adding handler from function makeHandler in library libxv_system_diagram
Mon Jan 24 11:45:02 2022: SESSION_MGR: creating session with session uuid: 'e4312ab0-6953-4840-9d51-fa060cca3517' and name 'krnl_vadd'
Mon Jan 24 11:45:02 2022: KERNEL_SVC: creating session with uuid: 'e4312ab0-6953-4840-9d51-fa060cca3517' and name 'krnl_vadd'
Mon Jan 24 11:45:02 2022: GUIDANCE_SMGR: creating guidance session with uuid: 'e4312ab0-6953-4840-9d51-fa060cca3517' and name 'krnl_vadd'
Mon Jan 24 11:45:02 2022: SYSTEM_DIAGRAM_SMGR: creating diagram session with uuid: 'e4312ab0-6953-4840-9d51-fa060cca3517' and name 'krnl_vadd'
Mon Jan 24 11:45:51 2022: SESSION_MGR: closing session for UUID 'e4312ab0-6953-4840-9d51-fa060cca3517' with name 'krnl_vadd'
Mon Jan 24 11:45:51 2022: KERNEL_SVC: closing session for UUID 'e4312ab0-6953-4840-9d51-fa060cca3517' with name 'krnl_vadd'
Mon Jan 24 11:45:51 2022: GUIDANCE_SMGR: closing session for UUID 'e4312ab0-6953-4840-9d51-fa060cca3517' with name 'krnl_vadd'
Mon Jan 24 11:45:51 2022: SYSTEM_DIAGRAM_SMGR: closing session for UUID 'e4312ab0-6953-4840-9d51-fa060cca3517' with name 'krnl_vadd'
